[0.104s] Invoking command in '/home/joannerizkallah/assignment3/build/dummy_node1': CMAKE_PREFIX_PATH=/home/joannerizkallah/assignment3/install/interfaces:/home/joannerizkallah/assignment3/install/dummy_node2:/home/joannerizkallah/assignment3/install/dummy_node1:/opt/ros/humble LD_LIBRARY_PATH=/home/joannerizkallah/assignment3/install/interfaces/lib:/home/joannerizkallah/assignment3/install/dummy_node2/lib:/home/joannerizkallah/assignment3/install/dummy_node1/lib:/opt/ros/humble/opt/rviz_ogre_vendor/lib:/opt/ros/humble/lib/x86_64-linux-gnu:/opt/ros/humble/lib /usr/bin/cmake --build /home/joannerizkallah/assignment3/build/dummy_node1 -- -j4 -l4
[0.308s] [ 16%] [32mBuilding CXX object CMakeFiles/action_server.dir/src/dummy_cpp_node.cpp.o[0m
[0.312s] [ 50%] Built target dummy_cpp_node
[0.318s] [ 83%] Built target dummy_server
[3.773s] [01m[K/home/joannerizkallah/assignment3/src/dummy_node1/src/dummy_cpp_node.cpp:[m[K In member function ‘[01m[Krclcpp_action::GoalResponse action_cpp::CustomActionServer::handle_goal(const GoalUUID&, std::shared_ptr<const interfaces::action::Custom_Goal_<std::allocator<void> > >)[m[K’:
[3.776s] [01m[K/home/joannerizkallah/assignment3/src/dummy_node1/src/dummy_cpp_node.cpp:40:41:[m[K [01;35m[Kwarning: [m[Kunused parameter ‘[01m[Kgoal[m[K’ [[01;35m[K]8;;https://gcc.gnu.org/onlinedocs/gcc/Warning-Options.html#index-Wunused-parameter-Wunused-parameter]8;;[m[K]
[3.776s]    40 |     [01;35m[Kstd::shared_ptr<const Custom::Goal> goal[m[K)
[3.776s]       |     [01;35m[K~~~~~~~~~~~~~~~~~~~~~~~~~~~~~~~~~~~~^~~~[m[K
[7.989s] [100%] [32m[1mLinking CXX shared library libaction_server.so[0m
[8.394s] [100%] Built target action_server
[8.436s] Invoked command in '/home/joannerizkallah/assignment3/build/dummy_node1' returned '0': CMAKE_PREFIX_PATH=/home/joannerizkallah/assignment3/install/interfaces:/home/joannerizkallah/assignment3/install/dummy_node2:/home/joannerizkallah/assignment3/install/dummy_node1:/opt/ros/humble LD_LIBRARY_PATH=/home/joannerizkallah/assignment3/install/interfaces/lib:/home/joannerizkallah/assignment3/install/dummy_node2/lib:/home/joannerizkallah/assignment3/install/dummy_node1/lib:/opt/ros/humble/opt/rviz_ogre_vendor/lib:/opt/ros/humble/lib/x86_64-linux-gnu:/opt/ros/humble/lib /usr/bin/cmake --build /home/joannerizkallah/assignment3/build/dummy_node1 -- -j4 -l4
[8.556s] Invoking command in '/home/joannerizkallah/assignment3/build/dummy_node1': CMAKE_PREFIX_PATH=/home/joannerizkallah/assignment3/install/interfaces:/home/joannerizkallah/assignment3/install/dummy_node2:/home/joannerizkallah/assignment3/install/dummy_node1:/opt/ros/humble LD_LIBRARY_PATH=/home/joannerizkallah/assignment3/install/interfaces/lib:/home/joannerizkallah/assignment3/install/dummy_node2/lib:/home/joannerizkallah/assignment3/install/dummy_node1/lib:/opt/ros/humble/opt/rviz_ogre_vendor/lib:/opt/ros/humble/lib/x86_64-linux-gnu:/opt/ros/humble/lib /usr/bin/cmake --install /home/joannerizkallah/assignment3/build/dummy_node1
[8.587s] -- Install configuration: ""
[8.587s] -- Up-to-date: /home/joannerizkallah/assignment3/install/dummy_node1/lib/dummy_node1/dummy_cpp_node
[8.589s] -- Installing: /home/joannerizkallah/assignment3/install/dummy_node1/lib/libaction_server.so
[8.606s] -- Set runtime path of "/home/joannerizkallah/assignment3/install/dummy_node1/lib/libaction_server.so" to ""
[8.610s] -- Up-to-date: /home/joannerizkallah/assignment3/install/dummy_node1/lib/libdummy_server.so
[8.610s] -- Up-to-date: /home/joannerizkallah/assignment3/install/dummy_node1/share/dummy_node1//config
[8.610s] -- Up-to-date: /home/joannerizkallah/assignment3/install/dummy_node1/share/dummy_node1//config/dummy_config.yaml
[8.610s] -- Up-to-date: /home/joannerizkallah/assignment3/install/dummy_node1/share/dummy_node1//launch
[8.610s] -- Up-to-date: /home/joannerizkallah/assignment3/install/dummy_node1/share/dummy_node1//launch/dummy.launch.py
[8.615s] -- Up-to-date: /home/joannerizkallah/assignment3/install/dummy_node1/share/ament_index/resource_index/package_run_dependencies/dummy_node1
[8.615s] -- Up-to-date: /home/joannerizkallah/assignment3/install/dummy_node1/share/ament_index/resource_index/parent_prefix_path/dummy_node1
[8.615s] -- Up-to-date: /home/joannerizkallah/assignment3/install/dummy_node1/share/dummy_node1/environment/ament_prefix_path.sh
[8.615s] -- Up-to-date: /home/joannerizkallah/assignment3/install/dummy_node1/share/dummy_node1/environment/ament_prefix_path.dsv
[8.615s] -- Up-to-date: /home/joannerizkallah/assignment3/install/dummy_node1/share/dummy_node1/environment/path.sh
[8.615s] -- Up-to-date: /home/joannerizkallah/assignment3/install/dummy_node1/share/dummy_node1/environment/path.dsv
[8.616s] -- Up-to-date: /home/joannerizkallah/assignment3/install/dummy_node1/share/dummy_node1/local_setup.bash
[8.616s] -- Up-to-date: /home/joannerizkallah/assignment3/install/dummy_node1/share/dummy_node1/local_setup.sh
[8.616s] -- Up-to-date: /home/joannerizkallah/assignment3/install/dummy_node1/share/dummy_node1/local_setup.zsh
[8.616s] -- Up-to-date: /home/joannerizkallah/assignment3/install/dummy_node1/share/dummy_node1/local_setup.dsv
[8.616s] -- Installing: /home/joannerizkallah/assignment3/install/dummy_node1/share/dummy_node1/package.dsv
[8.616s] -- Up-to-date: /home/joannerizkallah/assignment3/install/dummy_node1/share/ament_index/resource_index/packages/dummy_node1
[8.616s] -- Up-to-date: /home/joannerizkallah/assignment3/install/dummy_node1/share/ament_index/resource_index/rclcpp_components/dummy_node1
[8.616s] -- Up-to-date: /home/joannerizkallah/assignment3/install/dummy_node1/share/dummy_node1/cmake/dummy_node1Config.cmake
[8.616s] -- Up-to-date: /home/joannerizkallah/assignment3/install/dummy_node1/share/dummy_node1/cmake/dummy_node1Config-version.cmake
[8.616s] -- Up-to-date: /home/joannerizkallah/assignment3/install/dummy_node1/share/dummy_node1/package.xml
[8.635s] Invoked command in '/home/joannerizkallah/assignment3/build/dummy_node1' returned '0': CMAKE_PREFIX_PATH=/home/joannerizkallah/assignment3/install/interfaces:/home/joannerizkallah/assignment3/install/dummy_node2:/home/joannerizkallah/assignment3/install/dummy_node1:/opt/ros/humble LD_LIBRARY_PATH=/home/joannerizkallah/assignment3/install/interfaces/lib:/home/joannerizkallah/assignment3/install/dummy_node2/lib:/home/joannerizkallah/assignment3/install/dummy_node1/lib:/opt/ros/humble/opt/rviz_ogre_vendor/lib:/opt/ros/humble/lib/x86_64-linux-gnu:/opt/ros/humble/lib /usr/bin/cmake --install /home/joannerizkallah/assignment3/build/dummy_node1
