[0.035s] Invoking command in '/home/joannerizkallah/assignment3/build/dummy_node2': CMAKE_PREFIX_PATH=/opt/ros/humble /usr/bin/cmake /home/joannerizkallah/assignment3/src/dummy_node2 -DCMAKE_INSTALL_PREFIX=/home/joannerizkallah/assignment3/install/dummy_node2
[0.193s] -- The C compiler identification is GNU 11.3.0
[0.306s] -- The CXX compiler identification is GNU 11.3.0
[0.315s] -- Detecting C compiler ABI info
[0.491s] -- Detecting C compiler ABI info - done
[0.503s] -- Check for working C compiler: /usr/bin/cc - skipped
[0.503s] -- Detecting C compile features
[0.504s] -- Detecting C compile features - done
[0.511s] -- Detecting CXX compiler ABI info
[0.678s] -- Detecting CXX compiler ABI info - done
[0.688s] -- Check for working CXX compiler: /usr/bin/c++ - skipped
[0.688s] -- Detecting CXX compile features
[0.689s] -- Detecting CXX compile features - done
[0.691s] -- Found ament_cmake: 1.3.5 (/opt/ros/humble/share/ament_cmake/cmake)
[0.983s] -- Found Python3: /usr/bin/python3.10 (found version "3.10.6") found components: Interpreter 
[1.155s] -- Found rclcpp: 16.0.4 (/opt/ros/humble/share/rclcpp/cmake)
[1.246s] -- Found rosidl_generator_c: 3.1.4 (/opt/ros/humble/share/rosidl_generator_c/cmake)
[1.378s] -- Found rosidl_adapter: 3.1.4 (/opt/ros/humble/share/rosidl_adapter/cmake)
[1.378s] -- Found rosidl_generator_cpp: 3.1.4 (/opt/ros/humble/share/rosidl_generator_cpp/cmake)
[1.385s] -- Using all available rosidl_typesupport_c: rosidl_typesupport_fastrtps_c;rosidl_typesupport_introspection_c
[1.386s] -- Using all available rosidl_typesupport_cpp: rosidl_typesupport_fastrtps_cpp;rosidl_typesupport_introspection_cpp
[1.499s] -- Found rmw_implementation_cmake: 6.1.1 (/opt/ros/humble/share/rmw_implementation_cmake/cmake)
[1.499s] -- Found rmw_fastrtps_cpp: 6.2.2 (/opt/ros/humble/share/rmw_fastrtps_cpp/cmake)
[2.027s] -- Found OpenSSL: /usr/lib/x86_64-linux-gnu/libcrypto.so (found version "3.0.2")  
[2.119s] -- Found FastRTPS: /opt/ros/humble/include  
[2.212s] -- Using RMW implementation 'rmw_fastrtps_cpp' as default
[2.234s] -- Looking for pthread.h
[2.484s] -- Looking for pthread.h - found
[2.486s] -- Performing Test CMAKE_HAVE_LIBC_PTHREAD
[2.620s] -- Performing Test CMAKE_HAVE_LIBC_PTHREAD - Success
[2.621s] -- Found Threads: TRUE  
[2.843s] -- Found ament_lint_auto: 0.12.6 (/opt/ros/humble/share/ament_lint_auto/cmake)
[2.962s] -- Added test 'cppcheck' to perform static code analysis on C / C++ code
[2.962s] -- Configured cppcheck include dirs: 
[2.962s] -- Configured cppcheck exclude dirs and/or files: 
[2.963s] -- Added test 'flake8' to check Python code syntax and style conventions
[2.963s] -- Added test 'lint_cmake' to check CMake code style
[2.964s] -- Added test 'pep257' to check Python code against some of the docstring style conventions in PEP 257
[2.964s] -- Added test 'uncrustify' to check C / C++ code style
[2.964s] -- Configured uncrustify additional arguments: 
[2.965s] -- Added test 'xmllint' to check XML markup files
[2.966s] -- Configuring done
[2.972s] -- Generating done
[2.975s] -- Build files have been written to: /home/joannerizkallah/assignment3/build/dummy_node2
[2.995s] Invoked command in '/home/joannerizkallah/assignment3/build/dummy_node2' returned '0': CMAKE_PREFIX_PATH=/opt/ros/humble /usr/bin/cmake /home/joannerizkallah/assignment3/src/dummy_node2 -DCMAKE_INSTALL_PREFIX=/home/joannerizkallah/assignment3/install/dummy_node2
[2.995s] Invoking command in '/home/joannerizkallah/assignment3/build/dummy_node2': CMAKE_PREFIX_PATH=/opt/ros/humble /usr/bin/cmake --build /home/joannerizkallah/assignment3/build/dummy_node2 -- -j4 -l4
[3.130s] Invoked command in '/home/joannerizkallah/assignment3/build/dummy_node2' returned '0': CMAKE_PREFIX_PATH=/opt/ros/humble /usr/bin/cmake --build /home/joannerizkallah/assignment3/build/dummy_node2 -- -j4 -l4
[3.186s] Invoking command in '/home/joannerizkallah/assignment3/build/dummy_node2': CMAKE_PREFIX_PATH=/opt/ros/humble /usr/bin/cmake --install /home/joannerizkallah/assignment3/build/dummy_node2
[3.210s] -- Install configuration: ""
[3.220s] -- Installing: /home/joannerizkallah/assignment3/install/dummy_node2/share/ament_index/resource_index/package_run_dependencies/dummy_node2
[3.220s] -- Installing: /home/joannerizkallah/assignment3/install/dummy_node2/share/ament_index/resource_index/parent_prefix_path/dummy_node2
[3.221s] -- Installing: /home/joannerizkallah/assignment3/install/dummy_node2/share/dummy_node2/environment/ament_prefix_path.sh
[3.221s] -- Installing: /home/joannerizkallah/assignment3/install/dummy_node2/share/dummy_node2/environment/ament_prefix_path.dsv
[3.221s] -- Installing: /home/joannerizkallah/assignment3/install/dummy_node2/share/dummy_node2/environment/path.sh
[3.221s] -- Installing: /home/joannerizkallah/assignment3/install/dummy_node2/share/dummy_node2/environment/path.dsv
[3.221s] -- Installing: /home/joannerizkallah/assignment3/install/dummy_node2/share/dummy_node2/local_setup.bash
[3.221s] -- Installing: /home/joannerizkallah/assignment3/install/dummy_node2/share/dummy_node2/local_setup.sh
[3.221s] -- Installing: /home/joannerizkallah/assignment3/install/dummy_node2/share/dummy_node2/local_setup.zsh
[3.221s] -- Installing: /home/joannerizkallah/assignment3/install/dummy_node2/share/dummy_node2/local_setup.dsv
[3.221s] -- Installing: /home/joannerizkallah/assignment3/install/dummy_node2/share/dummy_node2/package.dsv
[3.221s] -- Installing: /home/joannerizkallah/assignment3/install/dummy_node2/share/ament_index/resource_index/packages/dummy_node2
[3.221s] -- Installing: /home/joannerizkallah/assignment3/install/dummy_node2/share/dummy_node2/cmake/dummy_node2Config.cmake
[3.228s] -- Installing: /home/joannerizkallah/assignment3/install/dummy_node2/share/dummy_node2/cmake/dummy_node2Config-version.cmake
[3.228s] -- Installing: /home/joannerizkallah/assignment3/install/dummy_node2/share/dummy_node2/package.xml
[3.234s] Invoked command in '/home/joannerizkallah/assignment3/build/dummy_node2' returned '0': CMAKE_PREFIX_PATH=/opt/ros/humble /usr/bin/cmake --install /home/joannerizkallah/assignment3/build/dummy_node2
