[0.119s] Invoking command in '/home/joannerizkallah/assignment3/build/dummy_node2': CMAKE_PREFIX_PATH=/home/joannerizkallah/assignment3/install/interfaces:/home/joannerizkallah/assignment3/install/dummy_node2:/home/joannerizkallah/assignment3/install/dummy_node1:/opt/ros/humble LD_LIBRARY_PATH=/home/joannerizkallah/assignment3/install/interfaces/lib:/home/joannerizkallah/assignment3/install/dummy_node2/lib:/home/joannerizkallah/assignment3/install/dummy_node1/lib:/opt/ros/humble/opt/rviz_ogre_vendor/lib:/opt/ros/humble/lib/x86_64-linux-gnu:/opt/ros/humble/lib /usr/bin/cmake --build /home/joannerizkallah/assignment3/build/dummy_node2 -- -j4 -l4
[0.232s] [ 33%] Built target dummy_client
[0.241s] [ 66%] Built target action_client
[0.243s] [100%] Built target dummy_cpp_node
[0.260s] Invoked command in '/home/joannerizkallah/assignment3/build/dummy_node2' returned '0': CMAKE_PREFIX_PATH=/home/joannerizkallah/assignment3/install/interfaces:/home/joannerizkallah/assignment3/install/dummy_node2:/home/joannerizkallah/assignment3/install/dummy_node1:/opt/ros/humble LD_LIBRARY_PATH=/home/joannerizkallah/assignment3/install/interfaces/lib:/home/joannerizkallah/assignment3/install/dummy_node2/lib:/home/joannerizkallah/assignment3/install/dummy_node1/lib:/opt/ros/humble/opt/rviz_ogre_vendor/lib:/opt/ros/humble/lib/x86_64-linux-gnu:/opt/ros/humble/lib /usr/bin/cmake --build /home/joannerizkallah/assignment3/build/dummy_node2 -- -j4 -l4
[0.363s] Invoking command in '/home/joannerizkallah/assignment3/build/dummy_node2': CMAKE_PREFIX_PATH=/home/joannerizkallah/assignment3/install/interfaces:/home/joannerizkallah/assignment3/install/dummy_node2:/home/joannerizkallah/assignment3/install/dummy_node1:/opt/ros/humble LD_LIBRARY_PATH=/home/joannerizkallah/assignment3/install/interfaces/lib:/home/joannerizkallah/assignment3/install/dummy_node2/lib:/home/joannerizkallah/assignment3/install/dummy_node1/lib:/opt/ros/humble/opt/rviz_ogre_vendor/lib:/opt/ros/humble/lib/x86_64-linux-gnu:/opt/ros/humble/lib /usr/bin/cmake --install /home/joannerizkallah/assignment3/build/dummy_node2
[0.403s] -- Install configuration: ""
[0.403s] -- Up-to-date: /home/joannerizkallah/assignment3/install/dummy_node2/lib/dummy_node2/dummy_cpp_node
[0.403s] -- Up-to-date: /home/joannerizkallah/assignment3/install/dummy_node2/lib/libaction_client.so
[0.403s] -- Up-to-date: /home/joannerizkallah/assignment3/install/dummy_node2/lib/libdummy_client.so
[0.403s] -- Up-to-date: /home/joannerizkallah/assignment3/install/dummy_node2/share/dummy_node2//config
[0.404s] -- Up-to-date: /home/joannerizkallah/assignment3/install/dummy_node2/share/dummy_node2//config/dummy_config.yaml
[0.404s] -- Up-to-date: /home/joannerizkallah/assignment3/install/dummy_node2/share/dummy_node2//config/config.json
[0.404s] -- Up-to-date: /home/joannerizkallah/assignment3/install/dummy_node2/share/dummy_node2//launch
[0.404s] -- Up-to-date: /home/joannerizkallah/assignment3/install/dummy_node2/share/dummy_node2//launch/dummy.launch.py
[0.404s] -- Up-to-date: /home/joannerizkallah/assignment3/install/dummy_node2/share/ament_index/resource_index/package_run_dependencies/dummy_node2
[0.404s] -- Up-to-date: /home/joannerizkallah/assignment3/install/dummy_node2/share/ament_index/resource_index/parent_prefix_path/dummy_node2
[0.404s] -- Up-to-date: /home/joannerizkallah/assignment3/install/dummy_node2/share/dummy_node2/environment/ament_prefix_path.sh
[0.404s] -- Up-to-date: /home/joannerizkallah/assignment3/install/dummy_node2/share/dummy_node2/environment/ament_prefix_path.dsv
[0.406s] -- Up-to-date: /home/joannerizkallah/assignment3/install/dummy_node2/share/dummy_node2/environment/path.sh
[0.417s] -- Up-to-date: /home/joannerizkallah/assignment3/install/dummy_node2/share/dummy_node2/environment/path.dsv
[0.422s] -- Up-to-date: /home/joannerizkallah/assignment3/install/dummy_node2/share/dummy_node2/local_setup.bash
[0.422s] -- Up-to-date: /home/joannerizkallah/assignment3/install/dummy_node2/share/dummy_node2/local_setup.sh
[0.423s] -- Up-to-date: /home/joannerizkallah/assignment3/install/dummy_node2/share/dummy_node2/local_setup.zsh
[0.423s] -- Up-to-date: /home/joannerizkallah/assignment3/install/dummy_node2/share/dummy_node2/local_setup.dsv
[0.423s] -- Installing: /home/joannerizkallah/assignment3/install/dummy_node2/share/dummy_node2/package.dsv
[0.424s] -- Up-to-date: /home/joannerizkallah/assignment3/install/dummy_node2/share/ament_index/resource_index/packages/dummy_node2
[0.424s] -- Up-to-date: /home/joannerizkallah/assignment3/install/dummy_node2/share/ament_index/resource_index/rclcpp_components/dummy_node2
[0.424s] -- Up-to-date: /home/joannerizkallah/assignment3/install/dummy_node2/share/dummy_node2/cmake/dummy_node2Config.cmake
[0.427s] -- Up-to-date: /home/joannerizkallah/assignment3/install/dummy_node2/share/dummy_node2/cmake/dummy_node2Config-version.cmake
[0.427s] -- Up-to-date: /home/joannerizkallah/assignment3/install/dummy_node2/share/dummy_node2/package.xml
[0.428s] Invoked command in '/home/joannerizkallah/assignment3/build/dummy_node2' returned '0': CMAKE_PREFIX_PATH=/home/joannerizkallah/assignment3/install/interfaces:/home/joannerizkallah/assignment3/install/dummy_node2:/home/joannerizkallah/assignment3/install/dummy_node1:/opt/ros/humble LD_LIBRARY_PATH=/home/joannerizkallah/assignment3/install/interfaces/lib:/home/joannerizkallah/assignment3/install/dummy_node2/lib:/home/joannerizkallah/assignment3/install/dummy_node1/lib:/opt/ros/humble/opt/rviz_ogre_vendor/lib:/opt/ros/humble/lib/x86_64-linux-gnu:/opt/ros/humble/lib /usr/bin/cmake --install /home/joannerizkallah/assignment3/build/dummy_node2
