[0.172s] Invoking command in '/home/joannerizkallah/assignment3/build/dummy_node2': CMAKE_PREFIX_PATH=/opt/ros/humble /usr/bin/cmake --build /home/joannerizkallah/assignment3/build/dummy_node2 -- -j4 -l4
[0.452s] Invoked command in '/home/joannerizkallah/assignment3/build/dummy_node2' returned '0': CMAKE_PREFIX_PATH=/opt/ros/humble /usr/bin/cmake --build /home/joannerizkallah/assignment3/build/dummy_node2 -- -j4 -l4
[0.955s] Invoking command in '/home/joannerizkallah/assignment3/build/dummy_node2': CMAKE_PREFIX_PATH=/opt/ros/humble /usr/bin/cmake --install /home/joannerizkallah/assignment3/build/dummy_node2
[0.988s] -- Install configuration: ""
[0.998s] -- Up-to-date: /home/joannerizkallah/assignment3/install/dummy_node2/share/ament_index/resource_index/package_run_dependencies/dummy_node2
[1.004s] -- Up-to-date: /home/joannerizkallah/assignment3/install/dummy_node2/share/ament_index/resource_index/parent_prefix_path/dummy_node2
[1.004s] -- Up-to-date: /home/joannerizkallah/assignment3/install/dummy_node2/share/dummy_node2/environment/ament_prefix_path.sh
[1.004s] -- Up-to-date: /home/joannerizkallah/assignment3/install/dummy_node2/share/dummy_node2/environment/ament_prefix_path.dsv
[1.005s] -- Up-to-date: /home/joannerizkallah/assignment3/install/dummy_node2/share/dummy_node2/environment/path.sh
[1.005s] -- Up-to-date: /home/joannerizkallah/assignment3/install/dummy_node2/share/dummy_node2/environment/path.dsv
[1.005s] -- Up-to-date: /home/joannerizkallah/assignment3/install/dummy_node2/share/dummy_node2/local_setup.bash
[1.005s] -- Up-to-date: /home/joannerizkallah/assignment3/install/dummy_node2/share/dummy_node2/local_setup.sh
[1.005s] -- Up-to-date: /home/joannerizkallah/assignment3/install/dummy_node2/share/dummy_node2/local_setup.zsh
[1.005s] -- Up-to-date: /home/joannerizkallah/assignment3/install/dummy_node2/share/dummy_node2/local_setup.dsv
[1.005s] -- Installing: /home/joannerizkallah/assignment3/install/dummy_node2/share/dummy_node2/package.dsv
[1.005s] -- Up-to-date: /home/joannerizkallah/assignment3/install/dummy_node2/share/ament_index/resource_index/packages/dummy_node2
[1.005s] -- Up-to-date: /home/joannerizkallah/assignment3/install/dummy_node2/share/dummy_node2/cmake/dummy_node2Config.cmake
[1.006s] -- Up-to-date: /home/joannerizkallah/assignment3/install/dummy_node2/share/dummy_node2/cmake/dummy_node2Config-version.cmake
[1.006s] -- Up-to-date: /home/joannerizkallah/assignment3/install/dummy_node2/share/dummy_node2/package.xml
[1.015s] Invoked command in '/home/joannerizkallah/assignment3/build/dummy_node2' returned '0': CMAKE_PREFIX_PATH=/opt/ros/humble /usr/bin/cmake --install /home/joannerizkallah/assignment3/build/dummy_node2
