[0.296s] DEBUG:colcon:Command line arguments: ['/usr/bin/colcon', 'build']
[0.296s] DEBUG:colcon:Parsed command line arguments: Namespace(log_base=None, log_level=None, verb_name='build', build_base='build', install_base='install', merge_install=False, symlink_install=False, test_result_base=None, continue_on_error=False, executor='parallel', parallel_workers=4, event_handlers=None, ignore_user_meta=False, metas=['./colcon.meta'], base_paths=['.'], packages_ignore=None, packages_ignore_regex=None, paths=None, packages_up_to=None, packages_up_to_regex=None, packages_above=None, packages_above_and_dependencies=None, packages_above_depth=None, packages_select_by_dep=None, packages_skip_by_dep=None, packages_skip_up_to=None, packages_select_build_failed=False, packages_skip_build_finished=False, packages_select_test_failures=False, packages_skip_test_passed=False, packages_select=None, packages_skip=None, packages_select_regex=None, packages_skip_regex=None, packages_start=None, packages_end=None, allow_overriding=[], cmake_args=None, cmake_target=None, cmake_target_skip_unavailable=False, cmake_clean_cache=False, cmake_clean_first=False, cmake_force_configure=False, ament_cmake_args=None, catkin_cmake_args=None, catkin_skip_building_tests=False, verb_parser=<colcon_defaults.argument_parser.defaults.DefaultArgumentsDecorator object at 0x7f956ebc9720>, verb_extension=<colcon_core.verb.build.BuildVerb object at 0x7f956f3fce50>, main=<bound method BuildVerb.main of <colcon_core.verb.build.BuildVerb object at 0x7f956f3fce50>>)
[0.332s] Level 1:colcon.colcon_core.package_discovery:discover_packages(colcon_meta) check parameters
[0.332s] Level 1:colcon.colcon_core.package_discovery:discover_packages(recursive) check parameters
[0.332s] Level 1:colcon.colcon_core.package_discovery:discover_packages(ignore) check parameters
[0.332s] Level 1:colcon.colcon_core.package_discovery:discover_packages(path) check parameters
[0.332s] Level 1:colcon.colcon_core.package_discovery:discover_packages(colcon_meta) discover
[0.332s] Level 1:colcon.colcon_core.package_discovery:discover_packages(recursive) discover
[0.333s] INFO:colcon.colcon_core.package_discovery:Crawling recursively for packages in '/home/joannerizkallah/assignment3'
[0.333s] Level 1:colcon.colcon_core.package_identification:_identify(.) by extensions ['ignore', 'ignore_ament_install']
[0.333s] Level 1:colcon.colcon_core.package_identification:_identify(.) by extension 'ignore'
[0.333s] Level 1:colcon.colcon_core.package_identification:_identify(.) by extension 'ignore_ament_install'
[0.333s] Level 1:colcon.colcon_core.package_identification:_identify(.) by extensions ['colcon_pkg']
[0.333s] Level 1:colcon.colcon_core.package_identification:_identify(.) by extension 'colcon_pkg'
[0.333s] Level 1:colcon.colcon_core.package_identification:_identify(.) by extensions ['colcon_meta']
[0.333s] Level 1:colcon.colcon_core.package_identification:_identify(.) by extension 'colcon_meta'
[0.333s] Level 1:colcon.colcon_core.package_identification:_identify(.) by extensions ['ros']
[0.333s] Level 1:colcon.colcon_core.package_identification:_identify(.) by extension 'ros'
[0.347s] Level 1:colcon.colcon_core.package_identification:_identify(.) by extensions ['cmake', 'python']
[0.347s] Level 1:colcon.colcon_core.package_identification:_identify(.) by extension 'cmake'
[0.347s] Level 1:colcon.colcon_core.package_identification:_identify(.) by extension 'python'
[0.347s] Level 1:colcon.colcon_core.package_identification:_identify(.) by extensions ['python_setup_py']
[0.347s] Level 1:colcon.colcon_core.package_identification:_identify(.) by extension 'python_setup_py'
[0.348s] Level 1:colcon.colcon_core.package_identification:_identify(build) by extensions ['ignore', 'ignore_ament_install']
[0.348s] Level 1:colcon.colcon_core.package_identification:_identify(build) by extension 'ignore'
[0.348s] Level 1:colcon.colcon_core.package_identification:_identify(build) ignored
[0.348s] Level 1:colcon.colcon_core.package_identification:_identify(install) by extensions ['ignore', 'ignore_ament_install']
[0.348s] Level 1:colcon.colcon_core.package_identification:_identify(install) by extension 'ignore'
[0.348s] Level 1:colcon.colcon_core.package_identification:_identify(install) ignored
[0.348s] Level 1:colcon.colcon_core.package_identification:_identify(log) by extensions ['ignore', 'ignore_ament_install']
[0.348s] Level 1:colcon.colcon_core.package_identification:_identify(log) by extension 'ignore'
[0.348s] Level 1:colcon.colcon_core.package_identification:_identify(log) ignored
[0.348s] Level 1:colcon.colcon_core.package_identification:_identify(src) by extensions ['ignore', 'ignore_ament_install']
[0.349s] Level 1:colcon.colcon_core.package_identification:_identify(src) by extension 'ignore'
[0.349s] Level 1:colcon.colcon_core.package_identification:_identify(src) by extension 'ignore_ament_install'
[0.349s] Level 1:colcon.colcon_core.package_identification:_identify(src) by extensions ['colcon_pkg']
[0.349s] Level 1:colcon.colcon_core.package_identification:_identify(src) by extension 'colcon_pkg'
[0.349s] Level 1:colcon.colcon_core.package_identification:_identify(src) by extensions ['colcon_meta']
[0.349s] Level 1:colcon.colcon_core.package_identification:_identify(src) by extension 'colcon_meta'
[0.349s] Level 1:colcon.colcon_core.package_identification:_identify(src) by extensions ['ros']
[0.349s] Level 1:colcon.colcon_core.package_identification:_identify(src) by extension 'ros'
[0.349s] Level 1:colcon.colcon_core.package_identification:_identify(src) by extensions ['cmake', 'python']
[0.349s] Level 1:colcon.colcon_core.package_identification:_identify(src) by extension 'cmake'
[0.349s] Level 1:colcon.colcon_core.package_identification:_identify(src) by extension 'python'
[0.349s] Level 1:colcon.colcon_core.package_identification:_identify(src) by extensions ['python_setup_py']
[0.349s] Level 1:colcon.colcon_core.package_identification:_identify(src) by extension 'python_setup_py'
[0.349s] Level 1:colcon.colcon_core.package_identification:_identify(src/dummy_node1) by extensions ['ignore', 'ignore_ament_install']
[0.350s] Level 1:colcon.colcon_core.package_identification:_identify(src/dummy_node1) by extension 'ignore'
[0.350s] Level 1:colcon.colcon_core.package_identification:_identify(src/dummy_node1) by extension 'ignore_ament_install'
[0.350s] Level 1:colcon.colcon_core.package_identification:_identify(src/dummy_node1) by extensions ['colcon_pkg']
[0.350s] Level 1:colcon.colcon_core.package_identification:_identify(src/dummy_node1) by extension 'colcon_pkg'
[0.350s] Level 1:colcon.colcon_core.package_identification:_identify(src/dummy_node1) by extensions ['colcon_meta']
[0.350s] Level 1:colcon.colcon_core.package_identification:_identify(src/dummy_node1) by extension 'colcon_meta'
[0.350s] Level 1:colcon.colcon_core.package_identification:_identify(src/dummy_node1) by extensions ['ros']
[0.350s] Level 1:colcon.colcon_core.package_identification:_identify(src/dummy_node1) by extension 'ros'
[0.353s] DEBUG:colcon.colcon_core.package_identification:Package 'src/dummy_node1' with type 'ros.ament_cmake' and name 'dummy_node1'
[0.353s] Level 1:colcon.colcon_core.package_identification:_identify(src/dummy_node2) by extensions ['ignore', 'ignore_ament_install']
[0.353s] Level 1:colcon.colcon_core.package_identification:_identify(src/dummy_node2) by extension 'ignore'
[0.353s] Level 1:colcon.colcon_core.package_identification:_identify(src/dummy_node2) by extension 'ignore_ament_install'
[0.354s] Level 1:colcon.colcon_core.package_identification:_identify(src/dummy_node2) by extensions ['colcon_pkg']
[0.354s] Level 1:colcon.colcon_core.package_identification:_identify(src/dummy_node2) by extension 'colcon_pkg'
[0.354s] Level 1:colcon.colcon_core.package_identification:_identify(src/dummy_node2) by extensions ['colcon_meta']
[0.354s] Level 1:colcon.colcon_core.package_identification:_identify(src/dummy_node2) by extension 'colcon_meta'
[0.354s] Level 1:colcon.colcon_core.package_identification:_identify(src/dummy_node2) by extensions ['ros']
[0.354s] Level 1:colcon.colcon_core.package_identification:_identify(src/dummy_node2) by extension 'ros'
[0.354s] DEBUG:colcon.colcon_core.package_identification:Package 'src/dummy_node2' with type 'ros.ament_cmake' and name 'dummy_node2'
[0.355s] Level 1:colcon.colcon_core.package_identification:_identify(src/interfaces) by extensions ['ignore', 'ignore_ament_install']
[0.355s] Level 1:colcon.colcon_core.package_identification:_identify(src/interfaces) by extension 'ignore'
[0.355s] Level 1:colcon.colcon_core.package_identification:_identify(src/interfaces) by extension 'ignore_ament_install'
[0.355s] Level 1:colcon.colcon_core.package_identification:_identify(src/interfaces) by extensions ['colcon_pkg']
[0.355s] Level 1:colcon.colcon_core.package_identification:_identify(src/interfaces) by extension 'colcon_pkg'
[0.355s] Level 1:colcon.colcon_core.package_identification:_identify(src/interfaces) by extensions ['colcon_meta']
[0.355s] Level 1:colcon.colcon_core.package_identification:_identify(src/interfaces) by extension 'colcon_meta'
[0.355s] Level 1:colcon.colcon_core.package_identification:_identify(src/interfaces) by extensions ['ros']
[0.355s] Level 1:colcon.colcon_core.package_identification:_identify(src/interfaces) by extension 'ros'
[0.355s] DEBUG:colcon.colcon_core.package_identification:Package 'src/interfaces' with type 'ros.ament_cmake' and name 'interfaces'
[0.355s] Level 1:colcon.colcon_core.package_discovery:discover_packages(recursive) using defaults
[0.356s] Level 1:colcon.colcon_core.package_discovery:discover_packages(ignore) discover
[0.356s] Level 1:colcon.colcon_core.package_discovery:discover_packages(ignore) using defaults
[0.356s] Level 1:colcon.colcon_core.package_discovery:discover_packages(path) discover
[0.356s] Level 1:colcon.colcon_core.package_discovery:discover_packages(path) using defaults
[0.381s] Level 1:colcon.colcon_core.package_discovery:discover_packages(prefix_path) check parameters
[0.381s] Level 1:colcon.colcon_core.package_discovery:discover_packages(prefix_path) discover
[0.384s] DEBUG:colcon.colcon_installed_package_information.package_discovery:Found 3 installed packages in /home/joannerizkallah/assignment3/install
[0.385s] DEBUG:colcon.colcon_installed_package_information.package_discovery:Found 270 installed packages in /opt/ros/humble
[0.387s] Level 1:colcon.colcon_core.package_discovery:discover_packages(prefix_path) using defaults
[0.443s] Level 5:colcon.colcon_core.verb:set package 'interfaces' build argument 'cmake_args' from command line to 'None'
[0.443s] Level 5:colcon.colcon_core.verb:set package 'interfaces' build argument 'cmake_target' from command line to 'None'
[0.443s] Level 5:colcon.colcon_core.verb:set package 'interfaces' build argument 'cmake_target_skip_unavailable' from command line to 'False'
[0.443s] Level 5:colcon.colcon_core.verb:set package 'interfaces' build argument 'cmake_clean_cache' from command line to 'False'
[0.443s] Level 5:colcon.colcon_core.verb:set package 'interfaces' build argument 'cmake_clean_first' from command line to 'False'
[0.443s] Level 5:colcon.colcon_core.verb:set package 'interfaces' build argument 'cmake_force_configure' from command line to 'False'
[0.443s] Level 5:colcon.colcon_core.verb:set package 'interfaces' build argument 'ament_cmake_args' from command line to 'None'
[0.443s] Level 5:colcon.colcon_core.verb:set package 'interfaces' build argument 'catkin_cmake_args' from command line to 'None'
[0.443s] Level 5:colcon.colcon_core.verb:set package 'interfaces' build argument 'catkin_skip_building_tests' from command line to 'False'
[0.443s] DEBUG:colcon.colcon_core.verb:Building package 'interfaces' with the following arguments: {'ament_cmake_args': None, 'build_base': '/home/joannerizkallah/assignment3/build/interfaces', 'catkin_cmake_args': None, 'catkin_skip_building_tests': False, 'cmake_args': None, 'cmake_clean_cache': False, 'cmake_clean_first': False, 'cmake_force_configure': False, 'cmake_target': None, 'cmake_target_skip_unavailable': False, 'install_base': '/home/joannerizkallah/assignment3/install/interfaces', 'merge_install': False, 'path': '/home/joannerizkallah/assignment3/src/interfaces', 'symlink_install': False, 'test_result_base': None}
[0.444s] Level 5:colcon.colcon_core.verb:set package 'dummy_node1' build argument 'cmake_args' from command line to 'None'
[0.444s] Level 5:colcon.colcon_core.verb:set package 'dummy_node1' build argument 'cmake_target' from command line to 'None'
[0.444s] Level 5:colcon.colcon_core.verb:set package 'dummy_node1' build argument 'cmake_target_skip_unavailable' from command line to 'False'
[0.444s] Level 5:colcon.colcon_core.verb:set package 'dummy_node1' build argument 'cmake_clean_cache' from command line to 'False'
[0.444s] Level 5:colcon.colcon_core.verb:set package 'dummy_node1' build argument 'cmake_clean_first' from command line to 'False'
[0.444s] Level 5:colcon.colcon_core.verb:set package 'dummy_node1' build argument 'cmake_force_configure' from command line to 'False'
[0.444s] Level 5:colcon.colcon_core.verb:set package 'dummy_node1' build argument 'ament_cmake_args' from command line to 'None'
[0.444s] Level 5:colcon.colcon_core.verb:set package 'dummy_node1' build argument 'catkin_cmake_args' from command line to 'None'
[0.444s] Level 5:colcon.colcon_core.verb:set package 'dummy_node1' build argument 'catkin_skip_building_tests' from command line to 'False'
[0.445s] DEBUG:colcon.colcon_core.verb:Building package 'dummy_node1' with the following arguments: {'ament_cmake_args': None, 'build_base': '/home/joannerizkallah/assignment3/build/dummy_node1', 'catkin_cmake_args': None, 'catkin_skip_building_tests': False, 'cmake_args': None, 'cmake_clean_cache': False, 'cmake_clean_first': False, 'cmake_force_configure': False, 'cmake_target': None, 'cmake_target_skip_unavailable': False, 'install_base': '/home/joannerizkallah/assignment3/install/dummy_node1', 'merge_install': False, 'path': '/home/joannerizkallah/assignment3/src/dummy_node1', 'symlink_install': False, 'test_result_base': None}
[0.445s] Level 5:colcon.colcon_core.verb:set package 'dummy_node2' build argument 'cmake_args' from command line to 'None'
[0.445s] Level 5:colcon.colcon_core.verb:set package 'dummy_node2' build argument 'cmake_target' from command line to 'None'
[0.445s] Level 5:colcon.colcon_core.verb:set package 'dummy_node2' build argument 'cmake_target_skip_unavailable' from command line to 'False'
[0.445s] Level 5:colcon.colcon_core.verb:set package 'dummy_node2' build argument 'cmake_clean_cache' from command line to 'False'
[0.445s] Level 5:colcon.colcon_core.verb:set package 'dummy_node2' build argument 'cmake_clean_first' from command line to 'False'
[0.445s] Level 5:colcon.colcon_core.verb:set package 'dummy_node2' build argument 'cmake_force_configure' from command line to 'False'
[0.445s] Level 5:colcon.colcon_core.verb:set package 'dummy_node2' build argument 'ament_cmake_args' from command line to 'None'
[0.445s] Level 5:colcon.colcon_core.verb:set package 'dummy_node2' build argument 'catkin_cmake_args' from command line to 'None'
[0.445s] Level 5:colcon.colcon_core.verb:set package 'dummy_node2' build argument 'catkin_skip_building_tests' from command line to 'False'
[0.446s] DEBUG:colcon.colcon_core.verb:Building package 'dummy_node2' with the following arguments: {'ament_cmake_args': None, 'build_base': '/home/joannerizkallah/assignment3/build/dummy_node2', 'catkin_cmake_args': None, 'catkin_skip_building_tests': False, 'cmake_args': None, 'cmake_clean_cache': False, 'cmake_clean_first': False, 'cmake_force_configure': False, 'cmake_target': None, 'cmake_target_skip_unavailable': False, 'install_base': '/home/joannerizkallah/assignment3/install/dummy_node2', 'merge_install': False, 'path': '/home/joannerizkallah/assignment3/src/dummy_node2', 'symlink_install': False, 'test_result_base': None}
[0.446s] INFO:colcon.colcon_core.executor:Executing jobs using 'parallel' executor
[0.449s] DEBUG:colcon.colcon_parallel_executor.executor.parallel:run_until_complete
[0.450s] INFO:colcon.colcon_ros.task.ament_cmake.build:Building ROS package in '/home/joannerizkallah/assignment3/src/interfaces' with build type 'ament_cmake'
[0.450s] INFO:colcon.colcon_cmake.task.cmake.build:Building CMake package in '/home/joannerizkallah/assignment3/src/interfaces'
[0.454s] INFO:colcon.colcon_core.plugin_system:Skipping extension 'colcon_core.shell.bat': Not used on non-Windows systems
[0.455s] INFO:colcon.colcon_core.shell:Skip shell extension 'powershell' for command environment: Not usable outside of PowerShell
[0.455s] DEBUG:colcon.colcon_core.shell:Skip shell extension 'dsv' for command environment
[0.501s] DEBUG:colcon.colcon_core.event_handler.log_command:Invoking command in '/home/joannerizkallah/assignment3/build/interfaces': CMAKE_PREFIX_PATH=${CMAKE_PREFIX_PATH}:/opt/ros/humble /usr/bin/cmake --build /home/joannerizkallah/assignment3/build/interfaces -- -j4 -l4
[1.162s] DEBUG:colcon.colcon_core.event_handler.log_command:Invoked command in '/home/joannerizkallah/assignment3/build/interfaces' returned '0': CMAKE_PREFIX_PATH=${CMAKE_PREFIX_PATH}:/opt/ros/humble /usr/bin/cmake --build /home/joannerizkallah/assignment3/build/interfaces -- -j4 -l4
[1.444s] DEBUG:colcon.colcon_core.event_handler.log_command:Invoking command in '/home/joannerizkallah/assignment3/build/interfaces': CMAKE_PREFIX_PATH=${CMAKE_PREFIX_PATH}:/opt/ros/humble /usr/bin/cmake --install /home/joannerizkallah/assignment3/build/interfaces
[1.539s] Level 1:colcon.colcon_core.environment:create_environment_scripts_only(interfaces)
[1.550s] DEBUG:colcon.colcon_core.event_handler.log_command:Invoked command in '/home/joannerizkallah/assignment3/build/interfaces' returned '0': CMAKE_PREFIX_PATH=${CMAKE_PREFIX_PATH}:/opt/ros/humble /usr/bin/cmake --install /home/joannerizkallah/assignment3/build/interfaces
[1.553s] Level 1:colcon.colcon_core.environment:checking '/home/joannerizkallah/assignment3/install/interfaces' for CMake module files
[1.554s] Level 1:colcon.colcon_core.environment:checking '/home/joannerizkallah/assignment3/install/interfaces' for CMake config files
[1.554s] Level 1:colcon.colcon_core.shell:create_environment_hook('interfaces', 'cmake_prefix_path')
[1.555s] INFO:colcon.colcon_core.shell:Creating environment hook '/home/joannerizkallah/assignment3/install/interfaces/share/interfaces/hook/cmake_prefix_path.ps1'
[1.556s] INFO:colcon.colcon_core.shell:Creating environment descriptor '/home/joannerizkallah/assignment3/install/interfaces/share/interfaces/hook/cmake_prefix_path.dsv'
[1.557s] INFO:colcon.colcon_core.shell:Creating environment hook '/home/joannerizkallah/assignment3/install/interfaces/share/interfaces/hook/cmake_prefix_path.sh'
[1.558s] Level 1:colcon.colcon_core.environment:checking '/home/joannerizkallah/assignment3/install/interfaces/lib'
[1.559s] Level 1:colcon.colcon_core.shell:create_environment_hook('interfaces', 'ld_library_path_lib')
[1.562s] INFO:colcon.colcon_core.shell:Creating environment hook '/home/joannerizkallah/assignment3/install/interfaces/share/interfaces/hook/ld_library_path_lib.ps1'
[1.562s] INFO:colcon.colcon_core.shell:Creating environment descriptor '/home/joannerizkallah/assignment3/install/interfaces/share/interfaces/hook/ld_library_path_lib.dsv'
[1.567s] INFO:colcon.colcon_core.shell:Creating environment hook '/home/joannerizkallah/assignment3/install/interfaces/share/interfaces/hook/ld_library_path_lib.sh'
[1.567s] Level 1:colcon.colcon_core.environment:checking '/home/joannerizkallah/assignment3/install/interfaces/bin'
[1.568s] Level 1:colcon.colcon_core.environment:checking '/home/joannerizkallah/assignment3/install/interfaces/lib/pkgconfig/interfaces.pc'
[1.568s] Level 1:colcon.colcon_core.environment:checking '/home/joannerizkallah/assignment3/install/interfaces/lib/python3.10/site-packages'
[1.568s] Level 1:colcon.colcon_core.environment:checking '/home/joannerizkallah/assignment3/install/interfaces/bin'
[1.570s] INFO:colcon.colcon_core.shell:Creating package script '/home/joannerizkallah/assignment3/install/interfaces/share/interfaces/package.ps1'
[1.571s] INFO:colcon.colcon_core.shell:Creating package descriptor '/home/joannerizkallah/assignment3/install/interfaces/share/interfaces/package.dsv'
[1.572s] INFO:colcon.colcon_core.shell:Creating package script '/home/joannerizkallah/assignment3/install/interfaces/share/interfaces/package.sh'
[1.573s] INFO:colcon.colcon_core.shell:Creating package script '/home/joannerizkallah/assignment3/install/interfaces/share/interfaces/package.bash'
[1.574s] INFO:colcon.colcon_core.shell:Creating package script '/home/joannerizkallah/assignment3/install/interfaces/share/interfaces/package.zsh'
[1.576s] Level 1:colcon.colcon_core.environment:create_file_with_runtime_dependencies(/home/joannerizkallah/assignment3/install/interfaces/share/colcon-core/packages/interfaces)
[1.894s] Level 1:colcon.colcon_core.environment:create_environment_scripts_only(interfaces)
[1.896s] Level 1:colcon.colcon_core.environment:checking '/home/joannerizkallah/assignment3/install/interfaces' for CMake module files
[1.897s] Level 1:colcon.colcon_core.environment:checking '/home/joannerizkallah/assignment3/install/interfaces' for CMake config files
[1.897s] Level 1:colcon.colcon_core.shell:create_environment_hook('interfaces', 'cmake_prefix_path')
[1.899s] INFO:colcon.colcon_core.shell:Creating environment hook '/home/joannerizkallah/assignment3/install/interfaces/share/interfaces/hook/cmake_prefix_path.ps1'
[1.900s] INFO:colcon.colcon_core.shell:Creating environment descriptor '/home/joannerizkallah/assignment3/install/interfaces/share/interfaces/hook/cmake_prefix_path.dsv'
[1.901s] INFO:colcon.colcon_core.shell:Creating environment hook '/home/joannerizkallah/assignment3/install/interfaces/share/interfaces/hook/cmake_prefix_path.sh'
[1.902s] Level 1:colcon.colcon_core.environment:checking '/home/joannerizkallah/assignment3/install/interfaces/lib'
[1.902s] Level 1:colcon.colcon_core.shell:create_environment_hook('interfaces', 'ld_library_path_lib')
[1.904s] INFO:colcon.colcon_core.shell:Creating environment hook '/home/joannerizkallah/assignment3/install/interfaces/share/interfaces/hook/ld_library_path_lib.ps1'
[1.913s] INFO:colcon.colcon_core.shell:Creating environment descriptor '/home/joannerizkallah/assignment3/install/interfaces/share/interfaces/hook/ld_library_path_lib.dsv'
[1.914s] INFO:colcon.colcon_core.shell:Creating environment hook '/home/joannerizkallah/assignment3/install/interfaces/share/interfaces/hook/ld_library_path_lib.sh'
[1.929s] Level 1:colcon.colcon_core.environment:checking '/home/joannerizkallah/assignment3/install/interfaces/bin'
[1.929s] Level 1:colcon.colcon_core.environment:checking '/home/joannerizkallah/assignment3/install/interfaces/lib/pkgconfig/interfaces.pc'
[1.930s] Level 1:colcon.colcon_core.environment:checking '/home/joannerizkallah/assignment3/install/interfaces/lib/python3.10/site-packages'
[1.930s] Level 1:colcon.colcon_core.environment:checking '/home/joannerizkallah/assignment3/install/interfaces/bin'
[1.933s] INFO:colcon.colcon_core.shell:Creating package script '/home/joannerizkallah/assignment3/install/interfaces/share/interfaces/package.ps1'
[1.934s] INFO:colcon.colcon_core.shell:Creating package descriptor '/home/joannerizkallah/assignment3/install/interfaces/share/interfaces/package.dsv'
[1.937s] INFO:colcon.colcon_core.shell:Creating package script '/home/joannerizkallah/assignment3/install/interfaces/share/interfaces/package.sh'
[1.939s] INFO:colcon.colcon_core.shell:Creating package script '/home/joannerizkallah/assignment3/install/interfaces/share/interfaces/package.bash'
[1.940s] INFO:colcon.colcon_core.shell:Creating package script '/home/joannerizkallah/assignment3/install/interfaces/share/interfaces/package.zsh'
[1.941s] Level 1:colcon.colcon_core.environment:create_file_with_runtime_dependencies(/home/joannerizkallah/assignment3/install/interfaces/share/colcon-core/packages/interfaces)
[1.942s] INFO:colcon.colcon_ros.task.ament_cmake.build:Building ROS package in '/home/joannerizkallah/assignment3/src/dummy_node1' with build type 'ament_cmake'
[1.942s] INFO:colcon.colcon_cmake.task.cmake.build:Building CMake package in '/home/joannerizkallah/assignment3/src/dummy_node1'
[1.944s] INFO:colcon.colcon_core.shell:Skip shell extension 'powershell' for command environment: Not usable outside of PowerShell
[1.944s] DEBUG:colcon.colcon_core.shell:Skip shell extension 'dsv' for command environment
[1.952s] INFO:colcon.colcon_ros.task.ament_cmake.build:Building ROS package in '/home/joannerizkallah/assignment3/src/dummy_node2' with build type 'ament_cmake'
[1.952s] INFO:colcon.colcon_cmake.task.cmake.build:Building CMake package in '/home/joannerizkallah/assignment3/src/dummy_node2'
[1.954s] INFO:colcon.colcon_core.shell:Skip shell extension 'powershell' for command environment: Not usable outside of PowerShell
[1.954s] DEBUG:colcon.colcon_core.shell:Skip shell extension 'dsv' for command environment
[1.978s] DEBUG:colcon.colcon_core.event_handler.log_command:Invoking command in '/home/joannerizkallah/assignment3/build/dummy_node1': CMAKE_PREFIX_PATH=/home/joannerizkallah/assignment3/install/interfaces:/home/joannerizkallah/assignment3/install/dummy_node2:/home/joannerizkallah/assignment3/install/dummy_node1:/opt/ros/humble LD_LIBRARY_PATH=/home/joannerizkallah/assignment3/install/interfaces/lib:/home/joannerizkallah/assignment3/install/dummy_node2/lib:/home/joannerizkallah/assignment3/install/dummy_node1/lib:/opt/ros/humble/opt/rviz_ogre_vendor/lib:/opt/ros/humble/lib/x86_64-linux-gnu:/opt/ros/humble/lib /usr/bin/cmake --build /home/joannerizkallah/assignment3/build/dummy_node1 -- -j4 -l4
[2.013s] DEBUG:colcon.colcon_core.event_handler.log_command:Invoking command in '/home/joannerizkallah/assignment3/build/dummy_node2': CMAKE_PREFIX_PATH=/home/joannerizkallah/assignment3/install/interfaces:/home/joannerizkallah/assignment3/install/dummy_node2:/home/joannerizkallah/assignment3/install/dummy_node1:/opt/ros/humble LD_LIBRARY_PATH=/home/joannerizkallah/assignment3/install/interfaces/lib:/home/joannerizkallah/assignment3/install/dummy_node2/lib:/home/joannerizkallah/assignment3/install/dummy_node1/lib:/opt/ros/humble/opt/rviz_ogre_vendor/lib:/opt/ros/humble/lib/x86_64-linux-gnu:/opt/ros/humble/lib /usr/bin/cmake --build /home/joannerizkallah/assignment3/build/dummy_node2 -- -j4 -l4
[2.299s] DEBUG:colcon.colcon_core.event_handler.log_command:Invoked command in '/home/joannerizkallah/assignment3/build/dummy_node1' returned '0': CMAKE_PREFIX_PATH=/home/joannerizkallah/assignment3/install/interfaces:/home/joannerizkallah/assignment3/install/dummy_node2:/home/joannerizkallah/assignment3/install/dummy_node1:/opt/ros/humble LD_LIBRARY_PATH=/home/joannerizkallah/assignment3/install/interfaces/lib:/home/joannerizkallah/assignment3/install/dummy_node2/lib:/home/joannerizkallah/assignment3/install/dummy_node1/lib:/opt/ros/humble/opt/rviz_ogre_vendor/lib:/opt/ros/humble/lib/x86_64-linux-gnu:/opt/ros/humble/lib /usr/bin/cmake --build /home/joannerizkallah/assignment3/build/dummy_node1 -- -j4 -l4
[2.453s] DEBUG:colcon.colcon_core.event_handler.log_command:Invoking command in '/home/joannerizkallah/assignment3/build/dummy_node1': CMAKE_PREFIX_PATH=/home/joannerizkallah/assignment3/install/interfaces:/home/joannerizkallah/assignment3/install/dummy_node2:/home/joannerizkallah/assignment3/install/dummy_node1:/opt/ros/humble LD_LIBRARY_PATH=/home/joannerizkallah/assignment3/install/interfaces/lib:/home/joannerizkallah/assignment3/install/dummy_node2/lib:/home/joannerizkallah/assignment3/install/dummy_node1/lib:/opt/ros/humble/opt/rviz_ogre_vendor/lib:/opt/ros/humble/lib/x86_64-linux-gnu:/opt/ros/humble/lib /usr/bin/cmake --install /home/joannerizkallah/assignment3/build/dummy_node1
[2.472s] Level 1:colcon.colcon_core.environment:create_environment_scripts_only(dummy_node1)
[2.474s] Level 1:colcon.colcon_core.environment:checking '/home/joannerizkallah/assignment3/install/dummy_node1' for CMake module files
[2.475s] Level 1:colcon.colcon_core.environment:checking '/home/joannerizkallah/assignment3/install/dummy_node1' for CMake config files
[2.475s] Level 1:colcon.colcon_core.shell:create_environment_hook('dummy_node1', 'cmake_prefix_path')
[2.476s] INFO:colcon.colcon_core.shell:Creating environment hook '/home/joannerizkallah/assignment3/install/dummy_node1/share/dummy_node1/hook/cmake_prefix_path.ps1'
[2.477s] INFO:colcon.colcon_core.shell:Creating environment descriptor '/home/joannerizkallah/assignment3/install/dummy_node1/share/dummy_node1/hook/cmake_prefix_path.dsv'
[2.477s] DEBUG:colcon.colcon_core.event_handler.log_command:Invoked command in '/home/joannerizkallah/assignment3/build/dummy_node1' returned '0': CMAKE_PREFIX_PATH=/home/joannerizkallah/assignment3/install/interfaces:/home/joannerizkallah/assignment3/install/dummy_node2:/home/joannerizkallah/assignment3/install/dummy_node1:/opt/ros/humble LD_LIBRARY_PATH=/home/joannerizkallah/assignment3/install/interfaces/lib:/home/joannerizkallah/assignment3/install/dummy_node2/lib:/home/joannerizkallah/assignment3/install/dummy_node1/lib:/opt/ros/humble/opt/rviz_ogre_vendor/lib:/opt/ros/humble/lib/x86_64-linux-gnu:/opt/ros/humble/lib /usr/bin/cmake --install /home/joannerizkallah/assignment3/build/dummy_node1
[2.478s] INFO:colcon.colcon_core.shell:Creating environment hook '/home/joannerizkallah/assignment3/install/dummy_node1/share/dummy_node1/hook/cmake_prefix_path.sh'
[2.479s] Level 1:colcon.colcon_core.environment:checking '/home/joannerizkallah/assignment3/install/dummy_node1/lib'
[2.479s] Level 1:colcon.colcon_core.shell:create_environment_hook('dummy_node1', 'ld_library_path_lib')
[2.480s] INFO:colcon.colcon_core.shell:Creating environment hook '/home/joannerizkallah/assignment3/install/dummy_node1/share/dummy_node1/hook/ld_library_path_lib.ps1'
[2.481s] INFO:colcon.colcon_core.shell:Creating environment descriptor '/home/joannerizkallah/assignment3/install/dummy_node1/share/dummy_node1/hook/ld_library_path_lib.dsv'
[2.481s] INFO:colcon.colcon_core.shell:Creating environment hook '/home/joannerizkallah/assignment3/install/dummy_node1/share/dummy_node1/hook/ld_library_path_lib.sh'
[2.482s] Level 1:colcon.colcon_core.environment:checking '/home/joannerizkallah/assignment3/install/dummy_node1/bin'
[2.482s] Level 1:colcon.colcon_core.environment:checking '/home/joannerizkallah/assignment3/install/dummy_node1/lib/pkgconfig/dummy_node1.pc'
[2.483s] Level 1:colcon.colcon_core.environment:checking '/home/joannerizkallah/assignment3/install/dummy_node1/lib/python3.10/site-packages'
[2.483s] Level 1:colcon.colcon_core.environment:checking '/home/joannerizkallah/assignment3/install/dummy_node1/bin'
[2.484s] INFO:colcon.colcon_core.shell:Creating package script '/home/joannerizkallah/assignment3/install/dummy_node1/share/dummy_node1/package.ps1'
[2.485s] INFO:colcon.colcon_core.shell:Creating package descriptor '/home/joannerizkallah/assignment3/install/dummy_node1/share/dummy_node1/package.dsv'
[2.487s] INFO:colcon.colcon_core.shell:Creating package script '/home/joannerizkallah/assignment3/install/dummy_node1/share/dummy_node1/package.sh'
[2.487s] INFO:colcon.colcon_core.shell:Creating package script '/home/joannerizkallah/assignment3/install/dummy_node1/share/dummy_node1/package.bash'
[2.488s] INFO:colcon.colcon_core.shell:Creating package script '/home/joannerizkallah/assignment3/install/dummy_node1/share/dummy_node1/package.zsh'
[2.489s] Level 1:colcon.colcon_core.environment:create_file_with_runtime_dependencies(/home/joannerizkallah/assignment3/install/dummy_node1/share/colcon-core/packages/dummy_node1)
[2.607s] Level 1:colcon.colcon_core.environment:create_environment_scripts_only(dummy_node1)
[2.609s] Level 1:colcon.colcon_core.environment:checking '/home/joannerizkallah/assignment3/install/dummy_node1' for CMake module files
[2.609s] Level 1:colcon.colcon_core.environment:checking '/home/joannerizkallah/assignment3/install/dummy_node1' for CMake config files
[2.609s] Level 1:colcon.colcon_core.shell:create_environment_hook('dummy_node1', 'cmake_prefix_path')
[2.610s] INFO:colcon.colcon_core.shell:Creating environment hook '/home/joannerizkallah/assignment3/install/dummy_node1/share/dummy_node1/hook/cmake_prefix_path.ps1'
[2.611s] INFO:colcon.colcon_core.shell:Creating environment descriptor '/home/joannerizkallah/assignment3/install/dummy_node1/share/dummy_node1/hook/cmake_prefix_path.dsv'
[2.612s] INFO:colcon.colcon_core.shell:Creating environment hook '/home/joannerizkallah/assignment3/install/dummy_node1/share/dummy_node1/hook/cmake_prefix_path.sh'
[2.615s] Level 1:colcon.colcon_core.environment:checking '/home/joannerizkallah/assignment3/install/dummy_node1/lib'
[2.615s] Level 1:colcon.colcon_core.shell:create_environment_hook('dummy_node1', 'ld_library_path_lib')
[2.625s] INFO:colcon.colcon_core.shell:Creating environment hook '/home/joannerizkallah/assignment3/install/dummy_node1/share/dummy_node1/hook/ld_library_path_lib.ps1'
[2.626s] INFO:colcon.colcon_core.shell:Creating environment descriptor '/home/joannerizkallah/assignment3/install/dummy_node1/share/dummy_node1/hook/ld_library_path_lib.dsv'
[2.633s] INFO:colcon.colcon_core.shell:Creating environment hook '/home/joannerizkallah/assignment3/install/dummy_node1/share/dummy_node1/hook/ld_library_path_lib.sh'
[2.634s] Level 1:colcon.colcon_core.environment:checking '/home/joannerizkallah/assignment3/install/dummy_node1/bin'
[2.634s] Level 1:colcon.colcon_core.environment:checking '/home/joannerizkallah/assignment3/install/dummy_node1/lib/pkgconfig/dummy_node1.pc'
[2.634s] Level 1:colcon.colcon_core.environment:checking '/home/joannerizkallah/assignment3/install/dummy_node1/lib/python3.10/site-packages'
[2.635s] Level 1:colcon.colcon_core.environment:checking '/home/joannerizkallah/assignment3/install/dummy_node1/bin'
[2.639s] INFO:colcon.colcon_core.shell:Creating package script '/home/joannerizkallah/assignment3/install/dummy_node1/share/dummy_node1/package.ps1'
[2.640s] INFO:colcon.colcon_core.shell:Creating package descriptor '/home/joannerizkallah/assignment3/install/dummy_node1/share/dummy_node1/package.dsv'
[2.641s] INFO:colcon.colcon_core.shell:Creating package script '/home/joannerizkallah/assignment3/install/dummy_node1/share/dummy_node1/package.sh'
[2.641s] INFO:colcon.colcon_core.shell:Creating package script '/home/joannerizkallah/assignment3/install/dummy_node1/share/dummy_node1/package.bash'
[2.642s] INFO:colcon.colcon_core.shell:Creating package script '/home/joannerizkallah/assignment3/install/dummy_node1/share/dummy_node1/package.zsh'
[2.643s] Level 1:colcon.colcon_core.environment:create_file_with_runtime_dependencies(/home/joannerizkallah/assignment3/install/dummy_node1/share/colcon-core/packages/dummy_node1)
[10.984s] DEBUG:colcon.colcon_core.event_handler.log_command:Invoked command in '/home/joannerizkallah/assignment3/build/dummy_node2' returned '0': CMAKE_PREFIX_PATH=/home/joannerizkallah/assignment3/install/interfaces:/home/joannerizkallah/assignment3/install/dummy_node2:/home/joannerizkallah/assignment3/install/dummy_node1:/opt/ros/humble LD_LIBRARY_PATH=/home/joannerizkallah/assignment3/install/interfaces/lib:/home/joannerizkallah/assignment3/install/dummy_node2/lib:/home/joannerizkallah/assignment3/install/dummy_node1/lib:/opt/ros/humble/opt/rviz_ogre_vendor/lib:/opt/ros/humble/lib/x86_64-linux-gnu:/opt/ros/humble/lib /usr/bin/cmake --build /home/joannerizkallah/assignment3/build/dummy_node2 -- -j4 -l4
[11.103s] DEBUG:colcon.colcon_core.event_handler.log_command:Invoking command in '/home/joannerizkallah/assignment3/build/dummy_node2': CMAKE_PREFIX_PATH=/home/joannerizkallah/assignment3/install/interfaces:/home/joannerizkallah/assignment3/install/dummy_node2:/home/joannerizkallah/assignment3/install/dummy_node1:/opt/ros/humble LD_LIBRARY_PATH=/home/joannerizkallah/assignment3/install/interfaces/lib:/home/joannerizkallah/assignment3/install/dummy_node2/lib:/home/joannerizkallah/assignment3/install/dummy_node1/lib:/opt/ros/humble/opt/rviz_ogre_vendor/lib:/opt/ros/humble/lib/x86_64-linux-gnu:/opt/ros/humble/lib /usr/bin/cmake --install /home/joannerizkallah/assignment3/build/dummy_node2
[11.135s] Level 1:colcon.colcon_core.environment:create_environment_scripts_only(dummy_node2)
[11.151s] DEBUG:colcon.colcon_core.event_handler.log_command:Invoked command in '/home/joannerizkallah/assignment3/build/dummy_node2' returned '0': CMAKE_PREFIX_PATH=/home/joannerizkallah/assignment3/install/interfaces:/home/joannerizkallah/assignment3/install/dummy_node2:/home/joannerizkallah/assignment3/install/dummy_node1:/opt/ros/humble LD_LIBRARY_PATH=/home/joannerizkallah/assignment3/install/interfaces/lib:/home/joannerizkallah/assignment3/install/dummy_node2/lib:/home/joannerizkallah/assignment3/install/dummy_node1/lib:/opt/ros/humble/opt/rviz_ogre_vendor/lib:/opt/ros/humble/lib/x86_64-linux-gnu:/opt/ros/humble/lib /usr/bin/cmake --install /home/joannerizkallah/assignment3/build/dummy_node2
[11.152s] Level 1:colcon.colcon_core.environment:checking '/home/joannerizkallah/assignment3/install/dummy_node2' for CMake module files
[11.153s] Level 1:colcon.colcon_core.environment:checking '/home/joannerizkallah/assignment3/install/dummy_node2' for CMake config files
[11.153s] Level 1:colcon.colcon_core.shell:create_environment_hook('dummy_node2', 'cmake_prefix_path')
[11.155s] INFO:colcon.colcon_core.shell:Creating environment hook '/home/joannerizkallah/assignment3/install/dummy_node2/share/dummy_node2/hook/cmake_prefix_path.ps1'
[11.155s] INFO:colcon.colcon_core.shell:Creating environment descriptor '/home/joannerizkallah/assignment3/install/dummy_node2/share/dummy_node2/hook/cmake_prefix_path.dsv'
[11.156s] INFO:colcon.colcon_core.shell:Creating environment hook '/home/joannerizkallah/assignment3/install/dummy_node2/share/dummy_node2/hook/cmake_prefix_path.sh'
[11.157s] Level 1:colcon.colcon_core.environment:checking '/home/joannerizkallah/assignment3/install/dummy_node2/lib'
[11.157s] Level 1:colcon.colcon_core.shell:create_environment_hook('dummy_node2', 'ld_library_path_lib')
[11.158s] INFO:colcon.colcon_core.shell:Creating environment hook '/home/joannerizkallah/assignment3/install/dummy_node2/share/dummy_node2/hook/ld_library_path_lib.ps1'
[11.159s] INFO:colcon.colcon_core.shell:Creating environment descriptor '/home/joannerizkallah/assignment3/install/dummy_node2/share/dummy_node2/hook/ld_library_path_lib.dsv'
[11.161s] INFO:colcon.colcon_core.shell:Creating environment hook '/home/joannerizkallah/assignment3/install/dummy_node2/share/dummy_node2/hook/ld_library_path_lib.sh'
[11.163s] Level 1:colcon.colcon_core.environment:checking '/home/joannerizkallah/assignment3/install/dummy_node2/bin'
[11.165s] Level 1:colcon.colcon_core.environment:checking '/home/joannerizkallah/assignment3/install/dummy_node2/lib/pkgconfig/dummy_node2.pc'
[11.165s] Level 1:colcon.colcon_core.environment:checking '/home/joannerizkallah/assignment3/install/dummy_node2/lib/python3.10/site-packages'
[11.166s] Level 1:colcon.colcon_core.environment:checking '/home/joannerizkallah/assignment3/install/dummy_node2/bin'
[11.167s] INFO:colcon.colcon_core.shell:Creating package script '/home/joannerizkallah/assignment3/install/dummy_node2/share/dummy_node2/package.ps1'
[11.168s] INFO:colcon.colcon_core.shell:Creating package descriptor '/home/joannerizkallah/assignment3/install/dummy_node2/share/dummy_node2/package.dsv'
[11.169s] INFO:colcon.colcon_core.shell:Creating package script '/home/joannerizkallah/assignment3/install/dummy_node2/share/dummy_node2/package.sh'
[11.170s] INFO:colcon.colcon_core.shell:Creating package script '/home/joannerizkallah/assignment3/install/dummy_node2/share/dummy_node2/package.bash'
[11.170s] INFO:colcon.colcon_core.shell:Creating package script '/home/joannerizkallah/assignment3/install/dummy_node2/share/dummy_node2/package.zsh'
[11.171s] Level 1:colcon.colcon_core.environment:create_file_with_runtime_dependencies(/home/joannerizkallah/assignment3/install/dummy_node2/share/colcon-core/packages/dummy_node2)
[11.291s] Level 1:colcon.colcon_core.environment:create_environment_scripts_only(dummy_node2)
[11.293s] Level 1:colcon.colcon_core.environment:checking '/home/joannerizkallah/assignment3/install/dummy_node2' for CMake module files
[11.293s] Level 1:colcon.colcon_core.environment:checking '/home/joannerizkallah/assignment3/install/dummy_node2' for CMake config files
[11.293s] Level 1:colcon.colcon_core.shell:create_environment_hook('dummy_node2', 'cmake_prefix_path')
[11.294s] INFO:colcon.colcon_core.shell:Creating environment hook '/home/joannerizkallah/assignment3/install/dummy_node2/share/dummy_node2/hook/cmake_prefix_path.ps1'
[11.295s] INFO:colcon.colcon_core.shell:Creating environment descriptor '/home/joannerizkallah/assignment3/install/dummy_node2/share/dummy_node2/hook/cmake_prefix_path.dsv'
[11.296s] INFO:colcon.colcon_core.shell:Creating environment hook '/home/joannerizkallah/assignment3/install/dummy_node2/share/dummy_node2/hook/cmake_prefix_path.sh'
[11.297s] Level 1:colcon.colcon_core.environment:checking '/home/joannerizkallah/assignment3/install/dummy_node2/lib'
[11.297s] Level 1:colcon.colcon_core.shell:create_environment_hook('dummy_node2', 'ld_library_path_lib')
[11.298s] INFO:colcon.colcon_core.shell:Creating environment hook '/home/joannerizkallah/assignment3/install/dummy_node2/share/dummy_node2/hook/ld_library_path_lib.ps1'
[11.299s] INFO:colcon.colcon_core.shell:Creating environment descriptor '/home/joannerizkallah/assignment3/install/dummy_node2/share/dummy_node2/hook/ld_library_path_lib.dsv'
[11.300s] INFO:colcon.colcon_core.shell:Creating environment hook '/home/joannerizkallah/assignment3/install/dummy_node2/share/dummy_node2/hook/ld_library_path_lib.sh'
[11.301s] Level 1:colcon.colcon_core.environment:checking '/home/joannerizkallah/assignment3/install/dummy_node2/bin'
[11.301s] Level 1:colcon.colcon_core.environment:checking '/home/joannerizkallah/assignment3/install/dummy_node2/lib/pkgconfig/dummy_node2.pc'
[11.301s] Level 1:colcon.colcon_core.environment:checking '/home/joannerizkallah/assignment3/install/dummy_node2/lib/python3.10/site-packages'
[11.301s] Level 1:colcon.colcon_core.environment:checking '/home/joannerizkallah/assignment3/install/dummy_node2/bin'
[11.303s] INFO:colcon.colcon_core.shell:Creating package script '/home/joannerizkallah/assignment3/install/dummy_node2/share/dummy_node2/package.ps1'
[11.303s] INFO:colcon.colcon_core.shell:Creating package descriptor '/home/joannerizkallah/assignment3/install/dummy_node2/share/dummy_node2/package.dsv'
[11.304s] INFO:colcon.colcon_core.shell:Creating package script '/home/joannerizkallah/assignment3/install/dummy_node2/share/dummy_node2/package.sh'
[11.305s] INFO:colcon.colcon_core.shell:Creating package script '/home/joannerizkallah/assignment3/install/dummy_node2/share/dummy_node2/package.bash'
[11.306s] INFO:colcon.colcon_core.shell:Creating package script '/home/joannerizkallah/assignment3/install/dummy_node2/share/dummy_node2/package.zsh'
[11.306s] Level 1:colcon.colcon_core.environment:create_file_with_runtime_dependencies(/home/joannerizkallah/assignment3/install/dummy_node2/share/colcon-core/packages/dummy_node2)
[11.307s] DEBUG:colcon.colcon_parallel_executor.executor.parallel:closing loop
[11.307s] DEBUG:colcon.colcon_parallel_executor.executor.parallel:loop closed
[11.309s] DEBUG:colcon.colcon_parallel_executor.executor.parallel:run_until_complete finished with '0'
[11.309s] DEBUG:colcon.colcon_core.event_reactor:joining thread
[11.320s] INFO:colcon.colcon_core.plugin_system:Skipping extension 'colcon_notification.desktop_notification.terminal_notifier': Not used on non-Darwin systems
[11.320s] INFO:colcon.colcon_core.plugin_system:Skipping extension 'colcon_notification.desktop_notification.win32': Not used on non-Windows systems
[11.320s] INFO:colcon.colcon_notification.desktop_notification:Sending desktop notification using 'notify2'
[11.389s] DEBUG:colcon.colcon_core.event_reactor:joined thread
[11.391s] INFO:colcon.colcon_core.shell:Creating prefix script '/home/joannerizkallah/assignment3/install/local_setup.ps1'
[11.394s] INFO:colcon.colcon_core.shell:Creating prefix util module '/home/joannerizkallah/assignment3/install/_local_setup_util_ps1.py'
[11.399s] INFO:colcon.colcon_core.shell:Creating prefix chain script '/home/joannerizkallah/assignment3/install/setup.ps1'
[11.401s] INFO:colcon.colcon_core.shell:Creating prefix script '/home/joannerizkallah/assignment3/install/local_setup.sh'
[11.402s] INFO:colcon.colcon_core.shell:Creating prefix util module '/home/joannerizkallah/assignment3/install/_local_setup_util_sh.py'
[11.403s] INFO:colcon.colcon_core.shell:Creating prefix chain script '/home/joannerizkallah/assignment3/install/setup.sh'
[11.405s] INFO:colcon.colcon_core.shell:Creating prefix script '/home/joannerizkallah/assignment3/install/local_setup.bash'
[11.406s] INFO:colcon.colcon_core.shell:Creating prefix chain script '/home/joannerizkallah/assignment3/install/setup.bash'
[11.407s] INFO:colcon.colcon_core.shell:Creating prefix script '/home/joannerizkallah/assignment3/install/local_setup.zsh'
[11.408s] INFO:colcon.colcon_core.shell:Creating prefix chain script '/home/joannerizkallah/assignment3/install/setup.zsh'
