[0.109s] Invoking command in '/home/joannerizkallah/assignment3/build/dummy_node2': CMAKE_PREFIX_PATH=/home/joannerizkallah/assignment3/install/interfaces:/home/joannerizkallah/assignment3/install/dummy_node2:/home/joannerizkallah/assignment3/install/dummy_node1:/opt/ros/humble LD_LIBRARY_PATH=/home/joannerizkallah/assignment3/install/interfaces/lib:/home/joannerizkallah/assignment3/install/dummy_node2/lib:/home/joannerizkallah/assignment3/install/dummy_node1/lib:/opt/ros/humble/opt/rviz_ogre_vendor/lib:/opt/ros/humble/lib/x86_64-linux-gnu:/opt/ros/humble/lib /usr/bin/cmake --build /home/joannerizkallah/assignment3/build/dummy_node2 -- -j4 -l4
[2.502s] -- Using the multi-header code from /home/joannerizkallah/assignment3/build/dummy_node2/_deps/json-src/include/
[2.515s] -- Found ament_cmake: 1.3.5 (/opt/ros/humble/share/ament_cmake/cmake)
[2.694s] -- Found rclcpp: 16.0.4 (/opt/ros/humble/share/rclcpp/cmake)
[2.731s] -- Found rosidl_generator_c: 3.1.4 (/opt/ros/humble/share/rosidl_generator_c/cmake)
[2.735s] -- Found rosidl_adapter: 3.1.4 (/opt/ros/humble/share/rosidl_adapter/cmake)
[2.744s] -- Found rosidl_generator_cpp: 3.1.4 (/opt/ros/humble/share/rosidl_generator_cpp/cmake)
[2.759s] -- Using all available rosidl_typesupport_c: rosidl_typesupport_fastrtps_c;rosidl_typesupport_introspection_c
[2.778s] -- Using all available rosidl_typesupport_cpp: rosidl_typesupport_fastrtps_cpp;rosidl_typesupport_introspection_cpp
[2.866s] -- Found rmw_implementation_cmake: 6.1.1 (/opt/ros/humble/share/rmw_implementation_cmake/cmake)
[2.868s] -- Found rmw_fastrtps_cpp: 6.2.2 (/opt/ros/humble/share/rmw_fastrtps_cpp/cmake)
[3.112s] -- Using RMW implementation 'rmw_fastrtps_cpp' as default
[3.291s] -- Found rclcpp_action: 16.0.4 (/opt/ros/humble/share/rclcpp_action/cmake)
[3.387s] -- Found rclcpp_components: 16.0.4 (/opt/ros/humble/share/rclcpp_components/cmake)
[3.444s] -- Found interfaces: 0.0.0 (/home/joannerizkallah/assignment3/install/interfaces/share/interfaces/cmake)
[3.497s] -- Found nlohmann_json: /home/joannerizkallah/assignment3/build/dummy_node2/_deps/json-build/nlohmann_jsonConfig.cmake (found version "3.11.2") 
[3.585s] -- Configuring done
[3.641s] -- Generating done
[3.650s] -- Build files have been written to: /home/joannerizkallah/assignment3/build/dummy_node2
[3.760s] [35m[1mConsolidate compiler generated dependencies of target dummy_client[0m
[3.767s] [35m[1mConsolidate compiler generated dependencies of target action_client[0m
[3.768s] [35m[1mConsolidate compiler generated dependencies of target dummy_cpp_node[0m
[3.783s] [ 33%] Built target dummy_client
[3.795s] [ 50%] [32mBuilding CXX object CMakeFiles/action_client.dir/src/dummy_cpp_node.cpp.o[0m
[3.809s] [ 83%] Built target dummy_cpp_node
[15.951s] [100%] [32m[1mLinking CXX shared library libaction_client.so[0m
[16.179s] [100%] Built target action_client
[16.238s] Invoked command in '/home/joannerizkallah/assignment3/build/dummy_node2' returned '0': CMAKE_PREFIX_PATH=/home/joannerizkallah/assignment3/install/interfaces:/home/joannerizkallah/assignment3/install/dummy_node2:/home/joannerizkallah/assignment3/install/dummy_node1:/opt/ros/humble LD_LIBRARY_PATH=/home/joannerizkallah/assignment3/install/interfaces/lib:/home/joannerizkallah/assignment3/install/dummy_node2/lib:/home/joannerizkallah/assignment3/install/dummy_node1/lib:/opt/ros/humble/opt/rviz_ogre_vendor/lib:/opt/ros/humble/lib/x86_64-linux-gnu:/opt/ros/humble/lib /usr/bin/cmake --build /home/joannerizkallah/assignment3/build/dummy_node2 -- -j4 -l4
[16.362s] Invoking command in '/home/joannerizkallah/assignment3/build/dummy_node2': CMAKE_PREFIX_PATH=/home/joannerizkallah/assignment3/install/interfaces:/home/joannerizkallah/assignment3/install/dummy_node2:/home/joannerizkallah/assignment3/install/dummy_node1:/opt/ros/humble LD_LIBRARY_PATH=/home/joannerizkallah/assignment3/install/interfaces/lib:/home/joannerizkallah/assignment3/install/dummy_node2/lib:/home/joannerizkallah/assignment3/install/dummy_node1/lib:/opt/ros/humble/opt/rviz_ogre_vendor/lib:/opt/ros/humble/lib/x86_64-linux-gnu:/opt/ros/humble/lib /usr/bin/cmake --install /home/joannerizkallah/assignment3/build/dummy_node2
[16.374s] -- Install configuration: ""
[16.375s] -- Up-to-date: /home/joannerizkallah/assignment3/install/dummy_node2/lib/dummy_node2/dummy_cpp_node
[16.376s] -- Installing: /home/joannerizkallah/assignment3/install/dummy_node2/lib/libaction_client.so
[16.379s] -- Set runtime path of "/home/joannerizkallah/assignment3/install/dummy_node2/lib/libaction_client.so" to ""
[16.379s] -- Up-to-date: /home/joannerizkallah/assignment3/install/dummy_node2/lib/libdummy_client.so
[16.379s] -- Up-to-date: /home/joannerizkallah/assignment3/install/dummy_node2/share/dummy_node2//config
[16.379s] -- Up-to-date: /home/joannerizkallah/assignment3/install/dummy_node2/share/dummy_node2//config/dummy_config.yaml
[16.379s] -- Up-to-date: /home/joannerizkallah/assignment3/install/dummy_node2/share/dummy_node2//config/config.json
[16.379s] -- Up-to-date: /home/joannerizkallah/assignment3/install/dummy_node2/share/dummy_node2//launch
[16.379s] -- Up-to-date: /home/joannerizkallah/assignment3/install/dummy_node2/share/dummy_node2//launch/dummy.launch.py
[16.379s] -- Up-to-date: /home/joannerizkallah/assignment3/install/dummy_node2/share/ament_index/resource_index/package_run_dependencies/dummy_node2
[16.380s] -- Installing: /home/joannerizkallah/assignment3/install/dummy_node2/share/ament_index/resource_index/parent_prefix_path/dummy_node2
[16.380s] -- Up-to-date: /home/joannerizkallah/assignment3/install/dummy_node2/share/dummy_node2/environment/ament_prefix_path.sh
[16.381s] -- Installing: /home/joannerizkallah/assignment3/install/dummy_node2/share/dummy_node2/environment/ament_prefix_path.dsv
[16.381s] -- Up-to-date: /home/joannerizkallah/assignment3/install/dummy_node2/share/dummy_node2/environment/path.sh
[16.381s] -- Installing: /home/joannerizkallah/assignment3/install/dummy_node2/share/dummy_node2/environment/path.dsv
[16.381s] -- Up-to-date: /home/joannerizkallah/assignment3/install/dummy_node2/share/dummy_node2/local_setup.bash
[16.381s] -- Up-to-date: /home/joannerizkallah/assignment3/install/dummy_node2/share/dummy_node2/local_setup.sh
[16.382s] -- Up-to-date: /home/joannerizkallah/assignment3/install/dummy_node2/share/dummy_node2/local_setup.zsh
[16.382s] -- Installing: /home/joannerizkallah/assignment3/install/dummy_node2/share/dummy_node2/local_setup.dsv
[16.382s] -- Installing: /home/joannerizkallah/assignment3/install/dummy_node2/share/dummy_node2/package.dsv
[16.382s] -- Up-to-date: /home/joannerizkallah/assignment3/install/dummy_node2/share/ament_index/resource_index/packages/dummy_node2
[16.382s] -- Up-to-date: /home/joannerizkallah/assignment3/install/dummy_node2/share/ament_index/resource_index/rclcpp_components/dummy_node2
[16.382s] -- Up-to-date: /home/joannerizkallah/assignment3/install/dummy_node2/share/dummy_node2/cmake/dummy_node2Config.cmake
[16.382s] -- Up-to-date: /home/joannerizkallah/assignment3/install/dummy_node2/share/dummy_node2/cmake/dummy_node2Config-version.cmake
[16.382s] -- Up-to-date: /home/joannerizkallah/assignment3/install/dummy_node2/share/dummy_node2/package.xml
[16.388s] Invoked command in '/home/joannerizkallah/assignment3/build/dummy_node2' returned '0': CMAKE_PREFIX_PATH=/home/joannerizkallah/assignment3/install/interfaces:/home/joannerizkallah/assignment3/install/dummy_node2:/home/joannerizkallah/assignment3/install/dummy_node1:/opt/ros/humble LD_LIBRARY_PATH=/home/joannerizkallah/assignment3/install/interfaces/lib:/home/joannerizkallah/assignment3/install/dummy_node2/lib:/home/joannerizkallah/assignment3/install/dummy_node1/lib:/opt/ros/humble/opt/rviz_ogre_vendor/lib:/opt/ros/humble/lib/x86_64-linux-gnu:/opt/ros/humble/lib /usr/bin/cmake --install /home/joannerizkallah/assignment3/build/dummy_node2
