[0.102s] Invoking command in '/home/joannerizkallah/assignment3/build/interfaces': CMAKE_PREFIX_PATH=${CMAKE_PREFIX_PATH}:/opt/ros/humble /usr/bin/cmake --build /home/joannerizkallah/assignment3/build/interfaces -- -j4 -l4
[0.250s] [  9%] Built target interfaces__rosidl_generator_c
[0.254s] [ 12%] Built target interfaces__cpp
[0.296s] [ 12%] Built target ament_cmake_python_copy_interfaces
[0.322s] [ 22%] Built target interfaces__rosidl_typesupport_introspection_c
[0.323s] [ 32%] Built target interfaces__rosidl_typesupport_fastrtps_c
[0.329s] [ 41%] Built target interfaces__rosidl_typesupport_c
[0.389s] [ 51%] Built target interfaces__rosidl_typesupport_fastrtps_cpp
[0.395s] [ 61%] Built target interfaces__rosidl_typesupport_introspection_cpp
[0.404s] [ 70%] Built target interfaces__rosidl_typesupport_cpp
[0.465s] [ 70%] Built target interfaces
[0.521s] [ 74%] Built target interfaces__py
[0.590s] [ 80%] Built target interfaces__rosidl_generator_py
[0.630s] [ 93%] Built target interfaces__rosidl_typesupport_introspection_c__pyext
[0.631s] [ 93%] Built target interfaces__rosidl_typesupport_c__pyext
[0.646s] [100%] Built target interfaces__rosidl_typesupport_fastrtps_c__pyext
[0.840s] running egg_info
[0.841s] writing interfaces.egg-info/PKG-INFO
[0.844s] writing dependency_links to interfaces.egg-info/dependency_links.txt
[0.845s] writing top-level names to interfaces.egg-info/top_level.txt
[0.868s] reading manifest file 'interfaces.egg-info/SOURCES.txt'
[0.868s] writing manifest file 'interfaces.egg-info/SOURCES.txt'
[0.903s] [100%] Built target ament_cmake_python_build_interfaces_egg
[0.921s] Invoked command in '/home/joannerizkallah/assignment3/build/interfaces' returned '0': CMAKE_PREFIX_PATH=${CMAKE_PREFIX_PATH}:/opt/ros/humble /usr/bin/cmake --build /home/joannerizkallah/assignment3/build/interfaces -- -j4 -l4
[1.139s] Invoking command in '/home/joannerizkallah/assignment3/build/interfaces': CMAKE_PREFIX_PATH=${CMAKE_PREFIX_PATH}:/opt/ros/humble /usr/bin/cmake --install /home/joannerizkallah/assignment3/build/interfaces
[1.163s] -- Install configuration: ""
[1.164s] -- Up-to-date: /home/joannerizkallah/assignment3/install/interfaces/share/ament_index/resource_index/rosidl_interfaces/interfaces
[1.164s] -- Up-to-date: /home/joannerizkallah/assignment3/install/interfaces/include/interfaces/interfaces
[1.165s] -- Up-to-date: /home/joannerizkallah/assignment3/install/interfaces/include/interfaces/interfaces/msg
[1.165s] -- Up-to-date: /home/joannerizkallah/assignment3/install/interfaces/include/interfaces/interfaces/msg/rosidl_generator_c__visibility_control.h
[1.165s] -- Up-to-date: /home/joannerizkallah/assignment3/install/interfaces/include/interfaces/interfaces/action
[1.165s] -- Up-to-date: /home/joannerizkallah/assignment3/install/interfaces/include/interfaces/interfaces/action/custom.h
[1.166s] -- Up-to-date: /home/joannerizkallah/assignment3/install/interfaces/include/interfaces/interfaces/action/detail
[1.170s] -- Up-to-date: /home/joannerizkallah/assignment3/install/interfaces/include/interfaces/interfaces/action/detail/custom__type_support.h
[1.170s] -- Up-to-date: /home/joannerizkallah/assignment3/install/interfaces/include/interfaces/interfaces/action/detail/custom__struct.h
[1.170s] -- Up-to-date: /home/joannerizkallah/assignment3/install/interfaces/include/interfaces/interfaces/action/detail/custom__functions.h
[1.172s] -- Up-to-date: /home/joannerizkallah/assignment3/install/interfaces/include/interfaces/interfaces/action/detail/custom__functions.c
[1.172s] -- Up-to-date: /home/joannerizkallah/assignment3/install/interfaces/share/interfaces/environment/library_path.sh
[1.172s] -- Up-to-date: /home/joannerizkallah/assignment3/install/interfaces/share/interfaces/environment/library_path.dsv
[1.173s] -- Up-to-date: /home/joannerizkallah/assignment3/install/interfaces/lib/libinterfaces__rosidl_generator_c.so
[1.173s] -- Up-to-date: /home/joannerizkallah/assignment3/install/interfaces/include/interfaces/interfaces
[1.173s] -- Up-to-date: /home/joannerizkallah/assignment3/install/interfaces/include/interfaces/interfaces/msg
[1.173s] -- Up-to-date: /home/joannerizkallah/assignment3/install/interfaces/include/interfaces/interfaces/msg/rosidl_typesupport_fastrtps_c__visibility_control.h
[1.173s] -- Up-to-date: /home/joannerizkallah/assignment3/install/interfaces/include/interfaces/interfaces/action
[1.173s] -- Up-to-date: /home/joannerizkallah/assignment3/install/interfaces/include/interfaces/interfaces/action/detail
[1.173s] -- Up-to-date: /home/joannerizkallah/assignment3/install/interfaces/include/interfaces/interfaces/action/detail/custom__rosidl_typesupport_fastrtps_c.h
[1.173s] -- Up-to-date: /home/joannerizkallah/assignment3/install/interfaces/lib/libinterfaces__rosidl_typesupport_fastrtps_c.so
[1.174s] -- Up-to-date: /home/joannerizkallah/assignment3/install/interfaces/include/interfaces/interfaces
[1.174s] -- Up-to-date: /home/joannerizkallah/assignment3/install/interfaces/include/interfaces/interfaces/msg
[1.175s] -- Up-to-date: /home/joannerizkallah/assignment3/install/interfaces/include/interfaces/interfaces/msg/rosidl_typesupport_introspection_c__visibility_control.h
[1.175s] -- Up-to-date: /home/joannerizkallah/assignment3/install/interfaces/include/interfaces/interfaces/action
[1.175s] -- Up-to-date: /home/joannerizkallah/assignment3/install/interfaces/include/interfaces/interfaces/action/detail
[1.175s] -- Up-to-date: /home/joannerizkallah/assignment3/install/interfaces/include/interfaces/interfaces/action/detail/custom__rosidl_typesupport_introspection_c.h
[1.175s] -- Up-to-date: /home/joannerizkallah/assignment3/install/interfaces/include/interfaces/interfaces/action/detail/custom__type_support.c
[1.175s] -- Up-to-date: /home/joannerizkallah/assignment3/install/interfaces/lib/libinterfaces__rosidl_typesupport_introspection_c.so
[1.175s] -- Up-to-date: /home/joannerizkallah/assignment3/install/interfaces/lib/libinterfaces__rosidl_typesupport_c.so
[1.175s] -- Up-to-date: /home/joannerizkallah/assignment3/install/interfaces/include/interfaces/interfaces
[1.175s] -- Up-to-date: /home/joannerizkallah/assignment3/install/interfaces/include/interfaces/interfaces/action
[1.175s] -- Up-to-date: /home/joannerizkallah/assignment3/install/interfaces/include/interfaces/interfaces/action/detail
[1.175s] -- Up-to-date: /home/joannerizkallah/assignment3/install/interfaces/include/interfaces/interfaces/action/detail/custom__struct.hpp
[1.175s] -- Up-to-date: /home/joannerizkallah/assignment3/install/interfaces/include/interfaces/interfaces/action/detail/custom__traits.hpp
[1.176s] -- Up-to-date: /home/joannerizkallah/assignment3/install/interfaces/include/interfaces/interfaces/action/detail/custom__builder.hpp
[1.176s] -- Up-to-date: /home/joannerizkallah/assignment3/install/interfaces/include/interfaces/interfaces/action/custom.hpp
[1.176s] -- Up-to-date: /home/joannerizkallah/assignment3/install/interfaces/include/interfaces/interfaces
[1.176s] -- Up-to-date: /home/joannerizkallah/assignment3/install/interfaces/include/interfaces/interfaces/msg
[1.176s] -- Up-to-date: /home/joannerizkallah/assignment3/install/interfaces/include/interfaces/interfaces/msg/rosidl_typesupport_fastrtps_cpp__visibility_control.h
[1.176s] -- Up-to-date: /home/joannerizkallah/assignment3/install/interfaces/include/interfaces/interfaces/action
[1.176s] -- Up-to-date: /home/joannerizkallah/assignment3/install/interfaces/include/interfaces/interfaces/action/detail
[1.176s] -- Up-to-date: /home/joannerizkallah/assignment3/install/interfaces/include/interfaces/interfaces/action/detail/custom__rosidl_typesupport_fastrtps_cpp.hpp
[1.176s] -- Up-to-date: /home/joannerizkallah/assignment3/install/interfaces/include/interfaces/interfaces/action/detail/dds_fastrtps
[1.176s] -- Up-to-date: /home/joannerizkallah/assignment3/install/interfaces/lib/libinterfaces__rosidl_typesupport_fastrtps_cpp.so
[1.176s] -- Up-to-date: /home/joannerizkallah/assignment3/install/interfaces/include/interfaces/interfaces
[1.176s] -- Up-to-date: /home/joannerizkallah/assignment3/install/interfaces/include/interfaces/interfaces/action
[1.176s] -- Up-to-date: /home/joannerizkallah/assignment3/install/interfaces/include/interfaces/interfaces/action/detail
[1.176s] -- Up-to-date: /home/joannerizkallah/assignment3/install/interfaces/include/interfaces/interfaces/action/detail/custom__type_support.cpp
[1.176s] -- Up-to-date: /home/joannerizkallah/assignment3/install/interfaces/include/interfaces/interfaces/action/detail/custom__rosidl_typesupport_introspection_cpp.hpp
[1.176s] -- Up-to-date: /home/joannerizkallah/assignment3/install/interfaces/lib/libinterfaces__rosidl_typesupport_introspection_cpp.so
[1.176s] -- Up-to-date: /home/joannerizkallah/assignment3/install/interfaces/lib/libinterfaces__rosidl_typesupport_cpp.so
[1.177s] -- Up-to-date: /home/joannerizkallah/assignment3/install/interfaces/share/interfaces/environment/pythonpath.sh
[1.177s] -- Up-to-date: /home/joannerizkallah/assignment3/install/interfaces/share/interfaces/environment/pythonpath.dsv
[1.177s] -- Up-to-date: /home/joannerizkallah/assignment3/install/interfaces/local/lib/python3.10/dist-packages/interfaces-0.0.0-py3.10.egg-info
[1.177s] -- Installing: /home/joannerizkallah/assignment3/install/interfaces/local/lib/python3.10/dist-packages/interfaces-0.0.0-py3.10.egg-info/dependency_links.txt
[1.177s] -- Installing: /home/joannerizkallah/assignment3/install/interfaces/local/lib/python3.10/dist-packages/interfaces-0.0.0-py3.10.egg-info/PKG-INFO
[1.177s] -- Installing: /home/joannerizkallah/assignment3/install/interfaces/local/lib/python3.10/dist-packages/interfaces-0.0.0-py3.10.egg-info/SOURCES.txt
[1.177s] -- Installing: /home/joannerizkallah/assignment3/install/interfaces/local/lib/python3.10/dist-packages/interfaces-0.0.0-py3.10.egg-info/top_level.txt
[1.177s] -- Up-to-date: /home/joannerizkallah/assignment3/install/interfaces/local/lib/python3.10/dist-packages/interfaces
[1.177s] -- Up-to-date: /home/joannerizkallah/assignment3/install/interfaces/local/lib/python3.10/dist-packages/interfaces/interfaces_s__rosidl_typesupport_c.cpython-310-x86_64-linux-gnu.so
[1.177s] -- Up-to-date: /home/joannerizkallah/assignment3/install/interfaces/local/lib/python3.10/dist-packages/interfaces/_interfaces_s.ep.rosidl_typesupport_introspection_c.c
[1.177s] -- Up-to-date: /home/joannerizkallah/assignment3/install/interfaces/local/lib/python3.10/dist-packages/interfaces/action
[1.177s] -- Up-to-date: /home/joannerizkallah/assignment3/install/interfaces/local/lib/python3.10/dist-packages/interfaces/action/_custom.py
[1.177s] -- Up-to-date: /home/joannerizkallah/assignment3/install/interfaces/local/lib/python3.10/dist-packages/interfaces/action/__init__.py
[1.177s] -- Up-to-date: /home/joannerizkallah/assignment3/install/interfaces/local/lib/python3.10/dist-packages/interfaces/action/_custom_s.c
[1.177s] -- Up-to-date: /home/joannerizkallah/assignment3/install/interfaces/local/lib/python3.10/dist-packages/interfaces/interfaces_s__rosidl_typesupport_introspection_c.cpython-310-x86_64-linux-gnu.so
[1.178s] -- Up-to-date: /home/joannerizkallah/assignment3/install/interfaces/local/lib/python3.10/dist-packages/interfaces/__init__.py
[1.178s] -- Up-to-date: /home/joannerizkallah/assignment3/install/interfaces/local/lib/python3.10/dist-packages/interfaces/interfaces_s__rosidl_typesupport_fastrtps_c.cpython-310-x86_64-linux-gnu.so
[1.178s] -- Up-to-date: /home/joannerizkallah/assignment3/install/interfaces/local/lib/python3.10/dist-packages/interfaces/libinterfaces__rosidl_generator_py.so
[1.178s] -- Up-to-date: /home/joannerizkallah/assignment3/install/interfaces/local/lib/python3.10/dist-packages/interfaces/_interfaces_s.ep.rosidl_typesupport_c.c
[1.178s] -- Up-to-date: /home/joannerizkallah/assignment3/install/interfaces/local/lib/python3.10/dist-packages/interfaces/_interfaces_s.ep.rosidl_typesupport_fastrtps_c.c
[1.209s] Listing '/home/joannerizkallah/assignment3/install/interfaces/local/lib/python3.10/dist-packages/interfaces'...
[1.209s] Listing '/home/joannerizkallah/assignment3/install/interfaces/local/lib/python3.10/dist-packages/interfaces/action'...
[1.213s] -- Up-to-date: /home/joannerizkallah/assignment3/install/interfaces/local/lib/python3.10/dist-packages/interfaces/interfaces_s__rosidl_typesupport_fastrtps_c.cpython-310-x86_64-linux-gnu.so
[1.214s] -- Up-to-date: /home/joannerizkallah/assignment3/install/interfaces/local/lib/python3.10/dist-packages/interfaces/interfaces_s__rosidl_typesupport_introspection_c.cpython-310-x86_64-linux-gnu.so
[1.214s] -- Up-to-date: /home/joannerizkallah/assignment3/install/interfaces/local/lib/python3.10/dist-packages/interfaces/interfaces_s__rosidl_typesupport_c.cpython-310-x86_64-linux-gnu.so
[1.215s] -- Up-to-date: /home/joannerizkallah/assignment3/install/interfaces/lib/libinterfaces__rosidl_generator_py.so
[1.215s] -- Up-to-date: /home/joannerizkallah/assignment3/install/interfaces/share/interfaces/action/Custom.idl
[1.215s] -- Up-to-date: /home/joannerizkallah/assignment3/install/interfaces/share/interfaces/action/Custom.action
[1.215s] -- Up-to-date: /home/joannerizkallah/assignment3/install/interfaces/share/ament_index/resource_index/package_run_dependencies/interfaces
[1.215s] -- Up-to-date: /home/joannerizkallah/assignment3/install/interfaces/share/ament_index/resource_index/parent_prefix_path/interfaces
[1.215s] -- Up-to-date: /home/joannerizkallah/assignment3/install/interfaces/share/interfaces/environment/ament_prefix_path.sh
[1.215s] -- Up-to-date: /home/joannerizkallah/assignment3/install/interfaces/share/interfaces/environment/ament_prefix_path.dsv
[1.216s] -- Up-to-date: /home/joannerizkallah/assignment3/install/interfaces/share/interfaces/environment/path.sh
[1.216s] -- Up-to-date: /home/joannerizkallah/assignment3/install/interfaces/share/interfaces/environment/path.dsv
[1.216s] -- Up-to-date: /home/joannerizkallah/assignment3/install/interfaces/share/interfaces/local_setup.bash
[1.216s] -- Up-to-date: /home/joannerizkallah/assignment3/install/interfaces/share/interfaces/local_setup.sh
[1.216s] -- Up-to-date: /home/joannerizkallah/assignment3/install/interfaces/share/interfaces/local_setup.zsh
[1.217s] -- Up-to-date: /home/joannerizkallah/assignment3/install/interfaces/share/interfaces/local_setup.dsv
[1.217s] -- Installing: /home/joannerizkallah/assignment3/install/interfaces/share/interfaces/package.dsv
[1.217s] -- Up-to-date: /home/joannerizkallah/assignment3/install/interfaces/share/ament_index/resource_index/packages/interfaces
[1.217s] -- Up-to-date: /home/joannerizkallah/assignment3/install/interfaces/share/interfaces/cmake/export_interfaces__rosidl_generator_cExport.cmake
[1.217s] -- Up-to-date: /home/joannerizkallah/assignment3/install/interfaces/share/interfaces/cmake/export_interfaces__rosidl_generator_cExport-noconfig.cmake
[1.217s] -- Up-to-date: /home/joannerizkallah/assignment3/install/interfaces/share/interfaces/cmake/export_interfaces__rosidl_typesupport_fastrtps_cExport.cmake
[1.217s] -- Up-to-date: /home/joannerizkallah/assignment3/install/interfaces/share/interfaces/cmake/export_interfaces__rosidl_typesupport_fastrtps_cExport-noconfig.cmake
[1.217s] -- Up-to-date: /home/joannerizkallah/assignment3/install/interfaces/share/interfaces/cmake/interfaces__rosidl_typesupport_introspection_cExport.cmake
[1.217s] -- Up-to-date: /home/joannerizkallah/assignment3/install/interfaces/share/interfaces/cmake/interfaces__rosidl_typesupport_introspection_cExport-noconfig.cmake
[1.217s] -- Up-to-date: /home/joannerizkallah/assignment3/install/interfaces/share/interfaces/cmake/interfaces__rosidl_typesupport_cExport.cmake
[1.217s] -- Up-to-date: /home/joannerizkallah/assignment3/install/interfaces/share/interfaces/cmake/interfaces__rosidl_typesupport_cExport-noconfig.cmake
[1.217s] -- Up-to-date: /home/joannerizkallah/assignment3/install/interfaces/share/interfaces/cmake/export_interfaces__rosidl_generator_cppExport.cmake
[1.218s] -- Up-to-date: /home/joannerizkallah/assignment3/install/interfaces/share/interfaces/cmake/export_interfaces__rosidl_typesupport_fastrtps_cppExport.cmake
[1.218s] -- Up-to-date: /home/joannerizkallah/assignment3/install/interfaces/share/interfaces/cmake/export_interfaces__rosidl_typesupport_fastrtps_cppExport-noconfig.cmake
[1.218s] -- Up-to-date: /home/joannerizkallah/assignment3/install/interfaces/share/interfaces/cmake/interfaces__rosidl_typesupport_introspection_cppExport.cmake
[1.218s] -- Up-to-date: /home/joannerizkallah/assignment3/install/interfaces/share/interfaces/cmake/interfaces__rosidl_typesupport_introspection_cppExport-noconfig.cmake
[1.218s] -- Up-to-date: /home/joannerizkallah/assignment3/install/interfaces/share/interfaces/cmake/interfaces__rosidl_typesupport_cppExport.cmake
[1.218s] -- Up-to-date: /home/joannerizkallah/assignment3/install/interfaces/share/interfaces/cmake/interfaces__rosidl_typesupport_cppExport-noconfig.cmake
[1.218s] -- Up-to-date: /home/joannerizkallah/assignment3/install/interfaces/share/interfaces/cmake/export_interfaces__rosidl_generator_pyExport.cmake
[1.218s] -- Up-to-date: /home/joannerizkallah/assignment3/install/interfaces/share/interfaces/cmake/export_interfaces__rosidl_generator_pyExport-noconfig.cmake
[1.219s] -- Up-to-date: /home/joannerizkallah/assignment3/install/interfaces/share/interfaces/cmake/rosidl_cmake-extras.cmake
[1.219s] -- Up-to-date: /home/joannerizkallah/assignment3/install/interfaces/share/interfaces/cmake/ament_cmake_export_dependencies-extras.cmake
[1.219s] -- Up-to-date: /home/joannerizkallah/assignment3/install/interfaces/share/interfaces/cmake/ament_cmake_export_include_directories-extras.cmake
[1.219s] -- Up-to-date: /home/joannerizkallah/assignment3/install/interfaces/share/interfaces/cmake/ament_cmake_export_libraries-extras.cmake
[1.219s] -- Up-to-date: /home/joannerizkallah/assignment3/install/interfaces/share/interfaces/cmake/ament_cmake_export_targets-extras.cmake
[1.219s] -- Up-to-date: /home/joannerizkallah/assignment3/install/interfaces/share/interfaces/cmake/rosidl_cmake_export_typesupport_targets-extras.cmake
[1.219s] -- Up-to-date: /home/joannerizkallah/assignment3/install/interfaces/share/interfaces/cmake/rosidl_cmake_export_typesupport_libraries-extras.cmake
[1.219s] -- Up-to-date: /home/joannerizkallah/assignment3/install/interfaces/share/interfaces/cmake/interfacesConfig.cmake
[1.219s] -- Up-to-date: /home/joannerizkallah/assignment3/install/interfaces/share/interfaces/cmake/interfacesConfig-version.cmake
[1.219s] -- Up-to-date: /home/joannerizkallah/assignment3/install/interfaces/share/interfaces/package.xml
[1.224s] Invoked command in '/home/joannerizkallah/assignment3/build/interfaces' returned '0': CMAKE_PREFIX_PATH=${CMAKE_PREFIX_PATH}:/opt/ros/humble /usr/bin/cmake --install /home/joannerizkallah/assignment3/build/interfaces
