[0.019s] Invoking command in '/home/joannerizkallah/assignment3/build/interfaces': CMAKE_PREFIX_PATH=${CMAKE_PREFIX_PATH}:/opt/ros/humble /usr/bin/cmake --build /home/joannerizkallah/assignment3/build/interfaces -- -j4 -l4
[0.209s] [  3%] Built target interfaces__cpp
[0.209s] [ 12%] Built target interfaces__rosidl_generator_c
[0.225s] [ 12%] Built target ament_cmake_python_copy_interfaces
[0.262s] [ 22%] Built target interfaces__rosidl_typesupport_introspection_c
[0.267s] [ 32%] Built target interfaces__rosidl_typesupport_c
[0.273s] [ 41%] Built target interfaces__rosidl_typesupport_fastrtps_c
[0.297s] [ 51%] Built target interfaces__rosidl_typesupport_fastrtps_cpp
[0.307s] [ 61%] Built target interfaces__rosidl_typesupport_cpp
[0.309s] [ 70%] Built target interfaces__rosidl_typesupport_introspection_cpp
[0.365s] [ 70%] Built target interfaces
[0.406s] [ 74%] Built target interfaces__py
[0.462s] [ 80%] Built target interfaces__rosidl_generator_py
[0.502s] [ 87%] Built target interfaces__rosidl_typesupport_fastrtps_c__pyext
[0.506s] [ 93%] Built target interfaces__rosidl_typesupport_c__pyext
[0.507s] [100%] Built target interfaces__rosidl_typesupport_introspection_c__pyext
[0.581s] running egg_info
[0.582s] writing interfaces.egg-info/PKG-INFO
[0.582s] writing dependency_links to interfaces.egg-info/dependency_links.txt
[0.587s] writing top-level names to interfaces.egg-info/top_level.txt
[0.592s] reading manifest file 'interfaces.egg-info/SOURCES.txt'
[0.593s] writing manifest file 'interfaces.egg-info/SOURCES.txt'
[0.621s] [100%] Built target ament_cmake_python_build_interfaces_egg
[0.697s] Invoked command in '/home/joannerizkallah/assignment3/build/interfaces' returned '0': CMAKE_PREFIX_PATH=${CMAKE_PREFIX_PATH}:/opt/ros/humble /usr/bin/cmake --build /home/joannerizkallah/assignment3/build/interfaces -- -j4 -l4
[0.996s] Invoking command in '/home/joannerizkallah/assignment3/build/interfaces': CMAKE_PREFIX_PATH=${CMAKE_PREFIX_PATH}:/opt/ros/humble /usr/bin/cmake --install /home/joannerizkallah/assignment3/build/interfaces
[1.005s] -- Install configuration: ""
[1.005s] -- Up-to-date: /home/joannerizkallah/assignment3/install/interfaces/share/ament_index/resource_index/rosidl_interfaces/interfaces
[1.006s] -- Up-to-date: /home/joannerizkallah/assignment3/install/interfaces/include/interfaces/interfaces
[1.006s] -- Up-to-date: /home/joannerizkallah/assignment3/install/interfaces/include/interfaces/interfaces/msg
[1.006s] -- Up-to-date: /home/joannerizkallah/assignment3/install/interfaces/include/interfaces/interfaces/msg/rosidl_generator_c__visibility_control.h
[1.006s] -- Up-to-date: /home/joannerizkallah/assignment3/install/interfaces/include/interfaces/interfaces/action
[1.006s] -- Up-to-date: /home/joannerizkallah/assignment3/install/interfaces/include/interfaces/interfaces/action/custom.h
[1.006s] -- Up-to-date: /home/joannerizkallah/assignment3/install/interfaces/include/interfaces/interfaces/action/detail
[1.006s] -- Up-to-date: /home/joannerizkallah/assignment3/install/interfaces/include/interfaces/interfaces/action/detail/custom__type_support.h
[1.007s] -- Up-to-date: /home/joannerizkallah/assignment3/install/interfaces/include/interfaces/interfaces/action/detail/custom__struct.h
[1.007s] -- Up-to-date: /home/joannerizkallah/assignment3/install/interfaces/include/interfaces/interfaces/action/detail/custom__functions.h
[1.007s] -- Up-to-date: /home/joannerizkallah/assignment3/install/interfaces/include/interfaces/interfaces/action/detail/custom__functions.c
[1.008s] -- Up-to-date: /home/joannerizkallah/assignment3/install/interfaces/share/interfaces/environment/library_path.sh
[1.008s] -- Up-to-date: /home/joannerizkallah/assignment3/install/interfaces/share/interfaces/environment/library_path.dsv
[1.009s] -- Up-to-date: /home/joannerizkallah/assignment3/install/interfaces/lib/libinterfaces__rosidl_generator_c.so
[1.009s] -- Up-to-date: /home/joannerizkallah/assignment3/install/interfaces/include/interfaces/interfaces
[1.009s] -- Up-to-date: /home/joannerizkallah/assignment3/install/interfaces/include/interfaces/interfaces/msg
[1.009s] -- Up-to-date: /home/joannerizkallah/assignment3/install/interfaces/include/interfaces/interfaces/msg/rosidl_typesupport_fastrtps_c__visibility_control.h
[1.009s] -- Up-to-date: /home/joannerizkallah/assignment3/install/interfaces/include/interfaces/interfaces/action
[1.009s] -- Up-to-date: /home/joannerizkallah/assignment3/install/interfaces/include/interfaces/interfaces/action/detail
[1.009s] -- Up-to-date: /home/joannerizkallah/assignment3/install/interfaces/include/interfaces/interfaces/action/detail/custom__rosidl_typesupport_fastrtps_c.h
[1.009s] -- Up-to-date: /home/joannerizkallah/assignment3/install/interfaces/lib/libinterfaces__rosidl_typesupport_fastrtps_c.so
[1.010s] -- Up-to-date: /home/joannerizkallah/assignment3/install/interfaces/include/interfaces/interfaces
[1.010s] -- Up-to-date: /home/joannerizkallah/assignment3/install/interfaces/include/interfaces/interfaces/msg
[1.010s] -- Up-to-date: /home/joannerizkallah/assignment3/install/interfaces/include/interfaces/interfaces/msg/rosidl_typesupport_introspection_c__visibility_control.h
[1.010s] -- Up-to-date: /home/joannerizkallah/assignment3/install/interfaces/include/interfaces/interfaces/action
[1.011s] -- Up-to-date: /home/joannerizkallah/assignment3/install/interfaces/include/interfaces/interfaces/action/detail
[1.011s] -- Up-to-date: /home/joannerizkallah/assignment3/install/interfaces/include/interfaces/interfaces/action/detail/custom__rosidl_typesupport_introspection_c.h
[1.011s] -- Up-to-date: /home/joannerizkallah/assignment3/install/interfaces/include/interfaces/interfaces/action/detail/custom__type_support.c
[1.011s] -- Up-to-date: /home/joannerizkallah/assignment3/install/interfaces/lib/libinterfaces__rosidl_typesupport_introspection_c.so
[1.011s] -- Up-to-date: /home/joannerizkallah/assignment3/install/interfaces/lib/libinterfaces__rosidl_typesupport_c.so
[1.012s] -- Up-to-date: /home/joannerizkallah/assignment3/install/interfaces/include/interfaces/interfaces
[1.012s] -- Up-to-date: /home/joannerizkallah/assignment3/install/interfaces/include/interfaces/interfaces/action
[1.013s] -- Up-to-date: /home/joannerizkallah/assignment3/install/interfaces/include/interfaces/interfaces/action/detail
[1.013s] -- Up-to-date: /home/joannerizkallah/assignment3/install/interfaces/include/interfaces/interfaces/action/detail/custom__struct.hpp
[1.013s] -- Up-to-date: /home/joannerizkallah/assignment3/install/interfaces/include/interfaces/interfaces/action/detail/custom__traits.hpp
[1.013s] -- Up-to-date: /home/joannerizkallah/assignment3/install/interfaces/include/interfaces/interfaces/action/detail/custom__builder.hpp
[1.014s] -- Up-to-date: /home/joannerizkallah/assignment3/install/interfaces/include/interfaces/interfaces/action/custom.hpp
[1.014s] -- Up-to-date: /home/joannerizkallah/assignment3/install/interfaces/include/interfaces/interfaces
[1.014s] -- Up-to-date: /home/joannerizkallah/assignment3/install/interfaces/include/interfaces/interfaces/msg
[1.014s] -- Up-to-date: /home/joannerizkallah/assignment3/install/interfaces/include/interfaces/interfaces/msg/rosidl_typesupport_fastrtps_cpp__visibility_control.h
[1.014s] -- Up-to-date: /home/joannerizkallah/assignment3/install/interfaces/include/interfaces/interfaces/action
[1.014s] -- Up-to-date: /home/joannerizkallah/assignment3/install/interfaces/include/interfaces/interfaces/action/detail
[1.015s] -- Up-to-date: /home/joannerizkallah/assignment3/install/interfaces/include/interfaces/interfaces/action/detail/custom__rosidl_typesupport_fastrtps_cpp.hpp
[1.015s] -- Up-to-date: /home/joannerizkallah/assignment3/install/interfaces/include/interfaces/interfaces/action/detail/dds_fastrtps
[1.015s] -- Up-to-date: /home/joannerizkallah/assignment3/install/interfaces/lib/libinterfaces__rosidl_typesupport_fastrtps_cpp.so
[1.015s] -- Up-to-date: /home/joannerizkallah/assignment3/install/interfaces/include/interfaces/interfaces
[1.018s] -- Up-to-date: /home/joannerizkallah/assignment3/install/interfaces/include/interfaces/interfaces/action
[1.018s] -- Up-to-date: /home/joannerizkallah/assignment3/install/interfaces/include/interfaces/interfaces/action/detail
[1.020s] -- Up-to-date: /home/joannerizkallah/assignment3/install/interfaces/include/interfaces/interfaces/action/detail/custom__type_support.cpp
[1.020s] -- Up-to-date: /home/joannerizkallah/assignment3/install/interfaces/include/interfaces/interfaces/action/detail/custom__rosidl_typesupport_introspection_cpp.hpp
[1.021s] -- Up-to-date: /home/joannerizkallah/assignment3/install/interfaces/lib/libinterfaces__rosidl_typesupport_introspection_cpp.so
[1.022s] -- Up-to-date: /home/joannerizkallah/assignment3/install/interfaces/lib/libinterfaces__rosidl_typesupport_cpp.so
[1.025s] -- Up-to-date: /home/joannerizkallah/assignment3/install/interfaces/share/interfaces/environment/pythonpath.sh
[1.025s] -- Up-to-date: /home/joannerizkallah/assignment3/install/interfaces/share/interfaces/environment/pythonpath.dsv
[1.025s] -- Up-to-date: /home/joannerizkallah/assignment3/install/interfaces/local/lib/python3.10/dist-packages/interfaces-0.0.0-py3.10.egg-info
[1.025s] -- Installing: /home/joannerizkallah/assignment3/install/interfaces/local/lib/python3.10/dist-packages/interfaces-0.0.0-py3.10.egg-info/dependency_links.txt
[1.026s] -- Installing: /home/joannerizkallah/assignment3/install/interfaces/local/lib/python3.10/dist-packages/interfaces-0.0.0-py3.10.egg-info/PKG-INFO
[1.026s] -- Installing: /home/joannerizkallah/assignment3/install/interfaces/local/lib/python3.10/dist-packages/interfaces-0.0.0-py3.10.egg-info/SOURCES.txt
[1.026s] -- Installing: /home/joannerizkallah/assignment3/install/interfaces/local/lib/python3.10/dist-packages/interfaces-0.0.0-py3.10.egg-info/top_level.txt
[1.026s] -- Up-to-date: /home/joannerizkallah/assignment3/install/interfaces/local/lib/python3.10/dist-packages/interfaces
[1.026s] -- Up-to-date: /home/joannerizkallah/assignment3/install/interfaces/local/lib/python3.10/dist-packages/interfaces/interfaces_s__rosidl_typesupport_c.cpython-310-x86_64-linux-gnu.so
[1.026s] -- Up-to-date: /home/joannerizkallah/assignment3/install/interfaces/local/lib/python3.10/dist-packages/interfaces/_interfaces_s.ep.rosidl_typesupport_introspection_c.c
[1.026s] -- Up-to-date: /home/joannerizkallah/assignment3/install/interfaces/local/lib/python3.10/dist-packages/interfaces/action
[1.026s] -- Up-to-date: /home/joannerizkallah/assignment3/install/interfaces/local/lib/python3.10/dist-packages/interfaces/action/_custom.py
[1.026s] -- Up-to-date: /home/joannerizkallah/assignment3/install/interfaces/local/lib/python3.10/dist-packages/interfaces/action/__init__.py
[1.026s] -- Up-to-date: /home/joannerizkallah/assignment3/install/interfaces/local/lib/python3.10/dist-packages/interfaces/action/_custom_s.c
[1.026s] -- Up-to-date: /home/joannerizkallah/assignment3/install/interfaces/local/lib/python3.10/dist-packages/interfaces/interfaces_s__rosidl_typesupport_introspection_c.cpython-310-x86_64-linux-gnu.so
[1.026s] -- Up-to-date: /home/joannerizkallah/assignment3/install/interfaces/local/lib/python3.10/dist-packages/interfaces/__init__.py
[1.026s] -- Up-to-date: /home/joannerizkallah/assignment3/install/interfaces/local/lib/python3.10/dist-packages/interfaces/interfaces_s__rosidl_typesupport_fastrtps_c.cpython-310-x86_64-linux-gnu.so
[1.026s] -- Up-to-date: /home/joannerizkallah/assignment3/install/interfaces/local/lib/python3.10/dist-packages/interfaces/libinterfaces__rosidl_generator_py.so
[1.027s] -- Up-to-date: /home/joannerizkallah/assignment3/install/interfaces/local/lib/python3.10/dist-packages/interfaces/_interfaces_s.ep.rosidl_typesupport_c.c
[1.027s] -- Up-to-date: /home/joannerizkallah/assignment3/install/interfaces/local/lib/python3.10/dist-packages/interfaces/_interfaces_s.ep.rosidl_typesupport_fastrtps_c.c
[1.055s] Listing '/home/joannerizkallah/assignment3/install/interfaces/local/lib/python3.10/dist-packages/interfaces'...
[1.055s] Listing '/home/joannerizkallah/assignment3/install/interfaces/local/lib/python3.10/dist-packages/interfaces/action'...
[1.060s] -- Up-to-date: /home/joannerizkallah/assignment3/install/interfaces/local/lib/python3.10/dist-packages/interfaces/interfaces_s__rosidl_typesupport_fastrtps_c.cpython-310-x86_64-linux-gnu.so
[1.060s] -- Up-to-date: /home/joannerizkallah/assignment3/install/interfaces/local/lib/python3.10/dist-packages/interfaces/interfaces_s__rosidl_typesupport_introspection_c.cpython-310-x86_64-linux-gnu.so
[1.061s] -- Up-to-date: /home/joannerizkallah/assignment3/install/interfaces/local/lib/python3.10/dist-packages/interfaces/interfaces_s__rosidl_typesupport_c.cpython-310-x86_64-linux-gnu.so
[1.061s] -- Up-to-date: /home/joannerizkallah/assignment3/install/interfaces/lib/libinterfaces__rosidl_generator_py.so
[1.061s] -- Up-to-date: /home/joannerizkallah/assignment3/install/interfaces/share/interfaces/action/Custom.idl
[1.064s] -- Up-to-date: /home/joannerizkallah/assignment3/install/interfaces/share/interfaces/action/Custom.action
[1.064s] -- Up-to-date: /home/joannerizkallah/assignment3/install/interfaces/share/ament_index/resource_index/package_run_dependencies/interfaces
[1.064s] -- Up-to-date: /home/joannerizkallah/assignment3/install/interfaces/share/ament_index/resource_index/parent_prefix_path/interfaces
[1.064s] -- Up-to-date: /home/joannerizkallah/assignment3/install/interfaces/share/interfaces/environment/ament_prefix_path.sh
[1.064s] -- Up-to-date: /home/joannerizkallah/assignment3/install/interfaces/share/interfaces/environment/ament_prefix_path.dsv
[1.064s] -- Up-to-date: /home/joannerizkallah/assignment3/install/interfaces/share/interfaces/environment/path.sh
[1.064s] -- Up-to-date: /home/joannerizkallah/assignment3/install/interfaces/share/interfaces/environment/path.dsv
[1.064s] -- Up-to-date: /home/joannerizkallah/assignment3/install/interfaces/share/interfaces/local_setup.bash
[1.064s] -- Up-to-date: /home/joannerizkallah/assignment3/install/interfaces/share/interfaces/local_setup.sh
[1.064s] -- Up-to-date: /home/joannerizkallah/assignment3/install/interfaces/share/interfaces/local_setup.zsh
[1.065s] -- Up-to-date: /home/joannerizkallah/assignment3/install/interfaces/share/interfaces/local_setup.dsv
[1.065s] -- Installing: /home/joannerizkallah/assignment3/install/interfaces/share/interfaces/package.dsv
[1.065s] -- Up-to-date: /home/joannerizkallah/assignment3/install/interfaces/share/ament_index/resource_index/packages/interfaces
[1.065s] -- Up-to-date: /home/joannerizkallah/assignment3/install/interfaces/share/interfaces/cmake/export_interfaces__rosidl_generator_cExport.cmake
[1.065s] -- Up-to-date: /home/joannerizkallah/assignment3/install/interfaces/share/interfaces/cmake/export_interfaces__rosidl_generator_cExport-noconfig.cmake
[1.065s] -- Up-to-date: /home/joannerizkallah/assignment3/install/interfaces/share/interfaces/cmake/export_interfaces__rosidl_typesupport_fastrtps_cExport.cmake
[1.065s] -- Up-to-date: /home/joannerizkallah/assignment3/install/interfaces/share/interfaces/cmake/export_interfaces__rosidl_typesupport_fastrtps_cExport-noconfig.cmake
[1.065s] -- Up-to-date: /home/joannerizkallah/assignment3/install/interfaces/share/interfaces/cmake/interfaces__rosidl_typesupport_introspection_cExport.cmake
[1.065s] -- Up-to-date: /home/joannerizkallah/assignment3/install/interfaces/share/interfaces/cmake/interfaces__rosidl_typesupport_introspection_cExport-noconfig.cmake
[1.065s] -- Up-to-date: /home/joannerizkallah/assignment3/install/interfaces/share/interfaces/cmake/interfaces__rosidl_typesupport_cExport.cmake
[1.065s] -- Up-to-date: /home/joannerizkallah/assignment3/install/interfaces/share/interfaces/cmake/interfaces__rosidl_typesupport_cExport-noconfig.cmake
[1.065s] -- Up-to-date: /home/joannerizkallah/assignment3/install/interfaces/share/interfaces/cmake/export_interfaces__rosidl_generator_cppExport.cmake
[1.065s] -- Up-to-date: /home/joannerizkallah/assignment3/install/interfaces/share/interfaces/cmake/export_interfaces__rosidl_typesupport_fastrtps_cppExport.cmake
[1.065s] -- Up-to-date: /home/joannerizkallah/assignment3/install/interfaces/share/interfaces/cmake/export_interfaces__rosidl_typesupport_fastrtps_cppExport-noconfig.cmake
[1.066s] -- Up-to-date: /home/joannerizkallah/assignment3/install/interfaces/share/interfaces/cmake/interfaces__rosidl_typesupport_introspection_cppExport.cmake
[1.066s] -- Up-to-date: /home/joannerizkallah/assignment3/install/interfaces/share/interfaces/cmake/interfaces__rosidl_typesupport_introspection_cppExport-noconfig.cmake
[1.066s] -- Up-to-date: /home/joannerizkallah/assignment3/install/interfaces/share/interfaces/cmake/interfaces__rosidl_typesupport_cppExport.cmake
[1.066s] -- Up-to-date: /home/joannerizkallah/assignment3/install/interfaces/share/interfaces/cmake/interfaces__rosidl_typesupport_cppExport-noconfig.cmake
[1.066s] -- Up-to-date: /home/joannerizkallah/assignment3/install/interfaces/share/interfaces/cmake/export_interfaces__rosidl_generator_pyExport.cmake
[1.066s] -- Up-to-date: /home/joannerizkallah/assignment3/install/interfaces/share/interfaces/cmake/export_interfaces__rosidl_generator_pyExport-noconfig.cmake
[1.066s] -- Up-to-date: /home/joannerizkallah/assignment3/install/interfaces/share/interfaces/cmake/rosidl_cmake-extras.cmake
[1.066s] -- Up-to-date: /home/joannerizkallah/assignment3/install/interfaces/share/interfaces/cmake/ament_cmake_export_dependencies-extras.cmake
[1.066s] -- Up-to-date: /home/joannerizkallah/assignment3/install/interfaces/share/interfaces/cmake/ament_cmake_export_include_directories-extras.cmake
[1.066s] -- Up-to-date: /home/joannerizkallah/assignment3/install/interfaces/share/interfaces/cmake/ament_cmake_export_libraries-extras.cmake
[1.066s] -- Up-to-date: /home/joannerizkallah/assignment3/install/interfaces/share/interfaces/cmake/ament_cmake_export_targets-extras.cmake
[1.066s] -- Up-to-date: /home/joannerizkallah/assignment3/install/interfaces/share/interfaces/cmake/rosidl_cmake_export_typesupport_targets-extras.cmake
[1.066s] -- Up-to-date: /home/joannerizkallah/assignment3/install/interfaces/share/interfaces/cmake/rosidl_cmake_export_typesupport_libraries-extras.cmake
[1.067s] -- Up-to-date: /home/joannerizkallah/assignment3/install/interfaces/share/interfaces/cmake/interfacesConfig.cmake
[1.067s] -- Up-to-date: /home/joannerizkallah/assignment3/install/interfaces/share/interfaces/cmake/interfacesConfig-version.cmake
[1.067s] -- Up-to-date: /home/joannerizkallah/assignment3/install/interfaces/share/interfaces/package.xml
[1.071s] Invoked command in '/home/joannerizkallah/assignment3/build/interfaces' returned '0': CMAKE_PREFIX_PATH=${CMAKE_PREFIX_PATH}:/opt/ros/humble /usr/bin/cmake --install /home/joannerizkallah/assignment3/build/interfaces
