[0.278s] DEBUG:colcon:Command line arguments: ['/usr/bin/colcon', 'build']
[0.278s] DEBUG:colcon:Parsed command line arguments: Namespace(log_base=None, log_level=None, verb_name='build', build_base='build', install_base='install', merge_install=False, symlink_install=False, test_result_base=None, continue_on_error=False, executor='parallel', parallel_workers=4, event_handlers=None, ignore_user_meta=False, metas=['./colcon.meta'], base_paths=['.'], packages_ignore=None, packages_ignore_regex=None, paths=None, packages_up_to=None, packages_up_to_regex=None, packages_above=None, packages_above_and_dependencies=None, packages_above_depth=None, packages_select_by_dep=None, packages_skip_by_dep=None, packages_skip_up_to=None, packages_select_build_failed=False, packages_skip_build_finished=False, packages_select_test_failures=False, packages_skip_test_passed=False, packages_select=None, packages_skip=None, packages_select_regex=None, packages_skip_regex=None, packages_start=None, packages_end=None, allow_overriding=[], cmake_args=None, cmake_target=None, cmake_target_skip_unavailable=False, cmake_clean_cache=False, cmake_clean_first=False, cmake_force_configure=False, ament_cmake_args=None, catkin_cmake_args=None, catkin_skip_building_tests=False, verb_parser=<colcon_defaults.argument_parser.defaults.DefaultArgumentsDecorator object at 0x7f4f1b8c9450>, verb_extension=<colcon_core.verb.build.BuildVerb object at 0x7f4f1c110df0>, main=<bound method BuildVerb.main of <colcon_core.verb.build.BuildVerb object at 0x7f4f1c110df0>>)
[0.308s] Level 1:colcon.colcon_core.package_discovery:discover_packages(colcon_meta) check parameters
[0.309s] Level 1:colcon.colcon_core.package_discovery:discover_packages(recursive) check parameters
[0.309s] Level 1:colcon.colcon_core.package_discovery:discover_packages(ignore) check parameters
[0.309s] Level 1:colcon.colcon_core.package_discovery:discover_packages(path) check parameters
[0.309s] Level 1:colcon.colcon_core.package_discovery:discover_packages(colcon_meta) discover
[0.309s] Level 1:colcon.colcon_core.package_discovery:discover_packages(recursive) discover
[0.309s] INFO:colcon.colcon_core.package_discovery:Crawling recursively for packages in '/home/joannerizkallah/assignment3'
[0.310s] Level 1:colcon.colcon_core.package_identification:_identify(.) by extensions ['ignore', 'ignore_ament_install']
[0.310s] Level 1:colcon.colcon_core.package_identification:_identify(.) by extension 'ignore'
[0.310s] Level 1:colcon.colcon_core.package_identification:_identify(.) by extension 'ignore_ament_install'
[0.310s] Level 1:colcon.colcon_core.package_identification:_identify(.) by extensions ['colcon_pkg']
[0.310s] Level 1:colcon.colcon_core.package_identification:_identify(.) by extension 'colcon_pkg'
[0.310s] Level 1:colcon.colcon_core.package_identification:_identify(.) by extensions ['colcon_meta']
[0.310s] Level 1:colcon.colcon_core.package_identification:_identify(.) by extension 'colcon_meta'
[0.310s] Level 1:colcon.colcon_core.package_identification:_identify(.) by extensions ['ros']
[0.310s] Level 1:colcon.colcon_core.package_identification:_identify(.) by extension 'ros'
[0.321s] Level 1:colcon.colcon_core.package_identification:_identify(.) by extensions ['cmake', 'python']
[0.321s] Level 1:colcon.colcon_core.package_identification:_identify(.) by extension 'cmake'
[0.321s] Level 1:colcon.colcon_core.package_identification:_identify(.) by extension 'python'
[0.321s] Level 1:colcon.colcon_core.package_identification:_identify(.) by extensions ['python_setup_py']
[0.321s] Level 1:colcon.colcon_core.package_identification:_identify(.) by extension 'python_setup_py'
[0.321s] Level 1:colcon.colcon_core.package_identification:_identify(build) by extensions ['ignore', 'ignore_ament_install']
[0.321s] Level 1:colcon.colcon_core.package_identification:_identify(build) by extension 'ignore'
[0.321s] Level 1:colcon.colcon_core.package_identification:_identify(build) ignored
[0.321s] Level 1:colcon.colcon_core.package_identification:_identify(install) by extensions ['ignore', 'ignore_ament_install']
[0.321s] Level 1:colcon.colcon_core.package_identification:_identify(install) by extension 'ignore'
[0.322s] Level 1:colcon.colcon_core.package_identification:_identify(install) ignored
[0.322s] Level 1:colcon.colcon_core.package_identification:_identify(log) by extensions ['ignore', 'ignore_ament_install']
[0.322s] Level 1:colcon.colcon_core.package_identification:_identify(log) by extension 'ignore'
[0.322s] Level 1:colcon.colcon_core.package_identification:_identify(log) ignored
[0.322s] Level 1:colcon.colcon_core.package_identification:_identify(src) by extensions ['ignore', 'ignore_ament_install']
[0.322s] Level 1:colcon.colcon_core.package_identification:_identify(src) by extension 'ignore'
[0.322s] Level 1:colcon.colcon_core.package_identification:_identify(src) by extension 'ignore_ament_install'
[0.322s] Level 1:colcon.colcon_core.package_identification:_identify(src) by extensions ['colcon_pkg']
[0.322s] Level 1:colcon.colcon_core.package_identification:_identify(src) by extension 'colcon_pkg'
[0.322s] Level 1:colcon.colcon_core.package_identification:_identify(src) by extensions ['colcon_meta']
[0.322s] Level 1:colcon.colcon_core.package_identification:_identify(src) by extension 'colcon_meta'
[0.322s] Level 1:colcon.colcon_core.package_identification:_identify(src) by extensions ['ros']
[0.322s] Level 1:colcon.colcon_core.package_identification:_identify(src) by extension 'ros'
[0.322s] Level 1:colcon.colcon_core.package_identification:_identify(src) by extensions ['cmake', 'python']
[0.322s] Level 1:colcon.colcon_core.package_identification:_identify(src) by extension 'cmake'
[0.322s] Level 1:colcon.colcon_core.package_identification:_identify(src) by extension 'python'
[0.322s] Level 1:colcon.colcon_core.package_identification:_identify(src) by extensions ['python_setup_py']
[0.322s] Level 1:colcon.colcon_core.package_identification:_identify(src) by extension 'python_setup_py'
[0.323s] Level 1:colcon.colcon_core.package_identification:_identify(src/dummy_node1) by extensions ['ignore', 'ignore_ament_install']
[0.323s] Level 1:colcon.colcon_core.package_identification:_identify(src/dummy_node1) by extension 'ignore'
[0.323s] Level 1:colcon.colcon_core.package_identification:_identify(src/dummy_node1) by extension 'ignore_ament_install'
[0.323s] Level 1:colcon.colcon_core.package_identification:_identify(src/dummy_node1) by extensions ['colcon_pkg']
[0.323s] Level 1:colcon.colcon_core.package_identification:_identify(src/dummy_node1) by extension 'colcon_pkg'
[0.323s] Level 1:colcon.colcon_core.package_identification:_identify(src/dummy_node1) by extensions ['colcon_meta']
[0.323s] Level 1:colcon.colcon_core.package_identification:_identify(src/dummy_node1) by extension 'colcon_meta'
[0.323s] Level 1:colcon.colcon_core.package_identification:_identify(src/dummy_node1) by extensions ['ros']
[0.323s] Level 1:colcon.colcon_core.package_identification:_identify(src/dummy_node1) by extension 'ros'
[0.325s] DEBUG:colcon.colcon_core.package_identification:Package 'src/dummy_node1' with type 'ros.ament_cmake' and name 'dummy_node1'
[0.325s] Level 1:colcon.colcon_core.package_identification:_identify(src/dummy_node2) by extensions ['ignore', 'ignore_ament_install']
[0.325s] Level 1:colcon.colcon_core.package_identification:_identify(src/dummy_node2) by extension 'ignore'
[0.325s] Level 1:colcon.colcon_core.package_identification:_identify(src/dummy_node2) by extension 'ignore_ament_install'
[0.325s] Level 1:colcon.colcon_core.package_identification:_identify(src/dummy_node2) by extensions ['colcon_pkg']
[0.325s] Level 1:colcon.colcon_core.package_identification:_identify(src/dummy_node2) by extension 'colcon_pkg'
[0.325s] Level 1:colcon.colcon_core.package_identification:_identify(src/dummy_node2) by extensions ['colcon_meta']
[0.325s] Level 1:colcon.colcon_core.package_identification:_identify(src/dummy_node2) by extension 'colcon_meta'
[0.325s] Level 1:colcon.colcon_core.package_identification:_identify(src/dummy_node2) by extensions ['ros']
[0.325s] Level 1:colcon.colcon_core.package_identification:_identify(src/dummy_node2) by extension 'ros'
[0.326s] DEBUG:colcon.colcon_core.package_identification:Package 'src/dummy_node2' with type 'ros.ament_cmake' and name 'dummy_node2'
[0.326s] Level 1:colcon.colcon_core.package_identification:_identify(src/interfaces) by extensions ['ignore', 'ignore_ament_install']
[0.326s] Level 1:colcon.colcon_core.package_identification:_identify(src/interfaces) by extension 'ignore'
[0.326s] Level 1:colcon.colcon_core.package_identification:_identify(src/interfaces) by extension 'ignore_ament_install'
[0.326s] Level 1:colcon.colcon_core.package_identification:_identify(src/interfaces) by extensions ['colcon_pkg']
[0.326s] Level 1:colcon.colcon_core.package_identification:_identify(src/interfaces) by extension 'colcon_pkg'
[0.326s] Level 1:colcon.colcon_core.package_identification:_identify(src/interfaces) by extensions ['colcon_meta']
[0.326s] Level 1:colcon.colcon_core.package_identification:_identify(src/interfaces) by extension 'colcon_meta'
[0.326s] Level 1:colcon.colcon_core.package_identification:_identify(src/interfaces) by extensions ['ros']
[0.326s] Level 1:colcon.colcon_core.package_identification:_identify(src/interfaces) by extension 'ros'
[0.327s] DEBUG:colcon.colcon_core.package_identification:Package 'src/interfaces' with type 'ros.ament_cmake' and name 'interfaces'
[0.327s] Level 1:colcon.colcon_core.package_discovery:discover_packages(recursive) using defaults
[0.327s] Level 1:colcon.colcon_core.package_discovery:discover_packages(ignore) discover
[0.327s] Level 1:colcon.colcon_core.package_discovery:discover_packages(ignore) using defaults
[0.327s] Level 1:colcon.colcon_core.package_discovery:discover_packages(path) discover
[0.327s] Level 1:colcon.colcon_core.package_discovery:discover_packages(path) using defaults
[0.348s] Level 1:colcon.colcon_core.package_discovery:discover_packages(prefix_path) check parameters
[0.348s] Level 1:colcon.colcon_core.package_discovery:discover_packages(prefix_path) discover
[0.350s] DEBUG:colcon.colcon_installed_package_information.package_discovery:Found 3 installed packages in /home/joannerizkallah/assignment3/install
[0.352s] DEBUG:colcon.colcon_installed_package_information.package_discovery:Found 270 installed packages in /opt/ros/humble
[0.353s] Level 1:colcon.colcon_core.package_discovery:discover_packages(prefix_path) using defaults
[0.418s] Level 5:colcon.colcon_core.verb:set package 'interfaces' build argument 'cmake_args' from command line to 'None'
[0.419s] Level 5:colcon.colcon_core.verb:set package 'interfaces' build argument 'cmake_target' from command line to 'None'
[0.419s] Level 5:colcon.colcon_core.verb:set package 'interfaces' build argument 'cmake_target_skip_unavailable' from command line to 'False'
[0.419s] Level 5:colcon.colcon_core.verb:set package 'interfaces' build argument 'cmake_clean_cache' from command line to 'False'
[0.419s] Level 5:colcon.colcon_core.verb:set package 'interfaces' build argument 'cmake_clean_first' from command line to 'False'
[0.419s] Level 5:colcon.colcon_core.verb:set package 'interfaces' build argument 'cmake_force_configure' from command line to 'False'
[0.419s] Level 5:colcon.colcon_core.verb:set package 'interfaces' build argument 'ament_cmake_args' from command line to 'None'
[0.419s] Level 5:colcon.colcon_core.verb:set package 'interfaces' build argument 'catkin_cmake_args' from command line to 'None'
[0.419s] Level 5:colcon.colcon_core.verb:set package 'interfaces' build argument 'catkin_skip_building_tests' from command line to 'False'
[0.419s] DEBUG:colcon.colcon_core.verb:Building package 'interfaces' with the following arguments: {'ament_cmake_args': None, 'build_base': '/home/joannerizkallah/assignment3/build/interfaces', 'catkin_cmake_args': None, 'catkin_skip_building_tests': False, 'cmake_args': None, 'cmake_clean_cache': False, 'cmake_clean_first': False, 'cmake_force_configure': False, 'cmake_target': None, 'cmake_target_skip_unavailable': False, 'install_base': '/home/joannerizkallah/assignment3/install/interfaces', 'merge_install': False, 'path': '/home/joannerizkallah/assignment3/src/interfaces', 'symlink_install': False, 'test_result_base': None}
[0.420s] Level 5:colcon.colcon_core.verb:set package 'dummy_node1' build argument 'cmake_args' from command line to 'None'
[0.420s] Level 5:colcon.colcon_core.verb:set package 'dummy_node1' build argument 'cmake_target' from command line to 'None'
[0.420s] Level 5:colcon.colcon_core.verb:set package 'dummy_node1' build argument 'cmake_target_skip_unavailable' from command line to 'False'
[0.420s] Level 5:colcon.colcon_core.verb:set package 'dummy_node1' build argument 'cmake_clean_cache' from command line to 'False'
[0.420s] Level 5:colcon.colcon_core.verb:set package 'dummy_node1' build argument 'cmake_clean_first' from command line to 'False'
[0.420s] Level 5:colcon.colcon_core.verb:set package 'dummy_node1' build argument 'cmake_force_configure' from command line to 'False'
[0.420s] Level 5:colcon.colcon_core.verb:set package 'dummy_node1' build argument 'ament_cmake_args' from command line to 'None'
[0.420s] Level 5:colcon.colcon_core.verb:set package 'dummy_node1' build argument 'catkin_cmake_args' from command line to 'None'
[0.420s] Level 5:colcon.colcon_core.verb:set package 'dummy_node1' build argument 'catkin_skip_building_tests' from command line to 'False'
[0.420s] DEBUG:colcon.colcon_core.verb:Building package 'dummy_node1' with the following arguments: {'ament_cmake_args': None, 'build_base': '/home/joannerizkallah/assignment3/build/dummy_node1', 'catkin_cmake_args': None, 'catkin_skip_building_tests': False, 'cmake_args': None, 'cmake_clean_cache': False, 'cmake_clean_first': False, 'cmake_force_configure': False, 'cmake_target': None, 'cmake_target_skip_unavailable': False, 'install_base': '/home/joannerizkallah/assignment3/install/dummy_node1', 'merge_install': False, 'path': '/home/joannerizkallah/assignment3/src/dummy_node1', 'symlink_install': False, 'test_result_base': None}
[0.421s] Level 5:colcon.colcon_core.verb:set package 'dummy_node2' build argument 'cmake_args' from command line to 'None'
[0.421s] Level 5:colcon.colcon_core.verb:set package 'dummy_node2' build argument 'cmake_target' from command line to 'None'
[0.421s] Level 5:colcon.colcon_core.verb:set package 'dummy_node2' build argument 'cmake_target_skip_unavailable' from command line to 'False'
[0.421s] Level 5:colcon.colcon_core.verb:set package 'dummy_node2' build argument 'cmake_clean_cache' from command line to 'False'
[0.421s] Level 5:colcon.colcon_core.verb:set package 'dummy_node2' build argument 'cmake_clean_first' from command line to 'False'
[0.421s] Level 5:colcon.colcon_core.verb:set package 'dummy_node2' build argument 'cmake_force_configure' from command line to 'False'
[0.421s] Level 5:colcon.colcon_core.verb:set package 'dummy_node2' build argument 'ament_cmake_args' from command line to 'None'
[0.421s] Level 5:colcon.colcon_core.verb:set package 'dummy_node2' build argument 'catkin_cmake_args' from command line to 'None'
[0.421s] Level 5:colcon.colcon_core.verb:set package 'dummy_node2' build argument 'catkin_skip_building_tests' from command line to 'False'
[0.421s] DEBUG:colcon.colcon_core.verb:Building package 'dummy_node2' with the following arguments: {'ament_cmake_args': None, 'build_base': '/home/joannerizkallah/assignment3/build/dummy_node2', 'catkin_cmake_args': None, 'catkin_skip_building_tests': False, 'cmake_args': None, 'cmake_clean_cache': False, 'cmake_clean_first': False, 'cmake_force_configure': False, 'cmake_target': None, 'cmake_target_skip_unavailable': False, 'install_base': '/home/joannerizkallah/assignment3/install/dummy_node2', 'merge_install': False, 'path': '/home/joannerizkallah/assignment3/src/dummy_node2', 'symlink_install': False, 'test_result_base': None}
[0.422s] INFO:colcon.colcon_core.executor:Executing jobs using 'parallel' executor
[0.426s] DEBUG:colcon.colcon_parallel_executor.executor.parallel:run_until_complete
[0.426s] INFO:colcon.colcon_ros.task.ament_cmake.build:Building ROS package in '/home/joannerizkallah/assignment3/src/interfaces' with build type 'ament_cmake'
[0.427s] INFO:colcon.colcon_cmake.task.cmake.build:Building CMake package in '/home/joannerizkallah/assignment3/src/interfaces'
[0.433s] INFO:colcon.colcon_core.plugin_system:Skipping extension 'colcon_core.shell.bat': Not used on non-Windows systems
[0.433s] INFO:colcon.colcon_core.shell:Skip shell extension 'powershell' for command environment: Not usable outside of PowerShell
[0.433s] DEBUG:colcon.colcon_core.shell:Skip shell extension 'dsv' for command environment
[0.453s] DEBUG:colcon.colcon_core.event_handler.log_command:Invoking command in '/home/joannerizkallah/assignment3/build/interfaces': CMAKE_PREFIX_PATH=${CMAKE_PREFIX_PATH}:/opt/ros/humble /usr/bin/cmake --build /home/joannerizkallah/assignment3/build/interfaces -- -j4 -l4
[1.091s] DEBUG:colcon.colcon_core.event_handler.log_command:Invoked command in '/home/joannerizkallah/assignment3/build/interfaces' returned '0': CMAKE_PREFIX_PATH=${CMAKE_PREFIX_PATH}:/opt/ros/humble /usr/bin/cmake --build /home/joannerizkallah/assignment3/build/interfaces -- -j4 -l4
[1.323s] DEBUG:colcon.colcon_core.event_handler.log_command:Invoking command in '/home/joannerizkallah/assignment3/build/interfaces': CMAKE_PREFIX_PATH=${CMAKE_PREFIX_PATH}:/opt/ros/humble /usr/bin/cmake --install /home/joannerizkallah/assignment3/build/interfaces
[1.415s] Level 1:colcon.colcon_core.environment:create_environment_scripts_only(interfaces)
[1.423s] DEBUG:colcon.colcon_core.event_handler.log_command:Invoked command in '/home/joannerizkallah/assignment3/build/interfaces' returned '0': CMAKE_PREFIX_PATH=${CMAKE_PREFIX_PATH}:/opt/ros/humble /usr/bin/cmake --install /home/joannerizkallah/assignment3/build/interfaces
[1.424s] Level 1:colcon.colcon_core.environment:checking '/home/joannerizkallah/assignment3/install/interfaces' for CMake module files
[1.425s] Level 1:colcon.colcon_core.environment:checking '/home/joannerizkallah/assignment3/install/interfaces' for CMake config files
[1.425s] Level 1:colcon.colcon_core.shell:create_environment_hook('interfaces', 'cmake_prefix_path')
[1.426s] INFO:colcon.colcon_core.shell:Creating environment hook '/home/joannerizkallah/assignment3/install/interfaces/share/interfaces/hook/cmake_prefix_path.ps1'
[1.427s] INFO:colcon.colcon_core.shell:Creating environment descriptor '/home/joannerizkallah/assignment3/install/interfaces/share/interfaces/hook/cmake_prefix_path.dsv'
[1.427s] INFO:colcon.colcon_core.shell:Creating environment hook '/home/joannerizkallah/assignment3/install/interfaces/share/interfaces/hook/cmake_prefix_path.sh'
[1.428s] Level 1:colcon.colcon_core.environment:checking '/home/joannerizkallah/assignment3/install/interfaces/lib'
[1.429s] Level 1:colcon.colcon_core.shell:create_environment_hook('interfaces', 'ld_library_path_lib')
[1.430s] INFO:colcon.colcon_core.shell:Creating environment hook '/home/joannerizkallah/assignment3/install/interfaces/share/interfaces/hook/ld_library_path_lib.ps1'
[1.432s] INFO:colcon.colcon_core.shell:Creating environment descriptor '/home/joannerizkallah/assignment3/install/interfaces/share/interfaces/hook/ld_library_path_lib.dsv'
[1.433s] INFO:colcon.colcon_core.shell:Creating environment hook '/home/joannerizkallah/assignment3/install/interfaces/share/interfaces/hook/ld_library_path_lib.sh'
[1.437s] Level 1:colcon.colcon_core.environment:checking '/home/joannerizkallah/assignment3/install/interfaces/bin'
[1.437s] Level 1:colcon.colcon_core.environment:checking '/home/joannerizkallah/assignment3/install/interfaces/lib/pkgconfig/interfaces.pc'
[1.437s] Level 1:colcon.colcon_core.environment:checking '/home/joannerizkallah/assignment3/install/interfaces/lib/python3.10/site-packages'
[1.438s] Level 1:colcon.colcon_core.environment:checking '/home/joannerizkallah/assignment3/install/interfaces/bin'
[1.439s] INFO:colcon.colcon_core.shell:Creating package script '/home/joannerizkallah/assignment3/install/interfaces/share/interfaces/package.ps1'
[1.440s] INFO:colcon.colcon_core.shell:Creating package descriptor '/home/joannerizkallah/assignment3/install/interfaces/share/interfaces/package.dsv'
[1.441s] INFO:colcon.colcon_core.shell:Creating package script '/home/joannerizkallah/assignment3/install/interfaces/share/interfaces/package.sh'
[1.441s] INFO:colcon.colcon_core.shell:Creating package script '/home/joannerizkallah/assignment3/install/interfaces/share/interfaces/package.bash'
[1.443s] INFO:colcon.colcon_core.shell:Creating package script '/home/joannerizkallah/assignment3/install/interfaces/share/interfaces/package.zsh'
[1.444s] Level 1:colcon.colcon_core.environment:create_file_with_runtime_dependencies(/home/joannerizkallah/assignment3/install/interfaces/share/colcon-core/packages/interfaces)
[1.661s] Level 1:colcon.colcon_core.environment:create_environment_scripts_only(interfaces)
[1.663s] Level 1:colcon.colcon_core.environment:checking '/home/joannerizkallah/assignment3/install/interfaces' for CMake module files
[1.663s] Level 1:colcon.colcon_core.environment:checking '/home/joannerizkallah/assignment3/install/interfaces' for CMake config files
[1.664s] Level 1:colcon.colcon_core.shell:create_environment_hook('interfaces', 'cmake_prefix_path')
[1.665s] INFO:colcon.colcon_core.shell:Creating environment hook '/home/joannerizkallah/assignment3/install/interfaces/share/interfaces/hook/cmake_prefix_path.ps1'
[1.665s] INFO:colcon.colcon_core.shell:Creating environment descriptor '/home/joannerizkallah/assignment3/install/interfaces/share/interfaces/hook/cmake_prefix_path.dsv'
[1.666s] INFO:colcon.colcon_core.shell:Creating environment hook '/home/joannerizkallah/assignment3/install/interfaces/share/interfaces/hook/cmake_prefix_path.sh'
[1.666s] Level 1:colcon.colcon_core.environment:checking '/home/joannerizkallah/assignment3/install/interfaces/lib'
[1.667s] Level 1:colcon.colcon_core.shell:create_environment_hook('interfaces', 'ld_library_path_lib')
[1.668s] INFO:colcon.colcon_core.shell:Creating environment hook '/home/joannerizkallah/assignment3/install/interfaces/share/interfaces/hook/ld_library_path_lib.ps1'
[1.668s] INFO:colcon.colcon_core.shell:Creating environment descriptor '/home/joannerizkallah/assignment3/install/interfaces/share/interfaces/hook/ld_library_path_lib.dsv'
[1.669s] INFO:colcon.colcon_core.shell:Creating environment hook '/home/joannerizkallah/assignment3/install/interfaces/share/interfaces/hook/ld_library_path_lib.sh'
[1.669s] Level 1:colcon.colcon_core.environment:checking '/home/joannerizkallah/assignment3/install/interfaces/bin'
[1.669s] Level 1:colcon.colcon_core.environment:checking '/home/joannerizkallah/assignment3/install/interfaces/lib/pkgconfig/interfaces.pc'
[1.670s] Level 1:colcon.colcon_core.environment:checking '/home/joannerizkallah/assignment3/install/interfaces/lib/python3.10/site-packages'
[1.670s] Level 1:colcon.colcon_core.environment:checking '/home/joannerizkallah/assignment3/install/interfaces/bin'
[1.671s] INFO:colcon.colcon_core.shell:Creating package script '/home/joannerizkallah/assignment3/install/interfaces/share/interfaces/package.ps1'
[1.672s] INFO:colcon.colcon_core.shell:Creating package descriptor '/home/joannerizkallah/assignment3/install/interfaces/share/interfaces/package.dsv'
[1.674s] INFO:colcon.colcon_core.shell:Creating package script '/home/joannerizkallah/assignment3/install/interfaces/share/interfaces/package.sh'
[1.675s] INFO:colcon.colcon_core.shell:Creating package script '/home/joannerizkallah/assignment3/install/interfaces/share/interfaces/package.bash'
[1.676s] INFO:colcon.colcon_core.shell:Creating package script '/home/joannerizkallah/assignment3/install/interfaces/share/interfaces/package.zsh'
[1.676s] Level 1:colcon.colcon_core.environment:create_file_with_runtime_dependencies(/home/joannerizkallah/assignment3/install/interfaces/share/colcon-core/packages/interfaces)
[1.688s] INFO:colcon.colcon_ros.task.ament_cmake.build:Building ROS package in '/home/joannerizkallah/assignment3/src/dummy_node1' with build type 'ament_cmake'
[1.688s] INFO:colcon.colcon_cmake.task.cmake.build:Building CMake package in '/home/joannerizkallah/assignment3/src/dummy_node1'
[1.689s] INFO:colcon.colcon_core.shell:Skip shell extension 'powershell' for command environment: Not usable outside of PowerShell
[1.690s] DEBUG:colcon.colcon_core.shell:Skip shell extension 'dsv' for command environment
[1.709s] INFO:colcon.colcon_ros.task.ament_cmake.build:Building ROS package in '/home/joannerizkallah/assignment3/src/dummy_node2' with build type 'ament_cmake'
[1.709s] INFO:colcon.colcon_cmake.task.cmake.build:Building CMake package in '/home/joannerizkallah/assignment3/src/dummy_node2'
[1.711s] INFO:colcon.colcon_core.shell:Skip shell extension 'powershell' for command environment: Not usable outside of PowerShell
[1.711s] DEBUG:colcon.colcon_core.shell:Skip shell extension 'dsv' for command environment
[1.837s] DEBUG:colcon.colcon_core.event_handler.log_command:Invoking command in '/home/joannerizkallah/assignment3/build/dummy_node1': CMAKE_PREFIX_PATH=/home/joannerizkallah/assignment3/install/interfaces:/home/joannerizkallah/assignment3/install/dummy_node2:/home/joannerizkallah/assignment3/install/dummy_node1:/opt/ros/humble LD_LIBRARY_PATH=/home/joannerizkallah/assignment3/install/interfaces/lib:/home/joannerizkallah/assignment3/install/dummy_node2/lib:/home/joannerizkallah/assignment3/install/dummy_node1/lib:/opt/ros/humble/opt/rviz_ogre_vendor/lib:/opt/ros/humble/lib/x86_64-linux-gnu:/opt/ros/humble/lib /usr/bin/cmake --build /home/joannerizkallah/assignment3/build/dummy_node1 -- -j4 -l4
[1.843s] DEBUG:colcon.colcon_core.event_handler.log_command:Invoking command in '/home/joannerizkallah/assignment3/build/dummy_node2': CMAKE_PREFIX_PATH=/home/joannerizkallah/assignment3/install/interfaces:/home/joannerizkallah/assignment3/install/dummy_node2:/home/joannerizkallah/assignment3/install/dummy_node1:/opt/ros/humble LD_LIBRARY_PATH=/home/joannerizkallah/assignment3/install/interfaces/lib:/home/joannerizkallah/assignment3/install/dummy_node2/lib:/home/joannerizkallah/assignment3/install/dummy_node1/lib:/opt/ros/humble/opt/rviz_ogre_vendor/lib:/opt/ros/humble/lib/x86_64-linux-gnu:/opt/ros/humble/lib /usr/bin/cmake --build /home/joannerizkallah/assignment3/build/dummy_node2 -- -j4 -l4
[1.984s] DEBUG:colcon.colcon_core.event_handler.log_command:Invoked command in '/home/joannerizkallah/assignment3/build/dummy_node2' returned '0': CMAKE_PREFIX_PATH=/home/joannerizkallah/assignment3/install/interfaces:/home/joannerizkallah/assignment3/install/dummy_node2:/home/joannerizkallah/assignment3/install/dummy_node1:/opt/ros/humble LD_LIBRARY_PATH=/home/joannerizkallah/assignment3/install/interfaces/lib:/home/joannerizkallah/assignment3/install/dummy_node2/lib:/home/joannerizkallah/assignment3/install/dummy_node1/lib:/opt/ros/humble/opt/rviz_ogre_vendor/lib:/opt/ros/humble/lib/x86_64-linux-gnu:/opt/ros/humble/lib /usr/bin/cmake --build /home/joannerizkallah/assignment3/build/dummy_node2 -- -j4 -l4
[2.074s] DEBUG:colcon.colcon_core.event_handler.log_command:Invoked command in '/home/joannerizkallah/assignment3/build/dummy_node1' returned '2': CMAKE_PREFIX_PATH=/home/joannerizkallah/assignment3/install/interfaces:/home/joannerizkallah/assignment3/install/dummy_node2:/home/joannerizkallah/assignment3/install/dummy_node1:/opt/ros/humble LD_LIBRARY_PATH=/home/joannerizkallah/assignment3/install/interfaces/lib:/home/joannerizkallah/assignment3/install/dummy_node2/lib:/home/joannerizkallah/assignment3/install/dummy_node1/lib:/opt/ros/humble/opt/rviz_ogre_vendor/lib:/opt/ros/humble/lib/x86_64-linux-gnu:/opt/ros/humble/lib /usr/bin/cmake --build /home/joannerizkallah/assignment3/build/dummy_node1 -- -j4 -l4
[2.140s] DEBUG:colcon.colcon_core.event_handler.log_command:Invoking command in '/home/joannerizkallah/assignment3/build/dummy_node2': CMAKE_PREFIX_PATH=/home/joannerizkallah/assignment3/install/interfaces:/home/joannerizkallah/assignment3/install/dummy_node2:/home/joannerizkallah/assignment3/install/dummy_node1:/opt/ros/humble LD_LIBRARY_PATH=/home/joannerizkallah/assignment3/install/interfaces/lib:/home/joannerizkallah/assignment3/install/dummy_node2/lib:/home/joannerizkallah/assignment3/install/dummy_node1/lib:/opt/ros/humble/opt/rviz_ogre_vendor/lib:/opt/ros/humble/lib/x86_64-linux-gnu:/opt/ros/humble/lib /usr/bin/cmake --install /home/joannerizkallah/assignment3/build/dummy_node2
[2.166s] Level 1:colcon.colcon_core.environment:create_environment_scripts_only(dummy_node2)
[2.168s] Level 1:colcon.colcon_core.environment:checking '/home/joannerizkallah/assignment3/install/dummy_node2' for CMake module files
[2.169s] DEBUG:colcon.colcon_core.event_handler.log_command:Invoked command in '/home/joannerizkallah/assignment3/build/dummy_node2' returned '0': CMAKE_PREFIX_PATH=/home/joannerizkallah/assignment3/install/interfaces:/home/joannerizkallah/assignment3/install/dummy_node2:/home/joannerizkallah/assignment3/install/dummy_node1:/opt/ros/humble LD_LIBRARY_PATH=/home/joannerizkallah/assignment3/install/interfaces/lib:/home/joannerizkallah/assignment3/install/dummy_node2/lib:/home/joannerizkallah/assignment3/install/dummy_node1/lib:/opt/ros/humble/opt/rviz_ogre_vendor/lib:/opt/ros/humble/lib/x86_64-linux-gnu:/opt/ros/humble/lib /usr/bin/cmake --install /home/joannerizkallah/assignment3/build/dummy_node2
[2.170s] Level 1:colcon.colcon_core.environment:checking '/home/joannerizkallah/assignment3/install/dummy_node2' for CMake config files
[2.170s] Level 1:colcon.colcon_core.shell:create_environment_hook('dummy_node2', 'cmake_prefix_path')
[2.171s] INFO:colcon.colcon_core.shell:Creating environment hook '/home/joannerizkallah/assignment3/install/dummy_node2/share/dummy_node2/hook/cmake_prefix_path.ps1'
[2.172s] INFO:colcon.colcon_core.shell:Creating environment descriptor '/home/joannerizkallah/assignment3/install/dummy_node2/share/dummy_node2/hook/cmake_prefix_path.dsv'
[2.173s] INFO:colcon.colcon_core.shell:Creating environment hook '/home/joannerizkallah/assignment3/install/dummy_node2/share/dummy_node2/hook/cmake_prefix_path.sh'
[2.177s] Level 1:colcon.colcon_core.environment:checking '/home/joannerizkallah/assignment3/install/dummy_node2/lib'
[2.177s] Level 1:colcon.colcon_core.shell:create_environment_hook('dummy_node2', 'ld_library_path_lib')
[2.178s] INFO:colcon.colcon_core.shell:Creating environment hook '/home/joannerizkallah/assignment3/install/dummy_node2/share/dummy_node2/hook/ld_library_path_lib.ps1'
[2.179s] INFO:colcon.colcon_core.shell:Creating environment descriptor '/home/joannerizkallah/assignment3/install/dummy_node2/share/dummy_node2/hook/ld_library_path_lib.dsv'
[2.180s] INFO:colcon.colcon_core.shell:Creating environment hook '/home/joannerizkallah/assignment3/install/dummy_node2/share/dummy_node2/hook/ld_library_path_lib.sh'
[2.181s] Level 1:colcon.colcon_core.environment:checking '/home/joannerizkallah/assignment3/install/dummy_node2/bin'
[2.181s] Level 1:colcon.colcon_core.environment:checking '/home/joannerizkallah/assignment3/install/dummy_node2/lib/pkgconfig/dummy_node2.pc'
[2.181s] Level 1:colcon.colcon_core.environment:checking '/home/joannerizkallah/assignment3/install/dummy_node2/lib/python3.10/site-packages'
[2.181s] Level 1:colcon.colcon_core.environment:checking '/home/joannerizkallah/assignment3/install/dummy_node2/bin'
[2.183s] INFO:colcon.colcon_core.shell:Creating package script '/home/joannerizkallah/assignment3/install/dummy_node2/share/dummy_node2/package.ps1'
[2.184s] INFO:colcon.colcon_core.shell:Creating package descriptor '/home/joannerizkallah/assignment3/install/dummy_node2/share/dummy_node2/package.dsv'
[2.185s] INFO:colcon.colcon_core.shell:Creating package script '/home/joannerizkallah/assignment3/install/dummy_node2/share/dummy_node2/package.sh'
[2.186s] INFO:colcon.colcon_core.shell:Creating package script '/home/joannerizkallah/assignment3/install/dummy_node2/share/dummy_node2/package.bash'
[2.187s] INFO:colcon.colcon_core.shell:Creating package script '/home/joannerizkallah/assignment3/install/dummy_node2/share/dummy_node2/package.zsh'
[2.187s] Level 1:colcon.colcon_core.environment:create_file_with_runtime_dependencies(/home/joannerizkallah/assignment3/install/dummy_node2/share/colcon-core/packages/dummy_node2)
[2.251s] Level 1:colcon.colcon_core.environment:create_environment_scripts_only(dummy_node1)
[2.253s] Level 1:colcon.colcon_core.environment:checking '/home/joannerizkallah/assignment3/install/dummy_node1' for CMake module files
[2.254s] Level 1:colcon.colcon_core.environment:checking '/home/joannerizkallah/assignment3/install/dummy_node1' for CMake config files
[2.254s] Level 1:colcon.colcon_core.shell:create_environment_hook('dummy_node1', 'cmake_prefix_path')
[2.255s] INFO:colcon.colcon_core.shell:Creating environment hook '/home/joannerizkallah/assignment3/install/dummy_node1/share/dummy_node1/hook/cmake_prefix_path.ps1'
[2.256s] INFO:colcon.colcon_core.shell:Creating environment descriptor '/home/joannerizkallah/assignment3/install/dummy_node1/share/dummy_node1/hook/cmake_prefix_path.dsv'
[2.257s] INFO:colcon.colcon_core.shell:Creating environment hook '/home/joannerizkallah/assignment3/install/dummy_node1/share/dummy_node1/hook/cmake_prefix_path.sh'
[2.258s] Level 1:colcon.colcon_core.environment:checking '/home/joannerizkallah/assignment3/install/dummy_node1/lib'
[2.258s] Level 1:colcon.colcon_core.shell:create_environment_hook('dummy_node1', 'ld_library_path_lib')
[2.259s] INFO:colcon.colcon_core.shell:Creating environment hook '/home/joannerizkallah/assignment3/install/dummy_node1/share/dummy_node1/hook/ld_library_path_lib.ps1'
[2.260s] INFO:colcon.colcon_core.shell:Creating environment descriptor '/home/joannerizkallah/assignment3/install/dummy_node1/share/dummy_node1/hook/ld_library_path_lib.dsv'
[2.261s] INFO:colcon.colcon_core.shell:Creating environment hook '/home/joannerizkallah/assignment3/install/dummy_node1/share/dummy_node1/hook/ld_library_path_lib.sh'
[2.262s] Level 1:colcon.colcon_core.environment:checking '/home/joannerizkallah/assignment3/install/dummy_node1/bin'
[2.262s] Level 1:colcon.colcon_core.environment:checking '/home/joannerizkallah/assignment3/install/dummy_node1/lib/pkgconfig/dummy_node1.pc'
[2.262s] Level 1:colcon.colcon_core.environment:checking '/home/joannerizkallah/assignment3/install/dummy_node1/lib/python3.10/site-packages'
[2.263s] Level 1:colcon.colcon_core.environment:checking '/home/joannerizkallah/assignment3/install/dummy_node1/bin'
[2.266s] INFO:colcon.colcon_core.shell:Creating package script '/home/joannerizkallah/assignment3/install/dummy_node1/share/dummy_node1/package.ps1'
[2.271s] INFO:colcon.colcon_core.shell:Creating package descriptor '/home/joannerizkallah/assignment3/install/dummy_node1/share/dummy_node1/package.dsv'
[2.272s] INFO:colcon.colcon_core.shell:Creating package script '/home/joannerizkallah/assignment3/install/dummy_node1/share/dummy_node1/package.sh'
[2.273s] INFO:colcon.colcon_core.shell:Creating package script '/home/joannerizkallah/assignment3/install/dummy_node1/share/dummy_node1/package.bash'
[2.274s] INFO:colcon.colcon_core.shell:Creating package script '/home/joannerizkallah/assignment3/install/dummy_node1/share/dummy_node1/package.zsh'
[2.275s] Level 1:colcon.colcon_core.environment:create_file_with_runtime_dependencies(/home/joannerizkallah/assignment3/install/dummy_node1/share/colcon-core/packages/dummy_node1)
[2.477s] DEBUG:colcon.colcon_parallel_executor.executor.parallel:closing loop
[2.477s] DEBUG:colcon.colcon_parallel_executor.executor.parallel:loop closed
[2.477s] DEBUG:colcon.colcon_parallel_executor.executor.parallel:run_until_complete finished with '2'
[2.477s] DEBUG:colcon.colcon_core.event_reactor:joining thread
[2.512s] INFO:colcon.colcon_core.plugin_system:Skipping extension 'colcon_notification.desktop_notification.terminal_notifier': Not used on non-Darwin systems
[2.512s] INFO:colcon.colcon_core.plugin_system:Skipping extension 'colcon_notification.desktop_notification.win32': Not used on non-Windows systems
[2.512s] INFO:colcon.colcon_notification.desktop_notification:Sending desktop notification using 'notify2'
[2.582s] DEBUG:colcon.colcon_core.event_reactor:joined thread
[2.585s] INFO:colcon.colcon_core.shell:Creating prefix script '/home/joannerizkallah/assignment3/install/local_setup.ps1'
[2.589s] INFO:colcon.colcon_core.shell:Creating prefix util module '/home/joannerizkallah/assignment3/install/_local_setup_util_ps1.py'
[2.591s] INFO:colcon.colcon_core.shell:Creating prefix chain script '/home/joannerizkallah/assignment3/install/setup.ps1'
[2.593s] INFO:colcon.colcon_core.shell:Creating prefix script '/home/joannerizkallah/assignment3/install/local_setup.sh'
[2.594s] INFO:colcon.colcon_core.shell:Creating prefix util module '/home/joannerizkallah/assignment3/install/_local_setup_util_sh.py'
[2.595s] INFO:colcon.colcon_core.shell:Creating prefix chain script '/home/joannerizkallah/assignment3/install/setup.sh'
[2.598s] INFO:colcon.colcon_core.shell:Creating prefix script '/home/joannerizkallah/assignment3/install/local_setup.bash'
[2.599s] INFO:colcon.colcon_core.shell:Creating prefix chain script '/home/joannerizkallah/assignment3/install/setup.bash'
[2.601s] INFO:colcon.colcon_core.shell:Creating prefix script '/home/joannerizkallah/assignment3/install/local_setup.zsh'
[2.602s] INFO:colcon.colcon_core.shell:Creating prefix chain script '/home/joannerizkallah/assignment3/install/setup.zsh'
