[0.298s] DEBUG:colcon:Command line arguments: ['/usr/bin/colcon', 'build']
[0.298s] DEBUG:colcon:Parsed command line arguments: Namespace(log_base=None, log_level=None, verb_name='build', build_base='build', install_base='install', merge_install=False, symlink_install=False, test_result_base=None, continue_on_error=False, executor='parallel', parallel_workers=4, event_handlers=None, ignore_user_meta=False, metas=['./colcon.meta'], base_paths=['.'], packages_ignore=None, packages_ignore_regex=None, paths=None, packages_up_to=None, packages_up_to_regex=None, packages_above=None, packages_above_and_dependencies=None, packages_above_depth=None, packages_select_by_dep=None, packages_skip_by_dep=None, packages_skip_up_to=None, packages_select_build_failed=False, packages_skip_build_finished=False, packages_select_test_failures=False, packages_skip_test_passed=False, packages_select=None, packages_skip=None, packages_select_regex=None, packages_skip_regex=None, packages_start=None, packages_end=None, allow_overriding=[], cmake_args=None, cmake_target=None, cmake_target_skip_unavailable=False, cmake_clean_cache=False, cmake_clean_first=False, cmake_force_configure=False, ament_cmake_args=None, catkin_cmake_args=None, catkin_skip_building_tests=False, verb_parser=<colcon_defaults.argument_parser.defaults.DefaultArgumentsDecorator object at 0x7fcdbcfad510>, verb_extension=<colcon_core.verb.build.BuildVerb object at 0x7fcdbd83aa40>, main=<bound method BuildVerb.main of <colcon_core.verb.build.BuildVerb object at 0x7fcdbd83aa40>>)
[0.326s] Level 1:colcon.colcon_core.package_discovery:discover_packages(colcon_meta) check parameters
[0.327s] Level 1:colcon.colcon_core.package_discovery:discover_packages(recursive) check parameters
[0.327s] Level 1:colcon.colcon_core.package_discovery:discover_packages(ignore) check parameters
[0.327s] Level 1:colcon.colcon_core.package_discovery:discover_packages(path) check parameters
[0.327s] Level 1:colcon.colcon_core.package_discovery:discover_packages(colcon_meta) discover
[0.327s] Level 1:colcon.colcon_core.package_discovery:discover_packages(recursive) discover
[0.327s] INFO:colcon.colcon_core.package_discovery:Crawling recursively for packages in '/home/joannerizkallah/assignment3'
[0.327s] Level 1:colcon.colcon_core.package_identification:_identify(.) by extensions ['ignore', 'ignore_ament_install']
[0.327s] Level 1:colcon.colcon_core.package_identification:_identify(.) by extension 'ignore'
[0.327s] Level 1:colcon.colcon_core.package_identification:_identify(.) by extension 'ignore_ament_install'
[0.327s] Level 1:colcon.colcon_core.package_identification:_identify(.) by extensions ['colcon_pkg']
[0.327s] Level 1:colcon.colcon_core.package_identification:_identify(.) by extension 'colcon_pkg'
[0.327s] Level 1:colcon.colcon_core.package_identification:_identify(.) by extensions ['colcon_meta']
[0.327s] Level 1:colcon.colcon_core.package_identification:_identify(.) by extension 'colcon_meta'
[0.327s] Level 1:colcon.colcon_core.package_identification:_identify(.) by extensions ['ros']
[0.327s] Level 1:colcon.colcon_core.package_identification:_identify(.) by extension 'ros'
[0.338s] Level 1:colcon.colcon_core.package_identification:_identify(.) by extensions ['cmake', 'python']
[0.338s] Level 1:colcon.colcon_core.package_identification:_identify(.) by extension 'cmake'
[0.338s] Level 1:colcon.colcon_core.package_identification:_identify(.) by extension 'python'
[0.338s] Level 1:colcon.colcon_core.package_identification:_identify(.) by extensions ['python_setup_py']
[0.338s] Level 1:colcon.colcon_core.package_identification:_identify(.) by extension 'python_setup_py'
[0.339s] Level 1:colcon.colcon_core.package_identification:_identify(build) by extensions ['ignore', 'ignore_ament_install']
[0.339s] Level 1:colcon.colcon_core.package_identification:_identify(build) by extension 'ignore'
[0.339s] Level 1:colcon.colcon_core.package_identification:_identify(build) ignored
[0.339s] Level 1:colcon.colcon_core.package_identification:_identify(install) by extensions ['ignore', 'ignore_ament_install']
[0.339s] Level 1:colcon.colcon_core.package_identification:_identify(install) by extension 'ignore'
[0.339s] Level 1:colcon.colcon_core.package_identification:_identify(install) ignored
[0.339s] Level 1:colcon.colcon_core.package_identification:_identify(log) by extensions ['ignore', 'ignore_ament_install']
[0.339s] Level 1:colcon.colcon_core.package_identification:_identify(log) by extension 'ignore'
[0.339s] Level 1:colcon.colcon_core.package_identification:_identify(log) ignored
[0.339s] Level 1:colcon.colcon_core.package_identification:_identify(src) by extensions ['ignore', 'ignore_ament_install']
[0.339s] Level 1:colcon.colcon_core.package_identification:_identify(src) by extension 'ignore'
[0.339s] Level 1:colcon.colcon_core.package_identification:_identify(src) by extension 'ignore_ament_install'
[0.339s] Level 1:colcon.colcon_core.package_identification:_identify(src) by extensions ['colcon_pkg']
[0.339s] Level 1:colcon.colcon_core.package_identification:_identify(src) by extension 'colcon_pkg'
[0.339s] Level 1:colcon.colcon_core.package_identification:_identify(src) by extensions ['colcon_meta']
[0.339s] Level 1:colcon.colcon_core.package_identification:_identify(src) by extension 'colcon_meta'
[0.339s] Level 1:colcon.colcon_core.package_identification:_identify(src) by extensions ['ros']
[0.339s] Level 1:colcon.colcon_core.package_identification:_identify(src) by extension 'ros'
[0.340s] Level 1:colcon.colcon_core.package_identification:_identify(src) by extensions ['cmake', 'python']
[0.340s] Level 1:colcon.colcon_core.package_identification:_identify(src) by extension 'cmake'
[0.340s] Level 1:colcon.colcon_core.package_identification:_identify(src) by extension 'python'
[0.340s] Level 1:colcon.colcon_core.package_identification:_identify(src) by extensions ['python_setup_py']
[0.340s] Level 1:colcon.colcon_core.package_identification:_identify(src) by extension 'python_setup_py'
[0.340s] Level 1:colcon.colcon_core.package_identification:_identify(src/build) by extensions ['ignore', 'ignore_ament_install']
[0.340s] Level 1:colcon.colcon_core.package_identification:_identify(src/build) by extension 'ignore'
[0.340s] Level 1:colcon.colcon_core.package_identification:_identify(src/build) ignored
[0.340s] Level 1:colcon.colcon_core.package_identification:_identify(src/dummy_node1) by extensions ['ignore', 'ignore_ament_install']
[0.340s] Level 1:colcon.colcon_core.package_identification:_identify(src/dummy_node1) by extension 'ignore'
[0.340s] Level 1:colcon.colcon_core.package_identification:_identify(src/dummy_node1) by extension 'ignore_ament_install'
[0.340s] Level 1:colcon.colcon_core.package_identification:_identify(src/dummy_node1) by extensions ['colcon_pkg']
[0.340s] Level 1:colcon.colcon_core.package_identification:_identify(src/dummy_node1) by extension 'colcon_pkg'
[0.340s] Level 1:colcon.colcon_core.package_identification:_identify(src/dummy_node1) by extensions ['colcon_meta']
[0.340s] Level 1:colcon.colcon_core.package_identification:_identify(src/dummy_node1) by extension 'colcon_meta'
[0.340s] Level 1:colcon.colcon_core.package_identification:_identify(src/dummy_node1) by extensions ['ros']
[0.340s] Level 1:colcon.colcon_core.package_identification:_identify(src/dummy_node1) by extension 'ros'
[0.343s] DEBUG:colcon.colcon_core.package_identification:Package 'src/dummy_node1' with type 'ros.ament_cmake' and name 'dummy_node1'
[0.343s] Level 1:colcon.colcon_core.package_identification:_identify(src/dummy_node2) by extensions ['ignore', 'ignore_ament_install']
[0.343s] Level 1:colcon.colcon_core.package_identification:_identify(src/dummy_node2) by extension 'ignore'
[0.343s] Level 1:colcon.colcon_core.package_identification:_identify(src/dummy_node2) by extension 'ignore_ament_install'
[0.343s] Level 1:colcon.colcon_core.package_identification:_identify(src/dummy_node2) by extensions ['colcon_pkg']
[0.343s] Level 1:colcon.colcon_core.package_identification:_identify(src/dummy_node2) by extension 'colcon_pkg'
[0.343s] Level 1:colcon.colcon_core.package_identification:_identify(src/dummy_node2) by extensions ['colcon_meta']
[0.343s] Level 1:colcon.colcon_core.package_identification:_identify(src/dummy_node2) by extension 'colcon_meta'
[0.343s] Level 1:colcon.colcon_core.package_identification:_identify(src/dummy_node2) by extensions ['ros']
[0.343s] Level 1:colcon.colcon_core.package_identification:_identify(src/dummy_node2) by extension 'ros'
[0.343s] DEBUG:colcon.colcon_core.package_identification:Package 'src/dummy_node2' with type 'ros.ament_cmake' and name 'dummy_node2'
[0.344s] Level 1:colcon.colcon_core.package_identification:_identify(src/install) by extensions ['ignore', 'ignore_ament_install']
[0.344s] Level 1:colcon.colcon_core.package_identification:_identify(src/install) by extension 'ignore'
[0.344s] Level 1:colcon.colcon_core.package_identification:_identify(src/install) ignored
[0.344s] Level 1:colcon.colcon_core.package_identification:_identify(src/interfaces) by extensions ['ignore', 'ignore_ament_install']
[0.344s] Level 1:colcon.colcon_core.package_identification:_identify(src/interfaces) by extension 'ignore'
[0.344s] Level 1:colcon.colcon_core.package_identification:_identify(src/interfaces) by extension 'ignore_ament_install'
[0.344s] Level 1:colcon.colcon_core.package_identification:_identify(src/interfaces) by extensions ['colcon_pkg']
[0.344s] Level 1:colcon.colcon_core.package_identification:_identify(src/interfaces) by extension 'colcon_pkg'
[0.344s] Level 1:colcon.colcon_core.package_identification:_identify(src/interfaces) by extensions ['colcon_meta']
[0.344s] Level 1:colcon.colcon_core.package_identification:_identify(src/interfaces) by extension 'colcon_meta'
[0.344s] Level 1:colcon.colcon_core.package_identification:_identify(src/interfaces) by extensions ['ros']
[0.344s] Level 1:colcon.colcon_core.package_identification:_identify(src/interfaces) by extension 'ros'
[0.344s] DEBUG:colcon.colcon_core.package_identification:Package 'src/interfaces' with type 'ros.ament_cmake' and name 'interfaces'
[0.345s] Level 1:colcon.colcon_core.package_identification:_identify(src/log) by extensions ['ignore', 'ignore_ament_install']
[0.345s] Level 1:colcon.colcon_core.package_identification:_identify(src/log) by extension 'ignore'
[0.345s] Level 1:colcon.colcon_core.package_identification:_identify(src/log) ignored
[0.345s] Level 1:colcon.colcon_core.package_discovery:discover_packages(recursive) using defaults
[0.345s] Level 1:colcon.colcon_core.package_discovery:discover_packages(ignore) discover
[0.345s] Level 1:colcon.colcon_core.package_discovery:discover_packages(ignore) using defaults
[0.345s] Level 1:colcon.colcon_core.package_discovery:discover_packages(path) discover
[0.345s] Level 1:colcon.colcon_core.package_discovery:discover_packages(path) using defaults
[0.366s] Level 1:colcon.colcon_core.package_discovery:discover_packages(prefix_path) check parameters
[0.366s] Level 1:colcon.colcon_core.package_discovery:discover_packages(prefix_path) discover
[0.369s] DEBUG:colcon.colcon_installed_package_information.package_discovery:Found 270 installed packages in /opt/ros/humble
[0.371s] Level 1:colcon.colcon_core.package_discovery:discover_packages(prefix_path) using defaults
[0.421s] Level 5:colcon.colcon_core.verb:set package 'dummy_node2' build argument 'cmake_args' from command line to 'None'
[0.421s] Level 5:colcon.colcon_core.verb:set package 'dummy_node2' build argument 'cmake_target' from command line to 'None'
[0.421s] Level 5:colcon.colcon_core.verb:set package 'dummy_node2' build argument 'cmake_target_skip_unavailable' from command line to 'False'
[0.421s] Level 5:colcon.colcon_core.verb:set package 'dummy_node2' build argument 'cmake_clean_cache' from command line to 'False'
[0.421s] Level 5:colcon.colcon_core.verb:set package 'dummy_node2' build argument 'cmake_clean_first' from command line to 'False'
[0.421s] Level 5:colcon.colcon_core.verb:set package 'dummy_node2' build argument 'cmake_force_configure' from command line to 'False'
[0.421s] Level 5:colcon.colcon_core.verb:set package 'dummy_node2' build argument 'ament_cmake_args' from command line to 'None'
[0.421s] Level 5:colcon.colcon_core.verb:set package 'dummy_node2' build argument 'catkin_cmake_args' from command line to 'None'
[0.421s] Level 5:colcon.colcon_core.verb:set package 'dummy_node2' build argument 'catkin_skip_building_tests' from command line to 'False'
[0.421s] DEBUG:colcon.colcon_core.verb:Building package 'dummy_node2' with the following arguments: {'ament_cmake_args': None, 'build_base': '/home/joannerizkallah/assignment3/build/dummy_node2', 'catkin_cmake_args': None, 'catkin_skip_building_tests': False, 'cmake_args': None, 'cmake_clean_cache': False, 'cmake_clean_first': False, 'cmake_force_configure': False, 'cmake_target': None, 'cmake_target_skip_unavailable': False, 'install_base': '/home/joannerizkallah/assignment3/install/dummy_node2', 'merge_install': False, 'path': '/home/joannerizkallah/assignment3/src/dummy_node2', 'symlink_install': False, 'test_result_base': None}
[0.422s] Level 5:colcon.colcon_core.verb:set package 'interfaces' build argument 'cmake_args' from command line to 'None'
[0.422s] Level 5:colcon.colcon_core.verb:set package 'interfaces' build argument 'cmake_target' from command line to 'None'
[0.422s] Level 5:colcon.colcon_core.verb:set package 'interfaces' build argument 'cmake_target_skip_unavailable' from command line to 'False'
[0.422s] Level 5:colcon.colcon_core.verb:set package 'interfaces' build argument 'cmake_clean_cache' from command line to 'False'
[0.422s] Level 5:colcon.colcon_core.verb:set package 'interfaces' build argument 'cmake_clean_first' from command line to 'False'
[0.422s] Level 5:colcon.colcon_core.verb:set package 'interfaces' build argument 'cmake_force_configure' from command line to 'False'
[0.422s] Level 5:colcon.colcon_core.verb:set package 'interfaces' build argument 'ament_cmake_args' from command line to 'None'
[0.422s] Level 5:colcon.colcon_core.verb:set package 'interfaces' build argument 'catkin_cmake_args' from command line to 'None'
[0.422s] Level 5:colcon.colcon_core.verb:set package 'interfaces' build argument 'catkin_skip_building_tests' from command line to 'False'
[0.422s] DEBUG:colcon.colcon_core.verb:Building package 'interfaces' with the following arguments: {'ament_cmake_args': None, 'build_base': '/home/joannerizkallah/assignment3/build/interfaces', 'catkin_cmake_args': None, 'catkin_skip_building_tests': False, 'cmake_args': None, 'cmake_clean_cache': False, 'cmake_clean_first': False, 'cmake_force_configure': False, 'cmake_target': None, 'cmake_target_skip_unavailable': False, 'install_base': '/home/joannerizkallah/assignment3/install/interfaces', 'merge_install': False, 'path': '/home/joannerizkallah/assignment3/src/interfaces', 'symlink_install': False, 'test_result_base': None}
[0.423s] Level 5:colcon.colcon_core.verb:set package 'dummy_node1' build argument 'cmake_args' from command line to 'None'
[0.423s] Level 5:colcon.colcon_core.verb:set package 'dummy_node1' build argument 'cmake_target' from command line to 'None'
[0.423s] Level 5:colcon.colcon_core.verb:set package 'dummy_node1' build argument 'cmake_target_skip_unavailable' from command line to 'False'
[0.423s] Level 5:colcon.colcon_core.verb:set package 'dummy_node1' build argument 'cmake_clean_cache' from command line to 'False'
[0.423s] Level 5:colcon.colcon_core.verb:set package 'dummy_node1' build argument 'cmake_clean_first' from command line to 'False'
[0.423s] Level 5:colcon.colcon_core.verb:set package 'dummy_node1' build argument 'cmake_force_configure' from command line to 'False'
[0.423s] Level 5:colcon.colcon_core.verb:set package 'dummy_node1' build argument 'ament_cmake_args' from command line to 'None'
[0.423s] Level 5:colcon.colcon_core.verb:set package 'dummy_node1' build argument 'catkin_cmake_args' from command line to 'None'
[0.423s] Level 5:colcon.colcon_core.verb:set package 'dummy_node1' build argument 'catkin_skip_building_tests' from command line to 'False'
[0.423s] DEBUG:colcon.colcon_core.verb:Building package 'dummy_node1' with the following arguments: {'ament_cmake_args': None, 'build_base': '/home/joannerizkallah/assignment3/build/dummy_node1', 'catkin_cmake_args': None, 'catkin_skip_building_tests': False, 'cmake_args': None, 'cmake_clean_cache': False, 'cmake_clean_first': False, 'cmake_force_configure': False, 'cmake_target': None, 'cmake_target_skip_unavailable': False, 'install_base': '/home/joannerizkallah/assignment3/install/dummy_node1', 'merge_install': False, 'path': '/home/joannerizkallah/assignment3/src/dummy_node1', 'symlink_install': False, 'test_result_base': None}
[0.423s] INFO:colcon.colcon_core.executor:Executing jobs using 'parallel' executor
[0.428s] DEBUG:colcon.colcon_parallel_executor.executor.parallel:run_until_complete
[0.429s] INFO:colcon.colcon_ros.task.ament_cmake.build:Building ROS package in '/home/joannerizkallah/assignment3/src/interfaces' with build type 'ament_cmake'
[0.429s] INFO:colcon.colcon_cmake.task.cmake.build:Building CMake package in '/home/joannerizkallah/assignment3/src/interfaces'
[0.443s] INFO:colcon.colcon_core.plugin_system:Skipping extension 'colcon_core.shell.bat': Not used on non-Windows systems
[0.443s] INFO:colcon.colcon_core.shell:Skip shell extension 'powershell' for command environment: Not usable outside of PowerShell
[0.443s] DEBUG:colcon.colcon_core.shell:Skip shell extension 'dsv' for command environment
[0.449s] INFO:colcon.colcon_ros.task.ament_cmake.build:Building ROS package in '/home/joannerizkallah/assignment3/src/dummy_node2' with build type 'ament_cmake'
[0.449s] INFO:colcon.colcon_cmake.task.cmake.build:Building CMake package in '/home/joannerizkallah/assignment3/src/dummy_node2'
[0.451s] INFO:colcon.colcon_core.shell:Skip shell extension 'powershell' for command environment: Not usable outside of PowerShell
[0.451s] DEBUG:colcon.colcon_core.shell:Skip shell extension 'dsv' for command environment
[0.541s] DEBUG:colcon.colcon_core.event_handler.log_command:Invoking command in '/home/joannerizkallah/assignment3/build/interfaces': CMAKE_PREFIX_PATH=/opt/ros/humble /usr/bin/cmake --build /home/joannerizkallah/assignment3/build/interfaces -- -j4 -l4
[0.672s] DEBUG:colcon.colcon_core.event_handler.log_command:Invoking command in '/home/joannerizkallah/assignment3/build/dummy_node2': CMAKE_PREFIX_PATH=/opt/ros/humble /usr/bin/cmake --build /home/joannerizkallah/assignment3/build/dummy_node2 -- -j4 -l4
[0.761s] DEBUG:colcon.colcon_core.event_handler.log_command:Invoked command in '/home/joannerizkallah/assignment3/build/dummy_node2' returned '0': CMAKE_PREFIX_PATH=/opt/ros/humble /usr/bin/cmake --build /home/joannerizkallah/assignment3/build/dummy_node2 -- -j4 -l4
[0.878s] DEBUG:colcon.colcon_core.event_handler.log_command:Invoking command in '/home/joannerizkallah/assignment3/build/dummy_node2': CMAKE_PREFIX_PATH=/opt/ros/humble /usr/bin/cmake --install /home/joannerizkallah/assignment3/build/dummy_node2
[0.921s] Level 1:colcon.colcon_core.environment:create_environment_scripts_only(dummy_node2)
[0.924s] DEBUG:colcon.colcon_core.event_handler.log_command:Invoked command in '/home/joannerizkallah/assignment3/build/dummy_node2' returned '0': CMAKE_PREFIX_PATH=/opt/ros/humble /usr/bin/cmake --install /home/joannerizkallah/assignment3/build/dummy_node2
[0.927s] Level 1:colcon.colcon_core.environment:checking '/home/joannerizkallah/assignment3/install/dummy_node2' for CMake module files
[0.927s] Level 1:colcon.colcon_core.environment:checking '/home/joannerizkallah/assignment3/install/dummy_node2' for CMake config files
[0.927s] Level 1:colcon.colcon_core.shell:create_environment_hook('dummy_node2', 'cmake_prefix_path')
[0.928s] INFO:colcon.colcon_core.shell:Creating environment hook '/home/joannerizkallah/assignment3/install/dummy_node2/share/dummy_node2/hook/cmake_prefix_path.ps1'
[0.929s] INFO:colcon.colcon_core.shell:Creating environment descriptor '/home/joannerizkallah/assignment3/install/dummy_node2/share/dummy_node2/hook/cmake_prefix_path.dsv'
[0.930s] INFO:colcon.colcon_core.shell:Creating environment hook '/home/joannerizkallah/assignment3/install/dummy_node2/share/dummy_node2/hook/cmake_prefix_path.sh'
[0.931s] Level 1:colcon.colcon_core.environment:checking '/home/joannerizkallah/assignment3/install/dummy_node2/bin'
[0.931s] Level 1:colcon.colcon_core.environment:checking '/home/joannerizkallah/assignment3/install/dummy_node2/lib/pkgconfig/dummy_node2.pc'
[0.932s] Level 1:colcon.colcon_core.environment:checking '/home/joannerizkallah/assignment3/install/dummy_node2/lib/python3.10/site-packages'
[0.932s] Level 1:colcon.colcon_core.environment:checking '/home/joannerizkallah/assignment3/install/dummy_node2/bin'
[0.933s] INFO:colcon.colcon_core.shell:Creating package script '/home/joannerizkallah/assignment3/install/dummy_node2/share/dummy_node2/package.ps1'
[0.940s] INFO:colcon.colcon_core.shell:Creating package descriptor '/home/joannerizkallah/assignment3/install/dummy_node2/share/dummy_node2/package.dsv'
[0.944s] INFO:colcon.colcon_core.shell:Creating package script '/home/joannerizkallah/assignment3/install/dummy_node2/share/dummy_node2/package.sh'
[0.945s] INFO:colcon.colcon_core.shell:Creating package script '/home/joannerizkallah/assignment3/install/dummy_node2/share/dummy_node2/package.bash'
[0.946s] INFO:colcon.colcon_core.shell:Creating package script '/home/joannerizkallah/assignment3/install/dummy_node2/share/dummy_node2/package.zsh'
[0.948s] Level 1:colcon.colcon_core.environment:create_file_with_runtime_dependencies(/home/joannerizkallah/assignment3/install/dummy_node2/share/colcon-core/packages/dummy_node2)
[0.994s] Level 1:colcon.colcon_core.environment:create_environment_scripts_only(dummy_node2)
[0.996s] Level 1:colcon.colcon_core.environment:checking '/home/joannerizkallah/assignment3/install/dummy_node2' for CMake module files
[0.997s] Level 1:colcon.colcon_core.environment:checking '/home/joannerizkallah/assignment3/install/dummy_node2' for CMake config files
[0.997s] Level 1:colcon.colcon_core.shell:create_environment_hook('dummy_node2', 'cmake_prefix_path')
[0.998s] INFO:colcon.colcon_core.shell:Creating environment hook '/home/joannerizkallah/assignment3/install/dummy_node2/share/dummy_node2/hook/cmake_prefix_path.ps1'
[0.999s] INFO:colcon.colcon_core.shell:Creating environment descriptor '/home/joannerizkallah/assignment3/install/dummy_node2/share/dummy_node2/hook/cmake_prefix_path.dsv'
[1.000s] INFO:colcon.colcon_core.shell:Creating environment hook '/home/joannerizkallah/assignment3/install/dummy_node2/share/dummy_node2/hook/cmake_prefix_path.sh'
[1.001s] Level 1:colcon.colcon_core.environment:checking '/home/joannerizkallah/assignment3/install/dummy_node2/bin'
[1.001s] Level 1:colcon.colcon_core.environment:checking '/home/joannerizkallah/assignment3/install/dummy_node2/lib/pkgconfig/dummy_node2.pc'
[1.001s] Level 1:colcon.colcon_core.environment:checking '/home/joannerizkallah/assignment3/install/dummy_node2/lib/python3.10/site-packages'
[1.001s] Level 1:colcon.colcon_core.environment:checking '/home/joannerizkallah/assignment3/install/dummy_node2/bin'
[1.002s] INFO:colcon.colcon_core.shell:Creating package script '/home/joannerizkallah/assignment3/install/dummy_node2/share/dummy_node2/package.ps1'
[1.003s] INFO:colcon.colcon_core.shell:Creating package descriptor '/home/joannerizkallah/assignment3/install/dummy_node2/share/dummy_node2/package.dsv'
[1.004s] INFO:colcon.colcon_core.shell:Creating package script '/home/joannerizkallah/assignment3/install/dummy_node2/share/dummy_node2/package.sh'
[1.005s] INFO:colcon.colcon_core.shell:Creating package script '/home/joannerizkallah/assignment3/install/dummy_node2/share/dummy_node2/package.bash'
[1.006s] INFO:colcon.colcon_core.shell:Creating package script '/home/joannerizkallah/assignment3/install/dummy_node2/share/dummy_node2/package.zsh'
[1.007s] Level 1:colcon.colcon_core.environment:create_file_with_runtime_dependencies(/home/joannerizkallah/assignment3/install/dummy_node2/share/colcon-core/packages/dummy_node2)
[1.272s] DEBUG:colcon.colcon_core.event_handler.log_command:Invoked command in '/home/joannerizkallah/assignment3/build/interfaces' returned '0': CMAKE_PREFIX_PATH=/opt/ros/humble /usr/bin/cmake --build /home/joannerizkallah/assignment3/build/interfaces -- -j4 -l4
[2.084s] DEBUG:colcon.colcon_core.event_handler.log_command:Invoking command in '/home/joannerizkallah/assignment3/build/interfaces': CMAKE_PREFIX_PATH=/opt/ros/humble /usr/bin/cmake --install /home/joannerizkallah/assignment3/build/interfaces
[2.270s] Level 1:colcon.colcon_core.environment:create_environment_scripts_only(interfaces)
[2.275s] Level 1:colcon.colcon_core.environment:checking '/home/joannerizkallah/assignment3/install/interfaces' for CMake module files
[2.279s] Level 1:colcon.colcon_core.environment:checking '/home/joannerizkallah/assignment3/install/interfaces' for CMake config files
[2.279s] Level 1:colcon.colcon_core.shell:create_environment_hook('interfaces', 'cmake_prefix_path')
[2.300s] DEBUG:colcon.colcon_core.event_handler.log_command:Invoked command in '/home/joannerizkallah/assignment3/build/interfaces' returned '0': CMAKE_PREFIX_PATH=/opt/ros/humble /usr/bin/cmake --install /home/joannerizkallah/assignment3/build/interfaces
[2.301s] INFO:colcon.colcon_core.shell:Creating environment hook '/home/joannerizkallah/assignment3/install/interfaces/share/interfaces/hook/cmake_prefix_path.ps1'
[2.302s] INFO:colcon.colcon_core.shell:Creating environment descriptor '/home/joannerizkallah/assignment3/install/interfaces/share/interfaces/hook/cmake_prefix_path.dsv'
[2.303s] INFO:colcon.colcon_core.shell:Creating environment hook '/home/joannerizkallah/assignment3/install/interfaces/share/interfaces/hook/cmake_prefix_path.sh'
[2.305s] Level 1:colcon.colcon_core.environment:checking '/home/joannerizkallah/assignment3/install/interfaces/lib'
[2.305s] Level 1:colcon.colcon_core.shell:create_environment_hook('interfaces', 'ld_library_path_lib')
[2.307s] INFO:colcon.colcon_core.shell:Creating environment hook '/home/joannerizkallah/assignment3/install/interfaces/share/interfaces/hook/ld_library_path_lib.ps1'
[2.307s] INFO:colcon.colcon_core.shell:Creating environment descriptor '/home/joannerizkallah/assignment3/install/interfaces/share/interfaces/hook/ld_library_path_lib.dsv'
[2.308s] INFO:colcon.colcon_core.shell:Creating environment hook '/home/joannerizkallah/assignment3/install/interfaces/share/interfaces/hook/ld_library_path_lib.sh'
[2.308s] Level 1:colcon.colcon_core.environment:checking '/home/joannerizkallah/assignment3/install/interfaces/bin'
[2.308s] Level 1:colcon.colcon_core.environment:checking '/home/joannerizkallah/assignment3/install/interfaces/lib/pkgconfig/interfaces.pc'
[2.309s] Level 1:colcon.colcon_core.environment:checking '/home/joannerizkallah/assignment3/install/interfaces/lib/python3.10/site-packages'
[2.309s] Level 1:colcon.colcon_core.environment:checking '/home/joannerizkallah/assignment3/install/interfaces/bin'
[2.310s] INFO:colcon.colcon_core.shell:Creating package script '/home/joannerizkallah/assignment3/install/interfaces/share/interfaces/package.ps1'
[2.310s] INFO:colcon.colcon_core.shell:Creating package descriptor '/home/joannerizkallah/assignment3/install/interfaces/share/interfaces/package.dsv'
[2.311s] INFO:colcon.colcon_core.shell:Creating package script '/home/joannerizkallah/assignment3/install/interfaces/share/interfaces/package.sh'
[2.312s] INFO:colcon.colcon_core.shell:Creating package script '/home/joannerizkallah/assignment3/install/interfaces/share/interfaces/package.bash'
[2.314s] INFO:colcon.colcon_core.shell:Creating package script '/home/joannerizkallah/assignment3/install/interfaces/share/interfaces/package.zsh'
[2.316s] Level 1:colcon.colcon_core.environment:create_file_with_runtime_dependencies(/home/joannerizkallah/assignment3/install/interfaces/share/colcon-core/packages/interfaces)
[2.519s] Level 1:colcon.colcon_core.environment:create_environment_scripts_only(interfaces)
[2.521s] Level 1:colcon.colcon_core.environment:checking '/home/joannerizkallah/assignment3/install/interfaces' for CMake module files
[2.522s] Level 1:colcon.colcon_core.environment:checking '/home/joannerizkallah/assignment3/install/interfaces' for CMake config files
[2.522s] Level 1:colcon.colcon_core.shell:create_environment_hook('interfaces', 'cmake_prefix_path')
[2.523s] INFO:colcon.colcon_core.shell:Creating environment hook '/home/joannerizkallah/assignment3/install/interfaces/share/interfaces/hook/cmake_prefix_path.ps1'
[2.524s] INFO:colcon.colcon_core.shell:Creating environment descriptor '/home/joannerizkallah/assignment3/install/interfaces/share/interfaces/hook/cmake_prefix_path.dsv'
[2.525s] INFO:colcon.colcon_core.shell:Creating environment hook '/home/joannerizkallah/assignment3/install/interfaces/share/interfaces/hook/cmake_prefix_path.sh'
[2.526s] Level 1:colcon.colcon_core.environment:checking '/home/joannerizkallah/assignment3/install/interfaces/lib'
[2.526s] Level 1:colcon.colcon_core.shell:create_environment_hook('interfaces', 'ld_library_path_lib')
[2.527s] INFO:colcon.colcon_core.shell:Creating environment hook '/home/joannerizkallah/assignment3/install/interfaces/share/interfaces/hook/ld_library_path_lib.ps1'
[2.527s] INFO:colcon.colcon_core.shell:Creating environment descriptor '/home/joannerizkallah/assignment3/install/interfaces/share/interfaces/hook/ld_library_path_lib.dsv'
[2.528s] INFO:colcon.colcon_core.shell:Creating environment hook '/home/joannerizkallah/assignment3/install/interfaces/share/interfaces/hook/ld_library_path_lib.sh'
[2.529s] Level 1:colcon.colcon_core.environment:checking '/home/joannerizkallah/assignment3/install/interfaces/bin'
[2.529s] Level 1:colcon.colcon_core.environment:checking '/home/joannerizkallah/assignment3/install/interfaces/lib/pkgconfig/interfaces.pc'
[2.529s] Level 1:colcon.colcon_core.environment:checking '/home/joannerizkallah/assignment3/install/interfaces/lib/python3.10/site-packages'
[2.529s] Level 1:colcon.colcon_core.environment:checking '/home/joannerizkallah/assignment3/install/interfaces/bin'
[2.530s] INFO:colcon.colcon_core.shell:Creating package script '/home/joannerizkallah/assignment3/install/interfaces/share/interfaces/package.ps1'
[2.531s] INFO:colcon.colcon_core.shell:Creating package descriptor '/home/joannerizkallah/assignment3/install/interfaces/share/interfaces/package.dsv'
[2.532s] INFO:colcon.colcon_core.shell:Creating package script '/home/joannerizkallah/assignment3/install/interfaces/share/interfaces/package.sh'
[2.533s] INFO:colcon.colcon_core.shell:Creating package script '/home/joannerizkallah/assignment3/install/interfaces/share/interfaces/package.bash'
[2.534s] INFO:colcon.colcon_core.shell:Creating package script '/home/joannerizkallah/assignment3/install/interfaces/share/interfaces/package.zsh'
[2.534s] Level 1:colcon.colcon_core.environment:create_file_with_runtime_dependencies(/home/joannerizkallah/assignment3/install/interfaces/share/colcon-core/packages/interfaces)
[2.536s] INFO:colcon.colcon_ros.task.ament_cmake.build:Building ROS package in '/home/joannerizkallah/assignment3/src/dummy_node1' with build type 'ament_cmake'
[2.536s] INFO:colcon.colcon_cmake.task.cmake.build:Building CMake package in '/home/joannerizkallah/assignment3/src/dummy_node1'
[2.537s] INFO:colcon.colcon_core.shell:Skip shell extension 'powershell' for command environment: Not usable outside of PowerShell
[2.537s] DEBUG:colcon.colcon_core.shell:Skip shell extension 'dsv' for command environment
[2.606s] DEBUG:colcon.colcon_core.event_handler.log_command:Invoking command in '/home/joannerizkallah/assignment3/build/dummy_node1': AMENT_PREFIX_PATH=/home/joannerizkallah/assignment3/install/interfaces:${AMENT_PREFIX_PATH} CMAKE_PREFIX_PATH=/home/joannerizkallah/assignment3/install/interfaces:/opt/ros/humble LD_LIBRARY_PATH=/home/joannerizkallah/assignment3/install/interfaces/lib:${LD_LIBRARY_PATH} PYTHONPATH=/home/joannerizkallah/assignment3/install/interfaces/local/lib/python3.10/dist-packages:${PYTHONPATH} /usr/bin/cmake --build /home/joannerizkallah/assignment3/build/dummy_node1 -- -j4 -l4
[6.741s] DEBUG:colcon.colcon_core.event_handler.log_command:Invoked command in '/home/joannerizkallah/assignment3/build/dummy_node1' returned '2': AMENT_PREFIX_PATH=/home/joannerizkallah/assignment3/install/interfaces:${AMENT_PREFIX_PATH} CMAKE_PREFIX_PATH=/home/joannerizkallah/assignment3/install/interfaces:/opt/ros/humble LD_LIBRARY_PATH=/home/joannerizkallah/assignment3/install/interfaces/lib:${LD_LIBRARY_PATH} PYTHONPATH=/home/joannerizkallah/assignment3/install/interfaces/local/lib/python3.10/dist-packages:${PYTHONPATH} /usr/bin/cmake --build /home/joannerizkallah/assignment3/build/dummy_node1 -- -j4 -l4
[6.837s] Level 1:colcon.colcon_core.environment:create_environment_scripts_only(dummy_node1)
[6.839s] Level 1:colcon.colcon_core.environment:checking '/home/joannerizkallah/assignment3/install/dummy_node1' for CMake module files
[6.839s] Level 1:colcon.colcon_core.environment:checking '/home/joannerizkallah/assignment3/install/dummy_node1' for CMake config files
[6.839s] Level 1:colcon.colcon_core.environment:checking '/home/joannerizkallah/assignment3/install/dummy_node1/bin'
[6.839s] Level 1:colcon.colcon_core.environment:checking '/home/joannerizkallah/assignment3/install/dummy_node1/lib/pkgconfig/dummy_node1.pc'
[6.839s] Level 1:colcon.colcon_core.environment:checking '/home/joannerizkallah/assignment3/install/dummy_node1/lib/python3.10/site-packages'
[6.840s] Level 1:colcon.colcon_core.environment:checking '/home/joannerizkallah/assignment3/install/dummy_node1/bin'
[6.841s] INFO:colcon.colcon_core.shell:Creating package script '/home/joannerizkallah/assignment3/install/dummy_node1/share/dummy_node1/package.ps1'
[6.841s] INFO:colcon.colcon_core.shell:Creating package descriptor '/home/joannerizkallah/assignment3/install/dummy_node1/share/dummy_node1/package.dsv'
[6.842s] INFO:colcon.colcon_core.shell:Creating package script '/home/joannerizkallah/assignment3/install/dummy_node1/share/dummy_node1/package.sh'
[6.843s] INFO:colcon.colcon_core.shell:Creating package script '/home/joannerizkallah/assignment3/install/dummy_node1/share/dummy_node1/package.bash'
[6.844s] INFO:colcon.colcon_core.shell:Creating package script '/home/joannerizkallah/assignment3/install/dummy_node1/share/dummy_node1/package.zsh'
[6.844s] Level 1:colcon.colcon_core.environment:create_file_with_runtime_dependencies(/home/joannerizkallah/assignment3/install/dummy_node1/share/colcon-core/packages/dummy_node1)
[6.857s] DEBUG:colcon.colcon_parallel_executor.executor.parallel:closing loop
[6.858s] DEBUG:colcon.colcon_parallel_executor.executor.parallel:loop closed
[6.858s] DEBUG:colcon.colcon_parallel_executor.executor.parallel:run_until_complete finished with '2'
[6.858s] DEBUG:colcon.colcon_core.event_reactor:joining thread
[6.875s] INFO:colcon.colcon_core.plugin_system:Skipping extension 'colcon_notification.desktop_notification.terminal_notifier': Not used on non-Darwin systems
[6.875s] INFO:colcon.colcon_core.plugin_system:Skipping extension 'colcon_notification.desktop_notification.win32': Not used on non-Windows systems
[6.875s] INFO:colcon.colcon_notification.desktop_notification:Sending desktop notification using 'notify2'
[6.949s] DEBUG:colcon.colcon_core.event_reactor:joined thread
[6.952s] INFO:colcon.colcon_core.shell:Creating prefix script '/home/joannerizkallah/assignment3/install/local_setup.ps1'
[6.953s] INFO:colcon.colcon_core.shell:Creating prefix util module '/home/joannerizkallah/assignment3/install/_local_setup_util_ps1.py'
[6.966s] INFO:colcon.colcon_core.shell:Creating prefix chain script '/home/joannerizkallah/assignment3/install/setup.ps1'
[6.968s] INFO:colcon.colcon_core.shell:Creating prefix script '/home/joannerizkallah/assignment3/install/local_setup.sh'
[6.969s] INFO:colcon.colcon_core.shell:Creating prefix util module '/home/joannerizkallah/assignment3/install/_local_setup_util_sh.py'
[6.969s] INFO:colcon.colcon_core.shell:Creating prefix chain script '/home/joannerizkallah/assignment3/install/setup.sh'
[6.971s] INFO:colcon.colcon_core.shell:Creating prefix script '/home/joannerizkallah/assignment3/install/local_setup.bash'
[6.972s] INFO:colcon.colcon_core.shell:Creating prefix chain script '/home/joannerizkallah/assignment3/install/setup.bash'
[6.974s] INFO:colcon.colcon_core.shell:Creating prefix script '/home/joannerizkallah/assignment3/install/local_setup.zsh'
[6.975s] INFO:colcon.colcon_core.shell:Creating prefix chain script '/home/joannerizkallah/assignment3/install/setup.zsh'
