[0.064s] Invoking command in '/home/joannerizkallah/assignment3/build/dummy_node1': CMAKE_PREFIX_PATH=/home/joannerizkallah/assignment3/install/interfaces:/home/joannerizkallah/assignment3/install/dummy_node2:/home/joannerizkallah/assignment3/install/dummy_node1:/opt/ros/humble LD_LIBRARY_PATH=/home/joannerizkallah/assignment3/install/interfaces/lib:/home/joannerizkallah/assignment3/install/dummy_node2/lib:/home/joannerizkallah/assignment3/install/dummy_node1/lib:/opt/ros/humble/opt/rviz_ogre_vendor/lib:/opt/ros/humble/lib/x86_64-linux-gnu:/opt/ros/humble/lib /usr/bin/cmake --build /home/joannerizkallah/assignment3/build/dummy_node1 -- -j4 -l4
[0.207s] [ 33%] Built target dummy_server
[0.207s] [ 66%] Built target action_server
[0.212s] [100%] Built target dummy_cpp_node
[0.229s] Invoked command in '/home/joannerizkallah/assignment3/build/dummy_node1' returned '0': CMAKE_PREFIX_PATH=/home/joannerizkallah/assignment3/install/interfaces:/home/joannerizkallah/assignment3/install/dummy_node2:/home/joannerizkallah/assignment3/install/dummy_node1:/opt/ros/humble LD_LIBRARY_PATH=/home/joannerizkallah/assignment3/install/interfaces/lib:/home/joannerizkallah/assignment3/install/dummy_node2/lib:/home/joannerizkallah/assignment3/install/dummy_node1/lib:/opt/ros/humble/opt/rviz_ogre_vendor/lib:/opt/ros/humble/lib/x86_64-linux-gnu:/opt/ros/humble/lib /usr/bin/cmake --build /home/joannerizkallah/assignment3/build/dummy_node1 -- -j4 -l4
[0.375s] Invoking command in '/home/joannerizkallah/assignment3/build/dummy_node1': CMAKE_PREFIX_PATH=/home/joannerizkallah/assignment3/install/interfaces:/home/joannerizkallah/assignment3/install/dummy_node2:/home/joannerizkallah/assignment3/install/dummy_node1:/opt/ros/humble LD_LIBRARY_PATH=/home/joannerizkallah/assignment3/install/interfaces/lib:/home/joannerizkallah/assignment3/install/dummy_node2/lib:/home/joannerizkallah/assignment3/install/dummy_node1/lib:/opt/ros/humble/opt/rviz_ogre_vendor/lib:/opt/ros/humble/lib/x86_64-linux-gnu:/opt/ros/humble/lib /usr/bin/cmake --install /home/joannerizkallah/assignment3/build/dummy_node1
[0.389s] -- Install configuration: ""
[0.391s] -- Up-to-date: /home/joannerizkallah/assignment3/install/dummy_node1/lib/dummy_node1/dummy_cpp_node
[0.392s] -- Up-to-date: /home/joannerizkallah/assignment3/install/dummy_node1/lib/libaction_server.so
[0.393s] -- Up-to-date: /home/joannerizkallah/assignment3/install/dummy_node1/lib/libdummy_server.so
[0.394s] -- Up-to-date: /home/joannerizkallah/assignment3/install/dummy_node1/share/dummy_node1//config
[0.394s] -- Up-to-date: /home/joannerizkallah/assignment3/install/dummy_node1/share/dummy_node1//config/dummy_config.yaml
[0.394s] -- Up-to-date: /home/joannerizkallah/assignment3/install/dummy_node1/share/dummy_node1//launch
[0.394s] -- Up-to-date: /home/joannerizkallah/assignment3/install/dummy_node1/share/dummy_node1//launch/dummy.launch.py
[0.395s] -- Up-to-date: /home/joannerizkallah/assignment3/install/dummy_node1/share/ament_index/resource_index/package_run_dependencies/dummy_node1
[0.395s] -- Up-to-date: /home/joannerizkallah/assignment3/install/dummy_node1/share/ament_index/resource_index/parent_prefix_path/dummy_node1
[0.395s] -- Up-to-date: /home/joannerizkallah/assignment3/install/dummy_node1/share/dummy_node1/environment/ament_prefix_path.sh
[0.396s] -- Up-to-date: /home/joannerizkallah/assignment3/install/dummy_node1/share/dummy_node1/environment/ament_prefix_path.dsv
[0.396s] -- Up-to-date: /home/joannerizkallah/assignment3/install/dummy_node1/share/dummy_node1/environment/path.sh
[0.397s] -- Up-to-date: /home/joannerizkallah/assignment3/install/dummy_node1/share/dummy_node1/environment/path.dsv
[0.398s] -- Up-to-date: /home/joannerizkallah/assignment3/install/dummy_node1/share/dummy_node1/local_setup.bash
[0.398s] -- Up-to-date: /home/joannerizkallah/assignment3/install/dummy_node1/share/dummy_node1/local_setup.sh
[0.399s] -- Up-to-date: /home/joannerizkallah/assignment3/install/dummy_node1/share/dummy_node1/local_setup.zsh
[0.400s] -- Up-to-date: /home/joannerizkallah/assignment3/install/dummy_node1/share/dummy_node1/local_setup.dsv
[0.400s] -- Installing: /home/joannerizkallah/assignment3/install/dummy_node1/share/dummy_node1/package.dsv
[0.401s] -- Up-to-date: /home/joannerizkallah/assignment3/install/dummy_node1/share/ament_index/resource_index/packages/dummy_node1
[0.401s] -- Up-to-date: /home/joannerizkallah/assignment3/install/dummy_node1/share/ament_index/resource_index/rclcpp_components/dummy_node1
[0.401s] -- Up-to-date: /home/joannerizkallah/assignment3/install/dummy_node1/share/dummy_node1/cmake/dummy_node1Config.cmake
[0.402s] -- Up-to-date: /home/joannerizkallah/assignment3/install/dummy_node1/share/dummy_node1/cmake/dummy_node1Config-version.cmake
[0.402s] -- Up-to-date: /home/joannerizkallah/assignment3/install/dummy_node1/share/dummy_node1/package.xml
[0.409s] Invoked command in '/home/joannerizkallah/assignment3/build/dummy_node1' returned '0': CMAKE_PREFIX_PATH=/home/joannerizkallah/assignment3/install/interfaces:/home/joannerizkallah/assignment3/install/dummy_node2:/home/joannerizkallah/assignment3/install/dummy_node1:/opt/ros/humble LD_LIBRARY_PATH=/home/joannerizkallah/assignment3/install/interfaces/lib:/home/joannerizkallah/assignment3/install/dummy_node2/lib:/home/joannerizkallah/assignment3/install/dummy_node1/lib:/opt/ros/humble/opt/rviz_ogre_vendor/lib:/opt/ros/humble/lib/x86_64-linux-gnu:/opt/ros/humble/lib /usr/bin/cmake --install /home/joannerizkallah/assignment3/build/dummy_node1
