[0.020s] Invoking command in '/home/joannerizkallah/assignment3/build/interfaces': CMAKE_PREFIX_PATH=/opt/ros/humble /usr/bin/cmake --build /home/joannerizkallah/assignment3/build/interfaces -- -j4 -l4
[0.094s] [35m[1mConsolidate compiler generated dependencies of target interfaces__rosidl_generator_c[0m
[0.146s] [  3%] Built target interfaces__cpp
[0.147s] [ 12%] Built target interfaces__rosidl_generator_c
[0.157s] [ 12%] Built target ament_cmake_python_copy_interfaces
[0.198s] [35m[1mConsolidate compiler generated dependencies of target interfaces__rosidl_typesupport_fastrtps_cpp[0m
[0.202s] [35m[1mConsolidate compiler generated dependencies of target interfaces__rosidl_typesupport_cpp[0m
[0.206s] [35m[1mConsolidate compiler generated dependencies of target interfaces__rosidl_typesupport_introspection_cpp[0m
[0.212s] [35m[1mConsolidate compiler generated dependencies of target interfaces__rosidl_typesupport_fastrtps_c[0m
[0.253s] [ 22%] Built target interfaces__rosidl_typesupport_cpp
[0.253s] [ 32%] Built target interfaces__rosidl_typesupport_fastrtps_cpp
[0.272s] [ 41%] Built target interfaces__rosidl_typesupport_fastrtps_c
[0.273s] [ 51%] Built target interfaces__rosidl_typesupport_introspection_cpp
[0.282s] [35m[1mConsolidate compiler generated dependencies of target interfaces__rosidl_typesupport_introspection_c[0m
[0.285s] [35m[1mConsolidate compiler generated dependencies of target interfaces__rosidl_typesupport_c[0m
[0.311s] [ 61%] Built target interfaces__rosidl_typesupport_introspection_c
[0.312s] [ 70%] Built target interfaces__rosidl_typesupport_c
[0.345s] [ 70%] Built target interfaces
[0.406s] [ 74%] Built target interfaces__py
[0.423s] [35m[1mConsolidate compiler generated dependencies of target interfaces__rosidl_generator_py[0m
[0.498s] [ 80%] Built target interfaces__rosidl_generator_py
[0.512s] [35m[1mConsolidate compiler generated dependencies of target interfaces__rosidl_typesupport_fastrtps_c__pyext[0m
[0.518s] [35m[1mConsolidate compiler generated dependencies of target interfaces__rosidl_typesupport_c__pyext[0m
[0.532s] [35m[1mConsolidate compiler generated dependencies of target interfaces__rosidl_typesupport_introspection_c__pyext[0m
[0.564s] [ 87%] Built target interfaces__rosidl_typesupport_fastrtps_c__pyext
[0.574s] [ 93%] Built target interfaces__rosidl_typesupport_c__pyext
[0.577s] [100%] Built target interfaces__rosidl_typesupport_introspection_c__pyext
[0.704s] running egg_info
[0.705s] writing interfaces.egg-info/PKG-INFO
[0.706s] writing dependency_links to interfaces.egg-info/dependency_links.txt
[0.707s] writing top-level names to interfaces.egg-info/top_level.txt
[0.710s] reading manifest file 'interfaces.egg-info/SOURCES.txt'
[0.710s] writing manifest file 'interfaces.egg-info/SOURCES.txt'
[0.745s] [100%] Built target ament_cmake_python_build_interfaces_egg
[0.790s] Invoked command in '/home/joannerizkallah/assignment3/build/interfaces' returned '0': CMAKE_PREFIX_PATH=/opt/ros/humble /usr/bin/cmake --build /home/joannerizkallah/assignment3/build/interfaces -- -j4 -l4
[1.092s] Invoking command in '/home/joannerizkallah/assignment3/build/interfaces': CMAKE_PREFIX_PATH=/opt/ros/humble /usr/bin/cmake --install /home/joannerizkallah/assignment3/build/interfaces
[1.109s] -- Install configuration: ""
[1.109s] -- Up-to-date: /home/joannerizkallah/assignment3/install/interfaces/share/ament_index/resource_index/rosidl_interfaces/interfaces
[1.109s] -- Up-to-date: /home/joannerizkallah/assignment3/install/interfaces/include/interfaces/interfaces
[1.109s] -- Up-to-date: /home/joannerizkallah/assignment3/install/interfaces/include/interfaces/interfaces/msg
[1.109s] -- Up-to-date: /home/joannerizkallah/assignment3/install/interfaces/include/interfaces/interfaces/msg/rosidl_generator_c__visibility_control.h
[1.109s] -- Up-to-date: /home/joannerizkallah/assignment3/install/interfaces/include/interfaces/interfaces/action
[1.110s] -- Up-to-date: /home/joannerizkallah/assignment3/install/interfaces/include/interfaces/interfaces/action/custom.h
[1.110s] -- Up-to-date: /home/joannerizkallah/assignment3/install/interfaces/include/interfaces/interfaces/action/detail
[1.110s] -- Up-to-date: /home/joannerizkallah/assignment3/install/interfaces/include/interfaces/interfaces/action/detail/custom__type_support.h
[1.110s] -- Up-to-date: /home/joannerizkallah/assignment3/install/interfaces/include/interfaces/interfaces/action/detail/custom__struct.h
[1.110s] -- Up-to-date: /home/joannerizkallah/assignment3/install/interfaces/include/interfaces/interfaces/action/detail/custom__functions.h
[1.113s] -- Up-to-date: /home/joannerizkallah/assignment3/install/interfaces/include/interfaces/interfaces/action/detail/custom__functions.c
[1.114s] -- Up-to-date: /home/joannerizkallah/assignment3/install/interfaces/share/interfaces/environment/library_path.sh
[1.114s] -- Up-to-date: /home/joannerizkallah/assignment3/install/interfaces/share/interfaces/environment/library_path.dsv
[1.115s] -- Up-to-date: /home/joannerizkallah/assignment3/install/interfaces/lib/libinterfaces__rosidl_generator_c.so
[1.115s] -- Up-to-date: /home/joannerizkallah/assignment3/install/interfaces/include/interfaces/interfaces
[1.116s] -- Up-to-date: /home/joannerizkallah/assignment3/install/interfaces/include/interfaces/interfaces/msg
[1.116s] -- Up-to-date: /home/joannerizkallah/assignment3/install/interfaces/include/interfaces/interfaces/msg/rosidl_typesupport_fastrtps_c__visibility_control.h
[1.116s] -- Up-to-date: /home/joannerizkallah/assignment3/install/interfaces/include/interfaces/interfaces/action
[1.117s] -- Up-to-date: /home/joannerizkallah/assignment3/install/interfaces/include/interfaces/interfaces/action/detail
[1.118s] -- Up-to-date: /home/joannerizkallah/assignment3/install/interfaces/include/interfaces/interfaces/action/detail/custom__rosidl_typesupport_fastrtps_c.h
[1.118s] -- Up-to-date: /home/joannerizkallah/assignment3/install/interfaces/lib/libinterfaces__rosidl_typesupport_fastrtps_c.so
[1.118s] -- Up-to-date: /home/joannerizkallah/assignment3/install/interfaces/include/interfaces/interfaces
[1.118s] -- Up-to-date: /home/joannerizkallah/assignment3/install/interfaces/include/interfaces/interfaces/msg
[1.118s] -- Up-to-date: /home/joannerizkallah/assignment3/install/interfaces/include/interfaces/interfaces/msg/rosidl_typesupport_introspection_c__visibility_control.h
[1.118s] -- Up-to-date: /home/joannerizkallah/assignment3/install/interfaces/include/interfaces/interfaces/action
[1.118s] -- Up-to-date: /home/joannerizkallah/assignment3/install/interfaces/include/interfaces/interfaces/action/detail
[1.118s] -- Up-to-date: /home/joannerizkallah/assignment3/install/interfaces/include/interfaces/interfaces/action/detail/custom__rosidl_typesupport_introspection_c.h
[1.119s] -- Up-to-date: /home/joannerizkallah/assignment3/install/interfaces/include/interfaces/interfaces/action/detail/custom__type_support.c
[1.119s] -- Up-to-date: /home/joannerizkallah/assignment3/install/interfaces/lib/libinterfaces__rosidl_typesupport_introspection_c.so
[1.119s] -- Up-to-date: /home/joannerizkallah/assignment3/install/interfaces/lib/libinterfaces__rosidl_typesupport_c.so
[1.119s] -- Up-to-date: /home/joannerizkallah/assignment3/install/interfaces/include/interfaces/interfaces
[1.119s] -- Up-to-date: /home/joannerizkallah/assignment3/install/interfaces/include/interfaces/interfaces/action
[1.119s] -- Up-to-date: /home/joannerizkallah/assignment3/install/interfaces/include/interfaces/interfaces/action/detail
[1.119s] -- Up-to-date: /home/joannerizkallah/assignment3/install/interfaces/include/interfaces/interfaces/action/detail/custom__struct.hpp
[1.119s] -- Up-to-date: /home/joannerizkallah/assignment3/install/interfaces/include/interfaces/interfaces/action/detail/custom__traits.hpp
[1.119s] -- Up-to-date: /home/joannerizkallah/assignment3/install/interfaces/include/interfaces/interfaces/action/detail/custom__builder.hpp
[1.119s] -- Up-to-date: /home/joannerizkallah/assignment3/install/interfaces/include/interfaces/interfaces/action/custom.hpp
[1.119s] -- Up-to-date: /home/joannerizkallah/assignment3/install/interfaces/include/interfaces/interfaces
[1.119s] -- Up-to-date: /home/joannerizkallah/assignment3/install/interfaces/include/interfaces/interfaces/msg
[1.119s] -- Up-to-date: /home/joannerizkallah/assignment3/install/interfaces/include/interfaces/interfaces/msg/rosidl_typesupport_fastrtps_cpp__visibility_control.h
[1.119s] -- Up-to-date: /home/joannerizkallah/assignment3/install/interfaces/include/interfaces/interfaces/action
[1.119s] -- Up-to-date: /home/joannerizkallah/assignment3/install/interfaces/include/interfaces/interfaces/action/detail
[1.119s] -- Up-to-date: /home/joannerizkallah/assignment3/install/interfaces/include/interfaces/interfaces/action/detail/custom__rosidl_typesupport_fastrtps_cpp.hpp
[1.119s] -- Up-to-date: /home/joannerizkallah/assignment3/install/interfaces/include/interfaces/interfaces/action/detail/dds_fastrtps
[1.120s] -- Up-to-date: /home/joannerizkallah/assignment3/install/interfaces/lib/libinterfaces__rosidl_typesupport_fastrtps_cpp.so
[1.120s] -- Up-to-date: /home/joannerizkallah/assignment3/install/interfaces/include/interfaces/interfaces
[1.120s] -- Up-to-date: /home/joannerizkallah/assignment3/install/interfaces/include/interfaces/interfaces/action
[1.120s] -- Up-to-date: /home/joannerizkallah/assignment3/install/interfaces/include/interfaces/interfaces/action/detail
[1.120s] -- Up-to-date: /home/joannerizkallah/assignment3/install/interfaces/include/interfaces/interfaces/action/detail/custom__type_support.cpp
[1.120s] -- Up-to-date: /home/joannerizkallah/assignment3/install/interfaces/include/interfaces/interfaces/action/detail/custom__rosidl_typesupport_introspection_cpp.hpp
[1.120s] -- Up-to-date: /home/joannerizkallah/assignment3/install/interfaces/lib/libinterfaces__rosidl_typesupport_introspection_cpp.so
[1.120s] -- Up-to-date: /home/joannerizkallah/assignment3/install/interfaces/lib/libinterfaces__rosidl_typesupport_cpp.so
[1.120s] -- Up-to-date: /home/joannerizkallah/assignment3/install/interfaces/share/interfaces/environment/pythonpath.sh
[1.120s] -- Up-to-date: /home/joannerizkallah/assignment3/install/interfaces/share/interfaces/environment/pythonpath.dsv
[1.120s] -- Up-to-date: /home/joannerizkallah/assignment3/install/interfaces/local/lib/python3.10/dist-packages/interfaces-0.0.0-py3.10.egg-info
[1.120s] -- Installing: /home/joannerizkallah/assignment3/install/interfaces/local/lib/python3.10/dist-packages/interfaces-0.0.0-py3.10.egg-info/dependency_links.txt
[1.120s] -- Installing: /home/joannerizkallah/assignment3/install/interfaces/local/lib/python3.10/dist-packages/interfaces-0.0.0-py3.10.egg-info/PKG-INFO
[1.121s] -- Installing: /home/joannerizkallah/assignment3/install/interfaces/local/lib/python3.10/dist-packages/interfaces-0.0.0-py3.10.egg-info/SOURCES.txt
[1.135s] -- Installing: /home/joannerizkallah/assignment3/install/interfaces/local/lib/python3.10/dist-packages/interfaces-0.0.0-py3.10.egg-info/top_level.txt
[1.138s] -- Up-to-date: /home/joannerizkallah/assignment3/install/interfaces/local/lib/python3.10/dist-packages/interfaces
[1.138s] -- Up-to-date: /home/joannerizkallah/assignment3/install/interfaces/local/lib/python3.10/dist-packages/interfaces/interfaces_s__rosidl_typesupport_c.cpython-310-x86_64-linux-gnu.so
[1.138s] -- Up-to-date: /home/joannerizkallah/assignment3/install/interfaces/local/lib/python3.10/dist-packages/interfaces/_interfaces_s.ep.rosidl_typesupport_introspection_c.c
[1.138s] -- Up-to-date: /home/joannerizkallah/assignment3/install/interfaces/local/lib/python3.10/dist-packages/interfaces/action
[1.139s] -- Up-to-date: /home/joannerizkallah/assignment3/install/interfaces/local/lib/python3.10/dist-packages/interfaces/action/_custom.py
[1.139s] -- Up-to-date: /home/joannerizkallah/assignment3/install/interfaces/local/lib/python3.10/dist-packages/interfaces/action/__init__.py
[1.139s] -- Up-to-date: /home/joannerizkallah/assignment3/install/interfaces/local/lib/python3.10/dist-packages/interfaces/action/_custom_s.c
[1.139s] -- Up-to-date: /home/joannerizkallah/assignment3/install/interfaces/local/lib/python3.10/dist-packages/interfaces/interfaces_s__rosidl_typesupport_introspection_c.cpython-310-x86_64-linux-gnu.so
[1.139s] -- Up-to-date: /home/joannerizkallah/assignment3/install/interfaces/local/lib/python3.10/dist-packages/interfaces/__init__.py
[1.139s] -- Up-to-date: /home/joannerizkallah/assignment3/install/interfaces/local/lib/python3.10/dist-packages/interfaces/interfaces_s__rosidl_typesupport_fastrtps_c.cpython-310-x86_64-linux-gnu.so
[1.139s] -- Up-to-date: /home/joannerizkallah/assignment3/install/interfaces/local/lib/python3.10/dist-packages/interfaces/libinterfaces__rosidl_generator_py.so
[1.139s] -- Up-to-date: /home/joannerizkallah/assignment3/install/interfaces/local/lib/python3.10/dist-packages/interfaces/_interfaces_s.ep.rosidl_typesupport_c.c
[1.139s] -- Up-to-date: /home/joannerizkallah/assignment3/install/interfaces/local/lib/python3.10/dist-packages/interfaces/_interfaces_s.ep.rosidl_typesupport_fastrtps_c.c
[1.226s] Listing '/home/joannerizkallah/assignment3/install/interfaces/local/lib/python3.10/dist-packages/interfaces'...
[1.226s] Listing '/home/joannerizkallah/assignment3/install/interfaces/local/lib/python3.10/dist-packages/interfaces/action'...
[1.256s] -- Up-to-date: /home/joannerizkallah/assignment3/install/interfaces/local/lib/python3.10/dist-packages/interfaces/interfaces_s__rosidl_typesupport_fastrtps_c.cpython-310-x86_64-linux-gnu.so
[1.257s] -- Up-to-date: /home/joannerizkallah/assignment3/install/interfaces/local/lib/python3.10/dist-packages/interfaces/interfaces_s__rosidl_typesupport_introspection_c.cpython-310-x86_64-linux-gnu.so
[1.258s] -- Up-to-date: /home/joannerizkallah/assignment3/install/interfaces/local/lib/python3.10/dist-packages/interfaces/interfaces_s__rosidl_typesupport_c.cpython-310-x86_64-linux-gnu.so
[1.258s] -- Up-to-date: /home/joannerizkallah/assignment3/install/interfaces/lib/libinterfaces__rosidl_generator_py.so
[1.258s] -- Up-to-date: /home/joannerizkallah/assignment3/install/interfaces/share/interfaces/action/Custom.idl
[1.259s] -- Up-to-date: /home/joannerizkallah/assignment3/install/interfaces/share/interfaces/action/Custom.action
[1.260s] -- Up-to-date: /home/joannerizkallah/assignment3/install/interfaces/action/interfaces//action
[1.260s] -- Up-to-date: /home/joannerizkallah/assignment3/install/interfaces/action/interfaces//action/Custom.action
[1.260s] -- Up-to-date: /home/joannerizkallah/assignment3/install/interfaces/share/ament_index/resource_index/package_run_dependencies/interfaces
[1.260s] -- Up-to-date: /home/joannerizkallah/assignment3/install/interfaces/share/ament_index/resource_index/parent_prefix_path/interfaces
[1.260s] -- Up-to-date: /home/joannerizkallah/assignment3/install/interfaces/share/interfaces/environment/ament_prefix_path.sh
[1.268s] -- Up-to-date: /home/joannerizkallah/assignment3/install/interfaces/share/interfaces/environment/ament_prefix_path.dsv
[1.268s] -- Up-to-date: /home/joannerizkallah/assignment3/install/interfaces/share/interfaces/environment/path.sh
[1.269s] -- Up-to-date: /home/joannerizkallah/assignment3/install/interfaces/share/interfaces/environment/path.dsv
[1.269s] -- Up-to-date: /home/joannerizkallah/assignment3/install/interfaces/share/interfaces/local_setup.bash
[1.269s] -- Up-to-date: /home/joannerizkallah/assignment3/install/interfaces/share/interfaces/local_setup.sh
[1.269s] -- Up-to-date: /home/joannerizkallah/assignment3/install/interfaces/share/interfaces/local_setup.zsh
[1.269s] -- Up-to-date: /home/joannerizkallah/assignment3/install/interfaces/share/interfaces/local_setup.dsv
[1.270s] -- Installing: /home/joannerizkallah/assignment3/install/interfaces/share/interfaces/package.dsv
[1.270s] -- Up-to-date: /home/joannerizkallah/assignment3/install/interfaces/share/ament_index/resource_index/packages/interfaces
[1.270s] -- Up-to-date: /home/joannerizkallah/assignment3/install/interfaces/share/interfaces/cmake/export_interfaces__rosidl_generator_cExport.cmake
[1.270s] -- Up-to-date: /home/joannerizkallah/assignment3/install/interfaces/share/interfaces/cmake/export_interfaces__rosidl_generator_cExport-noconfig.cmake
[1.270s] -- Up-to-date: /home/joannerizkallah/assignment3/install/interfaces/share/interfaces/cmake/export_interfaces__rosidl_typesupport_fastrtps_cExport.cmake
[1.271s] -- Up-to-date: /home/joannerizkallah/assignment3/install/interfaces/share/interfaces/cmake/export_interfaces__rosidl_typesupport_fastrtps_cExport-noconfig.cmake
[1.271s] -- Up-to-date: /home/joannerizkallah/assignment3/install/interfaces/share/interfaces/cmake/interfaces__rosidl_typesupport_introspection_cExport.cmake
[1.271s] -- Up-to-date: /home/joannerizkallah/assignment3/install/interfaces/share/interfaces/cmake/interfaces__rosidl_typesupport_introspection_cExport-noconfig.cmake
[1.271s] -- Up-to-date: /home/joannerizkallah/assignment3/install/interfaces/share/interfaces/cmake/interfaces__rosidl_typesupport_cExport.cmake
[1.285s] -- Up-to-date: /home/joannerizkallah/assignment3/install/interfaces/share/interfaces/cmake/interfaces__rosidl_typesupport_cExport-noconfig.cmake
[1.286s] -- Up-to-date: /home/joannerizkallah/assignment3/install/interfaces/share/interfaces/cmake/export_interfaces__rosidl_generator_cppExport.cmake
[1.286s] -- Up-to-date: /home/joannerizkallah/assignment3/install/interfaces/share/interfaces/cmake/export_interfaces__rosidl_typesupport_fastrtps_cppExport.cmake
[1.286s] -- Up-to-date: /home/joannerizkallah/assignment3/install/interfaces/share/interfaces/cmake/export_interfaces__rosidl_typesupport_fastrtps_cppExport-noconfig.cmake
[1.286s] -- Up-to-date: /home/joannerizkallah/assignment3/install/interfaces/share/interfaces/cmake/interfaces__rosidl_typesupport_introspection_cppExport.cmake
[1.286s] -- Up-to-date: /home/joannerizkallah/assignment3/install/interfaces/share/interfaces/cmake/interfaces__rosidl_typesupport_introspection_cppExport-noconfig.cmake
[1.294s] -- Up-to-date: /home/joannerizkallah/assignment3/install/interfaces/share/interfaces/cmake/interfaces__rosidl_typesupport_cppExport.cmake
[1.305s] -- Up-to-date: /home/joannerizkallah/assignment3/install/interfaces/share/interfaces/cmake/interfaces__rosidl_typesupport_cppExport-noconfig.cmake
[1.325s] -- Up-to-date: /home/joannerizkallah/assignment3/install/interfaces/share/interfaces/cmake/export_interfaces__rosidl_generator_pyExport.cmake
[1.387s] -- Up-to-date: /home/joannerizkallah/assignment3/install/interfaces/share/interfaces/cmake/export_interfaces__rosidl_generator_pyExport-noconfig.cmake
[1.387s] -- Up-to-date: /home/joannerizkallah/assignment3/install/interfaces/share/interfaces/cmake/rosidl_cmake-extras.cmake
[1.387s] -- Up-to-date: /home/joannerizkallah/assignment3/install/interfaces/share/interfaces/cmake/ament_cmake_export_dependencies-extras.cmake
[1.387s] -- Up-to-date: /home/joannerizkallah/assignment3/install/interfaces/share/interfaces/cmake/ament_cmake_export_include_directories-extras.cmake
[1.387s] -- Up-to-date: /home/joannerizkallah/assignment3/install/interfaces/share/interfaces/cmake/ament_cmake_export_libraries-extras.cmake
[1.387s] -- Up-to-date: /home/joannerizkallah/assignment3/install/interfaces/share/interfaces/cmake/ament_cmake_export_targets-extras.cmake
[1.387s] -- Up-to-date: /home/joannerizkallah/assignment3/install/interfaces/share/interfaces/cmake/rosidl_cmake_export_typesupport_targets-extras.cmake
[1.387s] -- Up-to-date: /home/joannerizkallah/assignment3/install/interfaces/share/interfaces/cmake/rosidl_cmake_export_typesupport_libraries-extras.cmake
[1.387s] -- Up-to-date: /home/joannerizkallah/assignment3/install/interfaces/share/interfaces/cmake/interfacesConfig.cmake
[1.387s] -- Up-to-date: /home/joannerizkallah/assignment3/install/interfaces/share/interfaces/cmake/interfacesConfig-version.cmake
[1.387s] -- Up-to-date: /home/joannerizkallah/assignment3/install/interfaces/share/interfaces/package.xml
[1.388s] Invoked command in '/home/joannerizkallah/assignment3/build/interfaces' returned '0': CMAKE_PREFIX_PATH=/opt/ros/humble /usr/bin/cmake --install /home/joannerizkallah/assignment3/build/interfaces
