[0.027s] Invoking command in '/home/joannerizkallah/assignment3/build/dummy_node1': AMENT_PREFIX_PATH=/home/joannerizkallah/assignment3/install/interfaces:${AMENT_PREFIX_PATH} CMAKE_PREFIX_PATH=/home/joannerizkallah/assignment3/install/interfaces:/opt/ros/humble LD_LIBRARY_PATH=/home/joannerizkallah/assignment3/install/interfaces/lib:${LD_LIBRARY_PATH} PYTHONPATH=/home/joannerizkallah/assignment3/install/interfaces/local/lib/python3.10/dist-packages:${PYTHONPATH} /usr/bin/cmake --build /home/joannerizkallah/assignment3/build/dummy_node1 -- -j4 -l4
[0.101s] -- Found ament_cmake: 1.3.5 (/opt/ros/humble/share/ament_cmake/cmake)
[0.518s] -- Found rclcpp: 16.0.4 (/opt/ros/humble/share/rclcpp/cmake)
[0.625s] -- Found rosidl_generator_c: 3.1.4 (/opt/ros/humble/share/rosidl_generator_c/cmake)
[0.652s] -- Found rosidl_adapter: 3.1.4 (/opt/ros/humble/share/rosidl_adapter/cmake)
[0.671s] -- Found rosidl_generator_cpp: 3.1.4 (/opt/ros/humble/share/rosidl_generator_cpp/cmake)
[0.699s] -- Using all available rosidl_typesupport_c: rosidl_typesupport_fastrtps_c;rosidl_typesupport_introspection_c
[0.753s] -- Using all available rosidl_typesupport_cpp: rosidl_typesupport_fastrtps_cpp;rosidl_typesupport_introspection_cpp
[0.891s] -- Found rmw_implementation_cmake: 6.1.1 (/opt/ros/humble/share/rmw_implementation_cmake/cmake)
[0.897s] -- Found rmw_fastrtps_cpp: 6.2.2 (/opt/ros/humble/share/rmw_fastrtps_cpp/cmake)
[1.133s] -- Using RMW implementation 'rmw_fastrtps_cpp' as default
[1.428s] -- Found rclcpp_action: 16.0.4 (/opt/ros/humble/share/rclcpp_action/cmake)
[1.596s] -- Found rclcpp_components: 16.0.4 (/opt/ros/humble/share/rclcpp_components/cmake)
[1.695s] -- Found interfaces: 0.0.0 (/home/joannerizkallah/assignment3/install/interfaces/share/interfaces/cmake)
[1.879s] -- Configuring done
[1.943s] -- Generating done
[1.948s] -- Build files have been written to: /home/joannerizkallah/assignment3/build/dummy_node1
[1.997s] [35m[1mConsolidate compiler generated dependencies of target action_server[0m
[1.997s] [35m[1mConsolidate compiler generated dependencies of target dummy_server[0m
[1.999s] [35m[1mConsolidate compiler generated dependencies of target dummy_cpp_node[0m
[2.014s] [ 16%] [32mBuilding CXX object CMakeFiles/dummy_server.dir/src/dummy_cpp_lib.cpp.o[0m
[2.021s] [ 33%] [32mBuilding CXX object CMakeFiles/action_server.dir/src/dummy_cpp_node.cpp.o[0m
[2.023s] [ 50%] [32mBuilding CXX object CMakeFiles/dummy_cpp_node.dir/rclcpp_components/node_main_dummy_cpp_node.cpp.o[0m
[2.048s] [ 66%] [32m[1mLinking CXX shared library libdummy_server.so[0m
[2.147s] [ 66%] Built target dummy_server
[10.464s] [01m[K/home/joannerizkallah/assignment3/src/dummy_node1/src/dummy_cpp_node.cpp:[m[K In member function ‘[01m[Krclcpp_action::GoalResponse action_cpp::CustomActionServer::handle_goal(const GoalUUID&, std::shared_ptr<const interfaces::action::Custom_Goal_<std::allocator<void> > >)[m[K’:
[10.465s] [01m[K/home/joannerizkallah/assignment3/src/dummy_node1/src/dummy_cpp_node.cpp:40:41:[m[K [01;35m[Kwarning: [m[Kunused parameter ‘[01m[Kgoal[m[K’ [[01;35m[K]8;;https://gcc.gnu.org/onlinedocs/gcc/Warning-Options.html#index-Wunused-parameter-Wunused-parameter]8;;[m[K]
[10.465s]    40 |     [01;35m[Kstd::shared_ptr<const Custom::Goal> goal[m[K)
[10.465s]       |     [01;35m[K~~~~~~~~~~~~~~~~~~~~~~~~~~~~~~~~~~~~^~~~[m[K
[12.218s] [ 83%] [32m[1mLinking CXX shared library libaction_server.so[0m
[12.229s] [100%] [32m[1mLinking CXX executable dummy_cpp_node[0m
[12.449s] [100%] Built target dummy_cpp_node
[12.508s] [100%] Built target action_server
[12.530s] Invoked command in '/home/joannerizkallah/assignment3/build/dummy_node1' returned '0': AMENT_PREFIX_PATH=/home/joannerizkallah/assignment3/install/interfaces:${AMENT_PREFIX_PATH} CMAKE_PREFIX_PATH=/home/joannerizkallah/assignment3/install/interfaces:/opt/ros/humble LD_LIBRARY_PATH=/home/joannerizkallah/assignment3/install/interfaces/lib:${LD_LIBRARY_PATH} PYTHONPATH=/home/joannerizkallah/assignment3/install/interfaces/local/lib/python3.10/dist-packages:${PYTHONPATH} /usr/bin/cmake --build /home/joannerizkallah/assignment3/build/dummy_node1 -- -j4 -l4
[12.650s] Invoking command in '/home/joannerizkallah/assignment3/build/dummy_node1': AMENT_PREFIX_PATH=/home/joannerizkallah/assignment3/install/interfaces:${AMENT_PREFIX_PATH} CMAKE_PREFIX_PATH=/home/joannerizkallah/assignment3/install/interfaces:/opt/ros/humble LD_LIBRARY_PATH=/home/joannerizkallah/assignment3/install/interfaces/lib:${LD_LIBRARY_PATH} PYTHONPATH=/home/joannerizkallah/assignment3/install/interfaces/local/lib/python3.10/dist-packages:${PYTHONPATH} /usr/bin/cmake --install /home/joannerizkallah/assignment3/build/dummy_node1
[12.670s] -- Install configuration: ""
[12.671s] -- Installing: /home/joannerizkallah/assignment3/install/dummy_node1/lib/dummy_node1/dummy_cpp_node
[12.673s] -- Set runtime path of "/home/joannerizkallah/assignment3/install/dummy_node1/lib/dummy_node1/dummy_cpp_node" to ""
[12.673s] -- Installing: /home/joannerizkallah/assignment3/install/dummy_node1/lib/libaction_server.so
[12.674s] -- Set runtime path of "/home/joannerizkallah/assignment3/install/dummy_node1/lib/libaction_server.so" to ""
[12.674s] -- Installing: /home/joannerizkallah/assignment3/install/dummy_node1/lib/libdummy_server.so
[12.675s] -- Set runtime path of "/home/joannerizkallah/assignment3/install/dummy_node1/lib/libdummy_server.so" to ""
[12.675s] [31mCMake Error at cmake_install.cmake:112 (file):
[12.675s]   file INSTALL cannot find
[12.675s]   "/home/joannerizkallah/assignment3/src/dummy_node1/include/dummy_node1": No
[12.675s]   such file or directory.
[12.675s] 
[12.675s] [0m
[12.678s] Invoked command in '/home/joannerizkallah/assignment3/build/dummy_node1' returned '1': AMENT_PREFIX_PATH=/home/joannerizkallah/assignment3/install/interfaces:${AMENT_PREFIX_PATH} CMAKE_PREFIX_PATH=/home/joannerizkallah/assignment3/install/interfaces:/opt/ros/humble LD_LIBRARY_PATH=/home/joannerizkallah/assignment3/install/interfaces/lib:${LD_LIBRARY_PATH} PYTHONPATH=/home/joannerizkallah/assignment3/install/interfaces/local/lib/python3.10/dist-packages:${PYTHONPATH} /usr/bin/cmake --install /home/joannerizkallah/assignment3/build/dummy_node1
