[0.270s] DEBUG:colcon:Command line arguments: ['/usr/bin/colcon', 'build']
[0.270s] DEBUG:colcon:Parsed command line arguments: Namespace(log_base=None, log_level=None, verb_name='build', build_base='build', install_base='install', merge_install=False, symlink_install=False, test_result_base=None, continue_on_error=False, executor='parallel', parallel_workers=4, event_handlers=None, ignore_user_meta=False, metas=['./colcon.meta'], base_paths=['.'], packages_ignore=None, packages_ignore_regex=None, paths=None, packages_up_to=None, packages_up_to_regex=None, packages_above=None, packages_above_and_dependencies=None, packages_above_depth=None, packages_select_by_dep=None, packages_skip_by_dep=None, packages_skip_up_to=None, packages_select_build_failed=False, packages_skip_build_finished=False, packages_select_test_failures=False, packages_skip_test_passed=False, packages_select=None, packages_skip=None, packages_select_regex=None, packages_skip_regex=None, packages_start=None, packages_end=None, allow_overriding=[], cmake_args=None, cmake_target=None, cmake_target_skip_unavailable=False, cmake_clean_cache=False, cmake_clean_first=False, cmake_force_configure=False, ament_cmake_args=None, catkin_cmake_args=None, catkin_skip_building_tests=False, verb_parser=<colcon_defaults.argument_parser.defaults.DefaultArgumentsDecorator object at 0x7f59ada3d450>, verb_extension=<colcon_core.verb.build.BuildVerb object at 0x7f59ae242e30>, main=<bound method BuildVerb.main of <colcon_core.verb.build.BuildVerb object at 0x7f59ae242e30>>)
[0.298s] Level 1:colcon.colcon_core.package_discovery:discover_packages(colcon_meta) check parameters
[0.298s] Level 1:colcon.colcon_core.package_discovery:discover_packages(recursive) check parameters
[0.298s] Level 1:colcon.colcon_core.package_discovery:discover_packages(ignore) check parameters
[0.298s] Level 1:colcon.colcon_core.package_discovery:discover_packages(path) check parameters
[0.298s] Level 1:colcon.colcon_core.package_discovery:discover_packages(colcon_meta) discover
[0.298s] Level 1:colcon.colcon_core.package_discovery:discover_packages(recursive) discover
[0.298s] INFO:colcon.colcon_core.package_discovery:Crawling recursively for packages in '/home/joannerizkallah/assignment3'
[0.298s] Level 1:colcon.colcon_core.package_identification:_identify(.) by extensions ['ignore', 'ignore_ament_install']
[0.298s] Level 1:colcon.colcon_core.package_identification:_identify(.) by extension 'ignore'
[0.298s] Level 1:colcon.colcon_core.package_identification:_identify(.) by extension 'ignore_ament_install'
[0.298s] Level 1:colcon.colcon_core.package_identification:_identify(.) by extensions ['colcon_pkg']
[0.298s] Level 1:colcon.colcon_core.package_identification:_identify(.) by extension 'colcon_pkg'
[0.298s] Level 1:colcon.colcon_core.package_identification:_identify(.) by extensions ['colcon_meta']
[0.298s] Level 1:colcon.colcon_core.package_identification:_identify(.) by extension 'colcon_meta'
[0.298s] Level 1:colcon.colcon_core.package_identification:_identify(.) by extensions ['ros']
[0.298s] Level 1:colcon.colcon_core.package_identification:_identify(.) by extension 'ros'
[0.308s] Level 1:colcon.colcon_core.package_identification:_identify(.) by extensions ['cmake', 'python']
[0.308s] Level 1:colcon.colcon_core.package_identification:_identify(.) by extension 'cmake'
[0.308s] Level 1:colcon.colcon_core.package_identification:_identify(.) by extension 'python'
[0.308s] Level 1:colcon.colcon_core.package_identification:_identify(.) by extensions ['python_setup_py']
[0.308s] Level 1:colcon.colcon_core.package_identification:_identify(.) by extension 'python_setup_py'
[0.308s] Level 1:colcon.colcon_core.package_identification:_identify(build) by extensions ['ignore', 'ignore_ament_install']
[0.308s] Level 1:colcon.colcon_core.package_identification:_identify(build) by extension 'ignore'
[0.308s] Level 1:colcon.colcon_core.package_identification:_identify(build) ignored
[0.308s] Level 1:colcon.colcon_core.package_identification:_identify(install) by extensions ['ignore', 'ignore_ament_install']
[0.309s] Level 1:colcon.colcon_core.package_identification:_identify(install) by extension 'ignore'
[0.309s] Level 1:colcon.colcon_core.package_identification:_identify(install) ignored
[0.309s] Level 1:colcon.colcon_core.package_identification:_identify(log) by extensions ['ignore', 'ignore_ament_install']
[0.309s] Level 1:colcon.colcon_core.package_identification:_identify(log) by extension 'ignore'
[0.309s] Level 1:colcon.colcon_core.package_identification:_identify(log) ignored
[0.309s] Level 1:colcon.colcon_core.package_identification:_identify(src) by extensions ['ignore', 'ignore_ament_install']
[0.309s] Level 1:colcon.colcon_core.package_identification:_identify(src) by extension 'ignore'
[0.309s] Level 1:colcon.colcon_core.package_identification:_identify(src) by extension 'ignore_ament_install'
[0.309s] Level 1:colcon.colcon_core.package_identification:_identify(src) by extensions ['colcon_pkg']
[0.309s] Level 1:colcon.colcon_core.package_identification:_identify(src) by extension 'colcon_pkg'
[0.309s] Level 1:colcon.colcon_core.package_identification:_identify(src) by extensions ['colcon_meta']
[0.309s] Level 1:colcon.colcon_core.package_identification:_identify(src) by extension 'colcon_meta'
[0.309s] Level 1:colcon.colcon_core.package_identification:_identify(src) by extensions ['ros']
[0.309s] Level 1:colcon.colcon_core.package_identification:_identify(src) by extension 'ros'
[0.309s] Level 1:colcon.colcon_core.package_identification:_identify(src) by extensions ['cmake', 'python']
[0.309s] Level 1:colcon.colcon_core.package_identification:_identify(src) by extension 'cmake'
[0.309s] Level 1:colcon.colcon_core.package_identification:_identify(src) by extension 'python'
[0.309s] Level 1:colcon.colcon_core.package_identification:_identify(src) by extensions ['python_setup_py']
[0.309s] Level 1:colcon.colcon_core.package_identification:_identify(src) by extension 'python_setup_py'
[0.309s] Level 1:colcon.colcon_core.package_identification:_identify(src/dummy_node1) by extensions ['ignore', 'ignore_ament_install']
[0.309s] Level 1:colcon.colcon_core.package_identification:_identify(src/dummy_node1) by extension 'ignore'
[0.309s] Level 1:colcon.colcon_core.package_identification:_identify(src/dummy_node1) by extension 'ignore_ament_install'
[0.310s] Level 1:colcon.colcon_core.package_identification:_identify(src/dummy_node1) by extensions ['colcon_pkg']
[0.310s] Level 1:colcon.colcon_core.package_identification:_identify(src/dummy_node1) by extension 'colcon_pkg'
[0.310s] Level 1:colcon.colcon_core.package_identification:_identify(src/dummy_node1) by extensions ['colcon_meta']
[0.310s] Level 1:colcon.colcon_core.package_identification:_identify(src/dummy_node1) by extension 'colcon_meta'
[0.310s] Level 1:colcon.colcon_core.package_identification:_identify(src/dummy_node1) by extensions ['ros']
[0.310s] Level 1:colcon.colcon_core.package_identification:_identify(src/dummy_node1) by extension 'ros'
[0.312s] DEBUG:colcon.colcon_core.package_identification:Package 'src/dummy_node1' with type 'ros.ament_cmake' and name 'dummy_node1'
[0.312s] Level 1:colcon.colcon_core.package_identification:_identify(src/dummy_node2) by extensions ['ignore', 'ignore_ament_install']
[0.312s] Level 1:colcon.colcon_core.package_identification:_identify(src/dummy_node2) by extension 'ignore'
[0.312s] Level 1:colcon.colcon_core.package_identification:_identify(src/dummy_node2) by extension 'ignore_ament_install'
[0.312s] Level 1:colcon.colcon_core.package_identification:_identify(src/dummy_node2) by extensions ['colcon_pkg']
[0.312s] Level 1:colcon.colcon_core.package_identification:_identify(src/dummy_node2) by extension 'colcon_pkg'
[0.312s] Level 1:colcon.colcon_core.package_identification:_identify(src/dummy_node2) by extensions ['colcon_meta']
[0.312s] Level 1:colcon.colcon_core.package_identification:_identify(src/dummy_node2) by extension 'colcon_meta'
[0.312s] Level 1:colcon.colcon_core.package_identification:_identify(src/dummy_node2) by extensions ['ros']
[0.312s] Level 1:colcon.colcon_core.package_identification:_identify(src/dummy_node2) by extension 'ros'
[0.313s] DEBUG:colcon.colcon_core.package_identification:Package 'src/dummy_node2' with type 'ros.ament_cmake' and name 'dummy_node2'
[0.313s] Level 1:colcon.colcon_core.package_identification:_identify(src/interfaces) by extensions ['ignore', 'ignore_ament_install']
[0.313s] Level 1:colcon.colcon_core.package_identification:_identify(src/interfaces) by extension 'ignore'
[0.313s] Level 1:colcon.colcon_core.package_identification:_identify(src/interfaces) by extension 'ignore_ament_install'
[0.313s] Level 1:colcon.colcon_core.package_identification:_identify(src/interfaces) by extensions ['colcon_pkg']
[0.313s] Level 1:colcon.colcon_core.package_identification:_identify(src/interfaces) by extension 'colcon_pkg'
[0.313s] Level 1:colcon.colcon_core.package_identification:_identify(src/interfaces) by extensions ['colcon_meta']
[0.313s] Level 1:colcon.colcon_core.package_identification:_identify(src/interfaces) by extension 'colcon_meta'
[0.313s] Level 1:colcon.colcon_core.package_identification:_identify(src/interfaces) by extensions ['ros']
[0.313s] Level 1:colcon.colcon_core.package_identification:_identify(src/interfaces) by extension 'ros'
[0.313s] DEBUG:colcon.colcon_core.package_identification:Package 'src/interfaces' with type 'ros.ament_cmake' and name 'interfaces'
[0.313s] Level 1:colcon.colcon_core.package_discovery:discover_packages(recursive) using defaults
[0.314s] Level 1:colcon.colcon_core.package_discovery:discover_packages(ignore) discover
[0.314s] Level 1:colcon.colcon_core.package_discovery:discover_packages(ignore) using defaults
[0.314s] Level 1:colcon.colcon_core.package_discovery:discover_packages(path) discover
[0.314s] Level 1:colcon.colcon_core.package_discovery:discover_packages(path) using defaults
[0.332s] Level 1:colcon.colcon_core.package_discovery:discover_packages(prefix_path) check parameters
[0.332s] Level 1:colcon.colcon_core.package_discovery:discover_packages(prefix_path) discover
[0.334s] DEBUG:colcon.colcon_installed_package_information.package_discovery:Found 3 installed packages in /home/joannerizkallah/assignment3/install
[0.335s] DEBUG:colcon.colcon_installed_package_information.package_discovery:Found 270 installed packages in /opt/ros/humble
[0.337s] Level 1:colcon.colcon_core.package_discovery:discover_packages(prefix_path) using defaults
[0.387s] Level 5:colcon.colcon_core.verb:set package 'interfaces' build argument 'cmake_args' from command line to 'None'
[0.388s] Level 5:colcon.colcon_core.verb:set package 'interfaces' build argument 'cmake_target' from command line to 'None'
[0.388s] Level 5:colcon.colcon_core.verb:set package 'interfaces' build argument 'cmake_target_skip_unavailable' from command line to 'False'
[0.388s] Level 5:colcon.colcon_core.verb:set package 'interfaces' build argument 'cmake_clean_cache' from command line to 'False'
[0.388s] Level 5:colcon.colcon_core.verb:set package 'interfaces' build argument 'cmake_clean_first' from command line to 'False'
[0.388s] Level 5:colcon.colcon_core.verb:set package 'interfaces' build argument 'cmake_force_configure' from command line to 'False'
[0.388s] Level 5:colcon.colcon_core.verb:set package 'interfaces' build argument 'ament_cmake_args' from command line to 'None'
[0.388s] Level 5:colcon.colcon_core.verb:set package 'interfaces' build argument 'catkin_cmake_args' from command line to 'None'
[0.388s] Level 5:colcon.colcon_core.verb:set package 'interfaces' build argument 'catkin_skip_building_tests' from command line to 'False'
[0.388s] DEBUG:colcon.colcon_core.verb:Building package 'interfaces' with the following arguments: {'ament_cmake_args': None, 'build_base': '/home/joannerizkallah/assignment3/build/interfaces', 'catkin_cmake_args': None, 'catkin_skip_building_tests': False, 'cmake_args': None, 'cmake_clean_cache': False, 'cmake_clean_first': False, 'cmake_force_configure': False, 'cmake_target': None, 'cmake_target_skip_unavailable': False, 'install_base': '/home/joannerizkallah/assignment3/install/interfaces', 'merge_install': False, 'path': '/home/joannerizkallah/assignment3/src/interfaces', 'symlink_install': False, 'test_result_base': None}
[0.389s] Level 5:colcon.colcon_core.verb:set package 'dummy_node1' build argument 'cmake_args' from command line to 'None'
[0.389s] Level 5:colcon.colcon_core.verb:set package 'dummy_node1' build argument 'cmake_target' from command line to 'None'
[0.389s] Level 5:colcon.colcon_core.verb:set package 'dummy_node1' build argument 'cmake_target_skip_unavailable' from command line to 'False'
[0.389s] Level 5:colcon.colcon_core.verb:set package 'dummy_node1' build argument 'cmake_clean_cache' from command line to 'False'
[0.389s] Level 5:colcon.colcon_core.verb:set package 'dummy_node1' build argument 'cmake_clean_first' from command line to 'False'
[0.389s] Level 5:colcon.colcon_core.verb:set package 'dummy_node1' build argument 'cmake_force_configure' from command line to 'False'
[0.389s] Level 5:colcon.colcon_core.verb:set package 'dummy_node1' build argument 'ament_cmake_args' from command line to 'None'
[0.389s] Level 5:colcon.colcon_core.verb:set package 'dummy_node1' build argument 'catkin_cmake_args' from command line to 'None'
[0.389s] Level 5:colcon.colcon_core.verb:set package 'dummy_node1' build argument 'catkin_skip_building_tests' from command line to 'False'
[0.389s] DEBUG:colcon.colcon_core.verb:Building package 'dummy_node1' with the following arguments: {'ament_cmake_args': None, 'build_base': '/home/joannerizkallah/assignment3/build/dummy_node1', 'catkin_cmake_args': None, 'catkin_skip_building_tests': False, 'cmake_args': None, 'cmake_clean_cache': False, 'cmake_clean_first': False, 'cmake_force_configure': False, 'cmake_target': None, 'cmake_target_skip_unavailable': False, 'install_base': '/home/joannerizkallah/assignment3/install/dummy_node1', 'merge_install': False, 'path': '/home/joannerizkallah/assignment3/src/dummy_node1', 'symlink_install': False, 'test_result_base': None}
[0.390s] Level 5:colcon.colcon_core.verb:set package 'dummy_node2' build argument 'cmake_args' from command line to 'None'
[0.390s] Level 5:colcon.colcon_core.verb:set package 'dummy_node2' build argument 'cmake_target' from command line to 'None'
[0.390s] Level 5:colcon.colcon_core.verb:set package 'dummy_node2' build argument 'cmake_target_skip_unavailable' from command line to 'False'
[0.390s] Level 5:colcon.colcon_core.verb:set package 'dummy_node2' build argument 'cmake_clean_cache' from command line to 'False'
[0.390s] Level 5:colcon.colcon_core.verb:set package 'dummy_node2' build argument 'cmake_clean_first' from command line to 'False'
[0.390s] Level 5:colcon.colcon_core.verb:set package 'dummy_node2' build argument 'cmake_force_configure' from command line to 'False'
[0.390s] Level 5:colcon.colcon_core.verb:set package 'dummy_node2' build argument 'ament_cmake_args' from command line to 'None'
[0.390s] Level 5:colcon.colcon_core.verb:set package 'dummy_node2' build argument 'catkin_cmake_args' from command line to 'None'
[0.390s] Level 5:colcon.colcon_core.verb:set package 'dummy_node2' build argument 'catkin_skip_building_tests' from command line to 'False'
[0.390s] DEBUG:colcon.colcon_core.verb:Building package 'dummy_node2' with the following arguments: {'ament_cmake_args': None, 'build_base': '/home/joannerizkallah/assignment3/build/dummy_node2', 'catkin_cmake_args': None, 'catkin_skip_building_tests': False, 'cmake_args': None, 'cmake_clean_cache': False, 'cmake_clean_first': False, 'cmake_force_configure': False, 'cmake_target': None, 'cmake_target_skip_unavailable': False, 'install_base': '/home/joannerizkallah/assignment3/install/dummy_node2', 'merge_install': False, 'path': '/home/joannerizkallah/assignment3/src/dummy_node2', 'symlink_install': False, 'test_result_base': None}
[0.390s] INFO:colcon.colcon_core.executor:Executing jobs using 'parallel' executor
[0.400s] DEBUG:colcon.colcon_parallel_executor.executor.parallel:run_until_complete
[0.400s] INFO:colcon.colcon_ros.task.ament_cmake.build:Building ROS package in '/home/joannerizkallah/assignment3/src/interfaces' with build type 'ament_cmake'
[0.402s] INFO:colcon.colcon_cmake.task.cmake.build:Building CMake package in '/home/joannerizkallah/assignment3/src/interfaces'
[0.410s] INFO:colcon.colcon_core.plugin_system:Skipping extension 'colcon_core.shell.bat': Not used on non-Windows systems
[0.410s] INFO:colcon.colcon_core.shell:Skip shell extension 'powershell' for command environment: Not usable outside of PowerShell
[0.410s] DEBUG:colcon.colcon_core.shell:Skip shell extension 'dsv' for command environment
[0.500s] DEBUG:colcon.colcon_core.event_handler.log_command:Invoking command in '/home/joannerizkallah/assignment3/build/interfaces': CMAKE_PREFIX_PATH=${CMAKE_PREFIX_PATH}:/opt/ros/humble /usr/bin/cmake --build /home/joannerizkallah/assignment3/build/interfaces -- -j4 -l4
[1.660s] DEBUG:colcon.colcon_core.event_handler.log_command:Invoked command in '/home/joannerizkallah/assignment3/build/interfaces' returned '0': CMAKE_PREFIX_PATH=${CMAKE_PREFIX_PATH}:/opt/ros/humble /usr/bin/cmake --build /home/joannerizkallah/assignment3/build/interfaces -- -j4 -l4
[1.965s] DEBUG:colcon.colcon_core.event_handler.log_command:Invoking command in '/home/joannerizkallah/assignment3/build/interfaces': CMAKE_PREFIX_PATH=${CMAKE_PREFIX_PATH}:/opt/ros/humble /usr/bin/cmake --install /home/joannerizkallah/assignment3/build/interfaces
[2.038s] Level 1:colcon.colcon_core.environment:create_environment_scripts_only(interfaces)
[2.039s] DEBUG:colcon.colcon_core.event_handler.log_command:Invoked command in '/home/joannerizkallah/assignment3/build/interfaces' returned '0': CMAKE_PREFIX_PATH=${CMAKE_PREFIX_PATH}:/opt/ros/humble /usr/bin/cmake --install /home/joannerizkallah/assignment3/build/interfaces
[2.043s] Level 1:colcon.colcon_core.environment:checking '/home/joannerizkallah/assignment3/install/interfaces' for CMake module files
[2.043s] Level 1:colcon.colcon_core.environment:checking '/home/joannerizkallah/assignment3/install/interfaces' for CMake config files
[2.044s] Level 1:colcon.colcon_core.shell:create_environment_hook('interfaces', 'cmake_prefix_path')
[2.045s] INFO:colcon.colcon_core.shell:Creating environment hook '/home/joannerizkallah/assignment3/install/interfaces/share/interfaces/hook/cmake_prefix_path.ps1'
[2.045s] INFO:colcon.colcon_core.shell:Creating environment descriptor '/home/joannerizkallah/assignment3/install/interfaces/share/interfaces/hook/cmake_prefix_path.dsv'
[2.046s] INFO:colcon.colcon_core.shell:Creating environment hook '/home/joannerizkallah/assignment3/install/interfaces/share/interfaces/hook/cmake_prefix_path.sh'
[2.047s] Level 1:colcon.colcon_core.environment:checking '/home/joannerizkallah/assignment3/install/interfaces/lib'
[2.048s] Level 1:colcon.colcon_core.shell:create_environment_hook('interfaces', 'ld_library_path_lib')
[2.049s] INFO:colcon.colcon_core.shell:Creating environment hook '/home/joannerizkallah/assignment3/install/interfaces/share/interfaces/hook/ld_library_path_lib.ps1'
[2.049s] INFO:colcon.colcon_core.shell:Creating environment descriptor '/home/joannerizkallah/assignment3/install/interfaces/share/interfaces/hook/ld_library_path_lib.dsv'
[2.050s] INFO:colcon.colcon_core.shell:Creating environment hook '/home/joannerizkallah/assignment3/install/interfaces/share/interfaces/hook/ld_library_path_lib.sh'
[2.051s] Level 1:colcon.colcon_core.environment:checking '/home/joannerizkallah/assignment3/install/interfaces/bin'
[2.051s] Level 1:colcon.colcon_core.environment:checking '/home/joannerizkallah/assignment3/install/interfaces/lib/pkgconfig/interfaces.pc'
[2.051s] Level 1:colcon.colcon_core.environment:checking '/home/joannerizkallah/assignment3/install/interfaces/lib/python3.10/site-packages'
[2.051s] Level 1:colcon.colcon_core.environment:checking '/home/joannerizkallah/assignment3/install/interfaces/bin'
[2.052s] INFO:colcon.colcon_core.shell:Creating package script '/home/joannerizkallah/assignment3/install/interfaces/share/interfaces/package.ps1'
[2.053s] INFO:colcon.colcon_core.shell:Creating package descriptor '/home/joannerizkallah/assignment3/install/interfaces/share/interfaces/package.dsv'
[2.054s] INFO:colcon.colcon_core.shell:Creating package script '/home/joannerizkallah/assignment3/install/interfaces/share/interfaces/package.sh'
[2.054s] INFO:colcon.colcon_core.shell:Creating package script '/home/joannerizkallah/assignment3/install/interfaces/share/interfaces/package.bash'
[2.055s] INFO:colcon.colcon_core.shell:Creating package script '/home/joannerizkallah/assignment3/install/interfaces/share/interfaces/package.zsh'
[2.056s] Level 1:colcon.colcon_core.environment:create_file_with_runtime_dependencies(/home/joannerizkallah/assignment3/install/interfaces/share/colcon-core/packages/interfaces)
[2.273s] Level 1:colcon.colcon_core.environment:create_environment_scripts_only(interfaces)
[2.274s] Level 1:colcon.colcon_core.environment:checking '/home/joannerizkallah/assignment3/install/interfaces' for CMake module files
[2.275s] Level 1:colcon.colcon_core.environment:checking '/home/joannerizkallah/assignment3/install/interfaces' for CMake config files
[2.276s] Level 1:colcon.colcon_core.shell:create_environment_hook('interfaces', 'cmake_prefix_path')
[2.277s] INFO:colcon.colcon_core.shell:Creating environment hook '/home/joannerizkallah/assignment3/install/interfaces/share/interfaces/hook/cmake_prefix_path.ps1'
[2.277s] INFO:colcon.colcon_core.shell:Creating environment descriptor '/home/joannerizkallah/assignment3/install/interfaces/share/interfaces/hook/cmake_prefix_path.dsv'
[2.278s] INFO:colcon.colcon_core.shell:Creating environment hook '/home/joannerizkallah/assignment3/install/interfaces/share/interfaces/hook/cmake_prefix_path.sh'
[2.279s] Level 1:colcon.colcon_core.environment:checking '/home/joannerizkallah/assignment3/install/interfaces/lib'
[2.279s] Level 1:colcon.colcon_core.shell:create_environment_hook('interfaces', 'ld_library_path_lib')
[2.285s] INFO:colcon.colcon_core.shell:Creating environment hook '/home/joannerizkallah/assignment3/install/interfaces/share/interfaces/hook/ld_library_path_lib.ps1'
[2.288s] INFO:colcon.colcon_core.shell:Creating environment descriptor '/home/joannerizkallah/assignment3/install/interfaces/share/interfaces/hook/ld_library_path_lib.dsv'
[2.289s] INFO:colcon.colcon_core.shell:Creating environment hook '/home/joannerizkallah/assignment3/install/interfaces/share/interfaces/hook/ld_library_path_lib.sh'
[2.304s] Level 1:colcon.colcon_core.environment:checking '/home/joannerizkallah/assignment3/install/interfaces/bin'
[2.305s] Level 1:colcon.colcon_core.environment:checking '/home/joannerizkallah/assignment3/install/interfaces/lib/pkgconfig/interfaces.pc'
[2.305s] Level 1:colcon.colcon_core.environment:checking '/home/joannerizkallah/assignment3/install/interfaces/lib/python3.10/site-packages'
[2.305s] Level 1:colcon.colcon_core.environment:checking '/home/joannerizkallah/assignment3/install/interfaces/bin'
[2.310s] INFO:colcon.colcon_core.shell:Creating package script '/home/joannerizkallah/assignment3/install/interfaces/share/interfaces/package.ps1'
[2.316s] INFO:colcon.colcon_core.shell:Creating package descriptor '/home/joannerizkallah/assignment3/install/interfaces/share/interfaces/package.dsv'
[2.318s] INFO:colcon.colcon_core.shell:Creating package script '/home/joannerizkallah/assignment3/install/interfaces/share/interfaces/package.sh'
[2.323s] INFO:colcon.colcon_core.shell:Creating package script '/home/joannerizkallah/assignment3/install/interfaces/share/interfaces/package.bash'
[2.325s] INFO:colcon.colcon_core.shell:Creating package script '/home/joannerizkallah/assignment3/install/interfaces/share/interfaces/package.zsh'
[2.326s] Level 1:colcon.colcon_core.environment:create_file_with_runtime_dependencies(/home/joannerizkallah/assignment3/install/interfaces/share/colcon-core/packages/interfaces)
[2.353s] INFO:colcon.colcon_ros.task.ament_cmake.build:Building ROS package in '/home/joannerizkallah/assignment3/src/dummy_node1' with build type 'ament_cmake'
[2.353s] INFO:colcon.colcon_cmake.task.cmake.build:Building CMake package in '/home/joannerizkallah/assignment3/src/dummy_node1'
[2.355s] INFO:colcon.colcon_core.shell:Skip shell extension 'powershell' for command environment: Not usable outside of PowerShell
[2.355s] DEBUG:colcon.colcon_core.shell:Skip shell extension 'dsv' for command environment
[2.361s] INFO:colcon.colcon_ros.task.ament_cmake.build:Building ROS package in '/home/joannerizkallah/assignment3/src/dummy_node2' with build type 'ament_cmake'
[2.361s] INFO:colcon.colcon_cmake.task.cmake.build:Building CMake package in '/home/joannerizkallah/assignment3/src/dummy_node2'
[2.362s] INFO:colcon.colcon_core.shell:Skip shell extension 'powershell' for command environment: Not usable outside of PowerShell
[2.362s] DEBUG:colcon.colcon_core.shell:Skip shell extension 'dsv' for command environment
[2.437s] DEBUG:colcon.colcon_core.event_handler.log_command:Invoking command in '/home/joannerizkallah/assignment3/build/dummy_node1': CMAKE_PREFIX_PATH=/home/joannerizkallah/assignment3/install/interfaces:/home/joannerizkallah/assignment3/install/dummy_node2:/home/joannerizkallah/assignment3/install/dummy_node1:/opt/ros/humble LD_LIBRARY_PATH=/home/joannerizkallah/assignment3/install/interfaces/lib:/home/joannerizkallah/assignment3/install/dummy_node2/lib:/home/joannerizkallah/assignment3/install/dummy_node1/lib:/opt/ros/humble/opt/rviz_ogre_vendor/lib:/opt/ros/humble/lib/x86_64-linux-gnu:/opt/ros/humble/lib /usr/bin/cmake --build /home/joannerizkallah/assignment3/build/dummy_node1 -- -j4 -l4
[2.441s] DEBUG:colcon.colcon_core.event_handler.log_command:Invoking command in '/home/joannerizkallah/assignment3/build/dummy_node2': CMAKE_PREFIX_PATH=/home/joannerizkallah/assignment3/install/interfaces:/home/joannerizkallah/assignment3/install/dummy_node2:/home/joannerizkallah/assignment3/install/dummy_node1:/opt/ros/humble LD_LIBRARY_PATH=/home/joannerizkallah/assignment3/install/interfaces/lib:/home/joannerizkallah/assignment3/install/dummy_node2/lib:/home/joannerizkallah/assignment3/install/dummy_node1/lib:/opt/ros/humble/opt/rviz_ogre_vendor/lib:/opt/ros/humble/lib/x86_64-linux-gnu:/opt/ros/humble/lib /usr/bin/cmake --build /home/joannerizkallah/assignment3/build/dummy_node2 -- -j4 -l4
[2.643s] DEBUG:colcon.colcon_core.event_handler.log_command:Invoked command in '/home/joannerizkallah/assignment3/build/dummy_node2' returned '0': CMAKE_PREFIX_PATH=/home/joannerizkallah/assignment3/install/interfaces:/home/joannerizkallah/assignment3/install/dummy_node2:/home/joannerizkallah/assignment3/install/dummy_node1:/opt/ros/humble LD_LIBRARY_PATH=/home/joannerizkallah/assignment3/install/interfaces/lib:/home/joannerizkallah/assignment3/install/dummy_node2/lib:/home/joannerizkallah/assignment3/install/dummy_node1/lib:/opt/ros/humble/opt/rviz_ogre_vendor/lib:/opt/ros/humble/lib/x86_64-linux-gnu:/opt/ros/humble/lib /usr/bin/cmake --build /home/joannerizkallah/assignment3/build/dummy_node2 -- -j4 -l4
[2.749s] DEBUG:colcon.colcon_core.event_handler.log_command:Invoking command in '/home/joannerizkallah/assignment3/build/dummy_node2': CMAKE_PREFIX_PATH=/home/joannerizkallah/assignment3/install/interfaces:/home/joannerizkallah/assignment3/install/dummy_node2:/home/joannerizkallah/assignment3/install/dummy_node1:/opt/ros/humble LD_LIBRARY_PATH=/home/joannerizkallah/assignment3/install/interfaces/lib:/home/joannerizkallah/assignment3/install/dummy_node2/lib:/home/joannerizkallah/assignment3/install/dummy_node1/lib:/opt/ros/humble/opt/rviz_ogre_vendor/lib:/opt/ros/humble/lib/x86_64-linux-gnu:/opt/ros/humble/lib /usr/bin/cmake --install /home/joannerizkallah/assignment3/build/dummy_node2
[2.766s] Level 1:colcon.colcon_core.environment:create_environment_scripts_only(dummy_node2)
[2.768s] Level 1:colcon.colcon_core.environment:checking '/home/joannerizkallah/assignment3/install/dummy_node2' for CMake module files
[2.769s] DEBUG:colcon.colcon_core.event_handler.log_command:Invoked command in '/home/joannerizkallah/assignment3/build/dummy_node2' returned '0': CMAKE_PREFIX_PATH=/home/joannerizkallah/assignment3/install/interfaces:/home/joannerizkallah/assignment3/install/dummy_node2:/home/joannerizkallah/assignment3/install/dummy_node1:/opt/ros/humble LD_LIBRARY_PATH=/home/joannerizkallah/assignment3/install/interfaces/lib:/home/joannerizkallah/assignment3/install/dummy_node2/lib:/home/joannerizkallah/assignment3/install/dummy_node1/lib:/opt/ros/humble/opt/rviz_ogre_vendor/lib:/opt/ros/humble/lib/x86_64-linux-gnu:/opt/ros/humble/lib /usr/bin/cmake --install /home/joannerizkallah/assignment3/build/dummy_node2
[2.769s] Level 1:colcon.colcon_core.environment:checking '/home/joannerizkallah/assignment3/install/dummy_node2' for CMake config files
[2.769s] Level 1:colcon.colcon_core.shell:create_environment_hook('dummy_node2', 'cmake_prefix_path')
[2.770s] INFO:colcon.colcon_core.shell:Creating environment hook '/home/joannerizkallah/assignment3/install/dummy_node2/share/dummy_node2/hook/cmake_prefix_path.ps1'
[2.771s] INFO:colcon.colcon_core.shell:Creating environment descriptor '/home/joannerizkallah/assignment3/install/dummy_node2/share/dummy_node2/hook/cmake_prefix_path.dsv'
[2.771s] INFO:colcon.colcon_core.shell:Creating environment hook '/home/joannerizkallah/assignment3/install/dummy_node2/share/dummy_node2/hook/cmake_prefix_path.sh'
[2.772s] Level 1:colcon.colcon_core.environment:checking '/home/joannerizkallah/assignment3/install/dummy_node2/lib'
[2.772s] Level 1:colcon.colcon_core.shell:create_environment_hook('dummy_node2', 'ld_library_path_lib')
[2.774s] INFO:colcon.colcon_core.shell:Creating environment hook '/home/joannerizkallah/assignment3/install/dummy_node2/share/dummy_node2/hook/ld_library_path_lib.ps1'
[2.774s] INFO:colcon.colcon_core.shell:Creating environment descriptor '/home/joannerizkallah/assignment3/install/dummy_node2/share/dummy_node2/hook/ld_library_path_lib.dsv'
[2.775s] INFO:colcon.colcon_core.shell:Creating environment hook '/home/joannerizkallah/assignment3/install/dummy_node2/share/dummy_node2/hook/ld_library_path_lib.sh'
[2.775s] Level 1:colcon.colcon_core.environment:checking '/home/joannerizkallah/assignment3/install/dummy_node2/bin'
[2.775s] Level 1:colcon.colcon_core.environment:checking '/home/joannerizkallah/assignment3/install/dummy_node2/lib/pkgconfig/dummy_node2.pc'
[2.776s] Level 1:colcon.colcon_core.environment:checking '/home/joannerizkallah/assignment3/install/dummy_node2/lib/python3.10/site-packages'
[2.776s] Level 1:colcon.colcon_core.environment:checking '/home/joannerizkallah/assignment3/install/dummy_node2/bin'
[2.777s] INFO:colcon.colcon_core.shell:Creating package script '/home/joannerizkallah/assignment3/install/dummy_node2/share/dummy_node2/package.ps1'
[2.778s] INFO:colcon.colcon_core.shell:Creating package descriptor '/home/joannerizkallah/assignment3/install/dummy_node2/share/dummy_node2/package.dsv'
[2.778s] INFO:colcon.colcon_core.shell:Creating package script '/home/joannerizkallah/assignment3/install/dummy_node2/share/dummy_node2/package.sh'
[2.783s] INFO:colcon.colcon_core.shell:Creating package script '/home/joannerizkallah/assignment3/install/dummy_node2/share/dummy_node2/package.bash'
[2.784s] INFO:colcon.colcon_core.shell:Creating package script '/home/joannerizkallah/assignment3/install/dummy_node2/share/dummy_node2/package.zsh'
[2.784s] Level 1:colcon.colcon_core.environment:create_file_with_runtime_dependencies(/home/joannerizkallah/assignment3/install/dummy_node2/share/colcon-core/packages/dummy_node2)
[2.875s] Level 1:colcon.colcon_core.environment:create_environment_scripts_only(dummy_node2)
[2.876s] Level 1:colcon.colcon_core.environment:checking '/home/joannerizkallah/assignment3/install/dummy_node2' for CMake module files
[2.877s] Level 1:colcon.colcon_core.environment:checking '/home/joannerizkallah/assignment3/install/dummy_node2' for CMake config files
[2.877s] Level 1:colcon.colcon_core.shell:create_environment_hook('dummy_node2', 'cmake_prefix_path')
[2.878s] INFO:colcon.colcon_core.shell:Creating environment hook '/home/joannerizkallah/assignment3/install/dummy_node2/share/dummy_node2/hook/cmake_prefix_path.ps1'
[2.878s] INFO:colcon.colcon_core.shell:Creating environment descriptor '/home/joannerizkallah/assignment3/install/dummy_node2/share/dummy_node2/hook/cmake_prefix_path.dsv'
[2.879s] INFO:colcon.colcon_core.shell:Creating environment hook '/home/joannerizkallah/assignment3/install/dummy_node2/share/dummy_node2/hook/cmake_prefix_path.sh'
[2.880s] Level 1:colcon.colcon_core.environment:checking '/home/joannerizkallah/assignment3/install/dummy_node2/lib'
[2.880s] Level 1:colcon.colcon_core.shell:create_environment_hook('dummy_node2', 'ld_library_path_lib')
[2.881s] INFO:colcon.colcon_core.shell:Creating environment hook '/home/joannerizkallah/assignment3/install/dummy_node2/share/dummy_node2/hook/ld_library_path_lib.ps1'
[2.881s] INFO:colcon.colcon_core.shell:Creating environment descriptor '/home/joannerizkallah/assignment3/install/dummy_node2/share/dummy_node2/hook/ld_library_path_lib.dsv'
[2.882s] INFO:colcon.colcon_core.shell:Creating environment hook '/home/joannerizkallah/assignment3/install/dummy_node2/share/dummy_node2/hook/ld_library_path_lib.sh'
[2.883s] Level 1:colcon.colcon_core.environment:checking '/home/joannerizkallah/assignment3/install/dummy_node2/bin'
[2.883s] Level 1:colcon.colcon_core.environment:checking '/home/joannerizkallah/assignment3/install/dummy_node2/lib/pkgconfig/dummy_node2.pc'
[2.883s] Level 1:colcon.colcon_core.environment:checking '/home/joannerizkallah/assignment3/install/dummy_node2/lib/python3.10/site-packages'
[2.883s] Level 1:colcon.colcon_core.environment:checking '/home/joannerizkallah/assignment3/install/dummy_node2/bin'
[2.884s] INFO:colcon.colcon_core.shell:Creating package script '/home/joannerizkallah/assignment3/install/dummy_node2/share/dummy_node2/package.ps1'
[2.885s] INFO:colcon.colcon_core.shell:Creating package descriptor '/home/joannerizkallah/assignment3/install/dummy_node2/share/dummy_node2/package.dsv'
[2.886s] INFO:colcon.colcon_core.shell:Creating package script '/home/joannerizkallah/assignment3/install/dummy_node2/share/dummy_node2/package.sh'
[2.886s] INFO:colcon.colcon_core.shell:Creating package script '/home/joannerizkallah/assignment3/install/dummy_node2/share/dummy_node2/package.bash'
[2.887s] INFO:colcon.colcon_core.shell:Creating package script '/home/joannerizkallah/assignment3/install/dummy_node2/share/dummy_node2/package.zsh'
[2.887s] Level 1:colcon.colcon_core.environment:create_file_with_runtime_dependencies(/home/joannerizkallah/assignment3/install/dummy_node2/share/colcon-core/packages/dummy_node2)
[6.027s] DEBUG:colcon.colcon_core.event_handler.log_command:Invoked command in '/home/joannerizkallah/assignment3/build/dummy_node1' returned '2': CMAKE_PREFIX_PATH=/home/joannerizkallah/assignment3/install/interfaces:/home/joannerizkallah/assignment3/install/dummy_node2:/home/joannerizkallah/assignment3/install/dummy_node1:/opt/ros/humble LD_LIBRARY_PATH=/home/joannerizkallah/assignment3/install/interfaces/lib:/home/joannerizkallah/assignment3/install/dummy_node2/lib:/home/joannerizkallah/assignment3/install/dummy_node1/lib:/opt/ros/humble/opt/rviz_ogre_vendor/lib:/opt/ros/humble/lib/x86_64-linux-gnu:/opt/ros/humble/lib /usr/bin/cmake --build /home/joannerizkallah/assignment3/build/dummy_node1 -- -j4 -l4
[6.113s] Level 1:colcon.colcon_core.environment:create_environment_scripts_only(dummy_node1)
[6.115s] Level 1:colcon.colcon_core.environment:checking '/home/joannerizkallah/assignment3/install/dummy_node1' for CMake module files
[6.116s] Level 1:colcon.colcon_core.environment:checking '/home/joannerizkallah/assignment3/install/dummy_node1' for CMake config files
[6.116s] Level 1:colcon.colcon_core.shell:create_environment_hook('dummy_node1', 'cmake_prefix_path')
[6.120s] INFO:colcon.colcon_core.shell:Creating environment hook '/home/joannerizkallah/assignment3/install/dummy_node1/share/dummy_node1/hook/cmake_prefix_path.ps1'
[6.121s] INFO:colcon.colcon_core.shell:Creating environment descriptor '/home/joannerizkallah/assignment3/install/dummy_node1/share/dummy_node1/hook/cmake_prefix_path.dsv'
[6.121s] INFO:colcon.colcon_core.shell:Creating environment hook '/home/joannerizkallah/assignment3/install/dummy_node1/share/dummy_node1/hook/cmake_prefix_path.sh'
[6.122s] Level 1:colcon.colcon_core.environment:checking '/home/joannerizkallah/assignment3/install/dummy_node1/lib'
[6.122s] Level 1:colcon.colcon_core.shell:create_environment_hook('dummy_node1', 'ld_library_path_lib')
[6.123s] INFO:colcon.colcon_core.shell:Creating environment hook '/home/joannerizkallah/assignment3/install/dummy_node1/share/dummy_node1/hook/ld_library_path_lib.ps1'
[6.124s] INFO:colcon.colcon_core.shell:Creating environment descriptor '/home/joannerizkallah/assignment3/install/dummy_node1/share/dummy_node1/hook/ld_library_path_lib.dsv'
[6.124s] INFO:colcon.colcon_core.shell:Creating environment hook '/home/joannerizkallah/assignment3/install/dummy_node1/share/dummy_node1/hook/ld_library_path_lib.sh'
[6.125s] Level 1:colcon.colcon_core.environment:checking '/home/joannerizkallah/assignment3/install/dummy_node1/bin'
[6.125s] Level 1:colcon.colcon_core.environment:checking '/home/joannerizkallah/assignment3/install/dummy_node1/lib/pkgconfig/dummy_node1.pc'
[6.125s] Level 1:colcon.colcon_core.environment:checking '/home/joannerizkallah/assignment3/install/dummy_node1/lib/python3.10/site-packages'
[6.125s] Level 1:colcon.colcon_core.environment:checking '/home/joannerizkallah/assignment3/install/dummy_node1/bin'
[6.127s] INFO:colcon.colcon_core.shell:Creating package script '/home/joannerizkallah/assignment3/install/dummy_node1/share/dummy_node1/package.ps1'
[6.127s] INFO:colcon.colcon_core.shell:Creating package descriptor '/home/joannerizkallah/assignment3/install/dummy_node1/share/dummy_node1/package.dsv'
[6.128s] INFO:colcon.colcon_core.shell:Creating package script '/home/joannerizkallah/assignment3/install/dummy_node1/share/dummy_node1/package.sh'
[6.128s] INFO:colcon.colcon_core.shell:Creating package script '/home/joannerizkallah/assignment3/install/dummy_node1/share/dummy_node1/package.bash'
[6.129s] INFO:colcon.colcon_core.shell:Creating package script '/home/joannerizkallah/assignment3/install/dummy_node1/share/dummy_node1/package.zsh'
[6.129s] Level 1:colcon.colcon_core.environment:create_file_with_runtime_dependencies(/home/joannerizkallah/assignment3/install/dummy_node1/share/colcon-core/packages/dummy_node1)
[6.131s] DEBUG:colcon.colcon_parallel_executor.executor.parallel:closing loop
[6.131s] DEBUG:colcon.colcon_parallel_executor.executor.parallel:loop closed
[6.131s] DEBUG:colcon.colcon_parallel_executor.executor.parallel:run_until_complete finished with '2'
[6.131s] DEBUG:colcon.colcon_core.event_reactor:joining thread
[6.137s] INFO:colcon.colcon_core.plugin_system:Skipping extension 'colcon_notification.desktop_notification.terminal_notifier': Not used on non-Darwin systems
[6.137s] INFO:colcon.colcon_core.plugin_system:Skipping extension 'colcon_notification.desktop_notification.win32': Not used on non-Windows systems
[6.137s] INFO:colcon.colcon_notification.desktop_notification:Sending desktop notification using 'notify2'
[6.153s] DEBUG:colcon.colcon_core.event_reactor:joined thread
[6.156s] INFO:colcon.colcon_core.shell:Creating prefix script '/home/joannerizkallah/assignment3/install/local_setup.ps1'
[6.158s] INFO:colcon.colcon_core.shell:Creating prefix util module '/home/joannerizkallah/assignment3/install/_local_setup_util_ps1.py'
[6.160s] INFO:colcon.colcon_core.shell:Creating prefix chain script '/home/joannerizkallah/assignment3/install/setup.ps1'
[6.162s] INFO:colcon.colcon_core.shell:Creating prefix script '/home/joannerizkallah/assignment3/install/local_setup.sh'
[6.168s] INFO:colcon.colcon_core.shell:Creating prefix util module '/home/joannerizkallah/assignment3/install/_local_setup_util_sh.py'
[6.169s] INFO:colcon.colcon_core.shell:Creating prefix chain script '/home/joannerizkallah/assignment3/install/setup.sh'
[6.186s] INFO:colcon.colcon_core.shell:Creating prefix script '/home/joannerizkallah/assignment3/install/local_setup.bash'
[6.189s] INFO:colcon.colcon_core.shell:Creating prefix chain script '/home/joannerizkallah/assignment3/install/setup.bash'
[6.192s] INFO:colcon.colcon_core.shell:Creating prefix script '/home/joannerizkallah/assignment3/install/local_setup.zsh'
[6.193s] INFO:colcon.colcon_core.shell:Creating prefix chain script '/home/joannerizkallah/assignment3/install/setup.zsh'
