-- Found ament_cmake: 1.3.5 (/opt/ros/humble/share/ament_cmake/cmake)
-- Found rclcpp: 16.0.4 (/opt/ros/humble/share/rclcpp/cmake)
-- Found rosidl_generator_c: 3.1.4 (/opt/ros/humble/share/rosidl_generator_c/cmake)
-- Found rosidl_adapter: 3.1.4 (/opt/ros/humble/share/rosidl_adapter/cmake)
-- Found rosidl_generator_cpp: 3.1.4 (/opt/ros/humble/share/rosidl_generator_cpp/cmake)
-- Using all available rosidl_typesupport_c: rosidl_typesupport_fastrtps_c;rosidl_typesupport_introspection_c
-- Using all available rosidl_typesupport_cpp: rosidl_typesupport_fastrtps_cpp;rosidl_typesupport_introspection_cpp
-- Found rmw_implementation_cmake: 6.1.1 (/opt/ros/humble/share/rmw_implementation_cmake/cmake)
-- Found rmw_fastrtps_cpp: 6.2.2 (/opt/ros/humble/share/rmw_fastrtps_cpp/cmake)
-- Using RMW implementation 'rmw_fastrtps_cpp' as default
-- Found rclcpp_action: 16.0.4 (/opt/ros/humble/share/rclcpp_action/cmake)
-- Found rclcpp_components: 16.0.4 (/opt/ros/humble/share/rclcpp_components/cmake)
-- Found interfaces: 0.0.0 (/home/joannerizkallah/assignment3/install/interfaces/share/interfaces/cmake)
-- Configuring done
-- Generating done
-- Build files have been written to: /home/joannerizkallah/assignment3/build/dummy_node1
[35m[1mConsolidate compiler generated dependencies of target dummy_server[0m
[35m[1mConsolidate compiler generated dependencies of target dummy_cpp_node[0m
[35m[1mConsolidate compiler generated dependencies of target action_server[0m
[ 16%] [32mBuilding CXX object CMakeFiles/dummy_server.dir/src/dummy_cpp_lib.cpp.o[0m
[ 33%] [32mBuilding CXX object CMakeFiles/dummy_cpp_node.dir/rclcpp_components/node_main_dummy_cpp_node.cpp.o[0m
[ 50%] [32mBuilding CXX object CMakeFiles/action_server.dir/src/dummy_cpp_node.cpp.o[0m
[ 66%] [32m[1mLinking CXX shared library libdummy_server.so[0m
[ 66%] Built target dummy_server
[01m[K/home/joannerizkallah/assignment3/src/dummy_node1/src/dummy_cpp_node.cpp:[m[K In member function ‘[01m[Krclcpp_action::GoalResponse action_cpp::CustomActionServer::handle_goal(const GoalUUID&, std::shared_ptr<const interfaces::action::Custom_Goal_<std::allocator<void> > >)[m[K’:
[01m[K/home/joannerizkallah/assignment3/src/dummy_node1/src/dummy_cpp_node.cpp:40:41:[m[K [01;35m[Kwarning: [m[Kunused parameter ‘[01m[Kgoal[m[K’ [[01;35m[K]8;;https://gcc.gnu.org/onlinedocs/gcc/Warning-Options.html#index-Wunused-parameter-Wunused-parameter]8;;[m[K]
   40 |     [01;35m[Kstd::shared_ptr<const Custom::Goal> goal[m[K)
      |     [01;35m[K~~~~~~~~~~~~~~~~~~~~~~~~~~~~~~~~~~~~^~~~[m[K
[ 83%] [32m[1mLinking CXX executable dummy_cpp_node[0m
[100%] [32m[1mLinking CXX shared library libaction_server.so[0m
[100%] Built target dummy_cpp_node
[100%] Built target action_server
-- Install configuration: ""
-- Installing: /home/joannerizkallah/assignment3/install/dummy_node1/lib/dummy_node1/dummy_cpp_node
-- Set runtime path of "/home/joannerizkallah/assignment3/install/dummy_node1/lib/dummy_node1/dummy_cpp_node" to ""
-- Installing: /home/joannerizkallah/assignment3/install/dummy_node1/lib/libaction_server.so
-- Set runtime path of "/home/joannerizkallah/assignment3/install/dummy_node1/lib/libaction_server.so" to ""
-- Installing: /home/joannerizkallah/assignment3/install/dummy_node1/lib/libdummy_server.so
-- Set runtime path of "/home/joannerizkallah/assignment3/install/dummy_node1/lib/libdummy_server.so" to ""
-- Installing: /home/joannerizkallah/assignment3/install/dummy_node1/share/dummy_node1//config
-- Installing: /home/joannerizkallah/assignment3/install/dummy_node1/share/dummy_node1//config/dummy_config.yaml
-- Installing: /home/joannerizkallah/assignment3/install/dummy_node1/share/dummy_node1//launch
-- Installing: /home/joannerizkallah/assignment3/install/dummy_node1/share/dummy_node1//launch/dummy.launch.py
-- Installing: /home/joannerizkallah/assignment3/install/dummy_node1/share/ament_index/resource_index/package_run_dependencies/dummy_node1
-- Installing: /home/joannerizkallah/assignment3/install/dummy_node1/share/ament_index/resource_index/parent_prefix_path/dummy_node1
-- Installing: /home/joannerizkallah/assignment3/install/dummy_node1/share/dummy_node1/environment/ament_prefix_path.sh
-- Installing: /home/joannerizkallah/assignment3/install/dummy_node1/share/dummy_node1/environment/ament_prefix_path.dsv
-- Installing: /home/joannerizkallah/assignment3/install/dummy_node1/share/dummy_node1/environment/path.sh
-- Installing: /home/joannerizkallah/assignment3/install/dummy_node1/share/dummy_node1/environment/path.dsv
-- Installing: /home/joannerizkallah/assignment3/install/dummy_node1/share/dummy_node1/local_setup.bash
-- Installing: /home/joannerizkallah/assignment3/install/dummy_node1/share/dummy_node1/local_setup.sh
-- Installing: /home/joannerizkallah/assignment3/install/dummy_node1/share/dummy_node1/local_setup.zsh
-- Installing: /home/joannerizkallah/assignment3/install/dummy_node1/share/dummy_node1/local_setup.dsv
-- Installing: /home/joannerizkallah/assignment3/install/dummy_node1/share/dummy_node1/package.dsv
-- Installing: /home/joannerizkallah/assignment3/install/dummy_node1/share/ament_index/resource_index/packages/dummy_node1
-- Installing: /home/joannerizkallah/assignment3/install/dummy_node1/share/ament_index/resource_index/rclcpp_components/dummy_node1
-- Installing: /home/joannerizkallah/assignment3/install/dummy_node1/share/dummy_node1/cmake/dummy_node1Config.cmake
-- Installing: /home/joannerizkallah/assignment3/install/dummy_node1/share/dummy_node1/cmake/dummy_node1Config-version.cmake
-- Installing: /home/joannerizkallah/assignment3/install/dummy_node1/share/dummy_node1/package.xml
