[0.710s] DEBUG:colcon:Command line arguments: ['/usr/bin/colcon', 'build']
[0.710s] DEBUG:colcon:Parsed command line arguments: Namespace(log_base=None, log_level=None, verb_name='build', build_base='build', install_base='install', merge_install=False, symlink_install=False, test_result_base=None, continue_on_error=False, executor='parallel', parallel_workers=4, event_handlers=None, ignore_user_meta=False, metas=['./colcon.meta'], base_paths=['.'], packages_ignore=None, packages_ignore_regex=None, paths=None, packages_up_to=None, packages_up_to_regex=None, packages_above=None, packages_above_and_dependencies=None, packages_above_depth=None, packages_select_by_dep=None, packages_skip_by_dep=None, packages_skip_up_to=None, packages_select_build_failed=False, packages_skip_build_finished=False, packages_select_test_failures=False, packages_skip_test_passed=False, packages_select=None, packages_skip=None, packages_select_regex=None, packages_skip_regex=None, packages_start=None, packages_end=None, allow_overriding=[], cmake_args=None, cmake_target=None, cmake_target_skip_unavailable=False, cmake_clean_cache=False, cmake_clean_first=False, cmake_force_configure=False, ament_cmake_args=None, catkin_cmake_args=None, catkin_skip_building_tests=False, verb_parser=<colcon_defaults.argument_parser.defaults.DefaultArgumentsDecorator object at 0x7fadb53614e0>, verb_extension=<colcon_core.verb.build.BuildVerb object at 0x7fadb5b7aec0>, main=<bound method BuildVerb.main of <colcon_core.verb.build.BuildVerb object at 0x7fadb5b7aec0>>)
[0.799s] Level 1:colcon.colcon_core.package_discovery:discover_packages(colcon_meta) check parameters
[0.799s] Level 1:colcon.colcon_core.package_discovery:discover_packages(recursive) check parameters
[0.799s] Level 1:colcon.colcon_core.package_discovery:discover_packages(ignore) check parameters
[0.799s] Level 1:colcon.colcon_core.package_discovery:discover_packages(path) check parameters
[0.799s] Level 1:colcon.colcon_core.package_discovery:discover_packages(colcon_meta) discover
[0.799s] Level 1:colcon.colcon_core.package_discovery:discover_packages(recursive) discover
[0.799s] INFO:colcon.colcon_core.package_discovery:Crawling recursively for packages in '/home/joannerizkallah/assignment3'
[0.799s] Level 1:colcon.colcon_core.package_identification:_identify(.) by extensions ['ignore', 'ignore_ament_install']
[0.802s] Level 1:colcon.colcon_core.package_identification:_identify(.) by extension 'ignore'
[0.802s] Level 1:colcon.colcon_core.package_identification:_identify(.) by extension 'ignore_ament_install'
[0.802s] Level 1:colcon.colcon_core.package_identification:_identify(.) by extensions ['colcon_pkg']
[0.802s] Level 1:colcon.colcon_core.package_identification:_identify(.) by extension 'colcon_pkg'
[0.802s] Level 1:colcon.colcon_core.package_identification:_identify(.) by extensions ['colcon_meta']
[0.802s] Level 1:colcon.colcon_core.package_identification:_identify(.) by extension 'colcon_meta'
[0.802s] Level 1:colcon.colcon_core.package_identification:_identify(.) by extensions ['ros']
[0.802s] Level 1:colcon.colcon_core.package_identification:_identify(.) by extension 'ros'
[0.834s] Level 1:colcon.colcon_core.package_identification:_identify(.) by extensions ['cmake', 'python']
[0.834s] Level 1:colcon.colcon_core.package_identification:_identify(.) by extension 'cmake'
[0.834s] Level 1:colcon.colcon_core.package_identification:_identify(.) by extension 'python'
[0.834s] Level 1:colcon.colcon_core.package_identification:_identify(.) by extensions ['python_setup_py']
[0.834s] Level 1:colcon.colcon_core.package_identification:_identify(.) by extension 'python_setup_py'
[0.834s] Level 1:colcon.colcon_core.package_identification:_identify(build) by extensions ['ignore', 'ignore_ament_install']
[0.835s] Level 1:colcon.colcon_core.package_identification:_identify(build) by extension 'ignore'
[0.835s] Level 1:colcon.colcon_core.package_identification:_identify(build) ignored
[0.835s] Level 1:colcon.colcon_core.package_identification:_identify(install) by extensions ['ignore', 'ignore_ament_install']
[0.835s] Level 1:colcon.colcon_core.package_identification:_identify(install) by extension 'ignore'
[0.835s] Level 1:colcon.colcon_core.package_identification:_identify(install) ignored
[0.835s] Level 1:colcon.colcon_core.package_identification:_identify(log) by extensions ['ignore', 'ignore_ament_install']
[0.835s] Level 1:colcon.colcon_core.package_identification:_identify(log) by extension 'ignore'
[0.835s] Level 1:colcon.colcon_core.package_identification:_identify(log) ignored
[0.835s] Level 1:colcon.colcon_core.package_identification:_identify(src) by extensions ['ignore', 'ignore_ament_install']
[0.836s] Level 1:colcon.colcon_core.package_identification:_identify(src) by extension 'ignore'
[0.836s] Level 1:colcon.colcon_core.package_identification:_identify(src) by extension 'ignore_ament_install'
[0.836s] Level 1:colcon.colcon_core.package_identification:_identify(src) by extensions ['colcon_pkg']
[0.836s] Level 1:colcon.colcon_core.package_identification:_identify(src) by extension 'colcon_pkg'
[0.836s] Level 1:colcon.colcon_core.package_identification:_identify(src) by extensions ['colcon_meta']
[0.836s] Level 1:colcon.colcon_core.package_identification:_identify(src) by extension 'colcon_meta'
[0.836s] Level 1:colcon.colcon_core.package_identification:_identify(src) by extensions ['ros']
[0.836s] Level 1:colcon.colcon_core.package_identification:_identify(src) by extension 'ros'
[0.836s] Level 1:colcon.colcon_core.package_identification:_identify(src) by extensions ['cmake', 'python']
[0.836s] Level 1:colcon.colcon_core.package_identification:_identify(src) by extension 'cmake'
[0.836s] Level 1:colcon.colcon_core.package_identification:_identify(src) by extension 'python'
[0.836s] Level 1:colcon.colcon_core.package_identification:_identify(src) by extensions ['python_setup_py']
[0.836s] Level 1:colcon.colcon_core.package_identification:_identify(src) by extension 'python_setup_py'
[0.836s] Level 1:colcon.colcon_core.package_identification:_identify(src/dummy_node1) by extensions ['ignore', 'ignore_ament_install']
[0.836s] Level 1:colcon.colcon_core.package_identification:_identify(src/dummy_node1) by extension 'ignore'
[0.837s] Level 1:colcon.colcon_core.package_identification:_identify(src/dummy_node1) by extension 'ignore_ament_install'
[0.837s] Level 1:colcon.colcon_core.package_identification:_identify(src/dummy_node1) by extensions ['colcon_pkg']
[0.837s] Level 1:colcon.colcon_core.package_identification:_identify(src/dummy_node1) by extension 'colcon_pkg'
[0.837s] Level 1:colcon.colcon_core.package_identification:_identify(src/dummy_node1) by extensions ['colcon_meta']
[0.837s] Level 1:colcon.colcon_core.package_identification:_identify(src/dummy_node1) by extension 'colcon_meta'
[0.837s] Level 1:colcon.colcon_core.package_identification:_identify(src/dummy_node1) by extensions ['ros']
[0.837s] Level 1:colcon.colcon_core.package_identification:_identify(src/dummy_node1) by extension 'ros'
[0.840s] DEBUG:colcon.colcon_core.package_identification:Package 'src/dummy_node1' with type 'ros.ament_cmake' and name 'dummy_node1'
[0.842s] Level 1:colcon.colcon_core.package_identification:_identify(src/dummy_node2) by extensions ['ignore', 'ignore_ament_install']
[0.842s] Level 1:colcon.colcon_core.package_identification:_identify(src/dummy_node2) by extension 'ignore'
[0.842s] Level 1:colcon.colcon_core.package_identification:_identify(src/dummy_node2) by extension 'ignore_ament_install'
[0.842s] Level 1:colcon.colcon_core.package_identification:_identify(src/dummy_node2) by extensions ['colcon_pkg']
[0.842s] Level 1:colcon.colcon_core.package_identification:_identify(src/dummy_node2) by extension 'colcon_pkg'
[0.843s] Level 1:colcon.colcon_core.package_identification:_identify(src/dummy_node2) by extensions ['colcon_meta']
[0.843s] Level 1:colcon.colcon_core.package_identification:_identify(src/dummy_node2) by extension 'colcon_meta'
[0.843s] Level 1:colcon.colcon_core.package_identification:_identify(src/dummy_node2) by extensions ['ros']
[0.843s] Level 1:colcon.colcon_core.package_identification:_identify(src/dummy_node2) by extension 'ros'
[0.845s] DEBUG:colcon.colcon_core.package_identification:Package 'src/dummy_node2' with type 'ros.ament_cmake' and name 'dummy_node2'
[0.846s] Level 1:colcon.colcon_core.package_identification:_identify(src/interfaces) by extensions ['ignore', 'ignore_ament_install']
[0.846s] Level 1:colcon.colcon_core.package_identification:_identify(src/interfaces) by extension 'ignore'
[0.846s] Level 1:colcon.colcon_core.package_identification:_identify(src/interfaces) by extension 'ignore_ament_install'
[0.846s] Level 1:colcon.colcon_core.package_identification:_identify(src/interfaces) by extensions ['colcon_pkg']
[0.846s] Level 1:colcon.colcon_core.package_identification:_identify(src/interfaces) by extension 'colcon_pkg'
[0.846s] Level 1:colcon.colcon_core.package_identification:_identify(src/interfaces) by extensions ['colcon_meta']
[0.846s] Level 1:colcon.colcon_core.package_identification:_identify(src/interfaces) by extension 'colcon_meta'
[0.846s] Level 1:colcon.colcon_core.package_identification:_identify(src/interfaces) by extensions ['ros']
[0.846s] Level 1:colcon.colcon_core.package_identification:_identify(src/interfaces) by extension 'ros'
[0.847s] DEBUG:colcon.colcon_core.package_identification:Package 'src/interfaces' with type 'ros.ament_cmake' and name 'interfaces'
[0.847s] Level 1:colcon.colcon_core.package_discovery:discover_packages(recursive) using defaults
[0.847s] Level 1:colcon.colcon_core.package_discovery:discover_packages(ignore) discover
[0.847s] Level 1:colcon.colcon_core.package_discovery:discover_packages(ignore) using defaults
[0.847s] Level 1:colcon.colcon_core.package_discovery:discover_packages(path) discover
[0.847s] Level 1:colcon.colcon_core.package_discovery:discover_packages(path) using defaults
[0.916s] Level 1:colcon.colcon_core.package_discovery:discover_packages(prefix_path) check parameters
[0.916s] Level 1:colcon.colcon_core.package_discovery:discover_packages(prefix_path) discover
[0.921s] DEBUG:colcon.colcon_installed_package_information.package_discovery:Found 3 installed packages in /home/joannerizkallah/assignment3/install
[0.925s] DEBUG:colcon.colcon_installed_package_information.package_discovery:Found 270 installed packages in /opt/ros/humble
[0.929s] Level 1:colcon.colcon_core.package_discovery:discover_packages(prefix_path) using defaults
[1.070s] Level 5:colcon.colcon_core.verb:set package 'interfaces' build argument 'cmake_args' from command line to 'None'
[1.070s] Level 5:colcon.colcon_core.verb:set package 'interfaces' build argument 'cmake_target' from command line to 'None'
[1.070s] Level 5:colcon.colcon_core.verb:set package 'interfaces' build argument 'cmake_target_skip_unavailable' from command line to 'False'
[1.071s] Level 5:colcon.colcon_core.verb:set package 'interfaces' build argument 'cmake_clean_cache' from command line to 'False'
[1.071s] Level 5:colcon.colcon_core.verb:set package 'interfaces' build argument 'cmake_clean_first' from command line to 'False'
[1.071s] Level 5:colcon.colcon_core.verb:set package 'interfaces' build argument 'cmake_force_configure' from command line to 'False'
[1.071s] Level 5:colcon.colcon_core.verb:set package 'interfaces' build argument 'ament_cmake_args' from command line to 'None'
[1.071s] Level 5:colcon.colcon_core.verb:set package 'interfaces' build argument 'catkin_cmake_args' from command line to 'None'
[1.071s] Level 5:colcon.colcon_core.verb:set package 'interfaces' build argument 'catkin_skip_building_tests' from command line to 'False'
[1.071s] DEBUG:colcon.colcon_core.verb:Building package 'interfaces' with the following arguments: {'ament_cmake_args': None, 'build_base': '/home/joannerizkallah/assignment3/build/interfaces', 'catkin_cmake_args': None, 'catkin_skip_building_tests': False, 'cmake_args': None, 'cmake_clean_cache': False, 'cmake_clean_first': False, 'cmake_force_configure': False, 'cmake_target': None, 'cmake_target_skip_unavailable': False, 'install_base': '/home/joannerizkallah/assignment3/install/interfaces', 'merge_install': False, 'path': '/home/joannerizkallah/assignment3/src/interfaces', 'symlink_install': False, 'test_result_base': None}
[1.072s] Level 5:colcon.colcon_core.verb:set package 'dummy_node1' build argument 'cmake_args' from command line to 'None'
[1.072s] Level 5:colcon.colcon_core.verb:set package 'dummy_node1' build argument 'cmake_target' from command line to 'None'
[1.072s] Level 5:colcon.colcon_core.verb:set package 'dummy_node1' build argument 'cmake_target_skip_unavailable' from command line to 'False'
[1.072s] Level 5:colcon.colcon_core.verb:set package 'dummy_node1' build argument 'cmake_clean_cache' from command line to 'False'
[1.074s] Level 5:colcon.colcon_core.verb:set package 'dummy_node1' build argument 'cmake_clean_first' from command line to 'False'
[1.074s] Level 5:colcon.colcon_core.verb:set package 'dummy_node1' build argument 'cmake_force_configure' from command line to 'False'
[1.074s] Level 5:colcon.colcon_core.verb:set package 'dummy_node1' build argument 'ament_cmake_args' from command line to 'None'
[1.074s] Level 5:colcon.colcon_core.verb:set package 'dummy_node1' build argument 'catkin_cmake_args' from command line to 'None'
[1.074s] Level 5:colcon.colcon_core.verb:set package 'dummy_node1' build argument 'catkin_skip_building_tests' from command line to 'False'
[1.074s] DEBUG:colcon.colcon_core.verb:Building package 'dummy_node1' with the following arguments: {'ament_cmake_args': None, 'build_base': '/home/joannerizkallah/assignment3/build/dummy_node1', 'catkin_cmake_args': None, 'catkin_skip_building_tests': False, 'cmake_args': None, 'cmake_clean_cache': False, 'cmake_clean_first': False, 'cmake_force_configure': False, 'cmake_target': None, 'cmake_target_skip_unavailable': False, 'install_base': '/home/joannerizkallah/assignment3/install/dummy_node1', 'merge_install': False, 'path': '/home/joannerizkallah/assignment3/src/dummy_node1', 'symlink_install': False, 'test_result_base': None}
[1.075s] Level 5:colcon.colcon_core.verb:set package 'dummy_node2' build argument 'cmake_args' from command line to 'None'
[1.075s] Level 5:colcon.colcon_core.verb:set package 'dummy_node2' build argument 'cmake_target' from command line to 'None'
[1.075s] Level 5:colcon.colcon_core.verb:set package 'dummy_node2' build argument 'cmake_target_skip_unavailable' from command line to 'False'
[1.075s] Level 5:colcon.colcon_core.verb:set package 'dummy_node2' build argument 'cmake_clean_cache' from command line to 'False'
[1.075s] Level 5:colcon.colcon_core.verb:set package 'dummy_node2' build argument 'cmake_clean_first' from command line to 'False'
[1.075s] Level 5:colcon.colcon_core.verb:set package 'dummy_node2' build argument 'cmake_force_configure' from command line to 'False'
[1.075s] Level 5:colcon.colcon_core.verb:set package 'dummy_node2' build argument 'ament_cmake_args' from command line to 'None'
[1.076s] Level 5:colcon.colcon_core.verb:set package 'dummy_node2' build argument 'catkin_cmake_args' from command line to 'None'
[1.076s] Level 5:colcon.colcon_core.verb:set package 'dummy_node2' build argument 'catkin_skip_building_tests' from command line to 'False'
[1.076s] DEBUG:colcon.colcon_core.verb:Building package 'dummy_node2' with the following arguments: {'ament_cmake_args': None, 'build_base': '/home/joannerizkallah/assignment3/build/dummy_node2', 'catkin_cmake_args': None, 'catkin_skip_building_tests': False, 'cmake_args': None, 'cmake_clean_cache': False, 'cmake_clean_first': False, 'cmake_force_configure': False, 'cmake_target': None, 'cmake_target_skip_unavailable': False, 'install_base': '/home/joannerizkallah/assignment3/install/dummy_node2', 'merge_install': False, 'path': '/home/joannerizkallah/assignment3/src/dummy_node2', 'symlink_install': False, 'test_result_base': None}
[1.077s] INFO:colcon.colcon_core.executor:Executing jobs using 'parallel' executor
[1.085s] DEBUG:colcon.colcon_parallel_executor.executor.parallel:run_until_complete
[1.085s] INFO:colcon.colcon_ros.task.ament_cmake.build:Building ROS package in '/home/joannerizkallah/assignment3/src/interfaces' with build type 'ament_cmake'
[1.087s] INFO:colcon.colcon_cmake.task.cmake.build:Building CMake package in '/home/joannerizkallah/assignment3/src/interfaces'
[1.106s] INFO:colcon.colcon_core.plugin_system:Skipping extension 'colcon_core.shell.bat': Not used on non-Windows systems
[1.107s] INFO:colcon.colcon_core.shell:Skip shell extension 'powershell' for command environment: Not usable outside of PowerShell
[1.107s] DEBUG:colcon.colcon_core.shell:Skip shell extension 'dsv' for command environment
[1.253s] DEBUG:colcon.colcon_core.event_handler.log_command:Invoking command in '/home/joannerizkallah/assignment3/build/interfaces': CMAKE_PREFIX_PATH=${CMAKE_PREFIX_PATH}:/opt/ros/humble /usr/bin/cmake --build /home/joannerizkallah/assignment3/build/interfaces -- -j4 -l4
[2.035s] DEBUG:colcon.colcon_core.event_handler.log_command:Invoked command in '/home/joannerizkallah/assignment3/build/interfaces' returned '0': CMAKE_PREFIX_PATH=${CMAKE_PREFIX_PATH}:/opt/ros/humble /usr/bin/cmake --build /home/joannerizkallah/assignment3/build/interfaces -- -j4 -l4
[2.393s] DEBUG:colcon.colcon_core.event_handler.log_command:Invoking command in '/home/joannerizkallah/assignment3/build/interfaces': CMAKE_PREFIX_PATH=${CMAKE_PREFIX_PATH}:/opt/ros/humble /usr/bin/cmake --install /home/joannerizkallah/assignment3/build/interfaces
[2.501s] Level 1:colcon.colcon_core.environment:create_environment_scripts_only(interfaces)
[2.502s] DEBUG:colcon.colcon_core.event_handler.log_command:Invoked command in '/home/joannerizkallah/assignment3/build/interfaces' returned '0': CMAKE_PREFIX_PATH=${CMAKE_PREFIX_PATH}:/opt/ros/humble /usr/bin/cmake --install /home/joannerizkallah/assignment3/build/interfaces
[2.507s] Level 1:colcon.colcon_core.environment:checking '/home/joannerizkallah/assignment3/install/interfaces' for CMake module files
[2.508s] Level 1:colcon.colcon_core.environment:checking '/home/joannerizkallah/assignment3/install/interfaces' for CMake config files
[2.508s] Level 1:colcon.colcon_core.shell:create_environment_hook('interfaces', 'cmake_prefix_path')
[2.510s] INFO:colcon.colcon_core.shell:Creating environment hook '/home/joannerizkallah/assignment3/install/interfaces/share/interfaces/hook/cmake_prefix_path.ps1'
[2.511s] INFO:colcon.colcon_core.shell:Creating environment descriptor '/home/joannerizkallah/assignment3/install/interfaces/share/interfaces/hook/cmake_prefix_path.dsv'
[2.511s] INFO:colcon.colcon_core.shell:Creating environment hook '/home/joannerizkallah/assignment3/install/interfaces/share/interfaces/hook/cmake_prefix_path.sh'
[2.513s] Level 1:colcon.colcon_core.environment:checking '/home/joannerizkallah/assignment3/install/interfaces/lib'
[2.513s] Level 1:colcon.colcon_core.shell:create_environment_hook('interfaces', 'ld_library_path_lib')
[2.514s] INFO:colcon.colcon_core.shell:Creating environment hook '/home/joannerizkallah/assignment3/install/interfaces/share/interfaces/hook/ld_library_path_lib.ps1'
[2.515s] INFO:colcon.colcon_core.shell:Creating environment descriptor '/home/joannerizkallah/assignment3/install/interfaces/share/interfaces/hook/ld_library_path_lib.dsv'
[2.516s] INFO:colcon.colcon_core.shell:Creating environment hook '/home/joannerizkallah/assignment3/install/interfaces/share/interfaces/hook/ld_library_path_lib.sh'
[2.516s] Level 1:colcon.colcon_core.environment:checking '/home/joannerizkallah/assignment3/install/interfaces/bin'
[2.516s] Level 1:colcon.colcon_core.environment:checking '/home/joannerizkallah/assignment3/install/interfaces/lib/pkgconfig/interfaces.pc'
[2.517s] Level 1:colcon.colcon_core.environment:checking '/home/joannerizkallah/assignment3/install/interfaces/lib/python3.10/site-packages'
[2.517s] Level 1:colcon.colcon_core.environment:checking '/home/joannerizkallah/assignment3/install/interfaces/bin'
[2.519s] INFO:colcon.colcon_core.shell:Creating package script '/home/joannerizkallah/assignment3/install/interfaces/share/interfaces/package.ps1'
[2.520s] INFO:colcon.colcon_core.shell:Creating package descriptor '/home/joannerizkallah/assignment3/install/interfaces/share/interfaces/package.dsv'
[2.521s] INFO:colcon.colcon_core.shell:Creating package script '/home/joannerizkallah/assignment3/install/interfaces/share/interfaces/package.sh'
[2.522s] INFO:colcon.colcon_core.shell:Creating package script '/home/joannerizkallah/assignment3/install/interfaces/share/interfaces/package.bash'
[2.523s] INFO:colcon.colcon_core.shell:Creating package script '/home/joannerizkallah/assignment3/install/interfaces/share/interfaces/package.zsh'
[2.524s] Level 1:colcon.colcon_core.environment:create_file_with_runtime_dependencies(/home/joannerizkallah/assignment3/install/interfaces/share/colcon-core/packages/interfaces)
[2.788s] Level 1:colcon.colcon_core.environment:create_environment_scripts_only(interfaces)
[2.790s] Level 1:colcon.colcon_core.environment:checking '/home/joannerizkallah/assignment3/install/interfaces' for CMake module files
[2.791s] Level 1:colcon.colcon_core.environment:checking '/home/joannerizkallah/assignment3/install/interfaces' for CMake config files
[2.791s] Level 1:colcon.colcon_core.shell:create_environment_hook('interfaces', 'cmake_prefix_path')
[2.793s] INFO:colcon.colcon_core.shell:Creating environment hook '/home/joannerizkallah/assignment3/install/interfaces/share/interfaces/hook/cmake_prefix_path.ps1'
[2.793s] INFO:colcon.colcon_core.shell:Creating environment descriptor '/home/joannerizkallah/assignment3/install/interfaces/share/interfaces/hook/cmake_prefix_path.dsv'
[2.794s] INFO:colcon.colcon_core.shell:Creating environment hook '/home/joannerizkallah/assignment3/install/interfaces/share/interfaces/hook/cmake_prefix_path.sh'
[2.795s] Level 1:colcon.colcon_core.environment:checking '/home/joannerizkallah/assignment3/install/interfaces/lib'
[2.795s] Level 1:colcon.colcon_core.shell:create_environment_hook('interfaces', 'ld_library_path_lib')
[2.799s] INFO:colcon.colcon_core.shell:Creating environment hook '/home/joannerizkallah/assignment3/install/interfaces/share/interfaces/hook/ld_library_path_lib.ps1'
[2.801s] INFO:colcon.colcon_core.shell:Creating environment descriptor '/home/joannerizkallah/assignment3/install/interfaces/share/interfaces/hook/ld_library_path_lib.dsv'
[2.801s] INFO:colcon.colcon_core.shell:Creating environment hook '/home/joannerizkallah/assignment3/install/interfaces/share/interfaces/hook/ld_library_path_lib.sh'
[2.804s] Level 1:colcon.colcon_core.environment:checking '/home/joannerizkallah/assignment3/install/interfaces/bin'
[2.804s] Level 1:colcon.colcon_core.environment:checking '/home/joannerizkallah/assignment3/install/interfaces/lib/pkgconfig/interfaces.pc'
[2.804s] Level 1:colcon.colcon_core.environment:checking '/home/joannerizkallah/assignment3/install/interfaces/lib/python3.10/site-packages'
[2.804s] Level 1:colcon.colcon_core.environment:checking '/home/joannerizkallah/assignment3/install/interfaces/bin'
[2.806s] INFO:colcon.colcon_core.shell:Creating package script '/home/joannerizkallah/assignment3/install/interfaces/share/interfaces/package.ps1'
[2.807s] INFO:colcon.colcon_core.shell:Creating package descriptor '/home/joannerizkallah/assignment3/install/interfaces/share/interfaces/package.dsv'
[2.807s] INFO:colcon.colcon_core.shell:Creating package script '/home/joannerizkallah/assignment3/install/interfaces/share/interfaces/package.sh'
[2.807s] INFO:colcon.colcon_core.shell:Creating package script '/home/joannerizkallah/assignment3/install/interfaces/share/interfaces/package.bash'
[2.808s] INFO:colcon.colcon_core.shell:Creating package script '/home/joannerizkallah/assignment3/install/interfaces/share/interfaces/package.zsh'
[2.808s] Level 1:colcon.colcon_core.environment:create_file_with_runtime_dependencies(/home/joannerizkallah/assignment3/install/interfaces/share/colcon-core/packages/interfaces)
[2.810s] INFO:colcon.colcon_ros.task.ament_cmake.build:Building ROS package in '/home/joannerizkallah/assignment3/src/dummy_node1' with build type 'ament_cmake'
[2.811s] INFO:colcon.colcon_cmake.task.cmake.build:Building CMake package in '/home/joannerizkallah/assignment3/src/dummy_node1'
[2.812s] INFO:colcon.colcon_core.shell:Skip shell extension 'powershell' for command environment: Not usable outside of PowerShell
[2.812s] DEBUG:colcon.colcon_core.shell:Skip shell extension 'dsv' for command environment
[2.818s] INFO:colcon.colcon_ros.task.ament_cmake.build:Building ROS package in '/home/joannerizkallah/assignment3/src/dummy_node2' with build type 'ament_cmake'
[2.819s] INFO:colcon.colcon_cmake.task.cmake.build:Building CMake package in '/home/joannerizkallah/assignment3/src/dummy_node2'
[2.821s] INFO:colcon.colcon_core.shell:Skip shell extension 'powershell' for command environment: Not usable outside of PowerShell
[2.821s] DEBUG:colcon.colcon_core.shell:Skip shell extension 'dsv' for command environment
[2.902s] DEBUG:colcon.colcon_core.event_handler.log_command:Invoking command in '/home/joannerizkallah/assignment3/build/dummy_node1': CMAKE_PREFIX_PATH=/home/joannerizkallah/assignment3/install/interfaces:/home/joannerizkallah/assignment3/install/dummy_node2:/home/joannerizkallah/assignment3/install/dummy_node1:/opt/ros/humble LD_LIBRARY_PATH=/home/joannerizkallah/assignment3/install/interfaces/lib:/home/joannerizkallah/assignment3/install/dummy_node2/lib:/home/joannerizkallah/assignment3/install/dummy_node1/lib:/opt/ros/humble/opt/rviz_ogre_vendor/lib:/opt/ros/humble/lib/x86_64-linux-gnu:/opt/ros/humble/lib /usr/bin/cmake --build /home/joannerizkallah/assignment3/build/dummy_node1 -- -j4 -l4
[2.956s] DEBUG:colcon.colcon_core.event_handler.log_command:Invoking command in '/home/joannerizkallah/assignment3/build/dummy_node2': CMAKE_PREFIX_PATH=/home/joannerizkallah/assignment3/install/interfaces:/home/joannerizkallah/assignment3/install/dummy_node2:/home/joannerizkallah/assignment3/install/dummy_node1:/opt/ros/humble LD_LIBRARY_PATH=/home/joannerizkallah/assignment3/install/interfaces/lib:/home/joannerizkallah/assignment3/install/dummy_node2/lib:/home/joannerizkallah/assignment3/install/dummy_node1/lib:/opt/ros/humble/opt/rviz_ogre_vendor/lib:/opt/ros/humble/lib/x86_64-linux-gnu:/opt/ros/humble/lib /usr/bin/cmake --build /home/joannerizkallah/assignment3/build/dummy_node2 -- -j4 -l4
[3.124s] DEBUG:colcon.colcon_core.event_handler.log_command:Invoked command in '/home/joannerizkallah/assignment3/build/dummy_node2' returned '0': CMAKE_PREFIX_PATH=/home/joannerizkallah/assignment3/install/interfaces:/home/joannerizkallah/assignment3/install/dummy_node2:/home/joannerizkallah/assignment3/install/dummy_node1:/opt/ros/humble LD_LIBRARY_PATH=/home/joannerizkallah/assignment3/install/interfaces/lib:/home/joannerizkallah/assignment3/install/dummy_node2/lib:/home/joannerizkallah/assignment3/install/dummy_node1/lib:/opt/ros/humble/opt/rviz_ogre_vendor/lib:/opt/ros/humble/lib/x86_64-linux-gnu:/opt/ros/humble/lib /usr/bin/cmake --build /home/joannerizkallah/assignment3/build/dummy_node2 -- -j4 -l4
[3.245s] DEBUG:colcon.colcon_core.event_handler.log_command:Invoking command in '/home/joannerizkallah/assignment3/build/dummy_node2': CMAKE_PREFIX_PATH=/home/joannerizkallah/assignment3/install/interfaces:/home/joannerizkallah/assignment3/install/dummy_node2:/home/joannerizkallah/assignment3/install/dummy_node1:/opt/ros/humble LD_LIBRARY_PATH=/home/joannerizkallah/assignment3/install/interfaces/lib:/home/joannerizkallah/assignment3/install/dummy_node2/lib:/home/joannerizkallah/assignment3/install/dummy_node1/lib:/opt/ros/humble/opt/rviz_ogre_vendor/lib:/opt/ros/humble/lib/x86_64-linux-gnu:/opt/ros/humble/lib /usr/bin/cmake --install /home/joannerizkallah/assignment3/build/dummy_node2
[3.267s] Level 1:colcon.colcon_core.environment:create_environment_scripts_only(dummy_node2)
[3.269s] Level 1:colcon.colcon_core.environment:checking '/home/joannerizkallah/assignment3/install/dummy_node2' for CMake module files
[3.271s] DEBUG:colcon.colcon_core.event_handler.log_command:Invoked command in '/home/joannerizkallah/assignment3/build/dummy_node2' returned '0': CMAKE_PREFIX_PATH=/home/joannerizkallah/assignment3/install/interfaces:/home/joannerizkallah/assignment3/install/dummy_node2:/home/joannerizkallah/assignment3/install/dummy_node1:/opt/ros/humble LD_LIBRARY_PATH=/home/joannerizkallah/assignment3/install/interfaces/lib:/home/joannerizkallah/assignment3/install/dummy_node2/lib:/home/joannerizkallah/assignment3/install/dummy_node1/lib:/opt/ros/humble/opt/rviz_ogre_vendor/lib:/opt/ros/humble/lib/x86_64-linux-gnu:/opt/ros/humble/lib /usr/bin/cmake --install /home/joannerizkallah/assignment3/build/dummy_node2
[3.271s] Level 1:colcon.colcon_core.environment:checking '/home/joannerizkallah/assignment3/install/dummy_node2' for CMake config files
[3.272s] Level 1:colcon.colcon_core.shell:create_environment_hook('dummy_node2', 'cmake_prefix_path')
[3.274s] INFO:colcon.colcon_core.shell:Creating environment hook '/home/joannerizkallah/assignment3/install/dummy_node2/share/dummy_node2/hook/cmake_prefix_path.ps1'
[3.276s] INFO:colcon.colcon_core.shell:Creating environment descriptor '/home/joannerizkallah/assignment3/install/dummy_node2/share/dummy_node2/hook/cmake_prefix_path.dsv'
[3.276s] INFO:colcon.colcon_core.shell:Creating environment hook '/home/joannerizkallah/assignment3/install/dummy_node2/share/dummy_node2/hook/cmake_prefix_path.sh'
[3.277s] Level 1:colcon.colcon_core.environment:checking '/home/joannerizkallah/assignment3/install/dummy_node2/lib'
[3.278s] Level 1:colcon.colcon_core.shell:create_environment_hook('dummy_node2', 'ld_library_path_lib')
[3.279s] INFO:colcon.colcon_core.shell:Creating environment hook '/home/joannerizkallah/assignment3/install/dummy_node2/share/dummy_node2/hook/ld_library_path_lib.ps1'
[3.280s] INFO:colcon.colcon_core.shell:Creating environment descriptor '/home/joannerizkallah/assignment3/install/dummy_node2/share/dummy_node2/hook/ld_library_path_lib.dsv'
[3.281s] INFO:colcon.colcon_core.shell:Creating environment hook '/home/joannerizkallah/assignment3/install/dummy_node2/share/dummy_node2/hook/ld_library_path_lib.sh'
[3.282s] Level 1:colcon.colcon_core.environment:checking '/home/joannerizkallah/assignment3/install/dummy_node2/bin'
[3.283s] Level 1:colcon.colcon_core.environment:checking '/home/joannerizkallah/assignment3/install/dummy_node2/lib/pkgconfig/dummy_node2.pc'
[3.284s] Level 1:colcon.colcon_core.environment:checking '/home/joannerizkallah/assignment3/install/dummy_node2/lib/python3.10/site-packages'
[3.288s] Level 1:colcon.colcon_core.environment:checking '/home/joannerizkallah/assignment3/install/dummy_node2/bin'
[3.290s] INFO:colcon.colcon_core.shell:Creating package script '/home/joannerizkallah/assignment3/install/dummy_node2/share/dummy_node2/package.ps1'
[3.292s] INFO:colcon.colcon_core.shell:Creating package descriptor '/home/joannerizkallah/assignment3/install/dummy_node2/share/dummy_node2/package.dsv'
[3.293s] INFO:colcon.colcon_core.shell:Creating package script '/home/joannerizkallah/assignment3/install/dummy_node2/share/dummy_node2/package.sh'
[3.295s] INFO:colcon.colcon_core.shell:Creating package script '/home/joannerizkallah/assignment3/install/dummy_node2/share/dummy_node2/package.bash'
[3.295s] INFO:colcon.colcon_core.shell:Creating package script '/home/joannerizkallah/assignment3/install/dummy_node2/share/dummy_node2/package.zsh'
[3.296s] Level 1:colcon.colcon_core.environment:create_file_with_runtime_dependencies(/home/joannerizkallah/assignment3/install/dummy_node2/share/colcon-core/packages/dummy_node2)
[3.383s] Level 1:colcon.colcon_core.environment:create_environment_scripts_only(dummy_node2)
[3.385s] Level 1:colcon.colcon_core.environment:checking '/home/joannerizkallah/assignment3/install/dummy_node2' for CMake module files
[3.385s] Level 1:colcon.colcon_core.environment:checking '/home/joannerizkallah/assignment3/install/dummy_node2' for CMake config files
[3.386s] Level 1:colcon.colcon_core.shell:create_environment_hook('dummy_node2', 'cmake_prefix_path')
[3.386s] INFO:colcon.colcon_core.shell:Creating environment hook '/home/joannerizkallah/assignment3/install/dummy_node2/share/dummy_node2/hook/cmake_prefix_path.ps1'
[3.387s] INFO:colcon.colcon_core.shell:Creating environment descriptor '/home/joannerizkallah/assignment3/install/dummy_node2/share/dummy_node2/hook/cmake_prefix_path.dsv'
[3.388s] INFO:colcon.colcon_core.shell:Creating environment hook '/home/joannerizkallah/assignment3/install/dummy_node2/share/dummy_node2/hook/cmake_prefix_path.sh'
[3.388s] Level 1:colcon.colcon_core.environment:checking '/home/joannerizkallah/assignment3/install/dummy_node2/lib'
[3.389s] Level 1:colcon.colcon_core.shell:create_environment_hook('dummy_node2', 'ld_library_path_lib')
[3.390s] INFO:colcon.colcon_core.shell:Creating environment hook '/home/joannerizkallah/assignment3/install/dummy_node2/share/dummy_node2/hook/ld_library_path_lib.ps1'
[3.390s] INFO:colcon.colcon_core.shell:Creating environment descriptor '/home/joannerizkallah/assignment3/install/dummy_node2/share/dummy_node2/hook/ld_library_path_lib.dsv'
[3.391s] INFO:colcon.colcon_core.shell:Creating environment hook '/home/joannerizkallah/assignment3/install/dummy_node2/share/dummy_node2/hook/ld_library_path_lib.sh'
[3.391s] Level 1:colcon.colcon_core.environment:checking '/home/joannerizkallah/assignment3/install/dummy_node2/bin'
[3.391s] Level 1:colcon.colcon_core.environment:checking '/home/joannerizkallah/assignment3/install/dummy_node2/lib/pkgconfig/dummy_node2.pc'
[3.392s] Level 1:colcon.colcon_core.environment:checking '/home/joannerizkallah/assignment3/install/dummy_node2/lib/python3.10/site-packages'
[3.392s] Level 1:colcon.colcon_core.environment:checking '/home/joannerizkallah/assignment3/install/dummy_node2/bin'
[3.393s] INFO:colcon.colcon_core.shell:Creating package script '/home/joannerizkallah/assignment3/install/dummy_node2/share/dummy_node2/package.ps1'
[3.395s] INFO:colcon.colcon_core.shell:Creating package descriptor '/home/joannerizkallah/assignment3/install/dummy_node2/share/dummy_node2/package.dsv'
[3.396s] INFO:colcon.colcon_core.shell:Creating package script '/home/joannerizkallah/assignment3/install/dummy_node2/share/dummy_node2/package.sh'
[3.397s] INFO:colcon.colcon_core.shell:Creating package script '/home/joannerizkallah/assignment3/install/dummy_node2/share/dummy_node2/package.bash'
[3.397s] INFO:colcon.colcon_core.shell:Creating package script '/home/joannerizkallah/assignment3/install/dummy_node2/share/dummy_node2/package.zsh'
[3.398s] Level 1:colcon.colcon_core.environment:create_file_with_runtime_dependencies(/home/joannerizkallah/assignment3/install/dummy_node2/share/colcon-core/packages/dummy_node2)
[14.631s] DEBUG:colcon.colcon_core.event_handler.log_command:Invoked command in '/home/joannerizkallah/assignment3/build/dummy_node1' returned '2': CMAKE_PREFIX_PATH=/home/joannerizkallah/assignment3/install/interfaces:/home/joannerizkallah/assignment3/install/dummy_node2:/home/joannerizkallah/assignment3/install/dummy_node1:/opt/ros/humble LD_LIBRARY_PATH=/home/joannerizkallah/assignment3/install/interfaces/lib:/home/joannerizkallah/assignment3/install/dummy_node2/lib:/home/joannerizkallah/assignment3/install/dummy_node1/lib:/opt/ros/humble/opt/rviz_ogre_vendor/lib:/opt/ros/humble/lib/x86_64-linux-gnu:/opt/ros/humble/lib /usr/bin/cmake --build /home/joannerizkallah/assignment3/build/dummy_node1 -- -j4 -l4
[14.732s] Level 1:colcon.colcon_core.environment:create_environment_scripts_only(dummy_node1)
[14.734s] Level 1:colcon.colcon_core.environment:checking '/home/joannerizkallah/assignment3/install/dummy_node1' for CMake module files
[14.735s] Level 1:colcon.colcon_core.environment:checking '/home/joannerizkallah/assignment3/install/dummy_node1' for CMake config files
[14.736s] Level 1:colcon.colcon_core.shell:create_environment_hook('dummy_node1', 'cmake_prefix_path')
[14.738s] INFO:colcon.colcon_core.shell:Creating environment hook '/home/joannerizkallah/assignment3/install/dummy_node1/share/dummy_node1/hook/cmake_prefix_path.ps1'
[14.739s] INFO:colcon.colcon_core.shell:Creating environment descriptor '/home/joannerizkallah/assignment3/install/dummy_node1/share/dummy_node1/hook/cmake_prefix_path.dsv'
[14.741s] INFO:colcon.colcon_core.shell:Creating environment hook '/home/joannerizkallah/assignment3/install/dummy_node1/share/dummy_node1/hook/cmake_prefix_path.sh'
[14.743s] Level 1:colcon.colcon_core.environment:checking '/home/joannerizkallah/assignment3/install/dummy_node1/lib'
[14.743s] Level 1:colcon.colcon_core.shell:create_environment_hook('dummy_node1', 'ld_library_path_lib')
[14.744s] INFO:colcon.colcon_core.shell:Creating environment hook '/home/joannerizkallah/assignment3/install/dummy_node1/share/dummy_node1/hook/ld_library_path_lib.ps1'
[14.745s] INFO:colcon.colcon_core.shell:Creating environment descriptor '/home/joannerizkallah/assignment3/install/dummy_node1/share/dummy_node1/hook/ld_library_path_lib.dsv'
[14.746s] INFO:colcon.colcon_core.shell:Creating environment hook '/home/joannerizkallah/assignment3/install/dummy_node1/share/dummy_node1/hook/ld_library_path_lib.sh'
[14.747s] Level 1:colcon.colcon_core.environment:checking '/home/joannerizkallah/assignment3/install/dummy_node1/bin'
[14.747s] Level 1:colcon.colcon_core.environment:checking '/home/joannerizkallah/assignment3/install/dummy_node1/lib/pkgconfig/dummy_node1.pc'
[14.748s] Level 1:colcon.colcon_core.environment:checking '/home/joannerizkallah/assignment3/install/dummy_node1/lib/python3.10/site-packages'
[14.748s] Level 1:colcon.colcon_core.environment:checking '/home/joannerizkallah/assignment3/install/dummy_node1/bin'
[14.749s] INFO:colcon.colcon_core.shell:Creating package script '/home/joannerizkallah/assignment3/install/dummy_node1/share/dummy_node1/package.ps1'
[14.751s] INFO:colcon.colcon_core.shell:Creating package descriptor '/home/joannerizkallah/assignment3/install/dummy_node1/share/dummy_node1/package.dsv'
[14.754s] INFO:colcon.colcon_core.shell:Creating package script '/home/joannerizkallah/assignment3/install/dummy_node1/share/dummy_node1/package.sh'
[14.755s] INFO:colcon.colcon_core.shell:Creating package script '/home/joannerizkallah/assignment3/install/dummy_node1/share/dummy_node1/package.bash'
[14.756s] INFO:colcon.colcon_core.shell:Creating package script '/home/joannerizkallah/assignment3/install/dummy_node1/share/dummy_node1/package.zsh'
[14.757s] Level 1:colcon.colcon_core.environment:create_file_with_runtime_dependencies(/home/joannerizkallah/assignment3/install/dummy_node1/share/colcon-core/packages/dummy_node1)
[14.769s] DEBUG:colcon.colcon_parallel_executor.executor.parallel:closing loop
[14.769s] DEBUG:colcon.colcon_parallel_executor.executor.parallel:loop closed
[14.769s] DEBUG:colcon.colcon_parallel_executor.executor.parallel:run_until_complete finished with '2'
[14.769s] DEBUG:colcon.colcon_core.event_reactor:joining thread
[14.780s] INFO:colcon.colcon_core.plugin_system:Skipping extension 'colcon_notification.desktop_notification.terminal_notifier': Not used on non-Darwin systems
[14.781s] INFO:colcon.colcon_core.plugin_system:Skipping extension 'colcon_notification.desktop_notification.win32': Not used on non-Windows systems
[14.781s] INFO:colcon.colcon_notification.desktop_notification:Sending desktop notification using 'notify2'
[14.797s] DEBUG:colcon.colcon_core.event_reactor:joined thread
[14.799s] INFO:colcon.colcon_core.shell:Creating prefix script '/home/joannerizkallah/assignment3/install/local_setup.ps1'
[14.800s] INFO:colcon.colcon_core.shell:Creating prefix util module '/home/joannerizkallah/assignment3/install/_local_setup_util_ps1.py'
[14.802s] INFO:colcon.colcon_core.shell:Creating prefix chain script '/home/joannerizkallah/assignment3/install/setup.ps1'
[14.804s] INFO:colcon.colcon_core.shell:Creating prefix script '/home/joannerizkallah/assignment3/install/local_setup.sh'
[14.805s] INFO:colcon.colcon_core.shell:Creating prefix util module '/home/joannerizkallah/assignment3/install/_local_setup_util_sh.py'
[14.806s] INFO:colcon.colcon_core.shell:Creating prefix chain script '/home/joannerizkallah/assignment3/install/setup.sh'
[14.808s] INFO:colcon.colcon_core.shell:Creating prefix script '/home/joannerizkallah/assignment3/install/local_setup.bash'
[14.809s] INFO:colcon.colcon_core.shell:Creating prefix chain script '/home/joannerizkallah/assignment3/install/setup.bash'
[14.812s] INFO:colcon.colcon_core.shell:Creating prefix script '/home/joannerizkallah/assignment3/install/local_setup.zsh'
[14.812s] INFO:colcon.colcon_core.shell:Creating prefix chain script '/home/joannerizkallah/assignment3/install/setup.zsh'
