[35m[1mConsolidate compiler generated dependencies of target action_server[0m
[ 33%] Built target dummy_server
[ 66%] Built target dummy_cpp_node
[ 83%] [32mBuilding CXX object CMakeFiles/action_server.dir/src/dummy_cpp_node.cpp.o[0m
[01m[K/home/joannerizkallah/assignment3/src/dummy_node1/src/dummy_cpp_node.cpp:[m[K In constructor ‘[01m[Kaction_cpp::CustomActionServer::CustomActionServer(const rclcpp::NodeOptions&)[m[K’:
[01m[K/home/joannerizkallah/assignment3/src/dummy_node1/src/dummy_cpp_node.cpp:31:68:[m[K [01;31m[Kerror: [m[Krequest for member ‘[01m[Kas_string[m[K’ in ‘[01m[K"default_max_linear_velocity"[m[K’, which is of non-class type ‘[01m[Kconst char [28][m[K’
   31 | ax_vel = (this->get_parameter("default_max_linear_velocity".[01;31m[Kas_string[m[K())).stod();
      |                                                             [01;31m[K^~~~~~~~~[m[K

[01m[K/home/joannerizkallah/assignment3/src/dummy_node1/src/dummy_cpp_node.cpp:[m[K In member function ‘[01m[Krclcpp_action::GoalResponse action_cpp::CustomActionServer::handle_goal(const GoalUUID&, std::shared_ptr<const interfaces::action::Custom_Goal_<std::allocator<void> > >)[m[K’:
[01m[K/home/joannerizkallah/assignment3/src/dummy_node1/src/dummy_cpp_node.cpp:40:41:[m[K [01;35m[Kwarning: [m[Kunused parameter ‘[01m[Kgoal[m[K’ [[01;35m[K]8;;https://gcc.gnu.org/onlinedocs/gcc/Warning-Options.html#index-Wunused-parameter-Wunused-parameter]8;;[m[K]
   40 |     [01;35m[Kstd::shared_ptr<const Custom::Goal> goal[m[K)
      |     [01;35m[K~~~~~~~~~~~~~~~~~~~~~~~~~~~~~~~~~~~~^~~~[m[K
[01m[K/home/joannerizkallah/assignment3/src/dummy_node1/src/dummy_cpp_node.cpp:[m[K In member function ‘[01m[Kvoid action_cpp::CustomActionServer::execute(std::shared_ptr<rclcpp_action::ServerGoalHandle<interfaces::action::Custom> >)[m[K’:
[01m[K/home/joannerizkallah/assignment3/src/dummy_node1/src/dummy_cpp_node.cpp:88:37:[m[K [01;31m[Kerror: [m[Kno match for ‘[01m[Koperator-[m[K’ (operand types are ‘[01m[Kdouble[m[K’ and ‘[01m[Kstd::chrono::duration<double>[m[K’)
   88 |       distanceToTarget_ = [32m[Kdistance_[m[K [01;31m[K-[m[K [34m[K(elapsed_seconds*velocity_)[m[K;
      |                           [32m[K~~~~~~~~~[m[K [01;31m[K^[m[K [34m[K~~~~~~~~~~~~~~~~~~~~~~~~~~~[m[K
      |                           [32m[K|[m[K                           [34m[K|[m[K
      |                           [32m[Kdouble[m[K                      [34m[Kstd::chrono::duration<double>[m[K
In file included from [01m[K/usr/include/c++/11/bits/stl_algobase.h:67[m[K,
                 from [01m[K/usr/include/c++/11/array:40[m[K,
                 from [01m[K/usr/include/c++/11/tuple:39[m[K,
                 from [01m[K/usr/include/c++/11/functional:54[m[K,
                 from [01m[K/home/joannerizkallah/assignment3/src/dummy_node1/src/dummy_cpp_node.cpp:1[m[K:
[01m[K/usr/include/c++/11/bits/stl_iterator.h:560:5:[m[K [01;36m[Knote: [m[Kcandidate: ‘[01m[Ktemplate<class _IteratorL, class _IteratorR> constexpr decltype ((__y.base() - __x.base())) std::operator-(const std::reverse_iterator<_Iterator>&, const std::reverse_iterator<_IteratorR>&)[m[K’
  560 |     [01;36m[Koperator[m[K-(const reverse_iterator<_IteratorL>& __x,
      |     [01;36m[K^~~~~~~~[m[K
[01m[K/usr/include/c++/11/bits/stl_iterator.h:560:5:[m[K [01;36m[Knote: [m[K  template argument deduction/substitution failed:
[01m[K/home/joannerizkallah/assignment3/src/dummy_node1/src/dummy_cpp_node.cpp:88:65:[m[K [01;36m[Knote: [m[K  mismatched types ‘[01m[Kconst std::reverse_iterator<_Iterator>[m[K’ and ‘[01m[Kdouble[m[K’
   88 |       distanceToTarget_ = distance_ - (elapsed_seconds*velocity_[01;36m[K)[m[K;
      |                                                                 [01;36m[K^[m[K
In file included from [01m[K/usr/include/c++/11/bits/stl_algobase.h:67[m[K,
                 from [01m[K/usr/include/c++/11/array:40[m[K,
                 from [01m[K/usr/include/c++/11/tuple:39[m[K,
                 from [01m[K/usr/include/c++/11/functional:54[m[K,
                 from [01m[K/home/joannerizkallah/assignment3/src/dummy_node1/src/dummy_cpp_node.cpp:1[m[K:
[01m[K/usr/include/c++/11/bits/stl_iterator.h:1639:5:[m[K [01;36m[Knote: [m[Kcandidate: ‘[01m[Ktemplate<class _IteratorL, class _IteratorR> constexpr decltype ((__x.base() - __y.base())) std::operator-(const std::move_iterator<_IteratorL>&, const std::move_iterator<_IteratorR>&)[m[K’
 1639 |     [01;36m[Koperator[m[K-(const move_iterator<_IteratorL>& __x,
      |     [01;36m[K^~~~~~~~[m[K
[01m[K/usr/include/c++/11/bits/stl_iterator.h:1639:5:[m[K [01;36m[Knote: [m[K  template argument deduction/substitution failed:
[01m[K/home/joannerizkallah/assignment3/src/dummy_node1/src/dummy_cpp_node.cpp:88:65:[m[K [01;36m[Knote: [m[K  mismatched types ‘[01m[Kconst std::move_iterator<_IteratorL>[m[K’ and ‘[01m[Kdouble[m[K’
   88 |       distanceToTarget_ = distance_ - (elapsed_seconds*velocity_[01;36m[K)[m[K;
      |                                                                 [01;36m[K^[m[K
In file included from [01m[K/usr/include/c++/11/bits/this_thread_sleep.h:38[m[K,
                 from [01m[K/usr/include/c++/11/thread:44[m[K,
                 from [01m[K/home/joannerizkallah/assignment3/src/dummy_node1/src/dummy_cpp_node.cpp:3[m[K:
[01m[K/usr/include/c++/11/chrono:660:7:[m[K [01;36m[Knote: [m[Kcandidate: ‘[01m[Ktemplate<class _Rep1, class _Period1, class _Rep2, class _Period2> constexpr typename std::common_type<std::chrono::duration<_Rep1, _Period1>, std::chrono::duration<_Rep2, _Period2> >::type std::chrono::operator-(const std::chrono::duration<_Rep1, _Period1>&, const std::chrono::duration<_Rep2, _Period2>&)[m[K’
  660 |       [01;36m[Koperator[m[K-(const duration<_Rep1, _Period1>& __lhs,
      |       [01;36m[K^~~~~~~~[m[K
[01m[K/usr/include/c++/11/chrono:660:7:[m[K [01;36m[Knote: [m[K  template argument deduction/substitution failed:
[01m[K/home/joannerizkallah/assignment3/src/dummy_node1/src/dummy_cpp_node.cpp:88:65:[m[K [01;36m[Knote: [m[K  mismatched types ‘[01m[Kconst std::chrono::duration<_Rep1, _Period1>[m[K’ and ‘[01m[Kdouble[m[K’
   88 |       distanceToTarget_ = distance_ - (elapsed_seconds*velocity_[01;36m[K)[m[K;
      |                                                                 [01;36m[K^[m[K
In file included from [01m[K/usr/include/c++/11/bits/this_thread_sleep.h:38[m[K,
                 from [01m[K/usr/include/c++/11/thread:44[m[K,
                 from [01m[K/home/joannerizkallah/assignment3/src/dummy_node1/src/dummy_cpp_node.cpp:3[m[K:
[01m[K/usr/include/c++/11/chrono:1030:7:[m[K [01;36m[Knote: [m[Kcandidate: ‘[01m[Ktemplate<class _Clock, class _Dur1, class _Rep2, class _Period2> constexpr std::chrono::time_point<_Clock, typename std::common_type<_Dur1, std::chrono::duration<_Rep2, _Period2> >::type> std::chrono::operator-(const std::chrono::time_point<_Clock, _Duration1>&, const std::chrono::duration<_Rep2, _Period2>&)[m[K’
 1030 |       [01;36m[Koperator[m[K-(const time_point<_Clock, _Dur1>& __lhs,
      |       [01;36m[K^~~~~~~~[m[K
[01m[K/usr/include/c++/11/chrono:1030:7:[m[K [01;36m[Knote: [m[K  template argument deduction/substitution failed:
[01m[K/home/joannerizkallah/assignment3/src/dummy_node1/src/dummy_cpp_node.cpp:88:65:[m[K [01;36m[Knote: [m[K  mismatched types ‘[01m[Kconst std::chrono::time_point<_Clock, _Duration1>[m[K’ and ‘[01m[Kdouble[m[K’
   88 |       distanceToTarget_ = distance_ - (elapsed_seconds*velocity_[01;36m[K)[m[K;
      |                                                                 [01;36m[K^[m[K
In file included from [01m[K/usr/include/c++/11/bits/this_thread_sleep.h:38[m[K,
                 from [01m[K/usr/include/c++/11/thread:44[m[K,
                 from [01m[K/home/joannerizkallah/assignment3/src/dummy_node1/src/dummy_cpp_node.cpp:3[m[K:
[01m[K/usr/include/c++/11/chrono:1042:7:[m[K [01;36m[Knote: [m[Kcandidate: ‘[01m[Ktemplate<class _Clock, class _Dur1, class _Dur2> constexpr typename std::common_type<_Duration1, _Duration2>::type std::chrono::operator-(const std::chrono::time_point<_Clock, _Duration1>&, const std::chrono::time_point<_Clock, _Duration2>&)[m[K’
 1042 |       [01;36m[Koperator[m[K-(const time_point<_Clock, _Dur1>& __lhs,
      |       [01;36m[K^~~~~~~~[m[K
[01m[K/usr/include/c++/11/chrono:1042:7:[m[K [01;36m[Knote: [m[K  template argument deduction/substitution failed:
[01m[K/home/joannerizkallah/assignment3/src/dummy_node1/src/dummy_cpp_node.cpp:88:65:[m[K [01;36m[Knote: [m[K  mismatched types ‘[01m[Kconst std::chrono::time_point<_Clock, _Duration1>[m[K’ and ‘[01m[Kdouble[m[K’
   88 |       distanceToTarget_ = distance_ - (elapsed_seconds*velocity_[01;36m[K)[m[K;
      |                                                                 [01;36m[K^[m[K
gmake[2]: *** [CMakeFiles/action_server.dir/build.make:76: CMakeFiles/action_server.dir/src/dummy_cpp_node.cpp.o] Error 1
gmake[1]: *** [CMakeFiles/Makefile2:141: CMakeFiles/action_server.dir/all] Error 2
gmake: *** [Makefile:146: all] Error 2
