[35m[1mConsolidate compiler generated dependencies of target action_client[0m
[ 33%] Built target dummy_cpp_node
[ 50%] [32mBuilding CXX object CMakeFiles/action_client.dir/src/dummy_cpp_node.cpp.o[0m
[ 83%] Built target dummy_client
In file included from [01m[K/home/joannerizkallah/assignment3/src/dummy_node2/src/dummy_cpp_node.cpp:1[m[K:
/usr/include/c++/11/functional: In instantiation of ‘[01m[Kstruct std::_Bind_check_arity<void (action_cpp::CustomActionClient::*)(std::shared_ptr<rclcpp_action::ClientGoalHandle<interfaces::action::Custom> >, std::shared_ptr<const interfaces::action::Custom_Result_<std::allocator<void> > >), action_cpp::CustomActionClient*, const std::_Placeholder<1>&>[m[K’:
[01m[K/usr/include/c++/11/functional:768:12:[m[K   required from ‘[01m[Kstruct std::_Bind_helper<false, void (action_cpp::CustomActionClient::*)(std::shared_ptr<rclcpp_action::ClientGoalHandle<interfaces::action::Custom> >, std::shared_ptr<const interfaces::action::Custom_Result_<std::allocator<void> > >), action_cpp::CustomActionClient*, const std::_Placeholder<1>&>[m[K’
[01m[K/usr/include/c++/11/functional:789:5:[m[K   required by substitution of ‘[01m[Ktemplate<class _Func, class ... _BoundArgs> typename std::_Bind_helper<std::__is_socketlike<_Func>::value, _Func, _BoundArgs ...>::type std::bind(_Func&&, _BoundArgs&& ...) [with _Func = void (action_cpp::CustomActionClient::*)(std::shared_ptr<rclcpp_action::ClientGoalHandle<interfaces::action::Custom> >, std::shared_ptr<const interfaces::action::Custom_Result_<std::allocator<void> > >); _BoundArgs = {action_cpp::CustomActionClient*, const std::_Placeholder<1>&}][m[K’
[01m[K/home/joannerizkallah/assignment3/src/dummy_node2/src/dummy_cpp_node.cpp:50:16:[m[K   required from here
[01m[K/usr/include/c++/11/functional:756:21:[m[K [01;31m[Kerror: [m[Kstatic assertion failed: Wrong number of arguments for pointer-to-member
  755 |       static_assert(_Varargs::[01;31m[Kvalue[m[K
      |                               [01;31m[K~~~~~[m[K
  756 | [01;31m[K                    ? sizeof...(_BoundArgs) >= _Arity::value + 1[m[K
      |                     [01;31m[K^~~~~~~~~~~~~~~~~~~~~~~~~~~~~~~~~~~~~~~~~~~~[m[K
  757 | [01;31m[K                    : sizeof...(_BoundArgs) == _Arity::value + 1[m[K,
      |                     [01;31m[K~~~~~~~~~~~~~~~~~~~~~~~~~~~~~~~~~~~~~~~~~~~~[m[K
[01m[K/usr/include/c++/11/functional:756:21:[m[K [01;36m[Knote: [m[K‘[01m[K(false ? (2 >= (((long unsigned int)std::integral_constant<long unsigned int, 2>::value) + 1)) : (2 == (((long unsigned int)std::integral_constant<long unsigned int, 2>::value) + 1)))[m[K’ evaluates to false
[01m[K/home/joannerizkallah/assignment3/src/dummy_node2/src/dummy_cpp_node.cpp:[m[K In member function ‘[01m[Kvoid action_cpp::CustomActionClient::send_goal()[m[K’:
[01m[K/home/joannerizkallah/assignment3/src/dummy_node2/src/dummy_cpp_node.cpp:50:63:[m[K [01;31m[Kerror: [m[Kno match for ‘[01m[Koperator=[m[K’ (operand types are ‘[01m[Krclcpp_action::Client<interfaces::action::Custom>::ResultCallback[m[K’ {aka ‘[01m[Kstd::function<void(const rclcpp_action::ClientGoalHandle<interfaces::action::Custom>::WrappedResult&)>[m[K’} and ‘[01m[Kstd::_Bind_helper<false, void (action_cpp::CustomActionClient::*)(std::shared_ptr<rclcpp_action::ClientGoalHandle<interfaces::action::Custom> >, std::shared_ptr<const interfaces::action::Custom_Result_<std::allocator<void> > >), action_cpp::CustomActionClient*, const std::_Placeholder<1>&>::type[m[K’)
   50 |       std::bind(&CustomActionClient::result_callback, this, _1[01;31m[K)[m[K;
      |                                                               [01;31m[K^[m[K
In file included from [01m[K/usr/include/c++/11/functional:59[m[K,
                 from [01m[K/home/joannerizkallah/assignment3/src/dummy_node2/src/dummy_cpp_node.cpp:1[m[K:
[01m[K/usr/include/c++/11/bits/std_function.h:530:9:[m[K [01;36m[Knote: [m[Kcandidate: ‘[01m[Ktemplate<class _Functor> std::function<_Res(_ArgTypes ...)>::_Requires<std::function<_Res(_ArgTypes ...)>::_Callable<_Functor>, std::function<_Res(_ArgTypes ...)>&> std::function<_Res(_ArgTypes ...)>::operator=(_Functor&&) [with _Functor = _Functor; _Res = void; _ArgTypes = {const rclcpp_action::ClientGoalHandle<interfaces::action::Custom>::WrappedResult&}][m[K’
  530 |         [01;36m[Koperator[m[K=(_Functor&& __f)
      |         [01;36m[K^~~~~~~~[m[K
[01m[K/usr/include/c++/11/bits/std_function.h:530:9:[m[K [01;36m[Knote: [m[K  template argument deduction/substitution failed:
In file included from [01m[K/usr/include/c++/11/bits/move.h:57[m[K,
                 from [01m[K/usr/include/c++/11/bits/stl_function.h:60[m[K,
                 from [01m[K/usr/include/c++/11/functional:49[m[K,
                 from [01m[K/home/joannerizkallah/assignment3/src/dummy_node2/src/dummy_cpp_node.cpp:1[m[K:
/usr/include/c++/11/type_traits: In substitution of ‘[01m[Ktemplate<bool _Cond, class _Tp> using __enable_if_t = typename std::enable_if::type [with bool _Cond = false; _Tp = std::function<void(const rclcpp_action::ClientGoalHandle<interfaces::action::Custom>::WrappedResult&)>&][m[K’:
[01m[K/usr/include/c++/11/bits/std_function.h:353:8:[m[K   required by substitution of ‘[01m[Ktemplate<class _Res, class ... _ArgTypes> template<class _Cond, class _Tp> using _Requires = std::__enable_if_t<_Cond::value, _Tp> [with _Cond = std::function<void(const rclcpp_action::ClientGoalHandle<interfaces::action::Custom>::WrappedResult&)>::_Callable<std::_Bind<void (action_cpp::CustomActionClient::*(action_cpp::CustomActionClient*, std::_Placeholder<1>))(std::shared_ptr<rclcpp_action::ClientGoalHandle<interfaces::action::Custom> >, std::shared_ptr<const interfaces::action::Custom_Result_<std::allocator<void> > >)>, std::_Bind<void (action_cpp::CustomActionClient::*(action_cpp::CustomActionClient*, std::_Placeholder<1>))(std::shared_ptr<rclcpp_action::ClientGoalHandle<interfaces::action::Custom> >, std::shared_ptr<const interfaces::action::Custom_Result_<std::allocator<void> > >)>, std::__invoke_result<std::_Bind<void (action_cpp::CustomActionClient::*(action_cpp::CustomActionClient*, std::_Placeholder<1>))(std::shared_ptr<rclcpp_action::ClientGoalHandle<interfaces::action::Custom> >, std::shared_ptr<const interfaces::action::Custom_Result_<std::allocator<void> > >)>&, const rclcpp_action::ClientGoalHandle<interfaces::action::Custom>::WrappedResult&> >; _Tp = std::function<void(const rclcpp_action::ClientGoalHandle<interfaces::action::Custom>::WrappedResult&)>&; _Res = void; _ArgTypes = {const rclcpp_action::ClientGoalHandle<interfaces::action::Custom>::WrappedResult&}][m[K’
[01m[K/usr/include/c++/11/bits/std_function.h:530:2:[m[K   required by substitution of ‘[01m[Ktemplate<class _Functor> std::function<void(const rclcpp_action::ClientGoalHandle<interfaces::action::Custom>::WrappedResult&)>::_Requires<std::function<void(const rclcpp_action::ClientGoalHandle<interfaces::action::Custom>::WrappedResult&)>::_Callable<_Functor, typename std::enable_if<(! std::is_same<typename std::remove_cv<typename std::remove_reference<_Tp>::type>::type, std::function<void(const rclcpp_action::ClientGoalHandle<interfaces::action::Custom>::WrappedResult&)> >::value), std::decay<_Tp> >::type::type, std::__invoke_result<typename std::enable_if<(! std::is_same<typename std::remove_cv<typename std::remove_reference<_Tp>::type>::type, std::function<void(const rclcpp_action::ClientGoalHandle<interfaces::action::Custom>::WrappedResult&)> >::value), std::decay<_Tp> >::type::type&, const rclcpp_action::ClientGoalHandle<interfaces::action::Custom>::WrappedResult&> >, std::function<void(const rclcpp_action::ClientGoalHandle<interfaces::action::Custom>::WrappedResult&)>&> std::function<void(const rclcpp_action::ClientGoalHandle<interfaces::action::Custom>::WrappedResult&)>::operator=<_Functor>(_Functor&&) [with _Functor = std::_Bind<void (action_cpp::CustomActionClient::*(action_cpp::CustomActionClient*, std::_Placeholder<1>))(std::shared_ptr<rclcpp_action::ClientGoalHandle<interfaces::action::Custom> >, std::shared_ptr<const interfaces::action::Custom_Result_<std::allocator<void> > >)>][m[K’
[01m[K/home/joannerizkallah/assignment3/src/dummy_node2/src/dummy_cpp_node.cpp:50:63:[m[K   required from here
[01m[K/usr/include/c++/11/type_traits:2211:11:[m[K [01;31m[Kerror: [m[Kno type named ‘[01m[Ktype[m[K’ in ‘[01m[Kstruct std::enable_if<false, std::function<void(const rclcpp_action::ClientGoalHandle<interfaces::action::Custom>::WrappedResult&)>&>[m[K’
 2211 |     using [01;31m[K__enable_if_t[m[K = typename enable_if<_Cond, _Tp>::type;
      |           [01;31m[K^~~~~~~~~~~~~[m[K
In file included from [01m[K/usr/include/c++/11/functional:59[m[K,
                 from [01m[K/home/joannerizkallah/assignment3/src/dummy_node2/src/dummy_cpp_node.cpp:1[m[K:
[01m[K/usr/include/c++/11/bits/std_function.h:540:9:[m[K [01;36m[Knote: [m[Kcandidate: ‘[01m[Ktemplate<class _Functor> std::function<_Res(_ArgTypes ...)>& std::function<_Res(_ArgTypes ...)>::operator=(std::reference_wrapper<_Functor>) [with _Functor = _Functor; _Res = void; _ArgTypes = {const rclcpp_action::ClientGoalHandle<interfaces::action::Custom>::WrappedResult&}][m[K’
  540 |         [01;36m[Koperator[m[K=(reference_wrapper<_Functor> __f) noexcept
      |         [01;36m[K^~~~~~~~[m[K
[01m[K/usr/include/c++/11/bits/std_function.h:540:9:[m[K [01;36m[Knote: [m[K  template argument deduction/substitution failed:
[01m[K/home/joannerizkallah/assignment3/src/dummy_node2/src/dummy_cpp_node.cpp:50:63:[m[K [01;36m[Knote: [m[K  ‘[01m[Kstd::_Bind<void (action_cpp::CustomActionClient::*(action_cpp::CustomActionClient*, std::_Placeholder<1>))(std::shared_ptr<rclcpp_action::ClientGoalHandle<interfaces::action::Custom> >, std::shared_ptr<const interfaces::action::Custom_Result_<std::allocator<void> > >)>[m[K’ is not derived from ‘[01m[Kstd::reference_wrapper<_Tp>[m[K’
   50 |       std::bind(&CustomActionClient::result_callback, this, _1[01;36m[K)[m[K;
      |                                                               [01;36m[K^[m[K
In file included from [01m[K/usr/include/c++/11/functional:59[m[K,
                 from [01m[K/home/joannerizkallah/assignment3/src/dummy_node2/src/dummy_cpp_node.cpp:1[m[K:
[01m[K/usr/include/c++/11/bits/std_function.h:469:7:[m[K [01;36m[Knote: [m[Kcandidate: ‘[01m[Kstd::function<_Res(_ArgTypes ...)>& std::function<_Res(_ArgTypes ...)>::operator=(const std::function<_Res(_ArgTypes ...)>&) [with _Res = void; _ArgTypes = {const rclcpp_action::ClientGoalHandle<interfaces::action::Custom>::WrappedResult&}][m[K’
  469 |       [01;36m[Koperator[m[K=(const function& __x)
      |       [01;36m[K^~~~~~~~[m[K
[01m[K/usr/include/c++/11/bits/std_function.h:469:33:[m[K [01;36m[Knote: [m[K  no known conversion for argument 1 from ‘[01m[Kstd::_Bind_helper<false, void (action_cpp::CustomActionClient::*)(std::shared_ptr<rclcpp_action::ClientGoalHandle<interfaces::action::Custom> >, std::shared_ptr<const interfaces::action::Custom_Result_<std::allocator<void> > >), action_cpp::CustomActionClient*, const std::_Placeholder<1>&>::type[m[K’ to ‘[01m[Kconst std::function<void(const rclcpp_action::ClientGoalHandle<interfaces::action::Custom>::WrappedResult&)>&[m[K’
  469 |       operator=([01;36m[Kconst function& __x[m[K)
      |                 [01;36m[K~~~~~~~~~~~~~~~~^~~[m[K
[01m[K/usr/include/c++/11/bits/std_function.h:487:7:[m[K [01;36m[Knote: [m[Kcandidate: ‘[01m[Kstd::function<_Res(_ArgTypes ...)>& std::function<_Res(_ArgTypes ...)>::operator=(std::function<_Res(_ArgTypes ...)>&&) [with _Res = void; _ArgTypes = {const rclcpp_action::ClientGoalHandle<interfaces::action::Custom>::WrappedResult&}][m[K’
  487 |       [01;36m[Koperator[m[K=(function&& __x) noexcept
      |       [01;36m[K^~~~~~~~[m[K
[01m[K/usr/include/c++/11/bits/std_function.h:487:28:[m[K [01;36m[Knote: [m[K  no known conversion for argument 1 from ‘[01m[Kstd::_Bind_helper<false, void (action_cpp::CustomActionClient::*)(std::shared_ptr<rclcpp_action::ClientGoalHandle<interfaces::action::Custom> >, std::shared_ptr<const interfaces::action::Custom_Result_<std::allocator<void> > >), action_cpp::CustomActionClient*, const std::_Placeholder<1>&>::type[m[K’ to ‘[01m[Kstd::function<void(const rclcpp_action::ClientGoalHandle<interfaces::action::Custom>::WrappedResult&)>&&[m[K’
  487 |       operator=([01;36m[Kfunction&& __x[m[K) noexcept
      |                 [01;36m[K~~~~~~~~~~~^~~[m[K
[01m[K/usr/include/c++/11/bits/std_function.h:501:7:[m[K [01;36m[Knote: [m[Kcandidate: ‘[01m[Kstd::function<_Res(_ArgTypes ...)>& std::function<_Res(_ArgTypes ...)>::operator=(std::nullptr_t) [with _Res = void; _ArgTypes = {const rclcpp_action::ClientGoalHandle<interfaces::action::Custom>::WrappedResult&}; std::nullptr_t = std::nullptr_t][m[K’
  501 |       [01;36m[Koperator[m[K=(nullptr_t) noexcept
      |       [01;36m[K^~~~~~~~[m[K
[01m[K/usr/include/c++/11/bits/std_function.h:501:17:[m[K [01;36m[Knote: [m[K  no known conversion for argument 1 from ‘[01m[Kstd::_Bind_helper<false, void (action_cpp::CustomActionClient::*)(std::shared_ptr<rclcpp_action::ClientGoalHandle<interfaces::action::Custom> >, std::shared_ptr<const interfaces::action::Custom_Result_<std::allocator<void> > >), action_cpp::CustomActionClient*, const std::_Placeholder<1>&>::type[m[K’ to ‘[01m[Kstd::nullptr_t[m[K’
  501 |       operator=([01;36m[Knullptr_t[m[K) noexcept
      |                 [01;36m[K^~~~~~~~~[m[K
[01m[K/home/joannerizkallah/assignment3/src/dummy_node2/src/dummy_cpp_node.cpp:[m[K In member function ‘[01m[Kvoid action_cpp::CustomActionClient::result_callback(rclcpp_action::ClientGoalHandle<interfaces::action::Custom>::SharedPtr, std::shared_ptr<const interfaces::action::Custom_Result_<std::allocator<void> > >)[m[K’:
[01m[K/home/joannerizkallah/assignment3/src/dummy_node2/src/dummy_cpp_node.cpp:78:20:[m[K [01;31m[Kerror: [m[K‘[01m[Kconst class std::shared_ptr<const interfaces::action::Custom_Result_<std::allocator<void> > >[m[K’ has no member named ‘[01m[Kcode[m[K’
   78 |     switch (result.[01;31m[Kcode[m[K) {
      |                    [01;31m[K^~~~[m[K
In file included from [01m[K/opt/ros/humble/include/rclcpp/rclcpp/logging.hpp:24[m[K,
                 from [01m[K/opt/ros/humble/include/rclcpp/rclcpp/client.hpp:40[m[K,
                 from [01m[K/opt/ros/humble/include/rclcpp/rclcpp/callback_group.hpp:24[m[K,
                 from [01m[K/opt/ros/humble/include/rclcpp/rclcpp/any_executable.hpp:20[m[K,
                 from [01m[K/opt/ros/humble/include/rclcpp/rclcpp/memory_strategy.hpp:25[m[K,
                 from [01m[K/opt/ros/humble/include/rclcpp/rclcpp/memory_strategies.hpp:18[m[K,
                 from [01m[K/opt/ros/humble/include/rclcpp/rclcpp/executor_options.hpp:20[m[K,
                 from [01m[K/opt/ros/humble/include/rclcpp/rclcpp/executor.hpp:37[m[K,
                 from [01m[K/opt/ros/humble/include/rclcpp/rclcpp/executors/multi_threaded_executor.hpp:25[m[K,
                 from [01m[K/opt/ros/humble/include/rclcpp/rclcpp/executors.hpp:21[m[K,
                 from [01m[K/opt/ros/humble/include/rclcpp/rclcpp/rclcpp.hpp:155[m[K,
                 from [01m[K/home/joannerizkallah/assignment3/src/dummy_node2/src/dummy_cpp_node.cpp:9[m[K:
[01m[K/home/joannerizkallah/assignment3/src/dummy_node2/src/dummy_cpp_node.cpp:92:5:[m[K [01;31m[Kerror: [m[Kexpected primary-expression before ‘[01m[K)[m[K’ token
   92 |     [01;31m[KRCLCPP_INFO[m[K(this->get_logger());
      |     [01;31m[K^~~~~~~~~~~[m[K
gmake[2]: *** [CMakeFiles/action_client.dir/build.make:76: CMakeFiles/action_client.dir/src/dummy_cpp_node.cpp.o] Error 1
gmake[1]: *** [CMakeFiles/Makefile2:141: CMakeFiles/action_client.dir/all] Error 2
gmake: *** [Makefile:146: all] Error 2
