[0.044s] Invoking command in '/home/joannerizkallah/assignment3/build/dummy_node2': CMAKE_PREFIX_PATH=/home/joannerizkallah/assignment3/install/interfaces:/home/joannerizkallah/assignment3/install/dummy_node2:/home/joannerizkallah/assignment3/install/dummy_node1:/opt/ros/humble LD_LIBRARY_PATH=/home/joannerizkallah/assignment3/install/interfaces/lib:/home/joannerizkallah/assignment3/install/dummy_node2/lib:/home/joannerizkallah/assignment3/install/dummy_node1/lib:/opt/ros/humble/opt/rviz_ogre_vendor/lib:/opt/ros/humble/lib/x86_64-linux-gnu:/opt/ros/humble/lib /usr/bin/cmake --build /home/joannerizkallah/assignment3/build/dummy_node2 -- -j4 -l4
[0.121s] [35m[1mConsolidate compiler generated dependencies of target action_client[0m
[0.153s] [ 16%] [32mBuilding CXX object CMakeFiles/action_client.dir/src/dummy_cpp_node.cpp.o[0m
[0.169s] [ 50%] Built target dummy_cpp_node
[0.170s] [ 83%] Built target dummy_client
[2.538s] In file included from [01m[K/opt/ros/humble/include/rclcpp/rclcpp/logging.hpp:24[m[K,
[2.538s]                  from [01m[K/opt/ros/humble/include/rclcpp/rclcpp/client.hpp:40[m[K,
[2.538s]                  from [01m[K/opt/ros/humble/include/rclcpp/rclcpp/callback_group.hpp:24[m[K,
[2.538s]                  from [01m[K/opt/ros/humble/include/rclcpp/rclcpp/any_executable.hpp:20[m[K,
[2.538s]                  from [01m[K/opt/ros/humble/include/rclcpp/rclcpp/memory_strategy.hpp:25[m[K,
[2.538s]                  from [01m[K/opt/ros/humble/include/rclcpp/rclcpp/memory_strategies.hpp:18[m[K,
[2.538s]                  from [01m[K/opt/ros/humble/include/rclcpp/rclcpp/executor_options.hpp:20[m[K,
[2.538s]                  from [01m[K/opt/ros/humble/include/rclcpp/rclcpp/executor.hpp:37[m[K,
[2.538s]                  from [01m[K/opt/ros/humble/include/rclcpp/rclcpp/executors/multi_threaded_executor.hpp:25[m[K,
[2.538s]                  from [01m[K/opt/ros/humble/include/rclcpp/rclcpp/executors.hpp:21[m[K,
[2.539s]                  from [01m[K/opt/ros/humble/include/rclcpp/rclcpp/rclcpp.hpp:155[m[K,
[2.539s]                  from [01m[K/home/joannerizkallah/assignment3/src/dummy_node2/src/dummy_cpp_node.cpp:9[m[K:
[2.539s] [01m[K/home/joannerizkallah/assignment3/src/dummy_node2/src/dummy_cpp_node.cpp:[m[K In member function ‘[01m[Kvoid action_cpp::CustomActionClient::feedback_callback(rclcpp_action::ClientGoalHandle<interfaces::action::Custom>::SharedPtr, std::shared_ptr<const interfaces::action::Custom_Feedback_<std::allocator<void> > >)[m[K’:
[2.539s] [01m[K/home/joannerizkallah/assignment3/src/dummy_node2/src/dummy_cpp_node.cpp:81:7:[m[K [01;35m[Kwarning: [m[Kunknown conversion type character ‘[01m[Kb[m[K’ in format [[01;35m[K]8;;https://gcc.gnu.org/onlinedocs/gcc/Warning-Options.html#index-Wformat=-Wformat=]8;;[m[K]
[2.539s]    81 |       [01;35m[K"Distance left is %lb"[m[K, feedback->distance_to_target);
[2.539s]       |       [01;35m[K^~~~~~~~~~~~~~~~~~~~~~[m[K
[2.539s] [01m[K/home/joannerizkallah/assignment3/src/dummy_node2/src/dummy_cpp_node.cpp:81:27:[m[K [01;36m[Knote: [m[Kformat string is defined here
[2.539s]    81 |       "Distance left is %l[01;36m[Kb[m[K", feedback->distance_to_target);
[2.539s]       |                           [01;36m[K^[m[K
[2.539s] In file included from [01m[K/opt/ros/humble/include/rclcpp/rclcpp/logging.hpp:24[m[K,
[2.539s]                  from [01m[K/opt/ros/humble/include/rclcpp/rclcpp/client.hpp:40[m[K,
[2.539s]                  from [01m[K/opt/ros/humble/include/rclcpp/rclcpp/callback_group.hpp:24[m[K,
[2.539s]                  from [01m[K/opt/ros/humble/include/rclcpp/rclcpp/any_executable.hpp:20[m[K,
[2.539s]                  from [01m[K/opt/ros/humble/include/rclcpp/rclcpp/memory_strategy.hpp:25[m[K,
[2.539s]                  from [01m[K/opt/ros/humble/include/rclcpp/rclcpp/memory_strategies.hpp:18[m[K,
[2.539s]                  from [01m[K/opt/ros/humble/include/rclcpp/rclcpp/executor_options.hpp:20[m[K,
[2.539s]                  from [01m[K/opt/ros/humble/include/rclcpp/rclcpp/executor.hpp:37[m[K,
[2.539s]                  from [01m[K/opt/ros/humble/include/rclcpp/rclcpp/executors/multi_threaded_executor.hpp:25[m[K,
[2.539s]                  from [01m[K/opt/ros/humble/include/rclcpp/rclcpp/executors.hpp:21[m[K,
[2.540s]                  from [01m[K/opt/ros/humble/include/rclcpp/rclcpp/rclcpp.hpp:155[m[K,
[2.540s]                  from [01m[K/home/joannerizkallah/assignment3/src/dummy_node2/src/dummy_cpp_node.cpp:9[m[K:
[2.540s] [01m[K/home/joannerizkallah/assignment3/src/dummy_node2/src/dummy_cpp_node.cpp:81:7:[m[K [01;35m[Kwarning: [m[Ktoo many arguments for format [[01;35m[K]8;;https://gcc.gnu.org/onlinedocs/gcc/Warning-Options.html#index-Wformat-extra-args-Wformat-extra-args]8;;[m[K]
[2.540s]    81 |       [01;35m[K"Distance left is %lb"[m[K, feedback->distance_to_target);
[2.540s]       |       [01;35m[K^~~~~~~~~~~~~~~~~~~~~~[m[K
[3.269s] [100%] [32m[1mLinking CXX shared library libaction_client.so[0m
[3.516s] [100%] Built target action_client
[3.529s] Invoked command in '/home/joannerizkallah/assignment3/build/dummy_node2' returned '0': CMAKE_PREFIX_PATH=/home/joannerizkallah/assignment3/install/interfaces:/home/joannerizkallah/assignment3/install/dummy_node2:/home/joannerizkallah/assignment3/install/dummy_node1:/opt/ros/humble LD_LIBRARY_PATH=/home/joannerizkallah/assignment3/install/interfaces/lib:/home/joannerizkallah/assignment3/install/dummy_node2/lib:/home/joannerizkallah/assignment3/install/dummy_node1/lib:/opt/ros/humble/opt/rviz_ogre_vendor/lib:/opt/ros/humble/lib/x86_64-linux-gnu:/opt/ros/humble/lib /usr/bin/cmake --build /home/joannerizkallah/assignment3/build/dummy_node2 -- -j4 -l4
[3.600s] Invoking command in '/home/joannerizkallah/assignment3/build/dummy_node2': CMAKE_PREFIX_PATH=/home/joannerizkallah/assignment3/install/interfaces:/home/joannerizkallah/assignment3/install/dummy_node2:/home/joannerizkallah/assignment3/install/dummy_node1:/opt/ros/humble LD_LIBRARY_PATH=/home/joannerizkallah/assignment3/install/interfaces/lib:/home/joannerizkallah/assignment3/install/dummy_node2/lib:/home/joannerizkallah/assignment3/install/dummy_node1/lib:/opt/ros/humble/opt/rviz_ogre_vendor/lib:/opt/ros/humble/lib/x86_64-linux-gnu:/opt/ros/humble/lib /usr/bin/cmake --install /home/joannerizkallah/assignment3/build/dummy_node2
[3.611s] -- Install configuration: ""
[3.612s] -- Up-to-date: /home/joannerizkallah/assignment3/install/dummy_node2/lib/dummy_node2/dummy_cpp_node
[3.612s] -- Installing: /home/joannerizkallah/assignment3/install/dummy_node2/lib/libaction_client.so
[3.612s] -- Set runtime path of "/home/joannerizkallah/assignment3/install/dummy_node2/lib/libaction_client.so" to ""
[3.612s] -- Up-to-date: /home/joannerizkallah/assignment3/install/dummy_node2/lib/libdummy_client.so
[3.613s] -- Up-to-date: /home/joannerizkallah/assignment3/install/dummy_node2/share/dummy_node2//config
[3.613s] -- Up-to-date: /home/joannerizkallah/assignment3/install/dummy_node2/share/dummy_node2//config/dummy_config.yaml
[3.613s] -- Up-to-date: /home/joannerizkallah/assignment3/install/dummy_node2/share/dummy_node2//launch
[3.613s] -- Up-to-date: /home/joannerizkallah/assignment3/install/dummy_node2/share/dummy_node2//launch/dummy.launch.py
[3.613s] -- Up-to-date: /home/joannerizkallah/assignment3/install/dummy_node2/share/ament_index/resource_index/package_run_dependencies/dummy_node2
[3.613s] -- Up-to-date: /home/joannerizkallah/assignment3/install/dummy_node2/share/ament_index/resource_index/parent_prefix_path/dummy_node2
[3.613s] -- Up-to-date: /home/joannerizkallah/assignment3/install/dummy_node2/share/dummy_node2/environment/ament_prefix_path.sh
[3.613s] -- Up-to-date: /home/joannerizkallah/assignment3/install/dummy_node2/share/dummy_node2/environment/ament_prefix_path.dsv
[3.613s] -- Up-to-date: /home/joannerizkallah/assignment3/install/dummy_node2/share/dummy_node2/environment/path.sh
[3.613s] -- Up-to-date: /home/joannerizkallah/assignment3/install/dummy_node2/share/dummy_node2/environment/path.dsv
[3.613s] -- Up-to-date: /home/joannerizkallah/assignment3/install/dummy_node2/share/dummy_node2/local_setup.bash
[3.613s] -- Up-to-date: /home/joannerizkallah/assignment3/install/dummy_node2/share/dummy_node2/local_setup.sh
[3.613s] -- Up-to-date: /home/joannerizkallah/assignment3/install/dummy_node2/share/dummy_node2/local_setup.zsh
[3.613s] -- Up-to-date: /home/joannerizkallah/assignment3/install/dummy_node2/share/dummy_node2/local_setup.dsv
[3.613s] -- Installing: /home/joannerizkallah/assignment3/install/dummy_node2/share/dummy_node2/package.dsv
[3.613s] -- Up-to-date: /home/joannerizkallah/assignment3/install/dummy_node2/share/ament_index/resource_index/packages/dummy_node2
[3.614s] -- Up-to-date: /home/joannerizkallah/assignment3/install/dummy_node2/share/ament_index/resource_index/rclcpp_components/dummy_node2
[3.614s] -- Up-to-date: /home/joannerizkallah/assignment3/install/dummy_node2/share/dummy_node2/cmake/dummy_node2Config.cmake
[3.614s] -- Up-to-date: /home/joannerizkallah/assignment3/install/dummy_node2/share/dummy_node2/cmake/dummy_node2Config-version.cmake
[3.614s] -- Up-to-date: /home/joannerizkallah/assignment3/install/dummy_node2/share/dummy_node2/package.xml
[3.618s] Invoked command in '/home/joannerizkallah/assignment3/build/dummy_node2' returned '0': CMAKE_PREFIX_PATH=/home/joannerizkallah/assignment3/install/interfaces:/home/joannerizkallah/assignment3/install/dummy_node2:/home/joannerizkallah/assignment3/install/dummy_node1:/opt/ros/humble LD_LIBRARY_PATH=/home/joannerizkallah/assignment3/install/interfaces/lib:/home/joannerizkallah/assignment3/install/dummy_node2/lib:/home/joannerizkallah/assignment3/install/dummy_node1/lib:/opt/ros/humble/opt/rviz_ogre_vendor/lib:/opt/ros/humble/lib/x86_64-linux-gnu:/opt/ros/humble/lib /usr/bin/cmake --install /home/joannerizkallah/assignment3/build/dummy_node2
