[0.080s] Invoking command in '/home/joannerizkallah/assignment3/build/dummy_node1': CMAKE_PREFIX_PATH=/home/joannerizkallah/assignment3/install/interfaces:/home/joannerizkallah/assignment3/install/dummy_node2:/home/joannerizkallah/assignment3/install/dummy_node1:/opt/ros/humble LD_LIBRARY_PATH=/home/joannerizkallah/assignment3/install/interfaces/lib:/home/joannerizkallah/assignment3/install/dummy_node2/lib:/home/joannerizkallah/assignment3/install/dummy_node1/lib:/opt/ros/humble/opt/rviz_ogre_vendor/lib:/opt/ros/humble/lib/x86_64-linux-gnu:/opt/ros/humble/lib /usr/bin/cmake --build /home/joannerizkallah/assignment3/build/dummy_node1 -- -j4 -l4
[0.187s] [35m[1mConsolidate compiler generated dependencies of target action_server[0m
[0.235s] [ 33%] Built target dummy_server
[0.261s] [ 83%] Built target dummy_cpp_node
[0.261s] [ 66%] [32mBuilding CXX object CMakeFiles/action_server.dir/src/dummy_cpp_node.cpp.o[0m
[2.570s] [01m[K/home/joannerizkallah/assignment3/src/dummy_node1/src/dummy_cpp_node.cpp:[m[K In member function ‘[01m[Krclcpp_action::GoalResponse action_cpp::CustomActionServer::handle_goal(const GoalUUID&, std::shared_ptr<const interfaces::action::Custom_Goal_<std::allocator<void> > >)[m[K’:
[2.570s] [01m[K/home/joannerizkallah/assignment3/src/dummy_node1/src/dummy_cpp_node.cpp:40:41:[m[K [01;35m[Kwarning: [m[Kunused parameter ‘[01m[Kgoal[m[K’ [[01;35m[K]8;;https://gcc.gnu.org/onlinedocs/gcc/Warning-Options.html#index-Wunused-parameter-Wunused-parameter]8;;[m[K]
[2.570s]    40 |     [01;35m[Kstd::shared_ptr<const Custom::Goal> goal[m[K)
[2.570s]       |     [01;35m[K~~~~~~~~~~~~~~~~~~~~~~~~~~~~~~~~~~~~^~~~[m[K
[3.140s] In file included from [01m[K/usr/include/x86_64-linux-gnu/c++/11/bits/c++allocator.h:33[m[K,
[3.140s]                  from [01m[K/usr/include/c++/11/bits/allocator.h:46[m[K,
[3.140s]                  from [01m[K/usr/include/c++/11/unordered_map:40[m[K,
[3.140s]                  from [01m[K/usr/include/c++/11/functional:61[m[K,
[3.140s]                  from [01m[K/home/joannerizkallah/assignment3/src/dummy_node1/src/dummy_cpp_node.cpp:1[m[K:
[3.140s] /usr/include/c++/11/ext/new_allocator.h: In instantiation of ‘[01m[Kvoid __gnu_cxx::new_allocator<_Tp>::construct(_Up*, _Args&& ...) [with _Up = action_cpp::CustomActionServer; _Args = {action_cpp::CustomActionServer}; _Tp = action_cpp::CustomActionServer][m[K’:
[3.140s] [01m[K/usr/include/c++/11/bits/alloc_traits.h:516:17:[m[K   required from ‘[01m[Kstatic void std::allocator_traits<std::allocator<_Tp1> >::construct(std::allocator_traits<std::allocator<_Tp1> >::allocator_type&, _Up*, _Args&& ...) [with _Up = action_cpp::CustomActionServer; _Args = {action_cpp::CustomActionServer}; _Tp = action_cpp::CustomActionServer; std::allocator_traits<std::allocator<_Tp1> >::allocator_type = std::allocator<action_cpp::CustomActionServer>][m[K’
[3.140s] [01m[K/usr/include/c++/11/bits/shared_ptr_base.h:519:39:[m[K   required from ‘[01m[Kstd::_Sp_counted_ptr_inplace<_Tp, _Alloc, _Lp>::_Sp_counted_ptr_inplace(_Alloc, _Args&& ...) [with _Args = {action_cpp::CustomActionServer}; _Tp = action_cpp::CustomActionServer; _Alloc = std::allocator<action_cpp::CustomActionServer>; __gnu_cxx::_Lock_policy _Lp = __gnu_cxx::_S_atomic][m[K’
[3.140s] [01m[K/usr/include/c++/11/bits/shared_ptr_base.h:650:16:[m[K   required from ‘[01m[Kstd::__shared_count<_Lp>::__shared_count(_Tp*&, std::_Sp_alloc_shared_tag<_Alloc>, _Args&& ...) [with _Tp = action_cpp::CustomActionServer; _Alloc = std::allocator<action_cpp::CustomActionServer>; _Args = {action_cpp::CustomActionServer}; __gnu_cxx::_Lock_policy _Lp = __gnu_cxx::_S_atomic][m[K’
[3.140s] [01m[K/usr/include/c++/11/bits/shared_ptr_base.h:1342:14:[m[K   required from ‘[01m[Kstd::__shared_ptr<_Tp, _Lp>::__shared_ptr(std::_Sp_alloc_shared_tag<_Tp>, _Args&& ...) [with _Alloc = std::allocator<action_cpp::CustomActionServer>; _Args = {action_cpp::CustomActionServer}; _Tp = action_cpp::CustomActionServer; __gnu_cxx::_Lock_policy _Lp = __gnu_cxx::_S_atomic][m[K’
[3.140s] [01m[K/usr/include/c++/11/bits/shared_ptr.h:409:59:[m[K   required from ‘[01m[Kstd::shared_ptr<_Tp>::shared_ptr(std::_Sp_alloc_shared_tag<_Tp>, _Args&& ...) [with _Alloc = std::allocator<action_cpp::CustomActionServer>; _Args = {action_cpp::CustomActionServer}; _Tp = action_cpp::CustomActionServer][m[K’
[3.141s] [01m[K/usr/include/c++/11/bits/shared_ptr.h:862:14:[m[K   required from ‘[01m[Kstd::shared_ptr<_Tp> std::allocate_shared(const _Alloc&, _Args&& ...) [with _Tp = action_cpp::CustomActionServer; _Alloc = std::allocator<action_cpp::CustomActionServer>; _Args = {action_cpp::CustomActionServer}][m[K’
[3.141s] [01m[K/usr/include/c++/11/bits/shared_ptr.h:878:39:[m[K   required from ‘[01m[Kstd::shared_ptr<_Tp> std::make_shared(_Args&& ...) [with _Tp = action_cpp::CustomActionServer; _Args = {action_cpp::CustomActionServer}][m[K’
[3.141s] [01m[K/home/joannerizkallah/assignment3/src/dummy_node1/src/dummy_cpp_node.cpp:112:72:[m[K   required from here
[3.141s] [01m[K/usr/include/c++/11/ext/new_allocator.h:162:11:[m[K [01;31m[Kerror: [m[Kuse of deleted function ‘[01m[Kaction_cpp::CustomActionServer::CustomActionServer(action_cpp::CustomActionServer&&)[m[K’
[3.141s]   162 |         { [01;31m[K::new((void *)__p) _Up(std::forward<_Args>(__args)...)[m[K; }
[3.141s]       |           [01;31m[K^~~~~~~~~~~~~~~~~~~~~~~~~~~~~~~~~~~~~~~~~~~~~~~~~~~~~~[m[K
[3.141s] [01m[K/home/joannerizkallah/assignment3/src/dummy_node1/src/dummy_cpp_node.cpp:13:7:[m[K [01;36m[Knote: [m[K‘[01m[Kaction_cpp::CustomActionServer::CustomActionServer(action_cpp::CustomActionServer&&)[m[K’ is implicitly deleted because the default definition would be ill-formed:
[3.141s]    13 | class [01;36m[KCustomActionServer[m[K : public rclcpp::Node
[3.141s]       |       [01;36m[K^~~~~~~~~~~~~~~~~~[m[K
[3.141s] [01m[K/home/joannerizkallah/assignment3/src/dummy_node1/src/dummy_cpp_node.cpp:13:7:[m[K [01;31m[Kerror: [m[Kuse of deleted function ‘[01m[Krclcpp::Node::Node(const rclcpp::Node&)[m[K’
[3.141s] In file included from [01m[K/opt/ros/humble/include/rclcpp/rclcpp/context.hpp:34[m[K,
[3.141s]                  from [01m[K/opt/ros/humble/include/rclcpp/rclcpp/executor.hpp:34[m[K,
[3.141s]                  from [01m[K/opt/ros/humble/include/rclcpp/rclcpp/executors/multi_threaded_executor.hpp:25[m[K,
[3.141s]                  from [01m[K/opt/ros/humble/include/rclcpp/rclcpp/executors.hpp:21[m[K,
[3.141s]                  from [01m[K/opt/ros/humble/include/rclcpp/rclcpp/rclcpp.hpp:155[m[K,
[3.141s]                  from [01m[K/home/joannerizkallah/assignment3/src/dummy_node1/src/dummy_cpp_node.cpp:6[m[K:
[3.141s] [01m[K/opt/ros/humble/include/rclcpp/rclcpp/node.hpp:1299:3:[m[K [01;36m[Knote: [m[Kdeclared here
[3.141s]  1299 |   [01;36m[KRCLCPP_DISABLE_COPY[m[K(Node)
[3.142s]       |   [01;36m[K^~~~~~~~~~~~~~~~~~~[m[K
[3.441s] gmake[2]: *** [CMakeFiles/action_server.dir/build.make:76: CMakeFiles/action_server.dir/src/dummy_cpp_node.cpp.o] Error 1
[3.442s] gmake[1]: *** [CMakeFiles/Makefile2:141: CMakeFiles/action_server.dir/all] Error 2
[3.443s] gmake: *** [Makefile:146: all] Error 2
[3.449s] Invoked command in '/home/joannerizkallah/assignment3/build/dummy_node1' returned '2': CMAKE_PREFIX_PATH=/home/joannerizkallah/assignment3/install/interfaces:/home/joannerizkallah/assignment3/install/dummy_node2:/home/joannerizkallah/assignment3/install/dummy_node1:/opt/ros/humble LD_LIBRARY_PATH=/home/joannerizkallah/assignment3/install/interfaces/lib:/home/joannerizkallah/assignment3/install/dummy_node2/lib:/home/joannerizkallah/assignment3/install/dummy_node1/lib:/opt/ros/humble/opt/rviz_ogre_vendor/lib:/opt/ros/humble/lib/x86_64-linux-gnu:/opt/ros/humble/lib /usr/bin/cmake --build /home/joannerizkallah/assignment3/build/dummy_node1 -- -j4 -l4
