[0.065s] Invoking command in '/home/joannerizkallah/assignment3/build/dummy_node1': AMENT_PREFIX_PATH=/home/joannerizkallah/assignment3/install/interfaces:${AMENT_PREFIX_PATH} CMAKE_PREFIX_PATH=/home/joannerizkallah/assignment3/install/interfaces:/opt/ros/humble LD_LIBRARY_PATH=/home/joannerizkallah/assignment3/install/interfaces/lib:${LD_LIBRARY_PATH} PYTHONPATH=/home/joannerizkallah/assignment3/install/interfaces/local/lib/python3.10/dist-packages:${PYTHONPATH} /usr/bin/cmake --build /home/joannerizkallah/assignment3/build/dummy_node1 -- -j4 -l4
[0.152s] -- Found ament_cmake: 1.3.5 (/opt/ros/humble/share/ament_cmake/cmake)
[0.394s] -- Found rclcpp: 16.0.4 (/opt/ros/humble/share/rclcpp/cmake)
[0.439s] -- Found rosidl_generator_c: 3.1.4 (/opt/ros/humble/share/rosidl_generator_c/cmake)
[0.447s] -- Found rosidl_adapter: 3.1.4 (/opt/ros/humble/share/rosidl_adapter/cmake)
[0.460s] -- Found rosidl_generator_cpp: 3.1.4 (/opt/ros/humble/share/rosidl_generator_cpp/cmake)
[0.476s] -- Using all available rosidl_typesupport_c: rosidl_typesupport_fastrtps_c;rosidl_typesupport_introspection_c
[0.502s] -- Using all available rosidl_typesupport_cpp: rosidl_typesupport_fastrtps_cpp;rosidl_typesupport_introspection_cpp
[0.591s] -- Found rmw_implementation_cmake: 6.1.1 (/opt/ros/humble/share/rmw_implementation_cmake/cmake)
[0.610s] -- Found rmw_fastrtps_cpp: 6.2.2 (/opt/ros/humble/share/rmw_fastrtps_cpp/cmake)
[0.816s] -- Using RMW implementation 'rmw_fastrtps_cpp' as default
[1.107s] -- Found rclcpp_action: 16.0.4 (/opt/ros/humble/share/rclcpp_action/cmake)
[1.275s] -- Found rclcpp_components: 16.0.4 (/opt/ros/humble/share/rclcpp_components/cmake)
[1.373s] -- Found interfaces: 0.0.0 (/home/joannerizkallah/assignment3/install/interfaces/share/interfaces/cmake)
[1.562s] -- Configuring done
[1.619s] -- Generating done
[1.625s] -- Build files have been written to: /home/joannerizkallah/assignment3/build/dummy_node1
[1.693s] [35m[1mConsolidate compiler generated dependencies of target action_server[0m
[1.696s] [35m[1mConsolidate compiler generated dependencies of target dummy_server[0m
[1.711s] [35m[1mConsolidate compiler generated dependencies of target dummy_cpp_node[0m
[1.773s] [ 33%] Built target dummy_server
[1.775s] [ 50%] [32mBuilding CXX object CMakeFiles/action_server.dir/src/dummy_cpp_node.cpp.o[0m
[1.785s] [ 83%] Built target dummy_cpp_node
[4.868s] [01m[K/home/joannerizkallah/assignment3/src/dummy_node1/src/dummy_cpp_node.cpp:[m[K In constructor ‘[01m[Kaction_cpp::CustomActionServer::CustomActionServer(const rclcpp::NodeOptions&)[m[K’:
[4.869s] [01m[K/home/joannerizkallah/assignment3/src/dummy_node1/src/dummy_cpp_node.cpp:31:80:[m[K [01;31m[Kerror: [m[K‘[01m[Kconst string[m[K’ {aka ‘[01m[Kconst class std::__cxx11::basic_string<char>[m[K’} has no member named ‘[01m[Kstod[m[K’
[4.869s]    31 |  this->get_parameter("default_max_linear_velocity").as_string().[01;31m[Kstod[m[K();
[4.869s]       |                                                                 [01;31m[K^~~~[m[K
[4.869s] 
[4.875s] [01m[K/home/joannerizkallah/assignment3/src/dummy_node1/src/dummy_cpp_node.cpp:[m[K In member function ‘[01m[Krclcpp_action::GoalResponse action_cpp::CustomActionServer::handle_goal(const GoalUUID&, std::shared_ptr<const interfaces::action::Custom_Goal_<std::allocator<void> > >)[m[K’:
[4.875s] [01m[K/home/joannerizkallah/assignment3/src/dummy_node1/src/dummy_cpp_node.cpp:40:41:[m[K [01;35m[Kwarning: [m[Kunused parameter ‘[01m[Kgoal[m[K’ [[01;35m[K]8;;https://gcc.gnu.org/onlinedocs/gcc/Warning-Options.html#index-Wunused-parameter-Wunused-parameter]8;;[m[K]
[4.876s]    40 |     [01;35m[Kstd::shared_ptr<const Custom::Goal> goal[m[K)
[4.876s]       |     [01;35m[K~~~~~~~~~~~~~~~~~~~~~~~~~~~~~~~~~~~~^~~~[m[K
[4.900s] [01m[K/home/joannerizkallah/assignment3/src/dummy_node1/src/dummy_cpp_node.cpp:[m[K In member function ‘[01m[Kvoid action_cpp::CustomActionServer::execute(std::shared_ptr<rclcpp_action::ServerGoalHandle<interfaces::action::Custom> >)[m[K’:
[4.900s] [01m[K/home/joannerizkallah/assignment3/src/dummy_node1/src/dummy_cpp_node.cpp:88:37:[m[K [01;31m[Kerror: [m[Kno match for ‘[01m[Koperator-[m[K’ (operand types are ‘[01m[Kdouble[m[K’ and ‘[01m[Kstd::chrono::duration<double>[m[K’)
[4.900s]    88 |       distanceToTarget_ = [32m[Kdistance_[m[K [01;31m[K-[m[K [34m[K(elapsed_seconds*velocity_)[m[K;
[4.900s]       |                           [32m[K~~~~~~~~~[m[K [01;31m[K^[m[K [34m[K~~~~~~~~~~~~~~~~~~~~~~~~~~~[m[K
[4.900s]       |                           [32m[K|[m[K                           [34m[K|[m[K
[4.900s]       |                           [32m[Kdouble[m[K                      [34m[Kstd::chrono::duration<double>[m[K
[4.900s] In file included from [01m[K/usr/include/c++/11/bits/stl_algobase.h:67[m[K,
[4.901s]                  from [01m[K/usr/include/c++/11/array:40[m[K,
[4.901s]                  from [01m[K/usr/include/c++/11/tuple:39[m[K,
[4.901s]                  from [01m[K/usr/include/c++/11/functional:54[m[K,
[4.901s]                  from [01m[K/home/joannerizkallah/assignment3/src/dummy_node1/src/dummy_cpp_node.cpp:1[m[K:
[4.901s] [01m[K/usr/include/c++/11/bits/stl_iterator.h:560:5:[m[K [01;36m[Knote: [m[Kcandidate: ‘[01m[Ktemplate<class _IteratorL, class _IteratorR> constexpr decltype ((__y.base() - __x.base())) std::operator-(const std::reverse_iterator<_Iterator>&, const std::reverse_iterator<_IteratorR>&)[m[K’
[4.901s]   560 |     [01;36m[Koperator[m[K-(const reverse_iterator<_IteratorL>& __x,
[4.901s]       |     [01;36m[K^~~~~~~~[m[K
[4.901s] [01m[K/usr/include/c++/11/bits/stl_iterator.h:560:5:[m[K [01;36m[Knote: [m[K  template argument deduction/substitution failed:
[4.901s] [01m[K/home/joannerizkallah/assignment3/src/dummy_node1/src/dummy_cpp_node.cpp:88:65:[m[K [01;36m[Knote: [m[K  mismatched types ‘[01m[Kconst std::reverse_iterator<_Iterator>[m[K’ and ‘[01m[Kdouble[m[K’
[4.901s]    88 |       distanceToTarget_ = distance_ - (elapsed_seconds*velocity_[01;36m[K)[m[K;
[4.901s]       |                                                                 [01;36m[K^[m[K
[4.901s] In file included from [01m[K/usr/include/c++/11/bits/stl_algobase.h:67[m[K,
[4.901s]                  from [01m[K/usr/include/c++/11/array:40[m[K,
[4.901s]                  from [01m[K/usr/include/c++/11/tuple:39[m[K,
[4.901s]                  from [01m[K/usr/include/c++/11/functional:54[m[K,
[4.902s]                  from [01m[K/home/joannerizkallah/assignment3/src/dummy_node1/src/dummy_cpp_node.cpp:1[m[K:
[4.902s] [01m[K/usr/include/c++/11/bits/stl_iterator.h:1639:5:[m[K [01;36m[Knote: [m[Kcandidate: ‘[01m[Ktemplate<class _IteratorL, class _IteratorR> constexpr decltype ((__x.base() - __y.base())) std::operator-(const std::move_iterator<_IteratorL>&, const std::move_iterator<_IteratorR>&)[m[K’
[4.902s]  1639 |     [01;36m[Koperator[m[K-(const move_iterator<_IteratorL>& __x,
[4.902s]       |     [01;36m[K^~~~~~~~[m[K
[4.902s] [01m[K/usr/include/c++/11/bits/stl_iterator.h:1639:5:[m[K [01;36m[Knote: [m[K  template argument deduction/substitution failed:
[4.902s] [01m[K/home/joannerizkallah/assignment3/src/dummy_node1/src/dummy_cpp_node.cpp:88:65:[m[K [01;36m[Knote: [m[K  mismatched types ‘[01m[Kconst std::move_iterator<_IteratorL>[m[K’ and ‘[01m[Kdouble[m[K’
[4.902s]    88 |       distanceToTarget_ = distance_ - (elapsed_seconds*velocity_[01;36m[K)[m[K;
[4.902s]       |                                                                 [01;36m[K^[m[K
[4.902s] In file included from [01m[K/usr/include/c++/11/bits/this_thread_sleep.h:38[m[K,
[4.902s]                  from [01m[K/usr/include/c++/11/thread:44[m[K,
[4.902s]                  from [01m[K/home/joannerizkallah/assignment3/src/dummy_node1/src/dummy_cpp_node.cpp:3[m[K:
[4.902s] [01m[K/usr/include/c++/11/chrono:660:7:[m[K [01;36m[Knote: [m[Kcandidate: ‘[01m[Ktemplate<class _Rep1, class _Period1, class _Rep2, class _Period2> constexpr typename std::common_type<std::chrono::duration<_Rep1, _Period1>, std::chrono::duration<_Rep2, _Period2> >::type std::chrono::operator-(const std::chrono::duration<_Rep1, _Period1>&, const std::chrono::duration<_Rep2, _Period2>&)[m[K’
[4.902s]   660 |       [01;36m[Koperator[m[K-(const duration<_Rep1, _Period1>& __lhs,
[4.902s]       |       [01;36m[K^~~~~~~~[m[K
[4.903s] [01m[K/usr/include/c++/11/chrono:660:7:[m[K [01;36m[Knote: [m[K  template argument deduction/substitution failed:
[4.903s] [01m[K/home/joannerizkallah/assignment3/src/dummy_node1/src/dummy_cpp_node.cpp:88:65:[m[K [01;36m[Knote: [m[K  mismatched types ‘[01m[Kconst std::chrono::duration<_Rep1, _Period1>[m[K’ and ‘[01m[Kdouble[m[K’
[4.903s]    88 |       distanceToTarget_ = distance_ - (elapsed_seconds*velocity_[01;36m[K)[m[K;
[4.903s]       |                                                                 [01;36m[K^[m[K
[4.903s] In file included from [01m[K/usr/include/c++/11/bits/this_thread_sleep.h:38[m[K,
[4.903s]                  from [01m[K/usr/include/c++/11/thread:44[m[K,
[4.903s]                  from [01m[K/home/joannerizkallah/assignment3/src/dummy_node1/src/dummy_cpp_node.cpp:3[m[K:
[4.903s] [01m[K/usr/include/c++/11/chrono:1030:7:[m[K [01;36m[Knote: [m[Kcandidate: ‘[01m[Ktemplate<class _Clock, class _Dur1, class _Rep2, class _Period2> constexpr std::chrono::time_point<_Clock, typename std::common_type<_Dur1, std::chrono::duration<_Rep2, _Period2> >::type> std::chrono::operator-(const std::chrono::time_point<_Clock, _Duration1>&, const std::chrono::duration<_Rep2, _Period2>&)[m[K’
[4.903s]  1030 |       [01;36m[Koperator[m[K-(const time_point<_Clock, _Dur1>& __lhs,
[4.903s]       |       [01;36m[K^~~~~~~~[m[K
[4.903s] [01m[K/usr/include/c++/11/chrono:1030:7:[m[K [01;36m[Knote: [m[K  template argument deduction/substitution failed:
[4.903s] [01m[K/home/joannerizkallah/assignment3/src/dummy_node1/src/dummy_cpp_node.cpp:88:65:[m[K [01;36m[Knote: [m[K  mismatched types ‘[01m[Kconst std::chrono::time_point<_Clock, _Duration1>[m[K’ and ‘[01m[Kdouble[m[K’
[4.903s]    88 |       distanceToTarget_ = distance_ - (elapsed_seconds*velocity_[01;36m[K)[m[K;
[4.903s]       |                                                                 [01;36m[K^[m[K
[4.904s] In file included from [01m[K/usr/include/c++/11/bits/this_thread_sleep.h:38[m[K,
[4.904s]                  from [01m[K/usr/include/c++/11/thread:44[m[K,
[4.904s]                  from [01m[K/home/joannerizkallah/assignment3/src/dummy_node1/src/dummy_cpp_node.cpp:3[m[K:
[4.904s] [01m[K/usr/include/c++/11/chrono:1042:7:[m[K [01;36m[Knote: [m[Kcandidate: ‘[01m[Ktemplate<class _Clock, class _Dur1, class _Dur2> constexpr typename std::common_type<_Duration1, _Duration2>::type std::chrono::operator-(const std::chrono::time_point<_Clock, _Duration1>&, const std::chrono::time_point<_Clock, _Duration2>&)[m[K’
[4.904s]  1042 |       [01;36m[Koperator[m[K-(const time_point<_Clock, _Dur1>& __lhs,
[4.904s]       |       [01;36m[K^~~~~~~~[m[K
[4.904s] [01m[K/usr/include/c++/11/chrono:1042:7:[m[K [01;36m[Knote: [m[K  template argument deduction/substitution failed:
[4.904s] [01m[K/home/joannerizkallah/assignment3/src/dummy_node1/src/dummy_cpp_node.cpp:88:65:[m[K [01;36m[Knote: [m[K  mismatched types ‘[01m[Kconst std::chrono::time_point<_Clock, _Duration1>[m[K’ and ‘[01m[Kdouble[m[K’
[4.904s]    88 |       distanceToTarget_ = distance_ - (elapsed_seconds*velocity_[01;36m[K)[m[K;
[4.904s]       |                                                                 [01;36m[K^[m[K
[5.897s] gmake[2]: *** [CMakeFiles/action_server.dir/build.make:76: CMakeFiles/action_server.dir/src/dummy_cpp_node.cpp.o] Error 1
[5.897s] gmake[1]: *** [CMakeFiles/Makefile2:141: CMakeFiles/action_server.dir/all] Error 2
[5.897s] gmake: *** [Makefile:146: all] Error 2
[5.911s] Invoked command in '/home/joannerizkallah/assignment3/build/dummy_node1' returned '2': AMENT_PREFIX_PATH=/home/joannerizkallah/assignment3/install/interfaces:${AMENT_PREFIX_PATH} CMAKE_PREFIX_PATH=/home/joannerizkallah/assignment3/install/interfaces:/opt/ros/humble LD_LIBRARY_PATH=/home/joannerizkallah/assignment3/install/interfaces/lib:${LD_LIBRARY_PATH} PYTHONPATH=/home/joannerizkallah/assignment3/install/interfaces/local/lib/python3.10/dist-packages:${PYTHONPATH} /usr/bin/cmake --build /home/joannerizkallah/assignment3/build/dummy_node1 -- -j4 -l4
