[0.059s] Invoking command in '/home/joannerizkallah/assignment3/build/interfaces': CMAKE_PREFIX_PATH=${CMAKE_PREFIX_PATH}:/opt/ros/humble /usr/bin/cmake --build /home/joannerizkallah/assignment3/build/interfaces -- -j4 -l4
[0.186s] [  9%] Built target interfaces__rosidl_generator_c
[0.186s] [ 12%] Built target interfaces__cpp
[0.202s] [ 12%] Built target ament_cmake_python_copy_interfaces
[0.226s] [ 22%] Built target interfaces__rosidl_typesupport_fastrtps_c
[0.236s] [ 32%] Built target interfaces__rosidl_typesupport_c
[0.236s] [ 41%] Built target interfaces__rosidl_typesupport_introspection_c
[0.282s] [ 51%] Built target interfaces__rosidl_typesupport_fastrtps_cpp
[0.300s] [ 70%] Built target interfaces__rosidl_typesupport_introspection_cpp
[0.300s] [ 70%] Built target interfaces__rosidl_typesupport_cpp
[0.332s] [ 70%] Built target interfaces
[0.369s] [ 74%] Built target interfaces__py
[0.406s] [ 80%] Built target interfaces__rosidl_generator_py
[0.440s] [ 87%] Built target interfaces__rosidl_typesupport_introspection_c__pyext
[0.441s] [ 93%] Built target interfaces__rosidl_typesupport_fastrtps_c__pyext
[0.442s] [100%] Built target interfaces__rosidl_typesupport_c__pyext
[0.519s] running egg_info
[0.519s] writing interfaces.egg-info/PKG-INFO
[0.520s] writing dependency_links to interfaces.egg-info/dependency_links.txt
[0.528s] writing top-level names to interfaces.egg-info/top_level.txt
[0.541s] reading manifest file 'interfaces.egg-info/SOURCES.txt'
[0.542s] writing manifest file 'interfaces.egg-info/SOURCES.txt'
[0.609s] [100%] Built target ament_cmake_python_build_interfaces_egg
[0.632s] Invoked command in '/home/joannerizkallah/assignment3/build/interfaces' returned '0': CMAKE_PREFIX_PATH=${CMAKE_PREFIX_PATH}:/opt/ros/humble /usr/bin/cmake --build /home/joannerizkallah/assignment3/build/interfaces -- -j4 -l4
[0.894s] Invoking command in '/home/joannerizkallah/assignment3/build/interfaces': CMAKE_PREFIX_PATH=${CMAKE_PREFIX_PATH}:/opt/ros/humble /usr/bin/cmake --install /home/joannerizkallah/assignment3/build/interfaces
[0.907s] -- Install configuration: ""
[0.907s] -- Up-to-date: /home/joannerizkallah/assignment3/install/interfaces/share/ament_index/resource_index/rosidl_interfaces/interfaces
[0.907s] -- Up-to-date: /home/joannerizkallah/assignment3/install/interfaces/include/interfaces/interfaces
[0.908s] -- Up-to-date: /home/joannerizkallah/assignment3/install/interfaces/include/interfaces/interfaces/msg
[0.908s] -- Up-to-date: /home/joannerizkallah/assignment3/install/interfaces/include/interfaces/interfaces/msg/rosidl_generator_c__visibility_control.h
[0.908s] -- Up-to-date: /home/joannerizkallah/assignment3/install/interfaces/include/interfaces/interfaces/action
[0.908s] -- Up-to-date: /home/joannerizkallah/assignment3/install/interfaces/include/interfaces/interfaces/action/custom.h
[0.908s] -- Up-to-date: /home/joannerizkallah/assignment3/install/interfaces/include/interfaces/interfaces/action/detail
[0.909s] -- Up-to-date: /home/joannerizkallah/assignment3/install/interfaces/include/interfaces/interfaces/action/detail/custom__type_support.h
[0.910s] -- Up-to-date: /home/joannerizkallah/assignment3/install/interfaces/include/interfaces/interfaces/action/detail/custom__struct.h
[0.910s] -- Up-to-date: /home/joannerizkallah/assignment3/install/interfaces/include/interfaces/interfaces/action/detail/custom__functions.h
[0.910s] -- Up-to-date: /home/joannerizkallah/assignment3/install/interfaces/include/interfaces/interfaces/action/detail/custom__functions.c
[0.911s] -- Up-to-date: /home/joannerizkallah/assignment3/install/interfaces/share/interfaces/environment/library_path.sh
[0.911s] -- Up-to-date: /home/joannerizkallah/assignment3/install/interfaces/share/interfaces/environment/library_path.dsv
[0.911s] -- Up-to-date: /home/joannerizkallah/assignment3/install/interfaces/lib/libinterfaces__rosidl_generator_c.so
[0.911s] -- Up-to-date: /home/joannerizkallah/assignment3/install/interfaces/include/interfaces/interfaces
[0.911s] -- Up-to-date: /home/joannerizkallah/assignment3/install/interfaces/include/interfaces/interfaces/msg
[0.911s] -- Up-to-date: /home/joannerizkallah/assignment3/install/interfaces/include/interfaces/interfaces/msg/rosidl_typesupport_fastrtps_c__visibility_control.h
[0.911s] -- Up-to-date: /home/joannerizkallah/assignment3/install/interfaces/include/interfaces/interfaces/action
[0.911s] -- Up-to-date: /home/joannerizkallah/assignment3/install/interfaces/include/interfaces/interfaces/action/detail
[0.912s] -- Up-to-date: /home/joannerizkallah/assignment3/install/interfaces/include/interfaces/interfaces/action/detail/custom__rosidl_typesupport_fastrtps_c.h
[0.912s] -- Up-to-date: /home/joannerizkallah/assignment3/install/interfaces/lib/libinterfaces__rosidl_typesupport_fastrtps_c.so
[0.912s] -- Up-to-date: /home/joannerizkallah/assignment3/install/interfaces/include/interfaces/interfaces
[0.912s] -- Up-to-date: /home/joannerizkallah/assignment3/install/interfaces/include/interfaces/interfaces/msg
[0.912s] -- Up-to-date: /home/joannerizkallah/assignment3/install/interfaces/include/interfaces/interfaces/msg/rosidl_typesupport_introspection_c__visibility_control.h
[0.913s] -- Up-to-date: /home/joannerizkallah/assignment3/install/interfaces/include/interfaces/interfaces/action
[0.913s] -- Up-to-date: /home/joannerizkallah/assignment3/install/interfaces/include/interfaces/interfaces/action/detail
[0.913s] -- Up-to-date: /home/joannerizkallah/assignment3/install/interfaces/include/interfaces/interfaces/action/detail/custom__rosidl_typesupport_introspection_c.h
[0.913s] -- Up-to-date: /home/joannerizkallah/assignment3/install/interfaces/include/interfaces/interfaces/action/detail/custom__type_support.c
[0.913s] -- Up-to-date: /home/joannerizkallah/assignment3/install/interfaces/lib/libinterfaces__rosidl_typesupport_introspection_c.so
[0.913s] -- Up-to-date: /home/joannerizkallah/assignment3/install/interfaces/lib/libinterfaces__rosidl_typesupport_c.so
[0.913s] -- Up-to-date: /home/joannerizkallah/assignment3/install/interfaces/include/interfaces/interfaces
[0.913s] -- Up-to-date: /home/joannerizkallah/assignment3/install/interfaces/include/interfaces/interfaces/action
[0.913s] -- Up-to-date: /home/joannerizkallah/assignment3/install/interfaces/include/interfaces/interfaces/action/detail
[0.913s] -- Up-to-date: /home/joannerizkallah/assignment3/install/interfaces/include/interfaces/interfaces/action/detail/custom__struct.hpp
[0.913s] -- Up-to-date: /home/joannerizkallah/assignment3/install/interfaces/include/interfaces/interfaces/action/detail/custom__traits.hpp
[0.913s] -- Up-to-date: /home/joannerizkallah/assignment3/install/interfaces/include/interfaces/interfaces/action/detail/custom__builder.hpp
[0.914s] -- Up-to-date: /home/joannerizkallah/assignment3/install/interfaces/include/interfaces/interfaces/action/custom.hpp
[0.914s] -- Up-to-date: /home/joannerizkallah/assignment3/install/interfaces/include/interfaces/interfaces
[0.914s] -- Up-to-date: /home/joannerizkallah/assignment3/install/interfaces/include/interfaces/interfaces/msg
[0.914s] -- Up-to-date: /home/joannerizkallah/assignment3/install/interfaces/include/interfaces/interfaces/msg/rosidl_typesupport_fastrtps_cpp__visibility_control.h
[0.914s] -- Up-to-date: /home/joannerizkallah/assignment3/install/interfaces/include/interfaces/interfaces/action
[0.914s] -- Up-to-date: /home/joannerizkallah/assignment3/install/interfaces/include/interfaces/interfaces/action/detail
[0.915s] -- Up-to-date: /home/joannerizkallah/assignment3/install/interfaces/include/interfaces/interfaces/action/detail/custom__rosidl_typesupport_fastrtps_cpp.hpp
[0.915s] -- Up-to-date: /home/joannerizkallah/assignment3/install/interfaces/include/interfaces/interfaces/action/detail/dds_fastrtps
[0.915s] -- Up-to-date: /home/joannerizkallah/assignment3/install/interfaces/lib/libinterfaces__rosidl_typesupport_fastrtps_cpp.so
[0.915s] -- Up-to-date: /home/joannerizkallah/assignment3/install/interfaces/include/interfaces/interfaces
[0.915s] -- Up-to-date: /home/joannerizkallah/assignment3/install/interfaces/include/interfaces/interfaces/action
[0.915s] -- Up-to-date: /home/joannerizkallah/assignment3/install/interfaces/include/interfaces/interfaces/action/detail
[0.916s] -- Up-to-date: /home/joannerizkallah/assignment3/install/interfaces/include/interfaces/interfaces/action/detail/custom__type_support.cpp
[0.916s] -- Up-to-date: /home/joannerizkallah/assignment3/install/interfaces/include/interfaces/interfaces/action/detail/custom__rosidl_typesupport_introspection_cpp.hpp
[0.916s] -- Up-to-date: /home/joannerizkallah/assignment3/install/interfaces/lib/libinterfaces__rosidl_typesupport_introspection_cpp.so
[0.916s] -- Up-to-date: /home/joannerizkallah/assignment3/install/interfaces/lib/libinterfaces__rosidl_typesupport_cpp.so
[0.916s] -- Up-to-date: /home/joannerizkallah/assignment3/install/interfaces/share/interfaces/environment/pythonpath.sh
[0.916s] -- Up-to-date: /home/joannerizkallah/assignment3/install/interfaces/share/interfaces/environment/pythonpath.dsv
[0.916s] -- Up-to-date: /home/joannerizkallah/assignment3/install/interfaces/local/lib/python3.10/dist-packages/interfaces-0.0.0-py3.10.egg-info
[0.917s] -- Installing: /home/joannerizkallah/assignment3/install/interfaces/local/lib/python3.10/dist-packages/interfaces-0.0.0-py3.10.egg-info/dependency_links.txt
[0.917s] -- Installing: /home/joannerizkallah/assignment3/install/interfaces/local/lib/python3.10/dist-packages/interfaces-0.0.0-py3.10.egg-info/PKG-INFO
[0.917s] -- Installing: /home/joannerizkallah/assignment3/install/interfaces/local/lib/python3.10/dist-packages/interfaces-0.0.0-py3.10.egg-info/SOURCES.txt
[0.917s] -- Installing: /home/joannerizkallah/assignment3/install/interfaces/local/lib/python3.10/dist-packages/interfaces-0.0.0-py3.10.egg-info/top_level.txt
[0.917s] -- Up-to-date: /home/joannerizkallah/assignment3/install/interfaces/local/lib/python3.10/dist-packages/interfaces
[0.917s] -- Up-to-date: /home/joannerizkallah/assignment3/install/interfaces/local/lib/python3.10/dist-packages/interfaces/interfaces_s__rosidl_typesupport_c.cpython-310-x86_64-linux-gnu.so
[0.917s] -- Up-to-date: /home/joannerizkallah/assignment3/install/interfaces/local/lib/python3.10/dist-packages/interfaces/_interfaces_s.ep.rosidl_typesupport_introspection_c.c
[0.917s] -- Up-to-date: /home/joannerizkallah/assignment3/install/interfaces/local/lib/python3.10/dist-packages/interfaces/action
[0.917s] -- Up-to-date: /home/joannerizkallah/assignment3/install/interfaces/local/lib/python3.10/dist-packages/interfaces/action/_custom.py
[0.917s] -- Up-to-date: /home/joannerizkallah/assignment3/install/interfaces/local/lib/python3.10/dist-packages/interfaces/action/__init__.py
[0.917s] -- Up-to-date: /home/joannerizkallah/assignment3/install/interfaces/local/lib/python3.10/dist-packages/interfaces/action/_custom_s.c
[0.917s] -- Up-to-date: /home/joannerizkallah/assignment3/install/interfaces/local/lib/python3.10/dist-packages/interfaces/interfaces_s__rosidl_typesupport_introspection_c.cpython-310-x86_64-linux-gnu.so
[0.917s] -- Up-to-date: /home/joannerizkallah/assignment3/install/interfaces/local/lib/python3.10/dist-packages/interfaces/__init__.py
[0.917s] -- Up-to-date: /home/joannerizkallah/assignment3/install/interfaces/local/lib/python3.10/dist-packages/interfaces/interfaces_s__rosidl_typesupport_fastrtps_c.cpython-310-x86_64-linux-gnu.so
[0.917s] -- Up-to-date: /home/joannerizkallah/assignment3/install/interfaces/local/lib/python3.10/dist-packages/interfaces/libinterfaces__rosidl_generator_py.so
[0.917s] -- Up-to-date: /home/joannerizkallah/assignment3/install/interfaces/local/lib/python3.10/dist-packages/interfaces/_interfaces_s.ep.rosidl_typesupport_c.c
[0.917s] -- Up-to-date: /home/joannerizkallah/assignment3/install/interfaces/local/lib/python3.10/dist-packages/interfaces/_interfaces_s.ep.rosidl_typesupport_fastrtps_c.c
[0.943s] Listing '/home/joannerizkallah/assignment3/install/interfaces/local/lib/python3.10/dist-packages/interfaces'...
[0.943s] Listing '/home/joannerizkallah/assignment3/install/interfaces/local/lib/python3.10/dist-packages/interfaces/action'...
[0.948s] -- Up-to-date: /home/joannerizkallah/assignment3/install/interfaces/local/lib/python3.10/dist-packages/interfaces/interfaces_s__rosidl_typesupport_fastrtps_c.cpython-310-x86_64-linux-gnu.so
[0.948s] -- Up-to-date: /home/joannerizkallah/assignment3/install/interfaces/local/lib/python3.10/dist-packages/interfaces/interfaces_s__rosidl_typesupport_introspection_c.cpython-310-x86_64-linux-gnu.so
[0.949s] -- Up-to-date: /home/joannerizkallah/assignment3/install/interfaces/local/lib/python3.10/dist-packages/interfaces/interfaces_s__rosidl_typesupport_c.cpython-310-x86_64-linux-gnu.so
[0.949s] -- Up-to-date: /home/joannerizkallah/assignment3/install/interfaces/lib/libinterfaces__rosidl_generator_py.so
[0.949s] -- Up-to-date: /home/joannerizkallah/assignment3/install/interfaces/share/interfaces/action/Custom.idl
[0.949s] -- Up-to-date: /home/joannerizkallah/assignment3/install/interfaces/share/interfaces/action/Custom.action
[0.950s] -- Up-to-date: /home/joannerizkallah/assignment3/install/interfaces/share/ament_index/resource_index/package_run_dependencies/interfaces
[0.950s] -- Up-to-date: /home/joannerizkallah/assignment3/install/interfaces/share/ament_index/resource_index/parent_prefix_path/interfaces
[0.950s] -- Up-to-date: /home/joannerizkallah/assignment3/install/interfaces/share/interfaces/environment/ament_prefix_path.sh
[0.950s] -- Up-to-date: /home/joannerizkallah/assignment3/install/interfaces/share/interfaces/environment/ament_prefix_path.dsv
[0.950s] -- Up-to-date: /home/joannerizkallah/assignment3/install/interfaces/share/interfaces/environment/path.sh
[0.953s] -- Up-to-date: /home/joannerizkallah/assignment3/install/interfaces/share/interfaces/environment/path.dsv
[0.953s] -- Up-to-date: /home/joannerizkallah/assignment3/install/interfaces/share/interfaces/local_setup.bash
[0.953s] -- Up-to-date: /home/joannerizkallah/assignment3/install/interfaces/share/interfaces/local_setup.sh
[0.954s] -- Up-to-date: /home/joannerizkallah/assignment3/install/interfaces/share/interfaces/local_setup.zsh
[0.954s] -- Up-to-date: /home/joannerizkallah/assignment3/install/interfaces/share/interfaces/local_setup.dsv
[0.954s] -- Installing: /home/joannerizkallah/assignment3/install/interfaces/share/interfaces/package.dsv
[0.954s] -- Up-to-date: /home/joannerizkallah/assignment3/install/interfaces/share/ament_index/resource_index/packages/interfaces
[0.954s] -- Up-to-date: /home/joannerizkallah/assignment3/install/interfaces/share/interfaces/cmake/export_interfaces__rosidl_generator_cExport.cmake
[0.954s] -- Up-to-date: /home/joannerizkallah/assignment3/install/interfaces/share/interfaces/cmake/export_interfaces__rosidl_generator_cExport-noconfig.cmake
[0.954s] -- Up-to-date: /home/joannerizkallah/assignment3/install/interfaces/share/interfaces/cmake/export_interfaces__rosidl_typesupport_fastrtps_cExport.cmake
[0.954s] -- Up-to-date: /home/joannerizkallah/assignment3/install/interfaces/share/interfaces/cmake/export_interfaces__rosidl_typesupport_fastrtps_cExport-noconfig.cmake
[0.954s] -- Up-to-date: /home/joannerizkallah/assignment3/install/interfaces/share/interfaces/cmake/interfaces__rosidl_typesupport_introspection_cExport.cmake
[0.954s] -- Up-to-date: /home/joannerizkallah/assignment3/install/interfaces/share/interfaces/cmake/interfaces__rosidl_typesupport_introspection_cExport-noconfig.cmake
[0.954s] -- Up-to-date: /home/joannerizkallah/assignment3/install/interfaces/share/interfaces/cmake/interfaces__rosidl_typesupport_cExport.cmake
[0.954s] -- Up-to-date: /home/joannerizkallah/assignment3/install/interfaces/share/interfaces/cmake/interfaces__rosidl_typesupport_cExport-noconfig.cmake
[0.955s] -- Up-to-date: /home/joannerizkallah/assignment3/install/interfaces/share/interfaces/cmake/export_interfaces__rosidl_generator_cppExport.cmake
[0.955s] -- Up-to-date: /home/joannerizkallah/assignment3/install/interfaces/share/interfaces/cmake/export_interfaces__rosidl_typesupport_fastrtps_cppExport.cmake
[0.955s] -- Up-to-date: /home/joannerizkallah/assignment3/install/interfaces/share/interfaces/cmake/export_interfaces__rosidl_typesupport_fastrtps_cppExport-noconfig.cmake
[0.955s] -- Up-to-date: /home/joannerizkallah/assignment3/install/interfaces/share/interfaces/cmake/interfaces__rosidl_typesupport_introspection_cppExport.cmake
[0.955s] -- Up-to-date: /home/joannerizkallah/assignment3/install/interfaces/share/interfaces/cmake/interfaces__rosidl_typesupport_introspection_cppExport-noconfig.cmake
[0.955s] -- Up-to-date: /home/joannerizkallah/assignment3/install/interfaces/share/interfaces/cmake/interfaces__rosidl_typesupport_cppExport.cmake
[0.959s] -- Up-to-date: /home/joannerizkallah/assignment3/install/interfaces/share/interfaces/cmake/interfaces__rosidl_typesupport_cppExport-noconfig.cmake
[0.959s] -- Up-to-date: /home/joannerizkallah/assignment3/install/interfaces/share/interfaces/cmake/export_interfaces__rosidl_generator_pyExport.cmake
[0.959s] -- Up-to-date: /home/joannerizkallah/assignment3/install/interfaces/share/interfaces/cmake/export_interfaces__rosidl_generator_pyExport-noconfig.cmake
[0.959s] -- Up-to-date: /home/joannerizkallah/assignment3/install/interfaces/share/interfaces/cmake/rosidl_cmake-extras.cmake
[0.959s] -- Up-to-date: /home/joannerizkallah/assignment3/install/interfaces/share/interfaces/cmake/ament_cmake_export_dependencies-extras.cmake
[0.959s] -- Up-to-date: /home/joannerizkallah/assignment3/install/interfaces/share/interfaces/cmake/ament_cmake_export_include_directories-extras.cmake
[0.959s] -- Up-to-date: /home/joannerizkallah/assignment3/install/interfaces/share/interfaces/cmake/ament_cmake_export_libraries-extras.cmake
[0.959s] -- Up-to-date: /home/joannerizkallah/assignment3/install/interfaces/share/interfaces/cmake/ament_cmake_export_targets-extras.cmake
[0.959s] -- Up-to-date: /home/joannerizkallah/assignment3/install/interfaces/share/interfaces/cmake/rosidl_cmake_export_typesupport_targets-extras.cmake
[0.959s] -- Up-to-date: /home/joannerizkallah/assignment3/install/interfaces/share/interfaces/cmake/rosidl_cmake_export_typesupport_libraries-extras.cmake
[0.959s] -- Up-to-date: /home/joannerizkallah/assignment3/install/interfaces/share/interfaces/cmake/interfacesConfig.cmake
[0.959s] -- Up-to-date: /home/joannerizkallah/assignment3/install/interfaces/share/interfaces/cmake/interfacesConfig-version.cmake
[0.959s] -- Up-to-date: /home/joannerizkallah/assignment3/install/interfaces/share/interfaces/package.xml
[0.971s] Invoked command in '/home/joannerizkallah/assignment3/build/interfaces' returned '0': CMAKE_PREFIX_PATH=${CMAKE_PREFIX_PATH}:/opt/ros/humble /usr/bin/cmake --install /home/joannerizkallah/assignment3/build/interfaces
