[0.077s] Invoking command in '/home/joannerizkallah/assignment3/build/dummy_node1': CMAKE_PREFIX_PATH=/home/joannerizkallah/assignment3/install/interfaces:/home/joannerizkallah/assignment3/install/dummy_node2:/home/joannerizkallah/assignment3/install/dummy_node1:/opt/ros/humble LD_LIBRARY_PATH=/home/joannerizkallah/assignment3/install/interfaces/lib:/home/joannerizkallah/assignment3/install/dummy_node2/lib:/home/joannerizkallah/assignment3/install/dummy_node1/lib:/opt/ros/humble/opt/rviz_ogre_vendor/lib:/opt/ros/humble/lib/x86_64-linux-gnu:/opt/ros/humble/lib /usr/bin/cmake --build /home/joannerizkallah/assignment3/build/dummy_node1 -- -j4 -l4
[0.198s] [35m[1mConsolidate compiler generated dependencies of target action_server[0m
[0.251s] [ 33%] Built target dummy_cpp_node
[0.251s] [ 66%] Built target dummy_server
[0.257s] [100%] Built target action_server
[0.277s] Invoked command in '/home/joannerizkallah/assignment3/build/dummy_node1' returned '0': CMAKE_PREFIX_PATH=/home/joannerizkallah/assignment3/install/interfaces:/home/joannerizkallah/assignment3/install/dummy_node2:/home/joannerizkallah/assignment3/install/dummy_node1:/opt/ros/humble LD_LIBRARY_PATH=/home/joannerizkallah/assignment3/install/interfaces/lib:/home/joannerizkallah/assignment3/install/dummy_node2/lib:/home/joannerizkallah/assignment3/install/dummy_node1/lib:/opt/ros/humble/opt/rviz_ogre_vendor/lib:/opt/ros/humble/lib/x86_64-linux-gnu:/opt/ros/humble/lib /usr/bin/cmake --build /home/joannerizkallah/assignment3/build/dummy_node1 -- -j4 -l4
[0.372s] Invoking command in '/home/joannerizkallah/assignment3/build/dummy_node1': CMAKE_PREFIX_PATH=/home/joannerizkallah/assignment3/install/interfaces:/home/joannerizkallah/assignment3/install/dummy_node2:/home/joannerizkallah/assignment3/install/dummy_node1:/opt/ros/humble LD_LIBRARY_PATH=/home/joannerizkallah/assignment3/install/interfaces/lib:/home/joannerizkallah/assignment3/install/dummy_node2/lib:/home/joannerizkallah/assignment3/install/dummy_node1/lib:/opt/ros/humble/opt/rviz_ogre_vendor/lib:/opt/ros/humble/lib/x86_64-linux-gnu:/opt/ros/humble/lib /usr/bin/cmake --install /home/joannerizkallah/assignment3/build/dummy_node1
[0.381s] -- Install configuration: ""
[0.381s] -- Up-to-date: /home/joannerizkallah/assignment3/install/dummy_node1/lib/dummy_node1/dummy_cpp_node
[0.382s] -- Installing: /home/joannerizkallah/assignment3/install/dummy_node1/lib/libaction_server.so
[0.383s] -- Set runtime path of "/home/joannerizkallah/assignment3/install/dummy_node1/lib/libaction_server.so" to ""
[0.383s] -- Up-to-date: /home/joannerizkallah/assignment3/install/dummy_node1/lib/libdummy_server.so
[0.383s] -- Up-to-date: /home/joannerizkallah/assignment3/install/dummy_node1/share/dummy_node1//config
[0.384s] -- Up-to-date: /home/joannerizkallah/assignment3/install/dummy_node1/share/dummy_node1//config/dummy_config.yaml
[0.384s] -- Up-to-date: /home/joannerizkallah/assignment3/install/dummy_node1/share/dummy_node1//launch
[0.384s] -- Up-to-date: /home/joannerizkallah/assignment3/install/dummy_node1/share/dummy_node1//launch/dummy.launch.py
[0.385s] -- Up-to-date: /home/joannerizkallah/assignment3/install/dummy_node1/share/ament_index/resource_index/package_run_dependencies/dummy_node1
[0.385s] -- Up-to-date: /home/joannerizkallah/assignment3/install/dummy_node1/share/ament_index/resource_index/parent_prefix_path/dummy_node1
[0.386s] -- Up-to-date: /home/joannerizkallah/assignment3/install/dummy_node1/share/dummy_node1/environment/ament_prefix_path.sh
[0.386s] -- Up-to-date: /home/joannerizkallah/assignment3/install/dummy_node1/share/dummy_node1/environment/ament_prefix_path.dsv
[0.386s] -- Up-to-date: /home/joannerizkallah/assignment3/install/dummy_node1/share/dummy_node1/environment/path.sh
[0.386s] -- Up-to-date: /home/joannerizkallah/assignment3/install/dummy_node1/share/dummy_node1/environment/path.dsv
[0.386s] -- Up-to-date: /home/joannerizkallah/assignment3/install/dummy_node1/share/dummy_node1/local_setup.bash
[0.386s] -- Up-to-date: /home/joannerizkallah/assignment3/install/dummy_node1/share/dummy_node1/local_setup.sh
[0.386s] -- Up-to-date: /home/joannerizkallah/assignment3/install/dummy_node1/share/dummy_node1/local_setup.zsh
[0.386s] -- Up-to-date: /home/joannerizkallah/assignment3/install/dummy_node1/share/dummy_node1/local_setup.dsv
[0.386s] -- Installing: /home/joannerizkallah/assignment3/install/dummy_node1/share/dummy_node1/package.dsv
[0.387s] -- Up-to-date: /home/joannerizkallah/assignment3/install/dummy_node1/share/ament_index/resource_index/packages/dummy_node1
[0.387s] -- Up-to-date: /home/joannerizkallah/assignment3/install/dummy_node1/share/ament_index/resource_index/rclcpp_components/dummy_node1
[0.387s] -- Up-to-date: /home/joannerizkallah/assignment3/install/dummy_node1/share/dummy_node1/cmake/dummy_node1Config.cmake
[0.387s] -- Up-to-date: /home/joannerizkallah/assignment3/install/dummy_node1/share/dummy_node1/cmake/dummy_node1Config-version.cmake
[0.387s] -- Up-to-date: /home/joannerizkallah/assignment3/install/dummy_node1/share/dummy_node1/package.xml
[0.401s] Invoked command in '/home/joannerizkallah/assignment3/build/dummy_node1' returned '0': CMAKE_PREFIX_PATH=/home/joannerizkallah/assignment3/install/interfaces:/home/joannerizkallah/assignment3/install/dummy_node2:/home/joannerizkallah/assignment3/install/dummy_node1:/opt/ros/humble LD_LIBRARY_PATH=/home/joannerizkallah/assignment3/install/interfaces/lib:/home/joannerizkallah/assignment3/install/dummy_node2/lib:/home/joannerizkallah/assignment3/install/dummy_node1/lib:/opt/ros/humble/opt/rviz_ogre_vendor/lib:/opt/ros/humble/lib/x86_64-linux-gnu:/opt/ros/humble/lib /usr/bin/cmake --install /home/joannerizkallah/assignment3/build/dummy_node1
