[0.068s] Invoking command in '/home/joannerizkallah/assignment3/build/interfaces': CMAKE_PREFIX_PATH=${CMAKE_PREFIX_PATH}:/opt/ros/humble /usr/bin/cmake --build /home/joannerizkallah/assignment3/build/interfaces -- -j4 -l4
[0.178s] [  9%] Built target interfaces__rosidl_generator_c
[0.182s] [ 12%] Built target interfaces__cpp
[0.196s] [ 12%] Built target ament_cmake_python_copy_interfaces
[0.221s] [ 22%] Built target interfaces__rosidl_typesupport_fastrtps_c
[0.222s] [ 32%] Built target interfaces__rosidl_typesupport_c
[0.223s] [ 41%] Built target interfaces__rosidl_typesupport_introspection_c
[0.244s] [ 51%] Built target interfaces__rosidl_typesupport_fastrtps_cpp
[0.266s] [ 61%] Built target interfaces__rosidl_typesupport_cpp
[0.269s] [ 70%] Built target interfaces__rosidl_typesupport_introspection_cpp
[0.312s] [ 70%] Built target interfaces
[0.380s] [ 74%] Built target interfaces__py
[0.458s] [ 80%] Built target interfaces__rosidl_generator_py
[0.507s] [100%] Built target interfaces__rosidl_typesupport_c__pyext
[0.507s] [100%] Built target interfaces__rosidl_typesupport_fastrtps_c__pyext
[0.508s] [100%] Built target interfaces__rosidl_typesupport_introspection_c__pyext
[0.630s] running egg_info
[0.632s] writing interfaces.egg-info/PKG-INFO
[0.632s] writing dependency_links to interfaces.egg-info/dependency_links.txt
[0.657s] writing top-level names to interfaces.egg-info/top_level.txt
[0.658s] reading manifest file 'interfaces.egg-info/SOURCES.txt'
[0.658s] writing manifest file 'interfaces.egg-info/SOURCES.txt'
[0.670s] gmake[2]: *** [CMakeFiles/ament_cmake_python_build_interfaces_egg.dir/build.make:70: CMakeFiles/ament_cmake_python_build_interfaces_egg] Interrupt
[0.670s] gmake[1]: *** [CMakeFiles/Makefile2:447: CMakeFiles/ament_cmake_python_build_interfaces_egg.dir/all] Interrupt
[0.670s] gmake: *** [Makefile:146: all] Interrupt
[0.673s] Invoked command in '/home/joannerizkallah/assignment3/build/interfaces' returned '-2': CMAKE_PREFIX_PATH=${CMAKE_PREFIX_PATH}:/opt/ros/humble /usr/bin/cmake --build /home/joannerizkallah/assignment3/build/interfaces -- -j4 -l4
